Area 670890
NumHardBlocks 65
m65 662 36 1
m64 0 122 1
m60 1533 172 0
m56 1361 351 1
m55 1533 258 0
m54 86 392 1
m53 1533 86 0
m50 258 392 1
m61 1569 61 0
m48 773 158 0
m23 109 12 0
m1 662 12 1
m36 344 122 1
m19 0 392 1
m21 1447 171 1
m51 1447 111 1
m42 884 330 0
m43 1152 332 0
m35 1581 61 0
m49 662 244 0
m15 1593 147 0
m14 1581 147 0
m18 1361 168 1
m6 920 110 1
m63 1557 0 0
m26 442 12 0
m39 1263 0 0
m11 1091 36 1
m8 1091 258 1
m5 920 258 1
m12 1091 184 1
m4 1447 195 1
m40 1361 216 1
m22 1361 192 1
m7 1091 110 1
m3 773 330 0
m41 1569 0 0
m2 1263 168 0
m30 245 98 1
m10 920 36 1
m17 1030 332 1
m58 1447 306 1
m44 1447 0 1
m34 417 98 1
m9 920 184 1
m13 662 24 1
m28 331 12 0
m33 331 98 1
m57 172 392 1
m25 331 0 1
m27 220 12 0
m62 662 0 1
m59 1361 240 1
m29 159 98 1
m20 1447 135 1
m38 1116 332 0
m16 920 332 1
m31 23 12 1
m24 0 0 1
m32 553 12 1
m37 1533 0 0
m45 662 158 0
m46 773 244 0
m52 662 330 0
m47 884 201 0
