Area 636174
NumHardBlocks 110
m110 0 0 1
m109 2071 0 0
m106 2071 142 0
m105 2047 160 0
m104 2039 160 0
m103 2063 0 0
m99 1740 0 0
m98 796 186 0
m52 843 93 1
m45 654 254 1
m70 1836 93 0
m32 1547 186 1
m31 1038 204 0
m16 252 213 1
m38 1884 235 1
m20 1344 101 0
m29 1644 185 1
m59 906 0 1
m62 1965 102 1
m27 504 120 1
m25 1965 0 1
m94 2031 74 0
m57 969 93 1
m33 1644 88 0
m66 1644 203 1
m28 1454 34 1
m13 252 120 1
m87 1983 264 0
m9 441 120 1
m34 1224 202 0
m58 780 0 1
m108 2055 0 0
m17 1344 0 0
m10 315 120 1
m44 725 220 1
m30 1038 0 1
m2 378 120 1
m41 654 186 1
m82 1644 36 1
m7 63 213 1
m69 1317 202 0
m22 1224 101 0
m88 1547 93 1
m40 1740 210 1
m4 126 213 1
m12 441 213 1
m47 1836 235 0
m5 0 120 1
m8 0 213 1
m96 1610 0 1
m11 315 213 1
m39 1917 0 0
m68 1406 0 0
m63 1965 150 1
m6 63 120 1
m24 1740 129 1
m75 1677 203 1
m85 1610 89 0
m95 1965 18 1
m14 189 120 1
m15 189 213 1
m35 1773 210 1
m43 654 220 1
m42 725 186 1
m51 843 0 1
m21 1224 0 0
m36 1836 0 1
m1 126 120 1
m23 1644 70 1
m80 1454 115 1
m48 1983 198 0
m46 725 254 1
m61 780 93 1
m53 717 93 1
m55 654 0 1
m56 654 93 1
m81 1610 160 0
m60 906 93 1
m64 1406 194 0
m100 1610 18 0
m3 378 213 1
m73 1870 164 0
m49 2031 36 0
m65 1454 52 0
m102 2055 142 0
m77 904 186 1
m67 1917 260 0
m91 1965 36 0
m26 1917 33 0
m71 1836 164 0
m78 1454 167 0
m54 969 0 1
m72 1870 93 0
m76 1610 231 0
m79 1547 0 1
m74 1131 204 0
m97 1965 198 0
m107 2031 160 0
m83 1644 151 1
m37 1917 227 0
m93 1454 149 1
m84 1454 0 1
m101 2063 170 0
m18 1284 0 0
m86 1406 260 0
m19 1284 101 0
m50 717 0 1
m89 1740 66 0
m90 1740 147 0
m92 1644 18 1
