Area 4236138
NumHardBlocks 65
m65 0 1300 0
m64 0 296 0
m60 0 5453 0
m56 0 5797 0
m55 0 5883 0
m54 0 5969 0
m53 0 6055 0
m50 0 6313 0
m61 0 4070 0
m48 0 1165 1
m23 109 944 0
m1 0 3077 0
m36 0 614 0
m19 0 5367 0
m21 0 5539 0
m51 0 6227 0
m42 0 4987 0
m43 0 2464 0
m35 0 6141 0
m49 86 1054 1
m15 0 4633 0
m14 0 4401 0
m18 0 5281 0
m6 0 74 1
m63 0 3408 0
m26 442 944 0
m39 0 1780 0
m11 171 0 1
m8 171 222 1
m5 0 222 1
m12 171 148 1
m4 0 1948 0
m40 0 5195 0
m22 0 5625 0
m7 171 74 1
m3 0 2292 0
m41 0 4865 0
m2 0 1558 0
m30 245 1030 1
m10 0 0 1
m17 0 2660 0
m58 0 2120 0
m44 0 2378 0
m34 417 1030 1
m9 0 148 1
m13 0 2746 0
m28 331 944 0
m33 331 1030 1
m57 0 5109 0
m25 331 932 1
m27 220 944 0
m62 0 3739 0
m59 0 2034 0
m29 159 1030 1
m20 0 4926 0
m38 0 5048 0
m16 0 2550 0
m31 23 944 1
m24 0 932 1
m32 553 944 1
m37 0 5711 0
m45 0 1054 1
m46 86 1165 1
m52 0 2206 0
m47 43 1276 1
