Wirelength 492308
NumHardBlocks 200
hb199 0 0 0
hb93 193 323 0
hb95 318 254 0
hb91 148 432 0
hb90 102 78 0
hb88 193 295 1
hb86 422 190 0
hb146 355 310 1
hb77 449 22 1
hb33 318 344 1
hb73 278 125 1
hb94 434 51 0
hb58 236 336 1
hb70 278 225 1
hb24 449 46 1
hb68 331 362 1
hb66 389 274 0
hb186 102 403 0
hb79 318 36 1
hb67 148 47 0
hb83 278 443 1
hb148 422 396 1
hb65 355 437 1
hb64 0 158 1
hb82 355 278 1
hb188 236 312 1
hb46 0 120 0
hb166 343 116 1
hb71 193 386 0
hb61 355 404 1
hb63 355 36 0
hb60 355 343 0
hb55 102 102 1
hb52 318 439 1
hb59 0 414 0
hb112 102 207 1
hb19 389 129 0
hb72 355 185 0
hb47 422 453 0
hb103 389 0 0
hb16 449 71 0
hb26 102 143 0
hb96 148 165 1
hb18 370 36 1
hb1 278 314 1
hb84 193 44 0
hb163 102 356 0
hb11 318 102 1
hb128 318 279 0
hb56 422 0 1
hb108 355 113 0
hb147 409 73 0
hb182 389 357 0
hb197 0 325 0
hb22 292 225 0
hb7 422 413 1
hb134 389 258 0
hb45 318 240 1
hb0 318 55 0
hb107 148 149 0
hb37 449 204 0
hb139 389 369 0
hb57 0 395 1
hb17 355 378 0
hb32 389 334 1
hb184 422 264 0
hb53 449 187 1
hb124 278 349 1
hb3 48 395 1
hb12 236 206 1
hb10 148 331 0
hb87 148 84 0
hb13 48 413 0
hb15 102 311 1
hb27 355 71 0
hb80 449 292 1
hb144 422 22 0
hb85 48 158 0
hb51 66 205 0
hb195 355 0 0
hb30 449 225 0
hb136 422 214 0
hb9 102 44 0
hb89 318 24 1
hb69 297 0 0
hb48 389 441 1
hb115 318 397 0
hb164 355 86 0
hb8 389 32 0
hb6 389 305 1
hb153 236 98 0
hb157 236 110 0
hb78 148 190 1
hb25 318 152 0
hb4 389 169 1
hb127 422 148 0
hb81 389 226 1
hb50 236 242 1
hb74 402 305 1
hb35 355 263 1
hb106 278 280 1
hb125 449 306 0
hb20 389 141 1
hb196 278 333 0
hb138 389 419 0
hb40 236 379 1
hb190 278 362 0
hb62 148 363 1
hb162 389 195 1
hb101 102 263 0
hb75 422 373 1
hb189 389 73 1
hb29 318 203 0
hb23 236 407 0
hb179 193 420 1
hb34 278 0 0
hb2 236 432 0
hb36 422 51 1
hb194 193 344 1
hb39 236 68 1
hb41 449 121 0
hb133 422 233 0
hb102 278 38 1
hb181 148 282 1
hb5 318 71 0
hb31 278 264 0
hb43 193 261 0
hb14 449 162 0
hb97 422 305 0
hb99 278 88 1
hb156 236 165 1
hb104 318 116 1
hb132 278 143 0
hb105 236 0 0
hb109 449 0 0
hb110 0 135 0
hb113 193 156 0
hb114 278 396 0
hb116 236 275 1
hb100 422 79 0
hb117 318 0 1
hb118 278 190 0
hb119 330 203 0
hb120 206 111 0
hb121 148 400 1
hb145 148 297 0
hb38 389 47 0
hb122 193 81 0
hb123 318 362 0
hb180 422 245 1
hb126 278 415 0
hb191 236 31 0
hb129 102 0 1
hb154 193 0 0
hb111 449 149 0
hb130 148 238 1
hb131 298 88 1
hb135 318 188 1
hb137 422 355 0
hb140 449 137 1
hb54 193 217 1
hb141 355 160 1
hb143 148 103 1
hb149 422 333 0
hb49 278 159 0
hb150 409 226 0
hb151 422 104 1
hb152 355 218 0
hb155 422 441 1
hb92 236 355 0
hb44 449 360 1
hb158 449 93 1
hb192 422 120 0
hb159 318 320 1
hb21 102 168 0
hb178 449 252 1
hb160 318 427 1
hb161 389 400 1
hb42 209 217 0
hb165 193 184 0
hb174 422 170 0
hb98 449 334 0
hb167 175 0 1
hb142 148 0 0
hb76 435 441 0
hb168 278 63 0
hb170 148 216 1
hb171 355 125 1
hb28 102 225 0
hb172 389 104 0
hb173 236 184 0
hb187 422 283 1
hb175 355 251 0
hb176 449 272 1
hb169 102 115 0
hb177 401 195 0
hb183 318 304 0
hb185 193 111 0
hb193 236 122 0
hb198 0 205 0
