Wirelength 463677
NumHardBlocks 200
hb199 0 365 1
hb93 115 231 1
hb95 278 113 1
hb91 407 274 1
hb90 0 274 1
hb88 403 231 0
hb86 171 19 0
hb146 99 79 0
hb77 145 0 0
hb33 64 113 0
hb73 24 150 0
hb94 38 0 0
hb58 98 189 0
hb70 82 113 1
hb24 204 0 0
hb68 339 113 1
hb66 271 47 0
hb186 283 365 1
hb79 363 113 0
hb67 198 319 1
hb83 430 150 1
hb148 298 0 1
hb65 128 47 1
hb64 120 411 0
hb82 302 47 1
hb188 307 189 0
hb46 418 319 0
hb166 126 113 0
hb71 431 231 1
hb61 406 79 0
hb63 111 113 0
hb60 40 79 1
hb55 298 319 0
hb52 439 113 0
hb59 108 319 0
hb112 237 365 1
hb19 234 47 1
hb72 312 79 1
hb47 367 19 1
hb103 357 47 0
hb16 247 19 0
hb26 0 231 1
hb96 273 319 0
hb18 132 79 1
hb1 82 150 0
hb84 366 231 1
hb163 120 365 1
hb11 162 113 0
hb128 126 125 0
hb56 345 19 0
hb108 75 79 1
hb147 0 67 1
hb182 87 79 1
hb197 167 365 1
hb22 56 150 0
hb7 265 19 1
hb134 389 47 1
hb45 42 150 0
hb0 238 113 1
hb107 0 319 1
hb37 449 19 0
hb139 405 47 0
hb57 46 292 1
hb17 198 79 1
hb32 70 47 0
hb184 53 0 0
hb53 195 19 0
hb124 304 150 0
hb3 46 274 1
hb12 183 274 0
hb10 94 274 1
hb87 232 274 1
hb13 357 404 1
hb15 373 319 0
hb27 25 79 1
hb80 323 0 0
hb144 22 19 1
hb85 60 319 0
hb51 418 334 1
hb195 133 150 0
hb30 328 19 0
hb136 152 19 1
hb9 339 319 1
hb89 415 113 0
hb69 158 150 0
hb48 128 19 0
hb115 196 150 1
hb164 417 19 0
hb8 113 47 1
hb6 258 47 1
hb153 166 231 1
hb157 31 189 1
hb78 262 231 0
hb25 303 113 0
hb4 438 47 0
hb127 0 19 1
hb81 93 47 1
hb50 117 189 0
hb74 52 47 1
hb35 371 79 1
hb106 270 150 0
hb125 88 19 0
hb20 249 79 0
hb196 101 150 1
hb138 335 47 1
hb40 187 189 0
hb190 396 150 1
hb62 329 274 0
hb162 246 47 1
hb101 402 365 0
hb75 224 19 0
hb189 0 47 0
hb29 176 138 1
hb23 215 189 1
hb179 366 274 1
hb34 177 150 0
hb2 368 189 1
hb36 212 19 1
hb194 220 231 0
hb39 240 189 0
hb41 401 31 0
hb133 381 19 0
hb102 245 150 0
hb181 353 189 0
hb5 151 79 0
hb31 117 150 1
hb43 288 231 1
hb14 51 19 0
hb97 161 47 0
hb99 20 113 1
hb156 403 189 0
hb104 176 113 0
hb132 317 150 1
hb105 0 189 1
hb109 182 0 1
hb110 71 250 0
hb113 322 231 1
hb114 226 150 1
hb116 270 189 0
hb100 439 79 1
hb117 0 150 0
hb118 361 150 1
hb119 254 113 0
hb120 126 274 0
hb121 435 274 0
hb145 251 274 1
hb38 345 79 1
hb122 136 231 1
hb123 371 94 1
hb180 85 0 1
hb126 333 150 1
hb191 150 189 1
hb129 154 319 0
hb154 141 274 0
hb111 169 0 1
hb130 285 274 0
hb131 0 113 1
hb135 96 113 0
hb137 229 0 0
hb140 26 0 0
hb54 350 231 1
hb141 224 79 0
hb143 16 319 1
hb149 106 19 0
hb49 43 189 1
hb150 203 47 1
hb151 118 0 1
hb152 382 113 0
hb155 73 0 0
hb92 74 189 1
hb44 251 0 0
hb158 186 47 1
hb192 66 19 0
hb159 40 113 0
hb21 357 365 0
hb178 381 31 0
hb160 427 113 0
hb161 203 60 1
hb42 71 231 1
hb165 422 189 1
hb174 286 19 1
hb98 0 0 1
hb167 283 378 0
hb142 25 231 1
hb76 106 0 1
hb168 213 113 1
hb170 24 274 0
hb171 277 79 0
hb28 235 319 1
hb172 0 79 1
hb173 331 189 1
hb187 306 19 0
hb175 186 79 1
hb176 278 0 0
hb169 311 319 1
hb177 31 47 0
hb183 430 169 0
hb185 219 274 0
hb193 178 231 0
hb198 237 392 1
