Wirelength 280806
NumHardBlocks 100
hb99 309 0 0
hb97 0 0 0
hb43 299 132 1
hb41 104 254 0
hb39 131 254 0
hb36 78 0 0
hb2 404 254 1
hb34 268 254 0
hb23 240 310 0
hb29 43 132 0
hb28 385 310 0
hb75 337 407 0
hb62 365 132 1
hb40 311 407 0
hb35 38 407 1
hb74 262 362 0
hb81 200 310 0
hb25 295 254 1
hb38 196 195 0
hb6 316 362 1
hb31 221 407 0
hb8 67 132 0
hb48 322 195 1
hb89 0 407 0
hb9 300 362 0
hb98 170 132 0
hb5 294 310 0
hb51 385 195 0
hb4 292 407 1
hb85 396 407 0
hb27 193 67 0
hb15 41 195 1
hb13 148 195 0
hb10 0 310 0
hb12 253 132 1
hb3 232 0 0
hb53 166 362 1
hb76 247 407 0
hb32 361 254 0
hb17 0 67 1
hb57 333 310 0
hb42 117 132 1
hb37 345 132 0
hb50 200 0 1
hb0 187 362 1
hb45 64 362 0
hb7 357 362 0
hb49 99 67 0
hb14 0 132 1
hb22 260 310 1
hb20 113 407 0
hb56 414 67 0
hb11 93 195 0
hb84 178 0 1
hb18 18 310 0
hb26 183 254 1
hb87 87 362 0
hb16 349 195 0
hb44 146 67 1
hb72 192 132 0
hb19 169 310 0
hb54 281 132 0
hb47 66 67 1
hb59 132 310 1
hb78 150 407 0
hb52 223 254 1
hb55 0 254 0
hb60 334 362 1
hb61 269 407 1
hb46 379 362 1
hb63 0 362 0
hb82 275 195 0
hb64 85 310 1
hb65 219 195 1
hb83 416 407 1
hb67 126 362 1
hb79 384 132 1
hb66 117 0 1
hb68 362 67 0
hb69 334 254 1
hb30 356 407 0
hb24 36 362 1
hb70 220 362 0
hb1 218 67 1
hb58 351 310 1
hb94 0 195 0
hb71 290 67 1
hb73 17 0 0
hb33 186 407 1
hb77 358 0 1
hb21 312 67 1
hb80 132 195 0
hb86 67 254 1
hb88 76 407 0
hb90 401 362 1
hb91 34 254 1
hb95 66 310 1
hb92 380 407 1
hb93 255 67 1
hb96 269 0 0
