Wirelength 233168
NumHardBlocks 100
hb99 147 0 0
hb97 37 114 1
hb43 236 132 1
hb41 264 254 0
hb39 345 195 0
hb36 61 0 0
hb2 255 310 0
hb34 291 254 0
hb23 113 310 1
hb29 165 132 0
hb28 154 362 0
hb75 79 408 0
hb62 217 132 1
hb40 137 408 0
hb35 324 408 1
hb74 366 362 0
hb81 308 310 0
hb25 131 254 1
hb38 136 195 0
hb6 136 362 1
hb31 242 408 0
hb8 393 132 0
hb48 262 195 1
hb89 400 408 0
hb9 226 362 0
hb98 151 67 0
hb5 56 310 0
hb51 0 254 1
hb4 268 408 1
hb85 0 408 0
hb27 122 0 0
hb15 37 195 1
hb13 175 195 0
hb10 95 310 0
hb12 189 132 1
hb3 303 0 0
hb53 323 362 0
hb76 378 408 0
hb32 390 254 0
hb17 0 132 1
hb57 255 344 1
hb42 340 132 1
hb37 66 132 0
hb50 196 0 1
hb0 193 362 1
hb45 113 330 1
hb7 323 383 1
hb49 104 67 0
hb14 396 67 1
hb22 221 310 1
hb20 99 362 0
hb56 323 132 0
hb11 223 195 0
hb84 100 0 1
hb18 348 310 0
hb26 57 254 1
hb87 242 362 0
hb16 170 273 1
hb44 37 67 0
hb72 104 132 0
hb19 190 310 0
hb54 86 132 0
hb47 363 67 1
hb59 227 254 1
hb78 43 408 0
hb52 318 254 1
hb55 97 254 0
hb60 40 362 1
hb61 20 408 1
hb46 98 408 0
hb63 63 362 0
hb82 89 195 0
hb64 396 310 1
hb65 289 195 1
hb83 163 408 1
hb67 0 362 1
hb79 282 132 1
hb66 340 0 1
hb68 261 67 0
hb69 363 254 1
hb30 179 408 0
hb24 162 310 1
hb70 281 362 0
hb1 0 67 1
hb58 404 362 1
hb94 397 195 0
hb71 173 67 1
hb73 0 0 0
hb33 99 381 1
hb77 195 67 0
hb21 313 67 1
hb80 159 195 0
hb86 0 195 1
hb88 287 408 0
hb90 203 408 0
hb91 0 310 0
hb95 170 254 0
hb92 362 408 1
hb93 268 0 1
hb96 228 0 0
