Wirelength 274065
NumHardBlocks 100
hb99 0 370 1
hb97 0 252 1
hb43 133 184 0
hb41 255 110 1
hb39 255 137 1
hb36 0 159 1
hb2 255 327 0
hb34 255 216 1
hb23 311 279 1
hb29 133 142 1
hb28 311 351 1
hb75 406 328 1
hb62 133 339 0
hb40 406 302 1
hb35 361 398 1
hb74 361 226 1
hb81 311 119 1
hb25 255 243 0
hb38 196 190 1
hb6 361 303 0
hb31 406 183 0
hb8 133 70 1
hb48 196 163 0
hb89 406 0 1
hb9 361 264 1
hb98 133 120 1
hb5 311 206 1
hb51 196 213 1
hb4 406 283 0
hb85 406 387 1
hb27 67 206 1
hb15 196 39 0
hb13 196 251 1
hb10 255 404 1
hb12 133 230 0
hb3 0 61 1
hb53 361 130 0
hb76 406 217 0
hb32 255 361 1
hb17 0 269 1
hb57 311 299 1
hb42 133 17 0
hb37 133 319 1
hb50 0 220 0
hb0 361 151 0
hb45 361 107 1
hb7 361 321 1
hb49 67 122 1
hb14 67 388 0
hb22 311 245 0
hb20 406 38 1
hb56 133 0 1
hb11 196 0 1
hb84 0 198 0
hb18 311 0 0
hb26 255 70 0
hb87 361 68 1
hb16 196 346 1
hb44 67 40 0
hb72 133 258 0
hb19 311 51 1
hb54 133 166 1
hb47 67 231 0
hb59 311 82 0
hb78 406 112 1
hb52 255 282 0
hb55 196 382 1
hb60 361 280 0
hb61 406 250 1
hb46 361 343 0
hb63 311 390 1
hb82 196 299 1
hb64 311 159 0
hb65 196 107 0
hb83 406 407 0
hb67 361 28 0
hb79 133 358 0
hb66 0 98 0
hb68 67 336 1
hb69 255 189 0
hb30 406 363 1
hb24 361 0 0
hb70 361 184 0
hb1 67 169 0
hb58 311 317 0
hb94 133 399 1
hb71 67 264 0
hb73 0 0 1
hb33 406 148 0
hb77 0 313 0
hb21 67 286 0
hb80 196 91 1
hb86 255 0 0
hb88 406 75 1
hb90 361 365 0
hb91 255 37 0
hb95 255 422 0
hb92 406 347 0
hb93 67 87 0
hb96 67 0 1
