Wirelength 464833
NumHardBlocks 200
hb199 0 365 1
hb93 115 231 1
hb95 276 113 1
hb91 370 274 1
hb90 0 274 1
hb88 361 231 0
hb86 282 19 0
hb146 132 79 0
hb77 93 0 0
hb33 70 113 0
hb73 0 150 0
hb94 25 0 0
hb58 147 189 0
hb70 44 113 1
hb24 229 0 0
hb68 442 113 1
hb66 357 47 0
hb186 442 365 0
hb79 356 113 0
hb67 150 319 1
hb83 421 150 0
hb148 375 19 0
hb65 404 79 0
hb64 120 411 0
hb82 257 47 1
hb188 323 189 0
hb46 409 319 0
hb166 58 113 1
hb71 389 231 1
hb61 434 79 0
hb63 88 113 0
hb60 52 79 1
hb55 292 319 0
hb52 415 113 0
hb59 104 319 0
hb112 237 365 1
hb19 245 47 1
hb72 310 79 1
hb47 217 19 1
hb103 312 47 0
hb16 178 19 0
hb26 0 231 1
hb96 305 319 0
hb18 203 79 1
hb1 58 150 0
hb84 324 231 1
hb163 120 365 1
hb11 262 113 0
hb128 123 113 1
hb56 392 19 0
hb108 120 79 1
hb147 95 67 1
hb182 40 79 1
hb197 167 365 1
hb22 32 150 0
hb7 196 19 1
hb134 253 31 0
hb45 18 150 0
hb0 246 113 1
hb107 0 319 1
hb37 349 0 1
hb139 388 47 0
hb57 46 292 1
hb17 177 79 1
hb32 0 47 0
hb184 52 0 0
hb53 109 19 0
hb124 261 150 0
hb3 46 274 1
hb12 183 274 0
hb10 151 274 1
hb87 232 274 1
hb13 397 365 1
hb15 364 319 0
hb27 25 79 1
hb80 438 19 0
hb144 127 47 0
hb85 357 413 1
hb51 409 334 1
hb195 211 150 0
hb30 326 19 0
hb136 117 0 0
hb9 330 319 1
hb89 403 113 0
hb69 127 150 0
hb48 414 19 0
hb115 162 150 1
hb164 343 19 0
hb8 80 47 1
hb6 344 47 1
hb153 166 231 1
hb157 24 189 1
hb78 220 231 0
hb25 210 113 0
hb4 421 47 0
hb127 31 19 1
hb81 95 47 0
hb50 219 189 0
hb74 62 47 1
hb35 369 79 1
hb106 353 150 0
hb125 44 47 0
hb20 247 79 0
hb196 77 150 1
hb138 290 47 1
hb40 166 189 0
hb190 387 150 1
hb62 430 274 0
hb162 233 47 1
hb101 357 365 0
hb75 138 19 0
hb189 0 19 0
hb29 198 113 0
hb23 194 189 1
hb179 329 274 1
hb34 108 150 0
hb2 399 189 1
hb36 301 0 0
hb194 178 231 0
hb39 252 189 0
hb41 447 47 0
hb133 253 19 0
hb102 236 150 0
hb181 384 189 0
hb5 301 113 1
hb31 146 150 1
hb43 290 231 1
hb14 0 0 1
hb97 152 47 0
hb99 103 113 1
hb156 282 189 0
hb104 148 113 1
hb132 337 150 1
hb105 434 189 1
hb109 126 19 0
hb110 71 250 0
hb113 246 231 1
hb114 192 150 1
hb116 347 189 0
hb100 208 47 1
hb117 440 150 0
hb118 302 150 1
hb119 332 113 0
hb120 136 274 0
hb121 398 274 0
hb145 251 274 1
hb38 343 79 1
hb122 136 231 1
hb123 369 94 1
hb180 72 0 1
hb126 274 150 1
hb191 110 189 1
hb129 60 319 0
hb154 94 274 0
hb111 141 0 1
hb130 285 274 0
hb131 0 113 1
hb135 93 150 0
hb137 180 0 0
hb140 40 0 0
hb54 274 231 1
hb141 222 79 0
hb143 16 319 1
hb149 53 19 0
hb49 36 189 1
hb150 177 47 1
hb151 202 0 1
hb152 87 79 0
hb155 97 33 0
hb92 0 189 1
hb44 254 0 0
hb158 161 19 1
hb192 75 19 0
hb159 20 113 0
hb21 253 319 1
hb178 281 0 0
hb160 391 113 0
hb161 177 60 1
hb42 71 231 1
hb165 423 231 1
hb174 306 19 1
hb98 154 0 1
hb167 283 365 0
hb142 25 231 1
hb76 97 19 1
hb168 173 113 1
hb170 24 274 0
hb171 275 79 0
hb28 215 319 1
hb172 0 79 1
hb173 301 189 1
hb187 231 19 0
hb175 165 79 1
hb176 329 0 0
hb169 187 319 1
hb177 23 47 0
hb183 375 113 1
hb185 219 274 0
hb193 67 189 1
hb198 237 383 1
