Wirelength 230015
NumHardBlocks 100
hb99 0 122 1
hb97 0 171 1
hb43 132 61 0
hb41 252 283 1
hb39 252 389 1
hb36 0 83 1
hb2 252 328 0
hb34 252 174 1
hb23 308 164 1
hb29 132 278 1
hb28 308 125 1
hb75 402 118 1
hb62 132 330 0
hb40 402 57 1
hb35 358 299 1
hb74 358 199 1
hb81 308 301 1
hb25 252 135 0
hb38 195 320 1
hb6 358 125 0
hb31 402 356 0
hb8 132 349 1
hb48 195 106 0
hb89 402 258 1
hb9 358 385 0
hb98 132 168 1
hb5 308 0 1
hb51 195 133 1
hb4 402 137 0
hb85 402 37 1
hb27 107 153 0
hb15 195 47 1
hb13 195 379 1
hb10 252 310 1
hb12 132 302 0
hb3 0 321 1
hb53 358 0 0
hb76 402 390 0
hb32 252 92 1
hb17 0 220 1
hb57 308 107 1
hb42 132 225 0
hb37 132 107 1
hb50 0 188 0
hb0 358 330 0
hb45 358 176 1
hb7 358 363 1
hb49 67 0 1
hb14 67 389 0
hb22 308 267 0
hb20 402 0 1
hb56 132 190 1
hb11 195 227 0
hb84 0 61 0
hb18 308 375 0
hb26 252 52 0
hb87 358 260 1
hb16 195 343 1
hb44 67 47 0
hb72 132 0 0
hb19 308 76 1
hb54 132 207 1
hb47 67 356 0
hb59 308 39 0
hb78 402 296 1
hb52 252 201 0
hb55 195 286 1
hb60 358 237 0
hb61 402 209 1
hb46 358 21 0
hb63 308 184 1
hb82 195 0 1
hb64 308 220 0
hb65 195 171 0
hb83 402 242 0
hb67 358 43 0
hb79 132 127 0
hb66 0 358 0
hb68 67 304 1
hb69 252 362 0
hb30 402 332 1
hb24 374 385 1
hb70 358 83 0
hb1 67 94 0
hb58 308 341 0
hb94 132 399 1
hb71 67 131 0
hb73 0 0 1
hb33 402 83 0
hb77 0 264 0
hb21 67 254 0
hb80 234 227 0
hb86 252 246 0
hb88 402 172 1
hb90 358 143 0
hb91 252 0 0
hb95 252 33 0
hb92 402 156 0
hb93 67 219 0
hb96 67 153 0
