Wirelength 229054
NumHardBlocks 100
hb99 67 153 1
hb97 67 202 1
hb43 134 161 0
hb41 255 241 1
hb39 255 334 1
hb36 0 83 1
hb2 255 386 0
hb34 255 0 0
hb23 310 39 1
hb29 134 342 1
hb28 404 95 0
hb75 404 67 0
hb62 134 260 0
hb40 404 41 1
hb35 404 174 1
hb74 361 209 1
hb81 310 319 1
hb25 255 268 0
hb38 196 269 1
hb6 361 148 1
hb31 404 334 1
hb8 134 394 1
hb48 282 0 1
hb89 404 307 0
hb9 361 389 1
hb98 134 121 1
hb5 310 0 1
hb51 196 99 1
hb4 361 0 1
hb85 423 67 0
hb27 67 286 1
hb15 196 47 0
hb13 196 385 1
hb10 289 97 0
hb12 134 366 0
hb3 0 313 1
hb53 361 188 0
hb76 361 345 1
hb32 255 153 1
hb17 0 179 1
hb57 343 151 0
hb42 134 207 0
hb37 134 61 0
hb50 67 219 1
hb0 361 312 0
hb45 404 360 0
hb7 361 367 1
hb49 67 0 1
hb14 134 279 1
hb22 310 238 0
hb20 404 0 0
hb56 177 279 0
hb11 196 193 1
hb84 0 61 0
hb18 310 359 1
hb26 255 57 0
hb87 361 59 0
hb16 196 349 1
hb44 67 47 0
hb72 134 0 0
hb19 310 207 1
hb54 134 143 1
hb47 67 363 0
hb59 310 59 0
hb78 404 205 0
hb52 255 196 0
hb55 255 97 0
hb60 379 148 1
hb61 361 247 0
hb46 361 37 0
hb63 310 115 1
hb82 196 0 1
hb64 310 272 0
hb65 196 137 0
hb83 404 237 1
hb67 404 263 1
hb79 154 61 1
hb66 0 350 0
hb68 67 311 1
hb69 255 307 0
hb30 420 237 0
hb24 361 103 1
hb70 361 270 0
hb1 67 94 0
hb58 310 407 0
hb94 196 308 1
hb71 67 131 0
hb73 0 0 1
hb33 404 19 1
hb77 0 122 0
hb21 0 263 0
hb80 196 292 1
hb86 196 232 0
hb88 380 0 1
hb90 404 141 0
hb91 310 151 1
hb95 310 96 0
hb92 427 360 1
hb93 99 219 1
hb96 0 223 1
