Wirelength 481530
NumHardBlocks 200
hb199 0 0 0
hb93 193 345 0
hb95 317 286 1
hb91 148 436 0
hb90 148 239 0
hb88 193 317 1
hb86 421 67 0
hb146 354 434 1
hb77 421 113 1
hb33 317 403 1
hb73 278 242 1
hb94 449 111 1
hb58 236 308 1
hb70 317 451 0
hb24 389 92 0
hb68 354 0 0
hb66 389 355 0
hb186 0 120 1
hb79 278 0 1
hb67 193 60 1
hb83 298 44 0
hb148 449 64 0
hb65 354 366 1
hb64 0 157 1
hb82 354 263 1
hb188 236 194 1
hb46 102 154 1
hb166 342 286 1
hb71 148 32 0
hb61 354 113 1
hb63 354 39 1
hb60 317 421 1
hb55 117 154 0
hb52 317 49 1
hb59 102 240 0
hb112 130 154 0
hb19 389 200 0
hb72 354 165 0
hb47 449 300 1
hb103 389 0 0
hb16 449 89 0
hb26 193 262 0
hb96 148 168 1
hb18 354 146 0
hb1 193 378 0
hb84 236 397 1
hb163 0 394 0
hb11 317 76 1
hb128 317 354 0
hb56 421 14 1
hb108 389 167 1
hb147 389 284 1
hb182 354 396 0
hb197 0 204 0
hb22 278 396 1
hb7 421 414 0
hb134 401 167 1
hb45 278 422 1
hb0 317 338 0
hb107 148 263 0
hb37 449 27 0
hb139 389 134 1
hb57 46 394 1
hb17 354 295 0
hb32 389 386 1
hb184 421 224 0
hb53 449 257 1
hb124 278 309 1
hb3 129 28 0
hb12 236 123 1
hb10 148 317 0
hb87 148 149 0
hb13 48 157 0
hb15 148 193 0
hb27 354 24 0
hb80 421 0 1
hb144 389 259 1
hb85 48 120 0
hb51 102 28 0
hb195 329 138 0
hb30 449 230 0
hb136 421 205 0
hb9 102 120 0
hb89 354 321 1
hb69 278 81 0
hb48 421 360 1
hb115 278 260 0
hb164 389 107 0
hb8 389 77 0
hb6 389 296 0
hb153 236 296 0
hb157 193 366 0
hb78 193 194 1
hb25 317 90 0
hb4 389 329 1
hb127 421 243 0
hb81 389 309 0
hb50 236 90 1
hb74 389 430 0
hb35 354 198 1
hb106 278 362 1
hb125 421 384 1
hb20 354 85 1
hb196 278 226 0
hb138 421 435 1
hb40 236 249 1
hb190 317 208 0
hb62 193 0 0
hb162 389 212 0
hb101 46 413 1
hb75 421 287 1
hb189 389 32 0
hb29 317 126 1
hb23 236 440 0
hb179 193 420 1
hb34 297 81 0
hb2 236 159 0
hb36 421 55 0
hb194 102 377 1
hb39 193 104 1
hb41 449 48 0
hb133 449 171 0
hb102 278 337 1
hb181 193 45 1
hb5 354 54 0
hb31 278 210 0
hb43 278 119 1
hb14 449 126 0
hb97 421 310 1
hb99 317 266 0
hb156 236 277 1
hb104 317 24 0
hb132 278 194 0
hb105 236 0 0
hb109 437 113 0
hb110 148 279 0
hb113 148 108 0
hb114 278 290 0
hb116 236 360 1
hb100 421 335 0
hb117 317 0 1
hb118 278 159 0
hb119 317 242 1
hb120 148 302 1
hb121 148 0 1
hb145 66 274 1
hb38 354 408 0
hb122 193 287 0
hb123 354 250 1
hb180 421 36 1
hb126 278 436 0
hb191 236 31 0
hb129 102 76 1
hb154 148 66 1
hb111 421 175 0
hb130 102 286 1
hb131 278 44 1
hb135 278 322 1
hb137 421 137 0
hb140 449 335 1
hb54 193 134 0
hb141 354 213 1
hb143 148 349 1
hb149 421 91 0
hb49 236 218 0
hb150 389 224 1
hb151 449 0 0
hb152 354 333 0
hb155 421 402 1
hb92 212 378 1
hb44 449 203 1
hb158 421 188 0
hb192 389 237 1
hb159 317 379 1
hb21 193 150 1
hb178 449 183 1
hb160 317 138 0
hb161 389 448 1
hb42 148 395 1
hb165 236 327 0
hb174 421 155 0
hb98 449 274 0
hb167 129 330 1
hb142 102 330 0
hb76 449 323 0
hb168 278 19 0
hb170 148 414 1
hb171 317 174 0
hb28 102 202 0
hb172 389 52 0
hb173 236 68 0
hb187 421 265 1
hb175 354 238 0
hb176 449 151 1
hb169 102 0 0
hb177 389 409 1
hb183 317 322 0
hb185 148 136 1
hb193 193 220 1
hb198 0 274 0
