Wirelength 228159
NumHardBlocks 100
hb99 0 83 1
hb97 0 157 1
hb43 133 164 0
hb41 253 90 1
hb39 253 353 1
hb36 67 94 0
hb2 253 269 0
hb34 253 242 1
hb23 310 107 1
hb29 133 277 1
hb28 360 0 0
hb75 405 86 0
hb62 133 329 0
hb40 405 19 1
hb35 405 211 1
hb74 360 325 1
hb81 310 253 1
hb25 253 405 0
hb38 253 330 1
hb6 360 79 1
hb31 405 114 1
hb8 133 227 1
hb48 106 94 1
hb89 405 311 0
hb9 360 363 1
hb98 67 161 1
hb5 310 0 1
hb51 253 33 0
hb4 405 45 0
hb85 424 86 0
hb27 0 132 1
hb15 196 47 1
hb13 196 331 1
hb10 235 272 0
hb12 133 301 0
hb3 0 303 1
hb53 360 219 1
hb76 405 242 1
hb32 253 154 1
hb17 67 183 1
hb57 405 264 0
hb42 133 348 0
hb37 133 126 1
hb50 0 231 0
hb0 310 186 0
hb45 310 163 1
hb7 360 379 1
hb49 67 47 1
hb14 67 397 0
hb22 310 293 0
hb20 405 0 0
hb56 133 210 1
hb11 196 272 0
hb84 0 61 0
hb18 310 374 0
hb26 196 106 0
hb87 360 286 1
hb16 196 236 1
hb44 67 0 0
hb72 133 65 0
hb19 310 76 1
hb54 133 146 1
hb47 67 364 0
hb59 310 39 0
hb78 360 187 0
hb52 253 197 0
hb55 196 146 1
hb60 421 163 1
hb61 405 140 0
hb46 378 79 1
hb63 310 127 1
hb82 196 0 1
hb64 310 327 0
hb65 196 180 0
hb83 405 163 1
hb67 360 119 0
hb79 196 379 1
hb66 0 340 0
hb68 67 312 1
hb69 253 303 0
hb30 360 262 1
hb24 360 159 0
hb70 360 401 0
hb1 133 0 1
hb58 310 219 0
hb94 133 401 1
hb71 170 0 1
hb73 0 0 1
hb33 405 64 1
hb77 0 174 0
hb21 67 262 0
hb80 237 379 0
hb86 253 117 0
hb88 381 219 1
hb90 360 46 0
hb91 253 0 0
hb95 291 33 1
hb92 405 185 1
hb93 67 227 0
hb96 0 263 1
