Wirelength 227790
NumHardBlocks 100
hb99 0 122 0
hb97 49 122 0
hb43 132 161 0
hb41 253 214 1
hb39 253 313 1
hb36 0 83 1
hb2 253 365 0
hb34 253 73 1
hb23 309 96 0
hb29 132 323 1
hb28 309 39 1
hb75 402 63 0
hb62 132 375 0
hb40 402 37 1
hb35 402 164 1
hb74 359 248 1
hb81 309 317 1
hb25 253 399 0
hb38 194 259 1
hb6 359 119 0
hb31 402 115 1
hb8 132 394 1
hb48 194 137 0
hb89 359 286 1
hb9 359 379 1
hb98 132 121 1
hb5 309 0 1
hb51 194 99 1
hb4 359 0 0
hb85 421 63 0
hb27 67 153 1
hb15 194 47 0
hb13 194 359 1
hb10 340 184 0
hb12 132 347 0
hb3 0 305 1
hb53 402 362 1
hb76 402 316 1
hb32 253 171 1
hb17 0 189 1
hb57 309 78 1
hb42 132 207 0
hb37 132 61 0
hb50 0 233 0
hb0 359 324 0
hb45 402 227 0
hb7 359 357 1
hb49 67 0 1
hb14 132 260 1
hb22 309 236 0
hb20 402 0 1
hb56 175 260 0
hb11 194 220 1
hb84 0 61 0
hb18 309 357 0
hb26 253 33 0
hb87 359 204 0
hb16 194 323 1
hb44 67 47 0
hb72 132 0 0
hb19 309 184 0
hb54 132 143 1
hb47 67 329 0
hb59 309 147 0
hb78 402 195 0
hb52 253 241 0
hb55 253 100 1
hb60 359 181 0
hb61 402 141 0
hb46 359 19 0
hb63 359 74 0
hb82 194 0 1
hb64 309 270 0
hb65 194 164 0
hb83 425 227 1
hb67 359 137 1
hb79 152 61 1
hb66 0 342 0
hb68 67 362 1
hb69 253 286 0
hb30 402 338 1
hb24 402 271 1
hb70 359 395 0
hb1 67 116 0
hb58 309 408 0
hb94 194 282 1
hb71 67 94 0
hb73 0 0 1
hb33 421 0 0
hb77 67 178 1
hb21 67 279 0
hb80 194 407 1
hb86 253 134 0
hb88 402 91 0
hb90 359 41 0
hb91 253 0 0
hb95 329 96 1
hb92 386 286 1
hb93 67 244 0
hb96 0 265 1
