Wirelength 231047
NumHardBlocks 100
hb99 0 122 1
hb97 0 402 1
hb43 132 214 0
hb41 252 225 1
hb39 252 173 1
hb36 0 61 1
hb2 252 252 0
hb34 252 70 1
hb23 308 76 1
hb29 132 324 1
hb28 308 114 1
hb75 403 87 1
hb62 132 277 0
hb40 403 19 1
hb35 358 294 1
hb74 358 0 1
hb81 308 301 1
hb25 252 97 0
hb38 195 205 1
hb6 358 138 0
hb31 403 241 1
hb8 132 389 1
hb48 195 178 0
hb89 403 130 0
hb9 358 380 1
hb98 132 192 1
hb5 308 0 1
hb51 195 106 1
hb4 403 157 0
hb85 403 45 1
hb27 107 153 0
hb15 195 47 1
hb13 195 379 1
hb10 252 52 1
hb12 132 296 0
hb3 0 247 1
hb53 358 38 0
hb76 403 291 1
hb32 252 313 1
hb17 0 203 1
hb57 308 96 1
hb42 132 0 0
hb37 132 53 0
hb50 0 171 0
hb0 358 325 0
hb45 358 178 1
hb7 358 358 1
hb49 67 47 1
hb14 67 389 0
hb22 308 189 0
hb20 403 0 0
hb56 132 260 1
hb11 195 228 0
hb84 0 100 0
hb18 308 341 0
hb26 252 401 0
hb87 358 99 1
hb16 195 287 1
hb44 67 0 0
hb72 132 113 0
hb19 308 223 1
hb54 132 174 1
hb47 67 356 0
hb59 308 39 0
hb78 403 209 0
hb52 252 356 0
hb55 195 144 1
hb60 358 201 0
hb61 419 176 1
hb46 358 156 0
hb63 308 153 1
hb82 195 0 1
hb64 308 254 0
hb65 195 323 0
hb83 403 176 1
hb67 358 59 0
hb79 152 53 1
hb66 0 341 0
hb68 67 254 1
hb69 252 286 0
hb30 403 267 1
hb24 358 266 0
hb70 358 224 0
hb1 67 94 0
hb58 308 392 0
hb94 132 348 1
hb71 67 131 0
hb73 0 0 1
hb33 403 65 1
hb77 0 284 0
hb21 67 306 0
hb80 234 228 0
hb86 252 136 0
hb88 403 106 0
hb90 358 396 0
hb91 252 0 0
hb95 252 33 0
hb92 403 313 0
hb93 67 219 0
hb96 67 153 0
