Wirelength 638251
NumHardBlocks 300
hb299 291 0 0
hb298 73 221 0
hb295 343 303 1
hb294 344 19 0
hb293 15 303 0
hb292 259 221 0
hb290 66 19 0
hb288 58 145 0
hb287 133 261 1
hb286 497 261 0
hb285 167 76 0
hb282 386 346 1
hb281 18 46 1
hb280 461 76 1
hb272 422 109 0
hb271 218 261 0
hb269 216 145 1
hb268 0 19 0
hb267 252 182 0
hb265 275 391 1
hb264 290 391 1
hb263 365 484 1
hb259 175 46 1
hb258 444 346 1
hb255 445 437 1
hb254 460 19 1
hb253 276 33 0
hb252 135 46 0
hb247 223 221 0
hb246 39 346 0
hb245 86 145 1
hb244 281 145 1
hb241 515 19 0
hb239 376 221 0
hb238 181 221 0
hb237 355 221 0
hb236 483 182 0
hb235 316 437 0
hb230 137 76 0
hb228 440 19 1
hb227 96 76 0
hb226 117 182 1
hb223 223 0 0
hb221 515 391 0
hb219 0 46 1
hb218 384 303 1
hb217 478 484 0
hb216 290 303 1
hb213 82 76 1
hb248 204 303 1
hb212 321 261 0
hb210 107 19 0
hb208 402 46 1
hb206 513 303 1
hb205 83 0 0
hb279 235 303 0
hb266 51 484 0
hb203 422 46 0
hb201 109 46 0
hb291 356 303 0
hb199 0 145 0
hb243 146 145 1
hb93 256 19 0
hb225 0 437 1
hb95 478 346 1
hb91 470 323 0
hb90 121 437 1
hb88 317 346 0
hb86 0 346 0
hb146 317 508 0
hb77 0 221 1
hb215 381 46 1
hb33 341 391 0
hb73 190 437 0
hb94 303 76 1
hb58 231 19 0
hb70 301 346 0
hb24 295 19 0
hb68 110 391 0
hb66 68 391 0
hb186 483 76 0
hb79 493 221 1
hb67 68 76 0
hb214 64 46 0
hb83 0 261 0
hb148 16 0 1
hb65 175 0 1
hb64 236 76 1
hb82 39 182 1
hb188 318 221 0
hb256 473 19 1
hb46 70 0 1
hb274 282 76 1
hb166 506 109 0
hb202 187 182 0
hb71 51 109 1
hb61 230 346 0
hb63 244 437 0
hb60 283 221 1
hb55 514 76 0
hb261 436 391 0
hb52 0 182 1
hb231 243 46 0
hb59 411 484 0
hb112 437 46 1
hb19 418 145 1
hb72 428 76 1
hb211 118 0 1
hb47 154 261 1
hb103 179 109 0
hb16 473 391 1
hb209 178 391 1
hb26 189 19 1
hb96 242 391 1
hb18 121 346 0
hb1 81 46 1
hb84 510 182 0
hb163 13 76 1
hb11 342 261 1
hb128 416 346 1
hb56 380 437 1
hb108 446 182 0
hb276 251 76 1
hb229 317 484 1
hb147 399 303 0
hb182 0 391 1
hb197 347 145 1
hb22 0 109 1
hb7 110 109 1
hb134 411 437 0
hb45 207 19 0
hb0 174 19 1
hb107 413 76 1
hb37 281 46 0
hb139 110 145 0
hb57 96 484 0
hb275 497 46 0
hb262 24 484 0
hb17 57 261 1
hb32 155 19 0
hb207 109 76 1
hb184 84 437 1
hb53 388 109 1
hb234 35 76 1
hb124 357 109 0
hb277 109 437 0
hb3 138 391 0
hb12 361 19 0
hb10 53 76 0
hb87 194 484 0
hb13 284 484 0
hb15 213 109 1
hb27 18 221 0
hb80 497 145 1
hb144 376 243 1
hb249 479 109 1
hb85 124 303 0
hb51 104 0 0
hb195 0 76 1
hb251 158 303 1
hb30 293 46 0
hb136 286 182 1
hb9 515 346 1
hb89 37 261 0
hb69 83 109 1
hb48 313 109 0
hb115 400 109 1
hb164 452 221 1
hb8 326 145 0
hb6 395 182 1
hb153 467 261 1
hb157 22 19 0
hb78 454 303 1
hb25 95 303 0
hb4 261 346 0
hb127 429 303 0
hb81 381 76 0
hb50 276 19 0
hb74 309 303 1
hb35 95 19 0
hb106 203 76 0
hb204 260 261 1
hb125 202 437 1
hb20 278 0 0
hb196 426 261 0
hb224 415 391 1
hb138 293 261 1
hb40 459 484 0
hb190 254 145 1
hb62 280 437 1
hb162 443 76 1
hb101 228 109 0
hb75 234 145 0
hb189 374 346 1
hb260 36 0 1
hb233 162 0 1
hb29 352 46 0
hb273 215 76 0
hb23 56 221 1
hb179 484 437 1
hb34 97 46 1
hb200 58 303 1
hb2 259 46 0
hb36 203 46 0
hb194 230 46 1
hb39 245 0 0
hb41 375 145 1
hb133 0 303 0
hb102 416 221 1
hb270 378 19 1
hb181 36 46 1
hb5 486 19 0
hb31 294 145 0
hb43 96 182 1
hb14 62 346 1
hb97 208 221 1
hb99 164 221 1
hb156 187 46 1
hb296 481 46 0
hb104 15 322 0
hb132 133 182 0
hb250 322 76 1
hb105 446 109 1
hb109 338 437 0
hb110 94 261 0
hb284 154 46 1
hb113 394 145 1
hb114 196 346 0
hb116 462 46 1
hb100 24 391 0
hb117 18 182 1
hb257 265 76 0
hb118 83 346 1
hb119 214 391 0
hb120 512 145 0
hb121 298 182 0
hb145 313 391 0
hb38 325 19 1
hb122 470 303 0
hb123 441 145 0
hb180 299 221 0
hb126 393 32 0
hb191 341 109 0
hb129 29 109 1
hb154 48 0 0
hb111 502 19 0
hb130 326 46 1
hb289 464 145 0
hb131 239 484 1
hb232 403 261 1
hb135 326 391 1
hb137 519 46 0
hb240 136 19 1
hb140 192 303 0
hb283 82 19 0
hb54 283 109 0
hb141 159 391 0
hb143 42 19 0
hb149 143 484 1
hb49 0 484 0
hb150 180 76 0
hb151 218 285 1
hb152 0 0 0
hb155 198 0 0
hb92 145 437 0
hb44 416 19 1
hb158 393 19 0
hb192 165 484 0
hb159 164 346 1
hb242 142 221 0
hb21 346 346 0
hb178 130 0 0
hb160 120 19 1
hb161 38 437 0
hb42 448 391 1
hb165 257 0 0
hb174 274 303 1
hb98 166 109 0
hb167 180 145 0
hb278 533 261 0
hb142 31 145 0
hb76 106 221 1
hb168 194 261 0
hb170 386 391 0
hb171 518 221 0
hb220 332 182 0
hb28 313 19 1
hb172 313 46 1
hb173 356 76 0
hb187 151 182 0
hb175 147 0 0
hb222 258 109 1
hb176 63 182 0
hb169 422 182 0
hb177 366 261 1
hb183 362 182 0
hb297 221 182 1
hb185 139 109 0
hb193 396 76 1
hb198 411 522 0
