Wirelength 638694
NumHardBlocks 300
hb299 329 0 0
hb298 92 222 0
hb295 431 305 1
hb294 293 45 0
hb293 181 305 1
hb292 180 183 0
hb290 102 45 1
hb288 0 146 0
hb287 114 263 1
hb286 510 263 0
hb285 305 76 0
hb282 221 348 1
hb281 0 45 1
hb280 496 76 1
hb272 423 110 0
hb271 339 263 1
hb269 109 146 1
hb268 0 18 0
hb267 270 183 0
hb265 361 393 1
hb264 280 348 1
hb263 478 487 1
hb259 188 18 1
hb258 373 348 1
hb255 0 439 1
hb254 474 18 1
hb253 228 0 1
hb252 240 45 0
hb247 388 222 0
hb246 0 305 1
hb245 85 146 1
hb244 287 146 1
hb241 487 18 0
hb239 416 195 0
hb238 179 222 0
hb237 460 222 0
hb236 456 183 0
hb235 279 439 0
hb230 102 76 0
hb228 441 18 1
hb227 89 76 0
hb226 37 183 1
hb223 363 18 1
hb221 471 393 0
hb219 18 45 1
hb218 416 305 1
hb217 430 506 1
hb216 199 263 1
hb213 26 76 1
hb248 323 305 1
hb212 387 263 0
hb210 139 0 1
hb208 398 45 1
hb206 510 305 1
hb205 163 0 0
hb279 284 305 0
hb266 65 487 0
hb203 310 45 0
hb201 64 45 0
hb291 354 305 0
hb199 0 110 0
hb243 163 146 1
hb93 311 18 0
hb225 0 487 1
hb95 506 348 1
hb91 435 348 1
hb90 164 393 1
hb88 251 348 0
hb86 0 348 0
hb146 179 487 1
hb77 37 222 1
hb215 418 45 1
hb33 376 393 0
hb73 191 439 1
hb94 325 45 1
hb58 246 18 0
hb70 68 393 0
hb24 228 18 0
hb68 209 393 0
hb66 84 393 0
hb186 370 110 0
hb79 518 222 1
hb67 87 110 0
hb214 124 18 0
hb83 55 222 0
hb148 38 0 1
hb65 254 0 1
hb64 132 76 1
hb82 242 222 1
hb188 0 222 0
hb256 350 18 1
hb46 19 0 0
hb274 518 76 1
hb166 480 110 0
hb202 302 222 0
hb71 203 76 1
hb61 256 393 0
hb63 301 439 0
hb60 336 222 1
hb55 458 45 0
hb261 484 393 1
hb52 53 183 1
hb231 224 45 0
hb59 429 439 1
hb112 373 45 1
hb19 446 146 1
hb72 376 76 1
hb211 127 0 1
hb47 135 263 1
hb103 253 146 0
hb16 331 348 1
hb209 191 451 0
hb26 190 45 1
hb96 315 406 0
hb18 126 348 0
hb1 172 18 1
hb84 507 183 0
hb163 40 76 1
hb11 363 263 1
hb128 407 348 1
hb56 398 439 1
hb108 0 183 0
hb276 318 76 1
hb229 361 487 0
hb147 480 305 0
hb182 0 393 1
hb197 348 146 1
hb22 31 110 1
hb7 144 110 1
hb134 486 439 0
hb45 22 18 0
hb0 46 18 1
hb107 348 76 1
hb37 90 45 0
hb139 217 146 0
hb57 132 487 0
hb275 484 45 0
hb262 38 487 0
hb17 77 263 1
hb32 61 18 0
hb207 227 110 1
hb184 166 439 1
hb53 200 110 1
hb234 248 76 1
hb124 400 146 0
hb277 108 439 0
hb3 188 393 0
hb12 424 18 0
hb10 130 45 0
hb87 241 487 0
hb13 328 487 0
hb15 212 110 1
hb27 0 263 0
hb80 431 146 1
hb144 503 222 0
hb249 514 110 1
hb85 200 305 0
hb51 77 0 0
hb195 235 76 1
hb251 250 305 1
hb30 283 18 1
hb136 416 183 0
hb9 481 348 1
hb89 0 328 1
hb69 60 110 1
hb48 312 110 0
hb115 401 110 1
hb164 352 222 0
hb8 327 146 0
hb6 389 183 1
hb153 467 263 1
hb157 80 18 0
hb78 444 305 1
hb25 44 305 0
hb4 169 348 0
hb127 456 348 0
hb81 408 94 1
hb50 398 18 1
hb74 382 305 1
hb35 141 18 0
hb106 147 76 1
hb204 218 263 1
hb125 237 439 1
hb20 500 18 0
hb196 426 263 0
hb224 421 393 1
hb138 251 263 1
hb40 467 439 0
hb190 300 146 1
hb62 337 439 1
hb162 408 76 0
hb101 114 110 0
hb75 197 146 0
hb189 209 348 1
hb260 216 18 1
hb233 241 0 1
hb29 344 45 0
hb273 147 88 1
hb23 147 222 1
hb179 484 405 0
hb34 259 45 1
hb200 118 305 1
hb2 271 45 0
hb36 62 76 0
hb194 102 61 0
hb39 382 18 1
hb41 492 146 1
hb133 73 320 1
hb102 424 222 1
hb270 91 0 0
hb181 36 45 1
hb5 506 45 0
hb31 255 110 0
hb43 123 183 1
hb14 105 348 1
hb97 164 222 1
hb99 225 222 1
hb156 208 45 1
hb296 302 0 1
hb104 167 305 1
hb132 304 183 0
hb250 440 76 0
hb105 447 110 1
hb109 286 487 0
hb110 38 263 0
hb284 145 45 1
hb113 376 146 1
hb114 39 348 0
hb116 439 45 1
hb100 24 393 0
hb117 102 183 1
hb257 288 76 0
hb118 126 393 1
hb119 287 393 0
hb120 511 146 0
hb121 322 183 0
hb145 315 393 1
hb38 331 18 1
hb122 460 305 1
hb123 469 146 0
hb180 206 222 0
hb126 412 18 1
hb191 332 76 0
hb129 266 76 1
hb154 513 18 1
hb111 461 18 0
hb130 0 76 1
hb289 356 183 0
hb131 385 487 1
hb232 316 263 1
hb135 73 305 0
hb137 522 45 0
hb240 153 18 1
hb140 155 305 0
hb283 114 0 0
hb54 340 110 0
hb141 237 393 0
hb143 100 18 0
hb149 110 487 1
hb49 39 439 0
hb150 180 76 0
hb151 408 263 0
hb152 58 0 1
hb155 277 0 0
hb92 63 439 0
hb44 166 45 1
hb158 205 0 0
hb192 212 487 0
hb159 73 348 1
hb242 125 222 0
hb21 303 348 0
hb178 0 0 1
hb160 200 18 1
hb161 120 439 0
hb42 373 439 1
hb165 184 0 0
hb174 234 305 1
hb98 101 110 0
hb167 127 146 0
hb278 497 263 0
hb142 28 146 0
hb76 266 222 1
hb168 175 263 0
hb170 442 393 0
hb171 481 222 0
hb220 55 146 0
hb28 271 18 1
hb172 363 76 1
hb173 471 76 0
hb187 144 183 0
hb175 382 30 1
hb222 287 110 1
hb176 237 183 0
hb169 483 183 0
hb177 279 263 1
hb183 204 183 0
hb297 71 183 1
hb185 173 110 0
hb193 391 76 1
hb198 430 487 0
