ncsim(64) 15.20-s084
Linux 3.10.0-1160.105.1.el7.x86_64 #1 SMP Thu Dec 7 15:39:45 UTC 2023 x86_64
CPU cores: 48
Limit information:
======================================
cputime			unlimited
filesize		unlimited
datasize		unlimited
stacksize		8192 kbytes
coredumpsize	0 kbytes
memoryuse		unlimited
vmemoryuse		unlimited
descriptors		4096
memorylocked	64 kbytes
maxproc			4096
======================================
(Special)Runtime environment variables:

Runtime environment variables:
SHELL=/bin/tcsh
MACHTYPE=x86_64
LESSOPEN=||/usr/bin/lesspipe.sh %s
SSH_CONNECTION=140.114.86.41 62109 140.115.71.44 22
PATH=/usr/cad/synopsys/verdi/cur/bin:/usr/cad/synopsys/verdi/cur/nLint/bin:/usr/cad/synopsys/customexplorer/2020.12/bin:/usr/cad/cadence/INCISIV/INCISIVE_15.20.084/tools/bin/64bit:/usr/cad/cadence/INCISIV/INCISIVE_15.20.084/tools/bin:/usr/cad/synopsys/verdi/2019.06//bin:/usr/local/bin:/usr/bin:/usr/local/sbin:/usr/sbin
SSH_TTY=/dev/pts/44
XDG_RUNTIME_DIR=/run/user/1363
VENDOR=unknown
SELINUX_USE_CURRENT_RANGE=
LS_COLORS=rs=0:di=01;34:ln=01;36:mh=00:pi=40;33:so=01;35:do=01;35:bd=40;33;01:cd=40;33;01:or=40;31;01:mi=01;05;37;41:su=37;41:sg=30;43:ca=30;41:tw=30;42:ow=34;42:st=37;44:ex=01;32:*.tar=01;31:*.tgz=01;31:*.arc=01;31:*.arj=01;31:*.taz=01;31:*.lha=01;31:*.lz4=01;31:*.lzh=01;31:*.lzma=01;31:*.tlz=01;31:*.txz=01;31:*.tzo=01;31:*.t7z=01;31:*.zip=01;31:*.z=01;31:*.Z=01;31:*.dz=01;31:*.gz=01;31:*.lrz=01;31:*.lz=01;31:*.lzo=01;31:*.xz=01;31:*.bz2=01;31:*.bz=01;31:*.tbz=01;31:*.tbz2=01;31:*.tz=01;31:*.deb=01;31:*.rpm=01;31:*.jar=01;31:*.war=01;31:*.ear=01;31:*.sar=01;31:*.rar=01;31:*.alz=01;31:*.ace=01;31:*.zoo=01;31:*.cpio=01;31:*.7z=01;31:*.rz=01;31:*.cab=01;31:*.jpg=01;35:*.jpeg=01;35:*.gif=01;35:*.bmp=01;35:*.pbm=01;35:*.pgm=01;35:*.ppm=01;35:*.tga=01;35:*.xbm=01;35:*.xpm=01;35:*.tif=01;35:*.tiff=01;35:*.png=01;35:*.svg=01;35:*.svgz=01;35:*.mng=01;35:*.pcx=01;35:*.mov=01;35:*.mpg=01;35:*.mpeg=01;35:*.m2v=01;35:*.mkv=01;35:*.webm=01;35:*.ogm=01;35:*.mp4=01;35:*.m4v=01;35:*.mp4v=01;35:*.vob=01;35:*.qt=01;35:*.nuv=01;35:*.wmv=01;35:*.asf=01;35:*.rm=01;35:*.rmvb=01;35:*.flc=01;35:*.avi=01;35:*.fli=01;35:*.flv=01;35:*.gl=01;35:*.dl=01;35:*.xcf=01;35:*.xwd=01;35:*.yuv=01;35:*.cgm=01;35:*.emf=01;35:*.axv=01;35:*.anx=01;35:*.ogv=01;35:*.ogx=01;35:*.aac=01;36:*.au=01;36:*.flac=01;36:*.mid=01;36:*.midi=01;36:*.mka=01;36:*.mp3=01;36:*.mpc=01;36:*.ogg=01;36:*.ra=01;36:*.wav=01;36:*.axa=01;36:*.oga=01;36:*.spx=01;36:*.xspf=01;36:
DISPLAY=localhost:15.0
PWD=/home/HardwareSecurity_1132/tsx1136010/HW02/test/X1136010_PA2_sample_HT
HOME=/home/HardwareSecurity_1132/tsx1136010
LOGNAME=tsx1136010
SELINUX_LEVEL_REQUESTED=
HOSTNAME=linuxcad30.ee.ncu.edu.tw
OSTYPE=linux
SHLVL=3
MAKEOVERRIDES=${-*-command-variables-*-}
XDG_SESSION_ID=21284
USER=tsx1136010
REMOTEHOST=fw-cs326.cs.nthu.edu.tw
CVS_RSH=ssh
MAKEFLAGS=file=C1_tb.v
MFLAGS=
SSH_CLIENT=140.114.86.41 62109 22
MAIL=/var/spool/mail/tsx1136010
file=C1_tb.v
HOSTTYPE=x86_64-linux
SELINUX_ROLE_REQUESTED=
GROUP=tsx1136010
LANG=en_US.UTF-8
TERM=xterm
HOST=linuxcad30.ee.ncu.edu.tw
MAKELEVEL=1
LD_LIBRARY_PATH=/usr/cad/synopsys/verdi/cur/etc/lib/libstdc++/LINUX64/:/usr/cad/synopsys/verdi/cur/share/PLI/IUS/LINUX64/:/:/usr/cad/cadence/INCISIV/INCISIVE_15.20.084/tools/lib/64bit:/usr/cad/cadence/INCISIV/INCISIVE_15.20.084/tools/lib64:/usr/cad/cadence/INCISIV/INCISIVE_15.20.084/tools/lib::/usr/cad/synopsys/verdi/2019.06//etc/lib/libstdc++/LINUX64/:/usr/cad/synopsys/verdi/2019.06//share/PLI/lib/LINUX64/:/usr/cad/synopsys/verdi/2019.06//share/PLI/VCS/LINUX64/::/lib64:/usr/lib64:/usr/local/lib64
SHLIB_PATH=/usr/cad/synopsys/verdi/cur/etc/lib/libstdc++/LINUX64/:/usr/cad/synopsys/verdi/2019.06//etc/lib/libstdc++/LINUX64/:/usr/cad/synopsys/verdi/2019.06//share/PLI/lib/LINUX64/:/usr/cad/synopsys/verdi/2019.06//share/PLI/VCS/LINUX64/:
LM_LICENSE_FILE=26585@lshc:5280@lshc:
VERDI_HOME=/usr/cad/synopsys/verdi/2019.06/
_IRUNROOT_=/usr/cad/cadence/INCISIV/INCISIVE_15.20.084/tools
CDS_ARCH=lnx86
NCRUNMODE=ncverilog:./INCA_libs/irun.lnx8664.15.20.nc
IRUNBATCH=FALSE
IMPERAS_PORT_FILE=.vsp_ovp_gdb_port
TCL_LIBRARY=/usr/cad/cadence/INCISIV/INCISIVE_15.20.084/tools/inca/files/tcl/library
Runtime command line arguments:
argv[0]=ncverilog
argv[1]=-sv
argv[2]=+access+r
argv[3]=+define+FSDB
argv[4]=./addroundkey.v
argv[5]=./aes_128.v
argv[6]=./AES_HT_top.v
argv[7]=./expand_key_128.v
argv[8]=./mixcolumns.v
argv[9]=./round.v
argv[10]=./shiftrows.v
argv[11]=./subbytes.v
argv[12]=./table.v
argv[13]=C1_tb.v
79 profile - 100
          CPU/Mem usage: 0.060 sys,  0.050 user,  206.09M sys,  0.00M vm
80 VC callback profile - scalar:0 vector:0
81 Mon Apr 28 23:48:35 2025
82 pliAppInit
83 FSDB_GATE is disabled.
84 Enable Parallel Dumping.
85 pliAppMiscSet: New Sim Round
86 pliEntryInit
87 LIBSSCORE=found /usr/cad/synopsys/verdi/cur/share/PLI/IUS/LINUX64/libsscore_ius152.so through $LD_LIBRARY_PATH setting.
88 Sim process exit
