### Custom WaveView ADV log file, revision R-2020.12 (build Nov 24, ) ###
### created at 23:48:56 on Mon Apr 28 2025 (Linux AMD64) ###
### Host Name: linuxcad30.ee.ncu.edu.tw   User ID: tsx1136010   PID: 20779   ###
wv_start_log
# (0) running in waveview only mode
# (0) SW_SX_PERL_LIB defined
# (0) SW_SX_TCL_LIB defined
# (0) HOME defined
sx_open_sim_file_read {AES_top_tb.fsdb}
wv_expand_tree_item {Custom WaveView} {} {hierview} {D0:AES_top_tb.fsdb(0)} {+sep=@}
wv_select_tree_item {Custom WaveView} {} {hierview} {D0:AES_top_tb.fsdb(0)@AES_top_tb_1(0)} {0} {+sep=@}
wv_select_list_item {Custom WaveView} {} {sigview} {out[127:0]} 2
wv_drag_list_item {Custom WaveView} {} {sigview} {out[127:0]} 2
wv_drag_enter WV1
wv_drop_on WV1
wv_expand_tree_item {Custom WaveView} {} {hierview} {D0:AES_top_tb.fsdb(0)@AES_top_tb_1(0)} {+sep=@}
wv_select_tree_item {Custom WaveView} {} {hierview} {D0:AES_top_tb.fsdb(0)@AES_top_tb_1(0)@dut(0)} {0} {+sep=@}
wv_expand_tree_item {Custom WaveView} {} {hierview} {D0:AES_top_tb.fsdb(0)@AES_top_tb_1(0)@dut(0)} {+sep=@}
wv_select_tree_item {Custom WaveView} {} {hierview} {D0:AES_top_tb.fsdb(0)@AES_top_tb_1(0)@dut(0)@aes(0)} {0} {+sep=@}
wv_expand_tree_item {Custom WaveView} {} {hierview} {D0:AES_top_tb.fsdb(0)@AES_top_tb_1(0)@dut(0)@aes(0)} {+sep=@}
wv_collapse_tree_item {Custom WaveView} {} {hierview} {D0:AES_top_tb.fsdb(0)@AES_top_tb_1(0)@dut(0)@aes(0)} {+sep=@}
wv_move_scrollbar {Custom WaveView} {} {sigview.HScrolBar} {1}
wv_move_scrollbar {Custom WaveView} {} {sigview.HScrolBar} {0}
wv_move_scrollbar {Custom WaveView} {} {sigview.HScrolBar} {1}
wv_move_scrollbar {Custom WaveView} {} {sigview.HScrolBar} {0}
wv_move_scrollbar {Custom WaveView} {} {sigview.HScrolBar} {1}
wv_move_scrollbar {Custom WaveView} {} {sigview.HScrolBar} {0}
wv_move_scrollbar {Custom WaveView} {} {sigview.HScrolBar} {1}
wv_move_scrollbar {Custom WaveView} {} {sigview.HScrolBar} {0}
wv_move_scrollbar {Custom WaveView} {} {sigview.HScrolBar} {1}
wv_move_scrollbar {Custom WaveView} {} {sigview.HScrolBar} {0}
wv_select_tree_item {Custom WaveView} {} {hierview} {D0:AES_top_tb.fsdb(0)@AES_top_tb_1(0)@dut(0)} {0} {+sep=@}
wv_select_list_item {Custom WaveView} {} {sigview} {cycle_count[9:0]} 2
wv_drag_list_item {Custom WaveView} {} {sigview} {cycle_count[9:0]} 2
wv_drag_enter WV1
wv_drag_to WV1 192 64
wv_drop_on WV1
wv_select_waveview 1 {waveview 1}
wv_select_panel WV1.PANEL1:1 4.30374e-06 -inf
wv_drag_item_to WV1 447 146
wv_zoom_x WV1.PANEL1:1 4.30374e-06 -1.08253e-06
wv_select_waveview 1 {waveview 1}
wv_select_panel WV1.PANEL1:1 3.75219e-06 -inf
wv_drag_item_to WV1 1215 155
wv_zoom_x WV1.PANEL1:1 3.75219e-06 -1.86472e-08
wv_select_waveview 1 {waveview 1}
wv_select_panel WV1.PANEL1:1 2.57436e-06 -inf
wv_drag_item_to WV1 926 172
wv_zoom_x WV1.PANEL1:1 2.57436e-06 -9.57886e-07
wv_select_waveview 1 {waveview 1}
wv_select_panel WV1.PANEL1:1 2.3323e-06 -inf
wv_drag_item_to WV1 1257 131
wv_zoom_x WV1.PANEL1:1 2.3323e-06 1.76342e-06
wv_select_waveview 1 {waveview 1}
wv_select_panel WV1.PANEL1:1 2.08065e-06 -inf
wv_drag_item_to WV1 795 178
wv_zoom_x WV1.PANEL1:1 2.08065e-06 1.99558e-06
wv_select_waveview 1 {waveview 1}
wv_select_panel WV1.PANEL1:1 2.03096e-06 -inf
wv_drag_item_to WV1 631 181
wv_zoom_x WV1.PANEL1:1 2.03096e-06 2.01153e-06
wv_select_waveview 1 {waveview 1}
wv_select_panel WV1.PANEL1:1 2.01766e-06 -inf
wv_drag_item_to WV1 499 140
wv_zoom_x WV1.PANEL1:1 2.01766e-06 2.01491e-06
wv_select_waveview 1 {waveview 1}
wv_select_panel WV1.PANEL1:1 2.01613e-06 -inf
wv_drag_item_to WV1 660 162
wv_zoom_x WV1.PANEL1:1 2.01613e-06 2.01457e-06
wv_select_tree_item {Custom WaveView} {} {hierview} {D0:AES_top_tb.fsdb(0)@AES_top_tb_1(0)@dut(0)@aes(0)} {0} {+sep=@}
wv_select_tree_item {Custom WaveView} {} {hierview} {D0:AES_top_tb.fsdb(0)@AES_top_tb_1(0)} {0} {+sep=@}
wv_select_tree_item {Custom WaveView} {} {hierview} {D0:AES_top_tb.fsdb(0)@AES_top_tb_1(0)@dut(0)} {0} {+sep=@}
wv_select_waveview 1 {waveview 1}
wv_select_panel WV1.PANEL1:1 2.01505e-06 -inf
wv_select_window {Custom WaveView} 
wv_select_panel WV1.PANEL1:1 0 0 btnup
wv_select_waveview 1 {waveview 1}
wv_select_toolbar_item {Custom WaveView} {waveview 1:1} {Full Unzoom} 
wv_select_waveview 1 {waveview 1}
wv_select_panel WV1.PANEL1:1 1.11422e-05 -inf
wv_drag_item_to WV1 970 120
wv_zoom_x WV1.PANEL1:1 1.11422e-05 9.46558e-06
wv_select_waveview 1 {waveview 1}
wv_select_panel WV1.PANEL1:1 9.8765e-06 -inf
wv_drag_item_to WV1 424 123
wv_zoom_x WV1.PANEL1:1 9.8765e-06 9.29238e-06
wv_select_waveview 1 {waveview 1}
wv_select_wv_item WV1.HSLIDER 1339 696
wv_release_wv_item WV1 1339 696
wv_release_wv_item WV1 1339 696
wv_select_waveview 1 {waveview 1}
wv_select_wv_item WV1.HSLIDER 1339 696
wv_release_wv_item WV1 1339 696
wv_select_waveview 1 {waveview 1}
wv_select_panel WV1.PANEL1:1 1.00653e-05 -inf
wv_drag_item_to WV1 514 107
wv_zoom_x WV1.PANEL1:1 1.00653e-05 1.00236e-05
wv_select_waveview 1 {waveview 1}
wv_select_toolbar_item {Custom WaveView} {waveview 1:1} {Full Unzoom} 
wv_close_window {Custom WaveView} 
wv_select_dialog {Confirmation} 
#wv_press_button {Confirmation} {} {Ok} 
#*WARNING* Can not remove '/home/HardwareSecurity_1132/tsx1136010/.cx_hostport/.cx_hostport_linuxcad30.ee.ncu.edu.tw_20779'.
