### Custom WaveView ADV log file, revision R-2020.12 (build Nov 24, ) ###
### created at 23:59:02 on Mon Apr 28 2025 (Linux AMD64) ###
### Host Name: linuxcad30.ee.ncu.edu.tw   User ID: tsx1136010   PID: 23326   ###
wv_start_log
# (0) running in waveview only mode
# (0) SW_SX_PERL_LIB defined
# (0) SW_SX_TCL_LIB defined
# (0) HOME defined
sx_open_sim_file_read {AES_top_tb.fsdb}
wv_expand_tree_item {Custom WaveView} {} {hierview} {D0:AES_top_tb.fsdb(0)} {+sep=@}
wv_select_tree_item {Custom WaveView} {} {hierview} {D0:AES_top_tb.fsdb(0)@AES_top_tb_1(0)} {0} {+sep=@}
wv_expand_tree_item {Custom WaveView} {} {hierview} {D0:AES_top_tb.fsdb(0)@AES_top_tb_1(0)} {+sep=@}
wv_select_list_item {Custom WaveView} {} {sigview} {my_out[127:0]} 2
wv_drag_list_item {Custom WaveView} {} {sigview} {my_out[127:0]} 2
wv_drag_enter WV1
wv_drop_on WV1
wv_select_tree_item {Custom WaveView} {} {hierview} {D0:AES_top_tb.fsdb(0)@AES_top_tb_1(0)@dut(0)} {0} {+sep=@}
wv_expand_tree_item {Custom WaveView} {} {hierview} {D0:AES_top_tb.fsdb(0)@AES_top_tb_1(0)@dut(0)} {+sep=@}
wv_select_tree_item {Custom WaveView} {} {hierview} {D0:AES_top_tb.fsdb(0)@AES_top_tb_1(0)@dut(0)@aes(0)} {0} {+sep=@}
wv_select_list_item {Custom WaveView} {} {sigview} {ctr[2:0]} 1
wv_drag_list_item {Custom WaveView} {} {sigview} {ctr[2:0]} 1
wv_drag_enter WV1
wv_drag_to WV1 97 65
wv_drop_on WV1
wv_move_scrollbar {Custom WaveView} {} {sigview.HScrolBar} {153}
wv_select_list_item {Custom WaveView} {} {sigview} {trigger} 20
wv_drag_list_item {Custom WaveView} {} {sigview} {trigger} 20
wv_drag_enter WV1
wv_drag_to WV1 98 81
wv_drop_on WV1
wv_select_waveview 1 {waveview 1}
wv_select_panel WV1.PANEL1:1 3.91412e-06 -inf
wv_drag_item_to WV1 387 206
wv_zoom_x WV1.PANEL1:1 3.91412e-06 1.66496e-06
wv_select_waveview 1 {waveview 1}
wv_select_panel WV1.PANEL1:1 3.42328e-06 -inf
wv_drag_item_to WV1 1068 260
wv_zoom_x WV1.PANEL1:1 3.42328e-06 2.48998e-06
wv_close_window {Custom WaveView} 
wv_select_dialog {Confirmation} 
#wv_press_button {Confirmation} {} {Ok} 
#*WARNING* Can not remove '/home/HardwareSecurity_1132/tsx1136010/.cx_hostport/.cx_hostport_linuxcad30.ee.ncu.edu.tw_23326'.
