###############################################################
#  Generated by:      Cadence Innovus 21.13-s100_1
#  OS:                Linux x86_64(Host ID ic22)
#  Generated on:      Tue Mar  4 21:47:28 2025
#  Design:            sha256
#  Command:           report_timing > ../exp18/timing.rpt
###############################################################
Path 1: MET Setup Check with Pin core_a_reg_reg[28]/CLK 
Endpoint:   core_a_reg_reg[28]/D     (^) checked with  leading edge of 'clk'
Beginpoint: core_t_ctr_reg_reg[4]/QN (^) triggered by  leading edge of 'clk'
Path Groups: {clk}
Analysis View: view_tc
Other End Arrival Time          0.000
- Setup                        17.963
+ Phase Shift                 520.000
= Required Time               502.037
- Arrival Time                501.800
= Slack Time                    0.237
     Clock Rise Edge                 0.000
     + Clock Network Latency (Ideal) 0.000
     = Beginpoint Arrival Time       0.000
     +--------------------------------------------------------------------------------------------------------------------+ 
     |                 Instance                  |      Arc      |           Cell           |  Delay | Arrival | Required | 
     |                                           |               |                          |        |  Time   |   Time   | 
     |-------------------------------------------+---------------+--------------------------+--------+---------+----------| 
     | core_t_ctr_reg_reg[4]                     | CLK ^         |                          |        |   0.000 |    0.237 | 
     | core_t_ctr_reg_reg[4]                     | CLK ^ -> QN ^ | DFFASRHQNx1_ASAP7_75t_SL | 36.800 |  36.800 |   37.037 | 
     | FE_OFC519_core_t_ctr_reg_4                | A ^ -> Y ^    | BUFx6f_ASAP7_75t_SL      | 15.300 |  52.100 |   52.337 | 
     | FE_OFC520_core_t_ctr_reg_4                | A ^ -> Y v    | INVx4_ASAP7_75t_SL       | 11.400 |  63.500 |   63.737 | 
     | g68527                                    | A v -> Y v    | AND2x4_ASAP7_75t_SL      | 17.300 |  80.800 |   81.037 | 
     | FE_OCPC637_n_4115                         | A v -> Y v    | BUFx3_ASAP7_75t_SL       | 16.800 |  97.600 |   97.837 | 
     | core_g49701                               | A v -> Y v    | AND2x4_ASAP7_75t_SL      | 15.700 | 113.300 |  113.537 | 
     | core_g49507                               | B v -> Y v    | AND2x6_ASAP7_75t_SL      | 27.700 | 141.000 |  141.237 | 
     | FE_OCPC669_core_n_48261                   | A v -> Y v    | BUFx12f_ASAP7_75t_SL     | 32.100 | 173.100 |  173.337 | 
     | core_g67667                               | B2 v -> Y ^   | AOI22xp5_ASAP7_75t_SL    | 26.700 | 199.800 |  200.037 | 
     | FE_RC_229_0                               | B ^ -> Y ^    | AND2x2_ASAP7_75t_SL      | 15.500 | 215.300 |  215.537 | 
     | FE_RC_227_0                               | C ^ -> Y ^    | AND3x2_ASAP7_75t_SL      | 21.800 | 237.100 |  237.337 | 
     | FE_RC_42_0                                | B ^ -> Y v    | NAND2x1_ASAP7_75t_SL     | 10.800 | 247.900 |  248.137 | 
     | FE_RC_251_0                               | B v -> Y ^    | NOR2x1p5_ASAP7_75t_SL    | 13.200 | 261.100 |  261.337 | 
     | g68327                                    | A ^ -> Y v    | INVx2_ASAP7_75t_SL       | 10.100 | 271.200 |  271.437 | 
     | g68326_dup                                | A v -> Y v    | MAJx2_ASAP7_75t_SL       | 22.000 | 293.200 |  293.437 | 
     | core_csa_tree_add_422_23_groupi_g5981     | B v -> Y ^    | XNOR2xp5_ASAP7_75t_SL    | 14.700 | 307.900 |  308.137 | 
     | g68871                                    | B ^ -> Y v    | XNOR2x2_ASAP7_75t_SL     | 28.200 | 336.100 |  336.337 | 
     | core_csa_tree_add_422_23_groupi_g67869    | C v -> Y v    | MAJx2_ASAP7_75t_SL       | 22.300 | 358.400 |  358.637 | 
     | FE_RC_39_0                                | A2 v -> Y ^   | OAI21x1_ASAP7_75t_SL     | 10.700 | 369.100 |  369.337 | 
     | core_csa_tree_add_422_23_groupi_g67448    | A1 ^ -> Y ^   | AO21x1_ASAP7_75t_SL      | 12.400 | 381.500 |  381.737 | 
     | core_csa_tree_add_422_23_groupi_g5741_dup | A2 ^ -> Y ^   | AO21x2_ASAP7_75t_SL      | 16.700 | 398.200 |  398.437 | 
     | g68244                                    | B ^ -> Y ^    | AND2x4_ASAP7_75t_SL      | 14.600 | 412.800 |  413.037 | 
     | FE_RC_270_0_dup                           | A2 ^ -> Y v   | AOI22x1_ASAP7_75t_SL     |  8.300 | 421.100 |  421.337 | 
     | g96_dup                                   | B v -> Y v    | AND2x4_ASAP7_75t_SL      | 15.800 | 436.900 |  437.137 | 
     | core_csa_tree_add_422_23_groupi_g5726_dup | B v -> Y ^    | NOR2x2_ASAP7_75t_SL      | 12.800 | 449.700 |  449.937 | 
     | core_csa_tree_add_422_23_groupi_g67478    | B ^ -> Y v    | NAND2x1p5_ASAP7_75t_SL   |  9.200 | 458.900 |  459.137 | 
     | FE_RC_243_0                               | B v -> Y ^    | NAND3xp33_ASAP7_75t_SL   | 10.500 | 469.400 |  469.637 | 
     | FE_RC_238_0                               | A ^ -> Y v    | INVx1_ASAP7_75t_SL       |  6.800 | 476.200 |  476.437 | 
     | core_csa_tree_add_422_23_groupi_g5695     | A v -> Y v    | XNOR2xp5_ASAP7_75t_SL    | 15.700 | 491.900 |  492.137 | 
     | core_g64208                               | A1 v -> Y ^   | AOI21xp5_ASAP7_75t_SL    |  9.800 | 501.700 |  501.937 | 
     | core_a_reg_reg[28]                        | D ^           | DFFASRHQNx1_ASAP7_75t_SL |  0.100 | 501.800 |  502.037 | 
     +--------------------------------------------------------------------------------------------------------------------+ 

