### Custom WaveView ADV log file, revision R-2020.12 (build Nov 24, ) ###
### created at 13:56:40 on Tue Mar 25 2025 (Linux AMD64) ###
### Host Name: linuxcad30.ee.ncu.edu.tw   User ID: tsx1136010   PID: 37174   ###
wv_start_log
# (0) running in waveview only mode
# (0) SW_SX_PERL_LIB defined
# (0) SW_SX_TCL_LIB defined
# (0) HOME defined
wv_move_window {Custom WaveView} {} 34 57
#Creating design 'cx_design'...
wv_select_window {Custom WaveView} 
#Design 'cx_design' cleared
#Map file '/home/HardwareSecurity_1132/tsx1136010/HW01/Template/FRO_tb.v' to logical library 'CX_WORK:Verilog'
#[Time Span : 1742882208s CPU Time : 0.65s]
#Parsing design file '/home/HardwareSecurity_1132/tsx1136010/HW01/Template/FRO_tb.v'.
#Compile Finished. [Time Span : 0s CPU Time : 0.01s]
#Elaboration Finished.(Pkg) [Time Span : 0s CPU Time : 0.01s]
#Total Error: 0, Warning: 0
#Elaboration Finished.(tmp) [Time Span : 0s CPU Time : 0.00s]
#Creating configuration 'cx_design:FRO_tb:default'
#Elaboration Finished.(UCFG) [Time Span : 0s CPU Time : 0.00s]
wv_create_design cx_design
wv_sim_option FRO_tb.v -verilog FRO_tb.v
wv_open_dv
wv_resize_browser {Custom WaveView} {} {WV.Browser} 250 257
wv_resize_browser {Custom WaveView} {} {designview 1:1} 540 253
wv_resize_browser {Custom WaveView} {} {designview 1:1} 540 232
wv_resize_browser {Custom WaveView} {} {designview 1:1} 540 231
wv_resize_browser {Custom WaveView} {} {WV.Browser} 250 318
wv_resize_browser {Custom WaveView} {} {designview 1(cx_design):1} 540 292
wv_resize_window {Custom WaveView} 800 461
wv_resize_browser {Custom WaveView} {} {WV.Browser} 250 407
wv_resize_browser {Custom WaveView} {} {designview 1(cx_design):1} 640 381
wv_resize_browser {Custom WaveView} {} {WV.Browser} 250 318
wv_resize_browser {Custom WaveView} {} {designview 1(cx_design):1} 540 292
wv_resize_window {Custom WaveView} 800 461
wv_move_window {Custom WaveView} {} 34 57
wv_expand_browser_item {FRO_tb}
wv_resize_browser {Custom WaveView} {} {WV.Browser} 250 407
wv_resize_browser {Custom WaveView} {} {designview 1(cx_design):1} 640 381
wv_resize_window {Custom WaveView} 900 550
wv_move_window {Custom WaveView} {} 417 152
wv_select_browser_item {FRO_tb.u_FRO(undefined module)}
wv_select_browser_item {FRO_tb.u_FRO(undefined module)}
wv_double_click_browser_item {FRO_tb.u_FRO(undefined module)}
wv_select_browser_item {FRO_tb}
wv_double_click_browser_item {FRO_tb}
wv_select_list_item {Custom WaveView} {} {adv.sigelm.view.hier.list} {en} 1
wv_select_list_item {Custom WaveView} {} {adv.sigelm.view.hier.list} {en} 1
wv_dclick_list_item {Custom WaveView} {} {adv.sigelm.view.hier.list} {en} 1
#Trace signal 'FRO_tb.en' connection
wv_press_tool_button {Custom WaveView} {designview 1(cx_design):1} {Waveview.CloseBtn} 
wv_select_dialog {Confirmation} 
wv_press_button {Confirmation} {} {Ok} 
## TYPE S abort
## memory usage 573.12MB
#0x83364E /usr/cad/synopsys/customexplorer/2020.12/platforms/linux64/bin/wv() [0x83364e]
#0x833B1D /usr/cad/synopsys/customexplorer/2020.12/platforms/linux64/bin/wv() [0x833b1d]
#0x1C74EED /usr/cad/synopsys/customexplorer/2020.12/platforms/linux64/bin/wv() [0x1c74eed]
#0x5BB1F3FF /lib64/libc.so.6(+0x363ff) [0x7f725bb1f3ff]
#0x10A2BD8 /usr/cad/synopsys/customexplorer/2020.12/platforms/linux64/bin/wv(dxSchemKeyDownCB+0xdf) [0x10a2bd8]
#0x10B481B /usr/cad/synopsys/customexplorer/2020.12/platforms/linux64/bin/wv(_Z15_schemKeyDownCBPvS_iic+0x3f) [0x10b481b]
#0x1462405 /usr/cad/synopsys/customexplorer/2020.12/platforms/linux64/bin/wv(_ZN11QX_PlotView13keyPressEventEP9QKeyEvent+0x55) [0x1462405]
#0x6198C357 /usr/cad/synopsys/customexplorer/2020.12/platforms/linux64/lib/libQt5Widgets.so.5(_ZN7QWidget5eventEP6QEvent+0x937) [0x7f726198c357]
#0x61A703B2 /usr/cad/synopsys/customexplorer/2020.12/platforms/linux64/lib/libQt5Widgets.so.5(_ZN6QFrame5eventEP6QEvent+0x22) [0x7f7261a703b2]
#0x61AF8E32 /usr/cad/synopsys/customexplorer/2020.12/platforms/linux64/lib/libQt5Widgets.so.5(_ZN19QAbstractScrollArea5eventEP6QEvent+0x342) [0x7f7261af8e32]
#0x1461093 /usr/cad/synopsys/customexplorer/2020.12/platforms/linux64/bin/wv(_ZN11QX_PlotView5eventEP6QEvent+0x41) [0x1461093]
#0x6194681B /usr/cad/synopsys/customexplorer/2020.12/platforms/linux64/lib/libQt5Widgets.so.5(_ZN19QApplicationPrivate13notify_helperEP7QObjectP6QEvent+0x9b) [0x7f726194681b]
#0x6194D779 /usr/cad/synopsys/customexplorer/2020.12/platforms/linux64/lib/libQt5Widgets.so.5(_ZN12QApplication6notifyEP7QObjectP6QEvent+0x1df9) [0x7f726194d779]
#0x6274EB37 /usr/cad/synopsys/customexplorer/2020.12/platforms/linux64/lib/libQt5Core.so.5(_ZN16QCoreApplication15notifyInternal2EP7QObjectP6QEvent+0x107) [0x7f726274eb37]
#0x619A95D2 /usr/cad/synopsys/customexplorer/2020.12/platforms/linux64/lib/libQt5Widgets.so.5(+0x1de5d2) [0x7f72619a95d2]
#0x6194681B /usr/cad/synopsys/customexplorer/2020.12/platforms/linux64/lib/libQt5Widgets.so.5(_ZN19QApplicationPrivate13notify_helperEP7QObjectP6QEvent+0x9b) [0x7f726194681b]
#0x6194BBB1 /usr/cad/synopsys/customexplorer/2020.12/platforms/linux64/lib/libQt5Widgets.so.5(_ZN12QApplication6notifyEP7QObjectP6QEvent+0x231) [0x7f726194bbb1]
#0x6274EB37 /usr/cad/synopsys/customexplorer/2020.12/platforms/linux64/lib/libQt5Core.so.5(_ZN16QCoreApplication15notifyInternal2EP7QObjectP6QEvent+0x107) [0x7f726274eb37]
#0x62CFE3AE /usr/cad/synopsys/customexplorer/2020.12/platforms/linux64/lib/libQt5Gui.so.5(_ZN22QGuiApplicationPrivate15processKeyEventEPN29QWindowSystemInterfacePrivate8KeyEventE+0xce) [0x7f7262cfe3ae]
#0x62D033C4 /usr/cad/synopsys/customexplorer/2020.12/platforms/linux64/lib/libQt5Gui.so.5(_ZN22QGuiApplicationPrivate24processWindowSystemEventEPN29QWindowSystemInterfacePrivate17WindowSystemEventE+0xe4) [0x7f7262d033c4]
#0x62CE19DB /usr/cad/synopsys/customexplorer/2020.12/platforms/linux64/lib/libQt5Gui.so.5(_ZN22QWindowSystemInterface22sendWindowSystemEventsE6QFlagsIN10QEventLoop17ProcessEventsFlagEE+0xbb) [0x7f7262ce19db]
#0x4CD5FD87 /usr/cad/synopsys/customexplorer/2020.12/platforms/linux64/lib/libQt5XcbQpa.so.5(_ZN23QUnixEventDispatcherQPA13processEventsE6QFlagsIN10QEventLoop17ProcessEventsFlagEE+0x17) [0x7f724cd5fd87]
#0x137DF10 /usr/cad/synopsys/customexplorer/2020.12/platforms/linux64/bin/wv(_ZN10QX_PushBtn11callFuctionEv+0x5fa) [0x137df10]
#0x137F6D6 /usr/cad/synopsys/customexplorer/2020.12/platforms/linux64/bin/wv() [0x137f6d6]
#0x6277A655 /usr/cad/synopsys/customexplorer/2020.12/platforms/linux64/lib/libQt5Core.so.5(_ZN11QMetaObject8activateEP7QObjectiiPPv+0x635) [0x7f726277a655]
#0x61A28C60 /usr/cad/synopsys/customexplorer/2020.12/platforms/linux64/lib/libQt5Widgets.so.5(_ZN15QAbstractButton7clickedEb+0x30) [0x7f7261a28c60]
#0x61A28E6C /usr/cad/synopsys/customexplorer/2020.12/platforms/linux64/lib/libQt5Widgets.so.5(+0x25de6c) [0x7f7261a28e6c]
#0x61A2A9F8 /usr/cad/synopsys/customexplorer/2020.12/platforms/linux64/lib/libQt5Widgets.so.5(+0x25f9f8) [0x7f7261a2a9f8]
#0x61A2AB54 /usr/cad/synopsys/customexplorer/2020.12/platforms/linux64/lib/libQt5Widgets.so.5(_ZN15QAbstractButton17mouseReleaseEventEP11QMouseEvent+0xd4) [0x7f7261a2ab54]
#0x6198BC87 /usr/cad/synopsys/customexplorer/2020.12/platforms/linux64/lib/libQt5Widgets.so.5(_ZN7QWidget5eventEP6QEvent+0x267) [0x7f726198bc87]
#session saved in: 'sx_crash.sx'
### auto-generated spxrc ###
archive_data_on_crash false
quick_bar_position false
bar_grip_scroll false
browser_width_last 0
calc_eng false
disable_star_expand_tree false
hide_cursor_distance false
normal_eyediagram_cursor false
hide_ribbon false
hiersensitive_filter false
keep_signalsearchstring false
limit_zoom_range false
load_data_at_open false
panel_fs_margin 0
panel_fs_margin_x 0
panel_fs_margin_y 0
plotsig_bottompanel false
ref_cursor_value_indv false
cursor_type vertical
cursor_font 0
sensitive_filter false
show_console false
show_wvrbbar false
show_cross_label false
show_ytype false
smart_hsort false
snap_interp false
snap_marker false
SNR_inc_floor_noise false
spice_inst_casesensitive false
spice_parm_casesensitive false
spice_smart_sort false
spice_sort_subckt_cells false
support_substr_search false
suppress_eqn_func_completion false
SX_DM_DMScale false
SX_DM_ResultPanelScale false
use_qtfsb false
okbtn_autocenter false
wdf_filter allfiles
gui_color bright
group_display_order file
signal_filter_option glob
grid_brightness normal
spice_netlist_erc off
cds_link_plot_mode replace
logic_style_default vcd
left_button_action zoom
init_xy_mode hvsel
def_ac_stack complex
def_acy_type linear
def_trx_type linear
def_try_type linear
signal_dnd_mode move
signal_mode 0
enable_panel_selection 0
disable_autocopy_clipboard false
delete_confirm true
exit_confirm true
reload_confirm true
disable_autostrip0 false
private_colormap false
a2d_single_threshold true
auto_connect_split_files true
click_move_cursor true
d2a_fullext true
d2a_xtol true
dynamic_filter true
logic_cursor_snap true
logic_glitch_highlight true
real_time_scroll true
show_eqn_err_msg 1
spice_cell_index_depth true
wv_iconizable 1
cds_link_update_mode append
grid_default on
def_acx_type log
def_fft_xscale log
def_fft_yscale db
def_fft_display pwl
cycle_color_by panel+waveview
y_label_width 30
horizontal_slider_step 50
zoom_in_ratio 50
startup_mode viewer
axis_font 0
lines_per_panel 0
max_visible_panels 0
panel_spacing 0
unit_scale 0
user_colors false
include_sub_sig false
waveview_TabPos top
waveview_background black
gui_font small
center_axis_label false
analog_panel_height 120
browser_width 250
default_hist_binsize 10
default_panels_perrow 4
max_log_span 25
min_panel_height 20
horz_panel_height 80
logic_panel_height 24
precision_digits 3
read_top_hier_threshold    5.000E+00
replay_delay 1
add_toplevel_for_fsdb false
alias_signal_name_only false
auto_x_extend false
bus_diff_color false
case_sens_tr0 false
convert_s_to_yz false
default_hist_one false
disable_reload_wdf_confirm false
disable_update_equation false
disable_update_signal false
enable_mul_click_items false
extend_waveform false
filter_byxrange false
hide_panel_div false
lock_color false
auto_switch_horz off
loop_linestyles_sweep false
panel_mode_only false
remove_dupsig false
same_color_sweep false
show_inf_data false
show_MP_prefix false
show_SM_button false
auto_y_axes off
auto_y_width off
auto_y_margin off
auto_x_margin off
signame_popup false
trace_parm_popup false
switch_mouse_button false
thick_line 0
use_ade_append_replace false
use_hspiceini false
use_little_endian false
use_snn false
use_leaf_name false
user_fixed_yrange false
signame_width 60
signame_align left
signal_font normal
signame_spacing normal
signal_path path+name
fast_vnc_mode false
drag_plot_line false
plot_single_point_sweep_on_2d false
sync_eqnbuilder false
show_panel_mode false
x-probing_color_schem false
white_label_color false
use_cc_keybindings false
alias_bracket true
auto_x_extend_dig true
clamp_ac_phase true
enable_wv_highlight true
enable_line_selection true
flatten_segs true
flatten_single_point_sweep true
line_thickness 1
logic_real_pwc_fsdb true
amsreal_pwc_fsdb false
not_show_vhdl_processes true
meas_file_xstart_1 false
read_top_hier true
sync_alias true
adjust_small_y_range true
stack_auto_fit on
sweep_expand user
xaxis_auto_grid on
yaxis_auto_grid on
y2axis_auto_grid on
signal_name name+file
d2a_low_value    0.000E+00
dm_low_logic    0.000E+00
d2a_fall_slew    1.000E-11
d2a_rise_slew    1.000E-11
lint_min_mos_length    1.000E-08
lint_min_mos_width    1.000E-08
lint_min_resistance    1.000E-05
lint_max_capacitance    1.000E-03
lint_max_mos_length    1.000E-02
lint_max_mos_width    1.000E-02
a2d_low_threshold    1.000E+00
a2d_center_threshold    2.500E+00
d2a_high_value    3.300E+00
dm_high_logic    3.300E+00
a2d_high_threshold    4.000E+00
dm_low_margin    1.000E+01
smith_char_impedance    5.000E+01
dm_high_margin    9.000E+01
imin 0
vmin 0
vmax 3.3
inf_value    1.000E+50
imax 1m
lint_suppress_list 
export_notation true
simplified_rms_calc false
disable_auto_close_msg false
merge_digital_time false
