### Custom WaveView ADV log file, revision R-2020.12 (build Nov 24, ) ###
### created at 23:44:33 on Mon Apr 28 2025 (Linux AMD64) ###
### Host Name: linuxcad30.ee.ncu.edu.tw   User ID: tsx1136010   PID: 19456   ###
wv_start_log
# (0) running in waveview only mode
# (0) SW_SX_PERL_LIB defined
# (0) SW_SX_TCL_LIB defined
# (0) HOME defined
sx_open_sim_file_read {AES_top_tb.fsdb}
wv_select_window {Custom WaveView} 
wv_expand_tree_item {Custom WaveView} {} {hierview} {D0:AES_top_tb.fsdb(0)} {+sep=@}
wv_select_tree_item {Custom WaveView} {} {hierview} {D0:AES_top_tb.fsdb(0)} {0} {+sep=@}
wv_select_tree_item {Custom WaveView} {} {hierview} {D0:AES_top_tb.fsdb(0)@AES_top_tb_1(0)} {0} {+sep=@}
wv_select_list_item {Custom WaveView} {} {sigview} {out[127:0]} 2
wv_drag_list_item {Custom WaveView} {} {sigview} {out[127:0]} 2
wv_drag_enter WV1
wv_drop_on WV1
wv_select_list_item {Custom WaveView} {} {sigview} {plaintext[127:0]} 3
wv_drag_list_item {Custom WaveView} {} {sigview} {plaintext[127:0]} 3
wv_drag_enter WV1
wv_drop_on WV1
wv_select_list_item {Custom WaveView} {} {sigview} {clk} 0
wv_drag_list_item {Custom WaveView} {} {sigview} {clk} 0
wv_drag_enter WV1
wv_drop_on WV1
wv_resize_browser {Custom WaveView} {} {WV.Browser} 256 754
wv_resize_browser {Custom WaveView} {} {waveview 1:1} 1352 728
wv_resize_browser {Custom WaveView} {} {WV.Browser} 262 754
wv_resize_browser {Custom WaveView} {} {waveview 1:1} 1346 728
wv_resize_browser {Custom WaveView} {} {WV.Browser} 264 754
wv_resize_browser {Custom WaveView} {} {waveview 1:1} 1344 728
wv_resize_browser {Custom WaveView} {} {WV.Browser} 265 754
wv_resize_browser {Custom WaveView} {} {waveview 1:1} 1343 728
wv_resize_browser {Custom WaveView} {} {WV.Browser} 262 754
wv_resize_browser {Custom WaveView} {} {waveview 1:1} 1346 728
wv_resize_browser {Custom WaveView} {} {WV.Browser} 261 754
wv_resize_browser {Custom WaveView} {} {waveview 1:1} 1347 728
wv_resize_browser {Custom WaveView} {} {WV.Browser} 259 754
wv_resize_browser {Custom WaveView} {} {waveview 1:1} 1349 728
wv_resize_browser {Custom WaveView} {} {WV.Browser} 258 754
wv_resize_browser {Custom WaveView} {} {waveview 1:1} 1350 728
wv_resize_browser {Custom WaveView} {} {WV.Browser} 256 754
wv_resize_browser {Custom WaveView} {} {waveview 1:1} 1352 728
wv_resize_browser {Custom WaveView} {} {WV.Browser} 255 754
wv_resize_browser {Custom WaveView} {} {waveview 1:1} 1353 728
wv_resize_browser {Custom WaveView} {} {WV.Browser} 254 754
wv_resize_browser {Custom WaveView} {} {waveview 1:1} 1354 728
wv_resize_browser {Custom WaveView} {} {WV.Browser} 253 754
wv_resize_browser {Custom WaveView} {} {waveview 1:1} 1355 728
wv_resize_browser {Custom WaveView} {} {WV.Browser} 252 754
wv_resize_browser {Custom WaveView} {} {waveview 1:1} 1356 728
wv_resize_browser {Custom WaveView} {} {WV.Browser} 251 754
wv_resize_browser {Custom WaveView} {} {waveview 1:1} 1357 728
wv_select_waveview 1 {waveview 1}
wv_select_wv_item WV1.LEGEND.WIDTH
wv_drag_item_to WV1 97 63
wv_move_wv_item WV1.PANEL1:1.LEGEND.WIDTH 231
wv_select_waveview 1 {waveview 1}
wv_release_wv_item WV1 248 341
wv_close_window {Custom WaveView} 
wv_select_dialog {Confirmation} 
#wv_press_button {Confirmation} {} {Ok} 
#*WARNING* Can not remove '/home/HardwareSecurity_1132/tsx1136010/.cx_hostport/.cx_hostport_linuxcad30.ee.ncu.edu.tw_19456'.
