Area 670054
NumHardBlocks 65
m65 1127 0 1
m64 672 0 0
m60 1127 220 1
m56 1385 61 1
m55 1567 147 0
m54 1567 319 0
m53 1495 319 0
m50 1495 233 0
m61 1519 0 0
m48 955 111 1
m23 109 12 0
m1 1471 61 0
m36 12 122 1
m19 1555 0 0
m21 1127 390 1
m51 1127 244 1
m42 1299 331 1
m43 1041 246 1
m35 1531 0 0
m49 1041 0 1
m15 1483 147 0
m14 0 122 0
m18 1299 367 1
m6 330 196 1
m63 1531 86 0
m26 442 12 0
m39 1127 268 1
m11 501 122 1
m8 501 344 1
m5 330 344 1
m12 501 270 1
m4 733 318 0
m40 1495 147 0
m22 1213 390 1
m7 501 196 1
m3 1385 306 1
m41 1567 86 0
m2 1127 122 1
m30 245 98 1
m10 330 122 1
m17 1385 0 1
m58 955 246 1
m44 1299 220 1
m34 417 98 1
m9 330 270 1
m13 1555 86 0
m28 331 12 0
m33 331 98 1
m57 1567 233 0
m25 331 0 1
m27 220 12 0
m62 1543 86 0
m59 1385 85 1
m29 159 98 1
m20 1471 0 0
m38 672 318 1
m16 1385 196 0
m31 23 12 1
m24 0 0 1
m32 553 12 1
m37 1483 61 0
m45 955 0 1
m46 1041 111 1
m52 844 318 0
m47 998 222 1
