Invalid b
Default b = 173
Out file = ../output/public1.out
Initial cost = 274065 Penalty = 0.00% area = 70.48% wirelength =100.00%
The total HPWL = 274065
Total time used = 0s
Best update !!! M1 cost=273955 penalty = 0.00 area = 70.51% wirelength = 100.00%
Best update !!! M1 cost=273800 penalty = 0.00 area = 70.55% wirelength = 100.00%
Best update !!! M1 cost=273758 penalty = 0.00 area = 70.56% wirelength = 100.00%
Best update !!! M1 cost=273387 penalty = 0.00 area = 70.65% wirelength = 100.00%
Best update !!! M1 cost=273361 penalty = 0.00 area = 70.66% wirelength = 100.00%
Best update !!! M1 cost=273277 penalty = 0.00 area = 70.68% wirelength = 100.00%
Best update !!! M1 cost=272005 penalty = 0.00 area = 71.01% wirelength = 100.00%
Best update !!! M1 cost=271965 penalty = 0.00 area = 71.02% wirelength = 100.00%
Best update !!! M1 cost=271653 penalty = 0.00 area = 71.10% wirelength = 100.00%
Best update !!! M1 cost=271608 penalty = 0.00 area = 71.12% wirelength = 100.00%
Best update !!! M1 cost=271359 penalty = 0.00 area = 71.02% wirelength = 100.00%
Best update !!! M1 cost=271272 penalty = 0.00 area = 71.04% wirelength = 100.00%
Best update !!! M1 cost=271011 penalty = 0.00 area = 71.11% wirelength = 100.00%
Best update !!! M1 cost=271009 penalty = 0.00 area = 71.11% wirelength = 100.00%
Best update !!! M1 cost=270867 penalty = 0.00 area = 70.99% wirelength = 100.00%
Best update !!! M1 cost=270838 penalty = 0.00 area = 71.00% wirelength = 100.00%
Best update !!! M1 cost=270836 penalty = 0.00 area = 71.80% wirelength = 100.00%
Best update !!! M1 cost=270388 penalty = 0.00 area = 71.76% wirelength = 100.00%
Best update !!! M1 cost=270316 penalty = 0.00 area = 71.46% wirelength = 100.00%
Best update !!! M1 cost=270065 penalty = 0.00 area = 71.52% wirelength = 100.00%
Best update !!! M1 cost=269819 penalty = 0.00 area = 71.59% wirelength = 100.00%
Best update !!! M1 cost=269170 penalty = 0.00 area = 73.07% wirelength = 100.00%
Best update !!! M1 cost=268494 penalty = 0.00 area = 73.26% wirelength = 100.00%
Best update !!! M1 cost=268459 penalty = 0.00 area = 73.27% wirelength = 100.00%
Best update !!! M1 cost=268412 penalty = 0.00 area = 73.28% wirelength = 100.00%
Best update !!! M2 cost=268396 penalty = 0.00 area = 72.79% wirelength = 100.00%
Best update !!! M1 cost=268014 penalty = 0.00 area = 72.89% wirelength = 100.00%
Best update !!! M1 cost=267752 penalty = 0.00 area = 72.96% wirelength = 100.00%
Best update !!! M1 cost=267550 penalty = 0.00 area = 73.02% wirelength = 100.00%
Best update !!! M1 cost=266796 penalty = 0.00 area = 73.23% wirelength = 100.00%
Best update !!! M1 cost=266782 penalty = 0.00 area = 73.23% wirelength = 100.00%
Best update !!! M1 cost=266754 penalty = 0.00 area = 73.24% wirelength = 100.00%
Best update !!! M1 cost=266739 penalty = 0.00 area = 73.24% wirelength = 100.00%
Best update !!! M1 cost=266530 penalty = 0.00 area = 73.30% wirelength = 100.00%
Best update !!! M1 cost=265918 penalty = 0.00 area = 73.80% wirelength = 100.00%
Best update !!! M1 cost=265672 penalty = 0.00 area = 73.87% wirelength = 100.00%
Best update !!! M1 cost=265597 penalty = 0.00 area = 73.89% wirelength = 100.00%
Best update !!! M1 cost=265589 penalty = 0.00 area = 73.89% wirelength = 100.00%
Best update !!! M1 cost=265527 penalty = 0.00 area = 73.91% wirelength = 100.00%
Best update !!! M1 cost=265433 penalty = 0.00 area = 73.94% wirelength = 100.00%
Best update !!! M1 cost=265426 penalty = 0.00 area = 73.94% wirelength = 100.00%
Best update !!! M1 cost=265156 penalty = 0.00 area = 74.01% wirelength = 100.00%
Best update !!! M1 cost=264700 penalty = 0.00 area = 74.14% wirelength = 100.00%
Best update !!! M1 cost=264595 penalty = 0.00 area = 74.17% wirelength = 100.00%
Best update !!! M1 cost=264100 penalty = 0.00 area = 74.48% wirelength = 100.00%
Best update !!! M1 cost=263886 penalty = 0.00 area = 74.54% wirelength = 100.00%
Best update !!! M1 cost=263318 penalty = 0.00 area = 74.70% wirelength = 100.00%
Best update !!! M1 cost=263262 penalty = 0.00 area = 74.38% wirelength = 100.00%
Best update !!! M1 cost=263218 penalty = 0.00 area = 74.39% wirelength = 100.00%
Best update !!! M2 cost=263052 penalty = 0.00 area = 74.44% wirelength = 100.00%
Best update !!! M1 cost=262992 penalty = 0.00 area = 74.79% wirelength = 100.00%
Best update !!! M1 cost=262779 penalty = 0.00 area = 75.02% wirelength = 100.00%
Best update !!! M1 cost=262694 penalty = 0.00 area = 75.04% wirelength = 100.00%
Best update !!! M1 cost=262691 penalty = 0.00 area = 75.04% wirelength = 100.00%
Best update !!! M1 cost=262530 penalty = 0.00 area = 75.09% wirelength = 100.00%
Best update !!! M1 cost=262313 penalty = 0.00 area = 75.15% wirelength = 100.00%
Best update !!! M1 cost=262297 penalty = 0.00 area = 75.16% wirelength = 100.00%
Best update !!! M1 cost=262170 penalty = 0.00 area = 75.19% wirelength = 100.00%
Best update !!! M2 cost=262049 penalty = 0.00 area = 75.23% wirelength = 100.00%
Best update !!! M1 cost=261883 penalty = 0.00 area = 75.28% wirelength = 100.00%
Best update !!! M1 cost=261675 penalty = 0.00 area = 75.34% wirelength = 100.00%
Best update !!! M1 cost=261619 penalty = 0.00 area = 75.35% wirelength = 100.00%
Best update !!! M1 cost=261580 penalty = 0.00 area = 75.36% wirelength = 100.00%
Best update !!! M1 cost=261471 penalty = 0.00 area = 75.39% wirelength = 100.00%
Best update !!! M1 cost=261395 penalty = 0.00 area = 75.42% wirelength = 100.00%
Best update !!! M1 cost=261251 penalty = 0.00 area = 75.46% wirelength = 100.00%
Best update !!! M1 cost=261003 penalty = 0.00 area = 75.53% wirelength = 100.00%
Best update !!! M1 cost=260952 penalty = 0.00 area = 75.54% wirelength = 100.00%
Best update !!! M1 cost=260947 penalty = 0.00 area = 75.55% wirelength = 100.00%
Best update !!! M1 cost=260767 penalty = 0.00 area = 75.60% wirelength = 100.00%
Best update !!! M1 cost=260734 penalty = 0.00 area = 75.61% wirelength = 100.00%
Best update !!! M1 cost=260620 penalty = 0.00 area = 75.64% wirelength = 100.00%
Best update !!! M1 cost=260525 penalty = 0.00 area = 75.33% wirelength = 100.00%
Best update !!! M1 cost=260432 penalty = 0.00 area = 75.35% wirelength = 100.00%
Best update !!! M1 cost=260104 penalty = 0.00 area = 75.45% wirelength = 100.00%
Best update !!! M1 cost=260066 penalty = 0.00 area = 75.46% wirelength = 100.00%
Best update !!! M1 cost=259952 penalty = 0.00 area = 75.49% wirelength = 100.00%
Best update !!! M1 cost=259944 penalty = 0.00 area = 75.50% wirelength = 100.00%
Best update !!! M1 cost=259378 penalty = 0.00 area = 75.66% wirelength = 100.00%
Best update !!! M1 cost=259322 penalty = 0.00 area = 75.68% wirelength = 100.00%
Best update !!! M1 cost=259145 penalty = 0.00 area = 75.73% wirelength = 100.00%
Best update !!! M3 cost=258801 penalty = 0.00 area = 75.83% wirelength = 100.00%
Best update !!! M1 cost=258544 penalty = 0.00 area = 75.91% wirelength = 100.00%
Best update !!! M1 cost=258330 penalty = 0.00 area = 75.97% wirelength = 100.00%
Best update !!! M1 cost=258260 penalty = 0.00 area = 75.99% wirelength = 100.00%
Best update !!! M1 cost=258057 penalty = 0.00 area = 76.05% wirelength = 100.00%
Best update !!! M1 cost=258027 penalty = 0.00 area = 76.06% wirelength = 100.00%
Best update !!! M1 cost=257994 penalty = 0.00 area = 76.07% wirelength = 100.00%
Best update !!! M1 cost=257749 penalty = 0.00 area = 76.14% wirelength = 100.00%
Best update !!! M1 cost=257465 penalty = 0.00 area = 76.22% wirelength = 100.00%
Best update !!! M1 cost=257228 penalty = 0.00 area = 76.29% wirelength = 100.00%
Best update !!! M1 cost=257015 penalty = 0.00 area = 76.36% wirelength = 100.00%
Best update !!! M1 cost=256992 penalty = 0.00 area = 76.36% wirelength = 100.00%
Best update !!! M1 cost=256908 penalty = 0.00 area = 76.39% wirelength = 100.00%
Best update !!! M1 cost=256688 penalty = 0.00 area = 76.45% wirelength = 100.00%
Best update !!! M1 cost=256532 penalty = 0.00 area = 76.50% wirelength = 100.00%
Best update !!! M1 cost=255798 penalty = 0.00 area = 76.72% wirelength = 100.00%
Best update !!! M1 cost=255740 penalty = 0.00 area = 76.74% wirelength = 100.00%
Best update !!! M1 cost=255735 penalty = 0.00 area = 76.74% wirelength = 100.00%
Best update !!! M1 cost=255705 penalty = 0.00 area = 76.75% wirelength = 100.00%
Best update !!! M1 cost=255645 penalty = 0.00 area = 76.77% wirelength = 100.00%
Best update !!! M1 cost=255126 penalty = 0.00 area = 76.92% wirelength = 100.00%
Best update !!! M1 cost=254593 penalty = 0.00 area = 77.08% wirelength = 100.00%
Best update !!! M1 cost=254408 penalty = 0.00 area = 77.14% wirelength = 100.00%
Best update !!! M1 cost=253760 penalty = 0.00 area = 77.34% wirelength = 100.00%
Best update !!! M1 cost=253568 penalty = 0.00 area = 77.39% wirelength = 100.00%
Best update !!! M1 cost=253552 penalty = 0.00 area = 77.40% wirelength = 100.00%
Best update !!! M1 cost=253144 penalty = 0.00 area = 77.52% wirelength = 100.00%
Best update !!! M1 cost=252952 penalty = 0.00 area = 77.58% wirelength = 100.00%
Best update !!! M1 cost=252873 penalty = 0.00 area = 77.61% wirelength = 100.00%
Best update !!! M1 cost=252520 penalty = 0.00 area = 77.72% wirelength = 100.00%
Best update !!! M1 cost=252394 penalty = 0.00 area = 77.75% wirelength = 100.00%
Best update !!! M1 cost=252279 penalty = 0.00 area = 77.79% wirelength = 100.00%
Best update !!! M1 cost=252184 penalty = 0.00 area = 77.82% wirelength = 100.00%
Best update !!! M1 cost=251629 penalty = 0.00 area = 77.99% wirelength = 100.00%
Best update !!! M1 cost=251269 penalty = 0.00 area = 78.10% wirelength = 100.00%
Best update !!! M1 cost=250983 penalty = 0.00 area = 78.19% wirelength = 100.00%
Best update !!! M1 cost=250851 penalty = 0.00 area = 78.06% wirelength = 100.00%
Best update !!! M1 cost=250802 penalty = 0.00 area = 78.07% wirelength = 100.00%
Best update !!! M1 cost=250780 penalty = 0.00 area = 78.08% wirelength = 100.00%
Best update !!! M1 cost=250772 penalty = 0.00 area = 78.26% wirelength = 100.00%
Best update !!! M1 cost=250684 penalty = 0.00 area = 78.29% wirelength = 100.00%
Best update !!! M1 cost=250673 penalty = 0.00 area = 78.29% wirelength = 100.00%
Best update !!! M1 cost=250249 penalty = 0.00 area = 78.42% wirelength = 100.00%
Best update !!! M1 cost=250188 penalty = 0.00 area = 78.44% wirelength = 100.00%
Best update !!! M1 cost=250065 penalty = 0.00 area = 78.48% wirelength = 100.00%
Best update !!! M1 cost=250021 penalty = 0.00 area = 78.49% wirelength = 100.00%
Best update !!! M1 cost=250015 penalty = 0.00 area = 78.49% wirelength = 100.00%
Best update !!! M1 cost=249963 penalty = 0.00 area = 78.51% wirelength = 100.00%
Best update !!! M1 cost=249910 penalty = 0.00 area = 78.53% wirelength = 100.00%
Best update !!! M1 cost=249836 penalty = 0.00 area = 78.55% wirelength = 100.00%
Best update !!! M1 cost=249734 penalty = 0.00 area = 78.58% wirelength = 100.00%
Best update !!! M1 cost=249466 penalty = 0.00 area = 78.67% wirelength = 100.00%
Best update !!! M1 cost=249385 penalty = 0.00 area = 78.69% wirelength = 100.00%
Best update !!! M1 cost=249201 penalty = 0.00 area = 78.75% wirelength = 100.00%
Best update !!! M1 cost=249123 penalty = 0.00 area = 78.78% wirelength = 100.00%
Best update !!! M1 cost=249077 penalty = 0.00 area = 78.79% wirelength = 100.00%
Best update !!! M1 cost=249071 penalty = 0.00 area = 78.79% wirelength = 100.00%
Best update !!! M1 cost=248881 penalty = 0.00 area = 78.85% wirelength = 100.00%
Best update !!! M1 cost=248856 penalty = 0.00 area = 78.86% wirelength = 100.00%
Best update !!! M1 cost=248435 penalty = 0.00 area = 78.99% wirelength = 100.00%
Best update !!! M3 cost=248300 penalty = 0.00 area = 79.04% wirelength = 100.00%
Best update !!! M1 cost=248188 penalty = 0.00 area = 79.07% wirelength = 100.00%
Best update !!! M1 cost=248098 penalty = 0.00 area = 78.92% wirelength = 100.00%
Best update !!! M2 cost=247595 penalty = 0.00 area = 79.08% wirelength = 100.00%
Best update !!! M1 cost=247281 penalty = 0.00 area = 79.18% wirelength = 100.00%
Best update !!! M1 cost=246916 penalty = 0.00 area = 79.30% wirelength = 100.00%
Best update !!! M1 cost=246701 penalty = 0.00 area = 79.19% wirelength = 100.00%
Best update !!! M2 cost=246566 penalty = 0.00 area = 79.23% wirelength = 100.00%
Best update !!! M1 cost=246237 penalty = 0.00 area = 79.16% wirelength = 100.00%
Best update !!! M1 cost=246229 penalty = 0.00 area = 79.16% wirelength = 100.00%
Best update !!! M1 cost=245999 penalty = 0.00 area = 79.23% wirelength = 100.00%
Best update !!! M1 cost=245891 penalty = 0.00 area = 79.27% wirelength = 100.00%
Best update !!! M1 cost=245875 penalty = 0.00 area = 79.82% wirelength = 100.00%
Best update !!! M1 cost=245869 penalty = 0.00 area = 79.82% wirelength = 100.00%
Best update !!! M1 cost=245808 penalty = 0.00 area = 79.84% wirelength = 100.00%
Best update !!! M1 cost=245647 penalty = 0.00 area = 79.89% wirelength = 100.00%
Best update !!! M1 cost=245366 penalty = 0.00 area = 79.98% wirelength = 100.00%
Best update !!! M2 cost=245302 penalty = 0.00 area = 80.36% wirelength = 100.00%
Best update !!! M1 cost=245180 penalty = 0.00 area = 80.22% wirelength = 100.00%
Best update !!! M1 cost=245092 penalty = 0.00 area = 80.25% wirelength = 100.00%
Best update !!! M1 cost=244923 penalty = 0.00 area = 80.31% wirelength = 100.00%
Best update !!! M1 cost=244913 penalty = 0.00 area = 80.31% wirelength = 100.00%
Best update !!! M2 cost=244866 penalty = 0.00 area = 80.15% wirelength = 100.00%
Best update !!! M1 cost=244532 penalty = 0.00 area = 80.25% wirelength = 100.00%
Best update !!! M1 cost=244497 penalty = 0.00 area = 80.27% wirelength = 100.00%
Best update !!! M1 cost=244165 penalty = 0.00 area = 80.56% wirelength = 100.00%
Best update !!! M1 cost=244124 penalty = 0.00 area = 80.57% wirelength = 100.00%
Best update !!! M1 cost=244054 penalty = 0.00 area = 80.59% wirelength = 100.00%
Best update !!! M1 cost=243996 penalty = 0.00 area = 80.61% wirelength = 100.00%
Best update !!! M1 cost=243863 penalty = 0.00 area = 80.11% wirelength = 100.00%
Best update !!! M1 cost=243844 penalty = 0.00 area = 80.12% wirelength = 100.00%
Best update !!! M1 cost=243601 penalty = 0.00 area = 80.20% wirelength = 100.00%
Best update !!! M3 cost=243327 penalty = 0.00 area = 80.29% wirelength = 100.00%
Best update !!! M1 cost=243099 penalty = 0.00 area = 80.36% wirelength = 100.00%
Best update !!! M1 cost=243031 penalty = 0.00 area = 80.39% wirelength = 100.00%
Best update !!! M1 cost=242684 penalty = 0.00 area = 80.50% wirelength = 100.00%
Best update !!! M1 cost=242360 penalty = 0.00 area = 80.79% wirelength = 100.00%
Best update !!! M1 cost=242292 penalty = 0.00 area = 81.00% wirelength = 100.00%
Best update !!! M1 cost=242169 penalty = 0.00 area = 81.04% wirelength = 100.00%
Best update !!! M2 cost=241981 penalty = 0.00 area = 81.10% wirelength = 100.00%
Best update !!! M1 cost=241923 penalty = 0.00 area = 81.12% wirelength = 100.00%
Best update !!! M1 cost=241859 penalty = 0.00 area = 81.14% wirelength = 100.00%
Best update !!! M1 cost=241660 penalty = 0.00 area = 81.21% wirelength = 100.00%
Best update !!! M1 cost=241319 penalty = 0.00 area = 81.32% wirelength = 100.00%
Best update !!! M1 cost=241059 penalty = 0.00 area = 81.41% wirelength = 100.00%
Best update !!! M1 cost=240888 penalty = 0.00 area = 81.47% wirelength = 100.00%
Best update !!! M1 cost=240736 penalty = 0.00 area = 81.52% wirelength = 100.00%
Best update !!! M1 cost=240699 penalty = 0.00 area = 81.53% wirelength = 100.00%
Best update !!! M1 cost=240692 penalty = 0.00 area = 81.53% wirelength = 100.00%
Best update !!! M1 cost=240642 penalty = 0.00 area = 81.55% wirelength = 100.00%
Best update !!! M1 cost=240571 penalty = 0.00 area = 81.39% wirelength = 100.00%
Best update !!! M1 cost=240566 penalty = 0.00 area = 81.39% wirelength = 100.00%
Best update !!! M1 cost=240561 penalty = 0.00 area = 81.40% wirelength = 100.00%
Best update !!! M1 cost=240461 penalty = 0.00 area = 81.43% wirelength = 100.00%
Best update !!! M1 cost=240433 penalty = 0.00 area = 81.44% wirelength = 100.00%
Best update !!! M1 cost=240399 penalty = 0.00 area = 81.45% wirelength = 100.00%
Best update !!! M1 cost=240234 penalty = 0.00 area = 81.51% wirelength = 100.00%
Best update !!! M1 cost=240163 penalty = 0.00 area = 81.53% wirelength = 100.00%
Best update !!! M1 cost=240139 penalty = 0.00 area = 81.72% wirelength = 100.00%
Best update !!! M1 cost=239986 penalty = 0.00 area = 81.77% wirelength = 100.00%
Best update !!! M1 cost=239659 penalty = 0.00 area = 81.89% wirelength = 100.00%
Best update !!! M1 cost=239586 penalty = 0.00 area = 81.91% wirelength = 100.00%
Best update !!! M1 cost=239537 penalty = 0.00 area = 81.93% wirelength = 100.00%
Best update !!! M1 cost=239533 penalty = 0.00 area = 81.93% wirelength = 100.00%
Best update !!! M1 cost=239219 penalty = 0.00 area = 82.04% wirelength = 100.00%
Best update !!! M1 cost=239195 penalty = 0.00 area = 82.05% wirelength = 100.00%
Best update !!! M1 cost=239177 penalty = 0.00 area = 82.05% wirelength = 100.00%
Best update !!! M1 cost=239168 penalty = 0.00 area = 82.05% wirelength = 100.00%
Best update !!! M1 cost=238759 penalty = 0.00 area = 82.20% wirelength = 100.00%
Best update !!! M1 cost=238513 penalty = 0.00 area = 82.28% wirelength = 100.00%
Best update !!! M1 cost=238498 penalty = 0.00 area = 82.28% wirelength = 100.00%
Best update !!! M1 cost=238082 penalty = 0.00 area = 82.43% wirelength = 100.00%
Best update !!! M1 cost=238053 penalty = 0.00 area = 82.44% wirelength = 100.00%
Best update !!! M1 cost=238035 penalty = 0.00 area = 82.45% wirelength = 100.00%
Best update !!! M1 cost=237704 penalty = 0.00 area = 82.56% wirelength = 100.00%
Best update !!! M1 cost=237591 penalty = 0.00 area = 82.60% wirelength = 100.00%
Best update !!! M1 cost=237413 penalty = 0.00 area = 82.66% wirelength = 100.00%
Best update !!! M1 cost=237367 penalty = 0.00 area = 82.68% wirelength = 100.00%
Best update !!! M1 cost=237237 penalty = 0.00 area = 82.72% wirelength = 100.00%
Best update !!! M1 cost=237186 penalty = 0.00 area = 82.74% wirelength = 100.00%
Best update !!! M1 cost=237160 penalty = 0.00 area = 82.75% wirelength = 100.00%
Best update !!! M1 cost=237007 penalty = 0.00 area = 83.18% wirelength = 100.00%
Best update !!! M1 cost=236574 penalty = 0.00 area = 82.95% wirelength = 100.00%
Best update !!! M1 cost=236562 penalty = 0.00 area = 82.96% wirelength = 100.00%
Best update !!! M1 cost=236438 penalty = 0.00 area = 83.00% wirelength = 100.00%
Best update !!! M1 cost=236366 penalty = 0.00 area = 83.03% wirelength = 100.00%
Best update !!! M1 cost=236278 penalty = 0.00 area = 83.06% wirelength = 100.00%
Best update !!! M1 cost=236208 penalty = 0.00 area = 83.08% wirelength = 100.00%
Best update !!! M1 cost=236117 penalty = 0.00 area = 83.11% wirelength = 100.00%
Best update !!! M1 cost=236100 penalty = 0.00 area = 83.12% wirelength = 100.00%
Best update !!! M1 cost=236054 penalty = 0.00 area = 83.14% wirelength = 100.00%
Best update !!! M1 cost=236002 penalty = 0.00 area = 83.16% wirelength = 100.00%
Best update !!! M1 cost=235990 penalty = 0.00 area = 83.16% wirelength = 100.00%
Best update !!! M1 cost=235979 penalty = 0.00 area = 83.16% wirelength = 100.00%
Best update !!! M1 cost=235844 penalty = 0.00 area = 83.21% wirelength = 100.00%
Best update !!! M1 cost=235792 penalty = 0.00 area = 83.23% wirelength = 100.00%
Best update !!! M2 cost=235667 penalty = 0.00 area = 83.27% wirelength = 100.00%
Best update !!! M1 cost=235653 penalty = 0.00 area = 83.28% wirelength = 100.00%
Best update !!! M1 cost=235340 penalty = 0.00 area = 83.39% wirelength = 100.00%
Best update !!! M1 cost=235305 penalty = 0.00 area = 83.40% wirelength = 100.00%
Best update !!! M1 cost=235226 penalty = 0.00 area = 83.43% wirelength = 100.00%
Best update !!! M1 cost=234898 penalty = 0.00 area = 83.92% wirelength = 100.00%
Best update !!! M1 cost=234387 penalty = 0.00 area = 84.11% wirelength = 100.00%
Best update !!! M1 cost=234103 penalty = 0.00 area = 84.21% wirelength = 100.00%
Best update !!! M1 cost=234089 penalty = 0.00 area = 84.21% wirelength = 100.00%
Best update !!! M1 cost=233860 penalty = 0.00 area = 84.30% wirelength = 100.00%
Best update !!! M3 cost=233836 penalty = 0.00 area = 84.31% wirelength = 100.00%
Best update !!! M1 cost=233699 penalty = 0.00 area = 84.35% wirelength = 100.00%
Best update !!! M1 cost=233664 penalty = 0.00 area = 84.37% wirelength = 100.00%
Best update !!! M1 cost=233631 penalty = 0.00 area = 84.38% wirelength = 100.00%
Best update !!! M1 cost=233493 penalty = 0.00 area = 84.43% wirelength = 100.00%
Best update !!! M1 cost=233450 penalty = 0.00 area = 84.44% wirelength = 100.00%
Best update !!! M1 cost=233379 penalty = 0.00 area = 84.47% wirelength = 100.00%
Best update !!! M1 cost=233275 penalty = 0.00 area = 84.51% wirelength = 100.00%
Best update !!! M1 cost=233098 penalty = 0.00 area = 84.57% wirelength = 100.00%
Best update !!! M1 cost=233034 penalty = 0.00 area = 84.60% wirelength = 100.00%
Best update !!! M1 cost=233000 penalty = 0.00 area = 84.61% wirelength = 100.00%
Best update !!! M1 cost=232719 penalty = 0.00 area = 84.71% wirelength = 100.00%
Best update !!! M1 cost=232533 penalty = 0.00 area = 84.78% wirelength = 100.00%
Best update !!! M1 cost=232480 penalty = 0.00 area = 84.80% wirelength = 100.00%
Best update !!! M1 cost=232471 penalty = 0.00 area = 84.61% wirelength = 100.00%
Best update !!! M1 cost=232445 penalty = 0.00 area = 84.62% wirelength = 100.00%
Best update !!! M1 cost=232403 penalty = 0.00 area = 84.63% wirelength = 100.00%
Best update !!! M1 cost=232341 penalty = 0.00 area = 84.66% wirelength = 100.00%
Best update !!! M1 cost=232278 penalty = 0.00 area = 84.68% wirelength = 100.00%
Best update !!! M1 cost=232277 penalty = 0.00 area = 84.68% wirelength = 100.00%
Best update !!! M1 cost=232262 penalty = 0.00 area = 84.88% wirelength = 100.00%
Best update !!! M1 cost=232236 penalty = 0.00 area = 84.89% wirelength = 100.00%
Best update !!! M1 cost=232206 penalty = 0.00 area = 84.90% wirelength = 100.00%
Best update !!! M1 cost=232192 penalty = 0.00 area = 84.90% wirelength = 100.00%
Best update !!! M1 cost=232182 penalty = 0.00 area = 84.91% wirelength = 100.00%
Best update !!! M1 cost=232169 penalty = 0.00 area = 84.91% wirelength = 100.00%
Best update !!! M2 cost=231857 penalty = 0.00 area = 84.83% wirelength = 100.00%
Best update !!! M1 cost=231797 penalty = 0.00 area = 84.86% wirelength = 100.00%
Best update !!! M1 cost=231648 penalty = 0.00 area = 84.91% wirelength = 100.00%
Best update !!! M1 cost=231588 penalty = 0.00 area = 84.93% wirelength = 100.00%
Best update !!! M1 cost=231332 penalty = 0.00 area = 85.03% wirelength = 100.00%
Best update !!! M1 cost=231189 penalty = 0.00 area = 85.08% wirelength = 100.00%
Best update !!! M1 cost=231174 penalty = 0.00 area = 85.28% wirelength = 100.00%
Best update !!! M2 cost=231075 penalty = 0.00 area = 85.31% wirelength = 100.00%
Best update !!! M1 cost=230926 penalty = 0.00 area = 85.37% wirelength = 100.00%
Best update !!! M1 cost=230877 penalty = 0.00 area = 85.39% wirelength = 100.00%
Best update !!! M1 cost=230857 penalty = 0.00 area = 85.39% wirelength = 100.00%
Best update !!! M1 cost=230828 penalty = 0.00 area = 85.40% wirelength = 100.00%
Best update !!! M1 cost=230755 penalty = 0.00 area = 85.43% wirelength = 100.00%
Best update !!! M1 cost=230727 penalty = 0.00 area = 85.44% wirelength = 100.00%
Best update !!! M1 cost=230684 penalty = 0.00 area = 85.46% wirelength = 100.00%
Best update !!! M1 cost=230676 penalty = 0.00 area = 85.46% wirelength = 100.00%
Best update !!! M1 cost=230501 penalty = 0.00 area = 85.53% wirelength = 100.00%
Best update !!! M1 cost=230405 penalty = 0.00 area = 85.56% wirelength = 100.00%
Best update !!! M1 cost=230319 penalty = 0.00 area = 85.59% wirelength = 100.00%
Best update !!! M1 cost=230296 penalty = 0.00 area = 85.60% wirelength = 100.00%
Best update !!! M1 cost=230190 penalty = 0.00 area = 85.64% wirelength = 100.00%
Best update !!! M1 cost=230070 penalty = 0.00 area = 85.69% wirelength = 100.00%
Best update !!! M2 cost=229988 penalty = 0.00 area = 85.72% wirelength = 100.00%
Best update !!! M1 cost=229856 penalty = 0.00 area = 85.77% wirelength = 100.00%
Best update !!! M1 cost=229799 penalty = 0.00 area = 85.79% wirelength = 100.00%
Best update !!! M1 cost=229661 penalty = 0.00 area = 85.84% wirelength = 100.00%
Best update !!! M1 cost=229643 penalty = 0.00 area = 85.84% wirelength = 100.00%
Best update !!! M1 cost=229626 penalty = 0.00 area = 85.85% wirelength = 100.00%
Best update !!! M1 cost=229557 penalty = 0.00 area = 85.88% wirelength = 100.00%
Best update !!! M1 cost=229553 penalty = 0.00 area = 85.88% wirelength = 100.00%
Best update !!! M1 cost=229500 penalty = 0.00 area = 85.90% wirelength = 100.00%
Best update !!! M1 cost=229498 penalty = 0.00 area = 85.90% wirelength = 100.00%
Best update !!! M1 cost=229459 penalty = 0.00 area = 85.91% wirelength = 100.00%
Best update !!! M1 cost=229415 penalty = 0.00 area = 85.93% wirelength = 100.00%
Best update !!! M1 cost=229398 penalty = 0.00 area = 85.94% wirelength = 100.00%
Best update !!! M1 cost=229333 penalty = 0.00 area = 85.96% wirelength = 100.00%
Best update !!! M1 cost=229285 penalty = 0.00 area = 85.98% wirelength = 100.00%
Best update !!! M1 cost=229119 penalty = 0.00 area = 86.04% wirelength = 100.00%
Best update !!! M1 cost=229053 penalty = 0.00 area = 86.07% wirelength = 100.00%
Best update !!! M1 cost=229048 penalty = 0.00 area = 86.07% wirelength = 100.00%
Best update !!! M1 cost=229043 penalty = 0.00 area = 86.07% wirelength = 100.00%
Best update !!! M1 cost=229039 penalty = 0.00 area = 86.07% wirelength = 100.00%
Best update !!! M2 cost=229018 penalty = 0.00 area = 86.08% wirelength = 100.00%
Best update !!! M1 cost=228991 penalty = 0.00 area = 86.09% wirelength = 100.00%
Best update !!! M1 cost=228968 penalty = 0.00 area = 86.10% wirelength = 100.00%
Best update !!! M1 cost=228962 penalty = 0.00 area = 86.10% wirelength = 100.00%
Best update !!! M1 cost=228944 penalty = 0.00 area = 86.11% wirelength = 100.00%
Best update !!! M1 cost=228921 penalty = 0.00 area = 86.12% wirelength = 100.00%
Best update !!! M1 cost=228889 penalty = 0.00 area = 86.13% wirelength = 100.00%
Best update !!! M1 cost=228870 penalty = 0.00 area = 86.13% wirelength = 100.00%
Best update !!! M1 cost=228833 penalty = 0.00 area = 86.15% wirelength = 100.00%
Best update !!! M2 cost=228795 penalty = 0.00 area = 86.16% wirelength = 100.00%
Best update !!! M1 cost=228772 penalty = 0.00 area = 86.17% wirelength = 100.00%
Best update !!! M1 cost=228746 penalty = 0.00 area = 86.18% wirelength = 100.00%
Best update !!! M1 cost=228742 penalty = 0.00 area = 86.18% wirelength = 100.00%
Best update !!! M1 cost=228738 penalty = 0.00 area = 86.18% wirelength = 100.00%
Best update !!! M3 cost=228736 penalty = 0.00 area = 86.18% wirelength = 100.00%
Best update !!! M1 cost=228652 penalty = 0.00 area = 86.22% wirelength = 100.00%
Best update !!! M1 cost=228640 penalty = 0.00 area = 86.22% wirelength = 100.00%
Best update !!! M1 cost=228634 penalty = 0.00 area = 86.22% wirelength = 100.00%
Best update !!! M1 cost=228626 penalty = 0.00 area = 86.23% wirelength = 100.00%
Best update !!! M1 cost=228508 penalty = 0.00 area = 86.27% wirelength = 100.00%
Best update !!! M1 cost=228494 penalty = 0.00 area = 86.28% wirelength = 100.00%
Best update !!! M1 cost=228487 penalty = 0.00 area = 86.28% wirelength = 100.00%
Best update !!! M1 cost=228482 penalty = 0.00 area = 86.28% wirelength = 100.00%
Best update !!! M1 cost=228468 penalty = 0.00 area = 86.29% wirelength = 100.00%
Best update !!! M1 cost=228465 penalty = 0.00 area = 86.29% wirelength = 100.00%
Best update !!! M1 cost=228461 penalty = 0.00 area = 86.29% wirelength = 100.00%
Best update !!! M1 cost=228458 penalty = 0.00 area = 86.29% wirelength = 100.00%
Best update !!! M1 cost=228452 penalty = 0.00 area = 86.29% wirelength = 100.00%
Best update !!! M1 cost=228420 penalty = 0.00 area = 86.30% wirelength = 100.00%
Best update !!! M1 cost=228406 penalty = 0.00 area = 86.31% wirelength = 100.00%
Best update !!! M1 cost=228405 penalty = 0.00 area = 86.31% wirelength = 100.00%
Best update !!! M1 cost=228402 penalty = 0.00 area = 86.31% wirelength = 100.00%
Best update !!! M1 cost=228396 penalty = 0.00 area = 86.31% wirelength = 100.00%
Best update !!! M1 cost=228386 penalty = 0.00 area = 86.32% wirelength = 100.00%
Best update !!! M1 cost=228379 penalty = 0.00 area = 86.32% wirelength = 100.00%
Best update !!! M1 cost=228358 penalty = 0.00 area = 86.33% wirelength = 100.00%
Best update !!! M1 cost=228355 penalty = 0.00 area = 86.33% wirelength = 100.00%
Best update !!! M1 cost=228310 penalty = 0.00 area = 86.35% wirelength = 100.00%
Best update !!! M1 cost=228207 penalty = 0.00 area = 86.38% wirelength = 100.00%
Best update !!! M1 cost=228191 penalty = 0.00 area = 86.39% wirelength = 100.00%
Best update !!! M1 cost=228168 penalty = 0.00 area = 86.40% wirelength = 100.00%
Best update !!! M1 cost=228165 penalty = 0.00 area = 86.40% wirelength = 100.00%
Best update !!! M1 cost=228159 penalty = 0.00 area = 86.40% wirelength = 100.00%
Final cost = 228159.00 Penalty = 0.00 area = 86.40% wirelength = 100.00%
The total HPWL = 228159
Total time used = 586s
