Invalid b
Default b = 175
a = 1 b = 175
hb66 hb84 H hb3 H hb97 H hb50 H hb73 H hb36 H hb96 H hb17 H hb99 H hb77 hb27 H hb47 H hb93 H hb1 H hb49 H hb44 H hb21 H hb71 H hb68 H V hb14 hb56 H hb8 H hb42 H hb98 H hb29 H hb43 H hb12 H hb72 H hb54 H hb62 H hb37 H hb79 H V hb94 hb11 H hb15 H hb80 H hb16 H hb51 H hb65 H hb38 H hb82 H hb13 H hb48 H V hb55 hb91 H hb86 H hb41 H hb39 H hb26 H hb52 H hb69 H hb34 H hb25 H hb2 H hb32 H V hb10 hb18 H hb95 H hb64 H hb19 H hb81 H hb59 H hb23 H hb22 H hb5 H hb57 H hb58 H hb28 H V hb24 hb63 H hb45 H hb87 H hb67 H hb53 H hb0 H hb74 H hb70 H hb9 H hb7 H hb60 H hb6 H hb90 H hb46 H V hb89 hb35 H hb20 H hb88 H hb78 H hb33 H hb31 H hb61 H hb76 H hb40 H hb4 H hb75 H hb92 H hb30 H hb85 H hb83 H V 
Initial cost = 272707 Penalty = 0.00% area = 71.31% wirelength =100.00%
The total HPWL = 272707
Total time used = 0s
Best update !!! M1 cost=272269 penalty = 0.00 area = 71.43% wirelength = 100.00%
Best update !!! M1 cost=272201 penalty = 0.00 area = 71.45% wirelength = 100.00%
Best update !!! M1 cost=272196 penalty = 0.00 area = 71.45% wirelength = 100.00%
Best update !!! M1 cost=272143 penalty = 0.00 area = 71.46% wirelength = 100.00%
Best update !!! M1 cost=272115 penalty = 0.00 area = 71.47% wirelength = 100.00%
Best update !!! M1 cost=271886 penalty = 0.00 area = 71.53% wirelength = 100.00%
Best update !!! M1 cost=271749 penalty = 0.00 area = 71.57% wirelength = 100.00%
Best update !!! M1 cost=271411 penalty = 0.00 area = 71.66% wirelength = 100.00%
Best update !!! M1 cost=271334 penalty = 0.00 area = 71.68% wirelength = 100.00%
Best update !!! M1 cost=270227 penalty = 0.00 area = 71.97% wirelength = 100.00%
Best update !!! M1 cost=270161 penalty = 0.00 area = 71.99% wirelength = 100.00%
Best update !!! M1 cost=269580 penalty = 0.00 area = 72.14% wirelength = 100.00%
Best update !!! M1 cost=269552 penalty = 0.00 area = 72.15% wirelength = 100.00%
Best update !!! M1 cost=269491 penalty = 0.00 area = 72.17% wirelength = 100.00%
Best update !!! M1 cost=269270 penalty = 0.00 area = 72.22% wirelength = 100.00%
Best update !!! M2 cost=269194 penalty = 0.00 area = 72.25% wirelength = 100.00%
Best update !!! M1 cost=268471 penalty = 0.00 area = 72.44% wirelength = 100.00%
Best update !!! M2 cost=267610 penalty = 0.00 area = 73.00% wirelength = 100.00%
Best update !!! M1 cost=267552 penalty = 0.00 area = 73.02% wirelength = 100.00%
Best update !!! M1 cost=267236 penalty = 0.00 area = 73.11% wirelength = 100.00%
Best update !!! M1 cost=266928 penalty = 0.00 area = 73.19% wirelength = 100.00%
Best update !!! M1 cost=266847 penalty = 0.00 area = 73.21% wirelength = 100.00%
Best update !!! M1 cost=266740 penalty = 0.00 area = 73.24% wirelength = 100.00%
Best update !!! M1 cost=266337 penalty = 0.00 area = 73.35% wirelength = 100.00%
Best update !!! M1 cost=265930 penalty = 0.00 area = 73.46% wirelength = 100.00%
Best update !!! M1 cost=265448 penalty = 0.00 area = 73.60% wirelength = 100.00%
Best update !!! M1 cost=265159 penalty = 0.00 area = 73.68% wirelength = 100.00%
Best update !!! M1 cost=265136 penalty = 0.00 area = 73.68% wirelength = 100.00%
Best update !!! M1 cost=264829 penalty = 0.00 area = 73.77% wirelength = 100.00%
Best update !!! M1 cost=264595 penalty = 0.00 area = 73.84% wirelength = 100.00%
Best update !!! M1 cost=264515 penalty = 0.00 area = 73.86% wirelength = 100.00%
Best update !!! M1 cost=263475 penalty = 0.00 area = 74.15% wirelength = 100.00%
Best update !!! M1 cost=263090 penalty = 0.00 area = 74.26% wirelength = 100.00%
Best update !!! M1 cost=262745 penalty = 0.00 area = 74.35% wirelength = 100.00%
Best update !!! M1 cost=262569 penalty = 0.00 area = 74.40% wirelength = 100.00%
Best update !!! M1 cost=262538 penalty = 0.00 area = 74.41% wirelength = 100.00%
Best update !!! M1 cost=262336 penalty = 0.00 area = 74.47% wirelength = 100.00%
Best update !!! M1 cost=262255 penalty = 0.00 area = 74.49% wirelength = 100.00%
Best update !!! M1 cost=262190 penalty = 0.00 area = 74.51% wirelength = 100.00%
Best update !!! M1 cost=261872 penalty = 0.00 area = 74.60% wirelength = 100.00%
Best update !!! M1 cost=261856 penalty = 0.00 area = 74.61% wirelength = 100.00%
Best update !!! M1 cost=261798 penalty = 0.00 area = 74.62% wirelength = 100.00%
Best update !!! M1 cost=261631 penalty = 0.00 area = 74.67% wirelength = 100.00%
Best update !!! M1 cost=261509 penalty = 0.00 area = 74.71% wirelength = 100.00%
Best update !!! M1 cost=261457 penalty = 0.00 area = 74.72% wirelength = 100.00%
Best update !!! M1 cost=261400 penalty = 0.00 area = 74.74% wirelength = 100.00%
Best update !!! M1 cost=261168 penalty = 0.00 area = 74.80% wirelength = 100.00%
Best update !!! M1 cost=261005 penalty = 0.00 area = 74.85% wirelength = 100.00%
Best update !!! M1 cost=260849 penalty = 0.00 area = 74.90% wirelength = 100.00%
Best update !!! M1 cost=260572 penalty = 0.00 area = 74.98% wirelength = 100.00%
Best update !!! M1 cost=260260 penalty = 0.00 area = 75.06% wirelength = 100.00%
Best update !!! M2 cost=260256 penalty = 0.00 area = 75.07% wirelength = 100.00%
Best update !!! M1 cost=260181 penalty = 0.00 area = 75.09% wirelength = 100.00%
Best update !!! M1 cost=259933 penalty = 0.00 area = 75.16% wirelength = 100.00%
Best update !!! M1 cost=259917 penalty = 0.00 area = 75.16% wirelength = 100.00%
Best update !!! M1 cost=259889 penalty = 0.00 area = 75.17% wirelength = 100.00%
Best update !!! M1 cost=259198 penalty = 0.00 area = 75.37% wirelength = 100.00%
Best update !!! M1 cost=259164 penalty = 0.00 area = 75.38% wirelength = 100.00%
Best update !!! M1 cost=259096 penalty = 0.00 area = 75.40% wirelength = 100.00%
Best update !!! M1 cost=259094 penalty = 0.00 area = 75.40% wirelength = 100.00%
Best update !!! M1 cost=259057 penalty = 0.00 area = 75.41% wirelength = 100.00%
Best update !!! M1 cost=258987 penalty = 0.00 area = 75.43% wirelength = 100.00%
Best update !!! M1 cost=258894 penalty = 0.00 area = 75.46% wirelength = 100.00%
Best update !!! M1 cost=258804 penalty = 0.00 area = 75.49% wirelength = 100.00%
Best update !!! M1 cost=258737 penalty = 0.00 area = 75.51% wirelength = 100.00%
Best update !!! M1 cost=258448 penalty = 0.00 area = 75.59% wirelength = 100.00%
Best update !!! M1 cost=258351 penalty = 0.00 area = 75.62% wirelength = 100.00%
Best update !!! M1 cost=258109 penalty = 0.00 area = 75.69% wirelength = 100.00%
Best update !!! M1 cost=258102 penalty = 0.00 area = 75.69% wirelength = 100.00%
Best update !!! M1 cost=258067 penalty = 0.00 area = 75.70% wirelength = 100.00%
Best update !!! M2 cost=258021 penalty = 0.00 area = 75.72% wirelength = 100.00%
Best update !!! M1 cost=257853 penalty = 0.00 area = 75.77% wirelength = 100.00%
Best update !!! M2 cost=257458 penalty = 0.00 area = 76.05% wirelength = 100.00%
Best update !!! M1 cost=257402 penalty = 0.00 area = 76.07% wirelength = 100.00%
Best update !!! M1 cost=257051 penalty = 0.00 area = 76.17% wirelength = 100.00%
Best update !!! M1 cost=256869 penalty = 0.00 area = 76.23% wirelength = 100.00%
Best update !!! M1 cost=256741 penalty = 0.00 area = 76.27% wirelength = 100.00%
Best update !!! M1 cost=256706 penalty = 0.00 area = 76.28% wirelength = 100.00%
Best update !!! M1 cost=256682 penalty = 0.00 area = 76.28% wirelength = 100.00%
Best update !!! M1 cost=256333 penalty = 0.00 area = 76.39% wirelength = 100.00%
Best update !!! M1 cost=256206 penalty = 0.00 area = 76.43% wirelength = 100.00%
Best update !!! M2 cost=256075 penalty = 0.00 area = 76.46% wirelength = 100.00%
Best update !!! M1 cost=256019 penalty = 0.00 area = 76.48% wirelength = 100.00%
Best update !!! M2 cost=255875 penalty = 0.00 area = 76.52% wirelength = 100.00%
Best update !!! M1 cost=255560 penalty = 0.00 area = 76.62% wirelength = 100.00%
Best update !!! M1 cost=255305 penalty = 0.00 area = 76.69% wirelength = 100.00%
Best update !!! M1 cost=255102 penalty = 0.00 area = 76.76% wirelength = 100.00%
Best update !!! M1 cost=255098 penalty = 0.00 area = 76.76% wirelength = 100.00%
Best update !!! M1 cost=254908 penalty = 0.00 area = 76.81% wirelength = 100.00%
Best update !!! M1 cost=254827 penalty = 0.00 area = 76.84% wirelength = 100.00%
Best update !!! M1 cost=254677 penalty = 0.00 area = 76.88% wirelength = 100.00%
Best update !!! M1 cost=254489 penalty = 0.00 area = 76.94% wirelength = 100.00%
Best update !!! M1 cost=254454 penalty = 0.00 area = 76.95% wirelength = 100.00%
Best update !!! M1 cost=254402 penalty = 0.00 area = 76.97% wirelength = 100.00%
Best update !!! M1 cost=254376 penalty = 0.00 area = 76.98% wirelength = 100.00%
Best update !!! M1 cost=254128 penalty = 0.00 area = 77.05% wirelength = 100.00%
Best update !!! M1 cost=254089 penalty = 0.00 area = 77.06% wirelength = 100.00%
Best update !!! M1 cost=254065 penalty = 0.00 area = 77.07% wirelength = 100.00%
Best update !!! M1 cost=252971 penalty = 0.00 area = 77.40% wirelength = 100.00%
Best update !!! M1 cost=252881 penalty = 0.00 area = 77.43% wirelength = 100.00%
Best update !!! M1 cost=252876 penalty = 0.00 area = 77.43% wirelength = 100.00%
Best update !!! M1 cost=252756 penalty = 0.00 area = 77.47% wirelength = 100.00%
Best update !!! M1 cost=252491 penalty = 0.00 area = 77.55% wirelength = 100.00%
Best update !!! M1 cost=252274 penalty = 0.00 area = 77.62% wirelength = 100.00%
Best update !!! M1 cost=252256 penalty = 0.00 area = 77.62% wirelength = 100.00%
Best update !!! M1 cost=252221 penalty = 0.00 area = 77.63% wirelength = 100.00%
Best update !!! M1 cost=252180 penalty = 0.00 area = 77.65% wirelength = 100.00%
Best update !!! M1 cost=252031 penalty = 0.00 area = 77.69% wirelength = 100.00%
Best update !!! M1 cost=251478 penalty = 0.00 area = 77.86% wirelength = 100.00%
Best update !!! M1 cost=251140 penalty = 0.00 area = 77.97% wirelength = 100.00%
Best update !!! M1 cost=251086 penalty = 0.00 area = 77.98% wirelength = 100.00%
Best update !!! M1 cost=250348 penalty = 0.00 area = 78.21% wirelength = 100.00%
Best update !!! M1 cost=250024 penalty = 0.00 area = 78.31% wirelength = 100.00%
Best update !!! M1 cost=249828 penalty = 0.00 area = 78.38% wirelength = 100.00%
Best update !!! M1 cost=249685 penalty = 0.00 area = 78.42% wirelength = 100.00%
Best update !!! M1 cost=249567 penalty = 0.00 area = 78.46% wirelength = 100.00%
Best update !!! M1 cost=249362 penalty = 0.00 area = 78.52% wirelength = 100.00%
Best update !!! M1 cost=249322 penalty = 0.00 area = 78.54% wirelength = 100.00%
Best update !!! M1 cost=249146 penalty = 0.00 area = 78.59% wirelength = 100.00%
Best update !!! M1 cost=249000 penalty = 0.00 area = 78.64% wirelength = 100.00%
Best update !!! M1 cost=248944 penalty = 0.00 area = 78.65% wirelength = 100.00%
Best update !!! M1 cost=248905 penalty = 0.00 area = 78.67% wirelength = 100.00%
Best update !!! M1 cost=248891 penalty = 0.00 area = 78.67% wirelength = 100.00%
Best update !!! M1 cost=248741 penalty = 0.00 area = 78.72% wirelength = 100.00%
Best update !!! M1 cost=248481 penalty = 0.00 area = 78.80% wirelength = 100.00%
Best update !!! M1 cost=248202 penalty = 0.00 area = 78.89% wirelength = 100.00%
Best update !!! M1 cost=248159 penalty = 0.00 area = 78.90% wirelength = 100.00%
Best update !!! M1 cost=248069 penalty = 0.00 area = 78.93% wirelength = 100.00%
Best update !!! M1 cost=248063 penalty = 0.00 area = 78.93% wirelength = 100.00%
Best update !!! M1 cost=247909 penalty = 0.00 area = 78.98% wirelength = 100.00%
Best update !!! M1 cost=247816 penalty = 0.00 area = 79.01% wirelength = 100.00%
Best update !!! M1 cost=247706 penalty = 0.00 area = 79.05% wirelength = 100.00%
Best update !!! M1 cost=247516 penalty = 0.00 area = 79.11% wirelength = 100.00%
Best update !!! M1 cost=247492 penalty = 0.00 area = 79.12% wirelength = 100.00%
Best update !!! M1 cost=247418 penalty = 0.00 area = 79.14% wirelength = 100.00%
Best update !!! M1 cost=247347 penalty = 0.00 area = 79.16% wirelength = 100.00%
Best update !!! M1 cost=247299 penalty = 0.00 area = 79.18% wirelength = 100.00%
Best update !!! M1 cost=247107 penalty = 0.00 area = 79.24% wirelength = 100.00%
Best update !!! M1 cost=247019 penalty = 0.00 area = 79.27% wirelength = 100.00%
Best update !!! M1 cost=246956 penalty = 0.00 area = 79.29% wirelength = 100.00%
Best update !!! M1 cost=246848 penalty = 0.00 area = 79.32% wirelength = 100.00%
Best update !!! M1 cost=246795 penalty = 0.00 area = 79.34% wirelength = 100.00%
Best update !!! M2 cost=246777 penalty = 0.00 area = 79.35% wirelength = 100.00%
Best update !!! M1 cost=246480 penalty = 0.00 area = 79.44% wirelength = 100.00%
Best update !!! M1 cost=246435 penalty = 0.00 area = 79.46% wirelength = 100.00%
Best update !!! M1 cost=246297 penalty = 0.00 area = 79.50% wirelength = 100.00%
Best update !!! M1 cost=246255 penalty = 0.00 area = 79.51% wirelength = 100.00%
Best update !!! M1 cost=245996 penalty = 0.00 area = 79.60% wirelength = 100.00%
Best update !!! M1 cost=245972 penalty = 0.00 area = 79.60% wirelength = 100.00%
Best update !!! M1 cost=245916 penalty = 0.00 area = 79.62% wirelength = 100.00%
Best update !!! M1 cost=245856 penalty = 0.00 area = 79.64% wirelength = 100.00%
Best update !!! M1 cost=245802 penalty = 0.00 area = 79.66% wirelength = 100.00%
Best update !!! M1 cost=245657 penalty = 0.00 area = 79.71% wirelength = 100.00%
Best update !!! M1 cost=245563 penalty = 0.00 area = 79.74% wirelength = 100.00%
Best update !!! M1 cost=245355 penalty = 0.00 area = 79.81% wirelength = 100.00%
Best update !!! M1 cost=245281 penalty = 0.00 area = 79.83% wirelength = 100.00%
Best update !!! M1 cost=245223 penalty = 0.00 area = 79.85% wirelength = 100.00%
Best update !!! M1 cost=245199 penalty = 0.00 area = 79.86% wirelength = 100.00%
Best update !!! M1 cost=245165 penalty = 0.00 area = 79.87% wirelength = 100.00%
Best update !!! M1 cost=245158 penalty = 0.00 area = 79.87% wirelength = 100.00%
Best update !!! M1 cost=244899 penalty = 0.00 area = 79.95% wirelength = 100.00%
Best update !!! M1 cost=244857 penalty = 0.00 area = 79.97% wirelength = 100.00%
Best update !!! M1 cost=244794 penalty = 0.00 area = 79.99% wirelength = 100.00%
Best update !!! M1 cost=244725 penalty = 0.00 area = 80.01% wirelength = 100.00%
Best update !!! M1 cost=244647 penalty = 0.00 area = 80.04% wirelength = 100.00%
Best update !!! M1 cost=244635 penalty = 0.00 area = 80.04% wirelength = 100.00%
Best update !!! M1 cost=244551 penalty = 0.00 area = 80.07% wirelength = 100.00%
Best update !!! M1 cost=244128 penalty = 0.00 area = 80.21% wirelength = 100.00%
Best update !!! M1 cost=243982 penalty = 0.00 area = 80.25% wirelength = 100.00%
Best update !!! M1 cost=243900 penalty = 0.00 area = 80.28% wirelength = 100.00%
Best update !!! M1 cost=243795 penalty = 0.00 area = 80.32% wirelength = 100.00%
Best update !!! M1 cost=243761 penalty = 0.00 area = 80.33% wirelength = 100.00%
Best update !!! M1 cost=243716 penalty = 0.00 area = 80.34% wirelength = 100.00%
Best update !!! M1 cost=243563 penalty = 0.00 area = 80.39% wirelength = 100.00%
Best update !!! M1 cost=243550 penalty = 0.00 area = 80.40% wirelength = 100.00%
Best update !!! M1 cost=243450 penalty = 0.00 area = 80.43% wirelength = 100.00%
Best update !!! M1 cost=243316 penalty = 0.00 area = 80.47% wirelength = 100.00%
Best update !!! M1 cost=243287 penalty = 0.00 area = 80.48% wirelength = 100.00%
Best update !!! M1 cost=243253 penalty = 0.00 area = 80.49% wirelength = 100.00%
Best update !!! M1 cost=243241 penalty = 0.00 area = 80.50% wirelength = 100.00%
Best update !!! M1 cost=243113 penalty = 0.00 area = 80.54% wirelength = 100.00%
Best update !!! M1 cost=242869 penalty = 0.00 area = 80.62% wirelength = 100.00%
Best update !!! M1 cost=242698 penalty = 0.00 area = 80.68% wirelength = 100.00%
Best update !!! M1 cost=242591 penalty = 0.00 area = 80.71% wirelength = 100.00%
Best update !!! M1 cost=242560 penalty = 0.00 area = 80.72% wirelength = 100.00%
Best update !!! M1 cost=242522 penalty = 0.00 area = 80.74% wirelength = 100.00%
Best update !!! M1 cost=242399 penalty = 0.00 area = 80.78% wirelength = 100.00%
Best update !!! M1 cost=242198 penalty = 0.00 area = 80.85% wirelength = 100.00%
Best update !!! M1 cost=241990 penalty = 0.00 area = 80.91% wirelength = 100.00%
Best update !!! M1 cost=241944 penalty = 0.00 area = 80.93% wirelength = 100.00%
Best update !!! M1 cost=241847 penalty = 0.00 area = 80.96% wirelength = 100.00%
Best update !!! M1 cost=241808 penalty = 0.00 area = 80.98% wirelength = 100.00%
Best update !!! M1 cost=241646 penalty = 0.00 area = 81.03% wirelength = 100.00%
Best update !!! M1 cost=241466 penalty = 0.00 area = 81.09% wirelength = 100.00%
Best update !!! M1 cost=241269 penalty = 0.00 area = 81.16% wirelength = 100.00%
Best update !!! M1 cost=241265 penalty = 0.00 area = 81.16% wirelength = 100.00%
Best update !!! M1 cost=241192 penalty = 0.00 area = 81.18% wirelength = 100.00%
Best update !!! M1 cost=241066 penalty = 0.00 area = 81.23% wirelength = 100.00%
Best update !!! M1 cost=241041 penalty = 0.00 area = 81.05% wirelength = 100.00%
Best update !!! M1 cost=240903 penalty = 0.00 area = 81.10% wirelength = 100.00%
Best update !!! M1 cost=240878 penalty = 0.00 area = 81.10% wirelength = 100.00%
Best update !!! M1 cost=240752 penalty = 0.00 area = 81.15% wirelength = 100.00%
Best update !!! M1 cost=240694 penalty = 0.00 area = 81.17% wirelength = 100.00%
Best update !!! M1 cost=240635 penalty = 0.00 area = 81.19% wirelength = 100.00%
Best update !!! M1 cost=240421 penalty = 0.00 area = 81.26% wirelength = 100.00%
Best update !!! M1 cost=240414 penalty = 0.00 area = 81.26% wirelength = 100.00%
Best update !!! M1 cost=240367 penalty = 0.00 area = 81.28% wirelength = 100.00%
Best update !!! M1 cost=240214 penalty = 0.00 area = 81.33% wirelength = 100.00%
Best update !!! M1 cost=240168 penalty = 0.00 area = 81.34% wirelength = 100.00%
Best update !!! M1 cost=240106 penalty = 0.00 area = 81.37% wirelength = 100.00%
Best update !!! M1 cost=240100 penalty = 0.00 area = 81.37% wirelength = 100.00%
Best update !!! M1 cost=240044 penalty = 0.00 area = 81.39% wirelength = 100.00%
Best update !!! M1 cost=240035 penalty = 0.00 area = 81.39% wirelength = 100.00%
Best update !!! M2 cost=239779 penalty = 0.00 area = 81.48% wirelength = 100.00%
Best update !!! M1 cost=239594 penalty = 0.00 area = 81.54% wirelength = 100.00%
Best update !!! M2 cost=239560 penalty = 0.00 area = 81.55% wirelength = 100.00%
Best update !!! M1 cost=239485 penalty = 0.00 area = 81.58% wirelength = 100.00%
Best update !!! M1 cost=239170 penalty = 0.00 area = 81.68% wirelength = 100.00%
Best update !!! M1 cost=238905 penalty = 0.00 area = 81.77% wirelength = 100.00%
Best update !!! M1 cost=238766 penalty = 0.00 area = 81.82% wirelength = 100.00%
Best update !!! M1 cost=238682 penalty = 0.00 area = 81.85% wirelength = 100.00%
Best update !!! M2 cost=238653 penalty = 0.00 area = 81.86% wirelength = 100.00%
Best update !!! M1 cost=238607 penalty = 0.00 area = 81.88% wirelength = 100.00%
Best update !!! M1 cost=238442 penalty = 0.00 area = 81.93% wirelength = 100.00%
Best update !!! M1 cost=238426 penalty = 0.00 area = 81.94% wirelength = 100.00%
Best update !!! M1 cost=238421 penalty = 0.00 area = 81.94% wirelength = 100.00%
Best update !!! M1 cost=238365 penalty = 0.00 area = 82.15% wirelength = 100.00%
Best update !!! M1 cost=238343 penalty = 0.00 area = 82.15% wirelength = 100.00%
Best update !!! M1 cost=238241 penalty = 0.00 area = 82.19% wirelength = 100.00%
Best update !!! M1 cost=238224 penalty = 0.00 area = 82.38% wirelength = 100.00%
Best update !!! M1 cost=238103 penalty = 0.00 area = 82.42% wirelength = 100.00%
Best update !!! M1 cost=238080 penalty = 0.00 area = 82.43% wirelength = 100.00%
Best update !!! M1 cost=238072 penalty = 0.00 area = 82.43% wirelength = 100.00%
Best update !!! M1 cost=238047 penalty = 0.00 area = 82.44% wirelength = 100.00%
Best update !!! M1 cost=238002 penalty = 0.00 area = 82.08% wirelength = 100.00%
Best update !!! M1 cost=237927 penalty = 0.00 area = 82.11% wirelength = 100.00%
Best update !!! M1 cost=237882 penalty = 0.00 area = 82.13% wirelength = 100.00%
Best update !!! M1 cost=237688 penalty = 0.00 area = 82.19% wirelength = 100.00%
Best update !!! M1 cost=237596 penalty = 0.00 area = 82.22% wirelength = 100.00%
Best update !!! M1 cost=237563 penalty = 0.00 area = 82.61% wirelength = 100.00%
Best update !!! M1 cost=237552 penalty = 0.00 area = 82.61% wirelength = 100.00%
Best update !!! M1 cost=237471 penalty = 0.00 area = 82.64% wirelength = 100.00%
Best update !!! M1 cost=237362 penalty = 0.00 area = 82.68% wirelength = 100.00%
Best update !!! M1 cost=237234 penalty = 0.00 area = 82.72% wirelength = 100.00%
Best update !!! M1 cost=237151 penalty = 0.00 area = 82.75% wirelength = 100.00%
Best update !!! M1 cost=237135 penalty = 0.00 area = 82.76% wirelength = 100.00%
Best update !!! M1 cost=236854 penalty = 0.00 area = 82.86% wirelength = 100.00%
Best update !!! M1 cost=236760 penalty = 0.00 area = 82.89% wirelength = 100.00%
Best update !!! M1 cost=236744 penalty = 0.00 area = 82.89% wirelength = 100.00%
Best update !!! M1 cost=236732 penalty = 0.00 area = 82.90% wirelength = 100.00%
Best update !!! M1 cost=236624 penalty = 0.00 area = 82.75% wirelength = 100.00%
Best update !!! M1 cost=236485 penalty = 0.00 area = 82.99% wirelength = 100.00%
Best update !!! M1 cost=236440 penalty = 0.00 area = 82.81% wirelength = 100.00%
Best update !!! M1 cost=236044 penalty = 0.00 area = 83.33% wirelength = 100.00%
Best update !!! M1 cost=235843 penalty = 0.00 area = 83.40% wirelength = 100.00%
Best update !!! M1 cost=235841 penalty = 0.00 area = 83.40% wirelength = 100.00%
Best update !!! M1 cost=235651 penalty = 0.00 area = 83.47% wirelength = 100.00%
Best update !!! M1 cost=235604 penalty = 0.00 area = 83.67% wirelength = 100.00%
Best update !!! M1 cost=235602 penalty = 0.00 area = 83.67% wirelength = 100.00%
Best update !!! M1 cost=235571 penalty = 0.00 area = 83.68% wirelength = 100.00%
Best update !!! M1 cost=235506 penalty = 0.00 area = 83.71% wirelength = 100.00%
Best update !!! M1 cost=235452 penalty = 0.00 area = 83.73% wirelength = 100.00%
Best update !!! M1 cost=235426 penalty = 0.00 area = 83.74% wirelength = 100.00%
Best update !!! M1 cost=235163 penalty = 0.00 area = 83.83% wirelength = 100.00%
Best update !!! M1 cost=235087 penalty = 0.00 area = 83.86% wirelength = 100.00%
Best update !!! M1 cost=234982 penalty = 0.00 area = 83.89% wirelength = 100.00%
Best update !!! M1 cost=234729 penalty = 0.00 area = 83.61% wirelength = 100.00%
Best update !!! M1 cost=234625 penalty = 0.00 area = 83.64% wirelength = 100.00%
Best update !!! M1 cost=234563 penalty = 0.00 area = 83.67% wirelength = 100.00%
Best update !!! M1 cost=234543 penalty = 0.00 area = 83.67% wirelength = 100.00%
Best update !!! M1 cost=234309 penalty = 0.00 area = 83.76% wirelength = 100.00%
Best update !!! M1 cost=234267 penalty = 0.00 area = 83.77% wirelength = 100.00%
Best update !!! M1 cost=234224 penalty = 0.00 area = 83.79% wirelength = 100.00%
Best update !!! M1 cost=234214 penalty = 0.00 area = 83.79% wirelength = 100.00%
Best update !!! M1 cost=234094 penalty = 0.00 area = 83.64% wirelength = 100.00%
Best update !!! M1 cost=233941 penalty = 0.00 area = 83.89% wirelength = 100.00%
Best update !!! M1 cost=233858 penalty = 0.00 area = 83.92% wirelength = 100.00%
Best update !!! M1 cost=233752 penalty = 0.00 area = 83.96% wirelength = 100.00%
Best update !!! M1 cost=233709 penalty = 0.00 area = 83.97% wirelength = 100.00%
Best update !!! M1 cost=233662 penalty = 0.00 area = 83.99% wirelength = 100.00%
Best update !!! M1 cost=233030 penalty = 0.00 area = 84.22% wirelength = 100.00%
Best update !!! M1 cost=233007 penalty = 0.00 area = 84.22% wirelength = 100.00%
Best update !!! M1 cost=232941 penalty = 0.00 area = 84.25% wirelength = 100.00%
Best update !!! M1 cost=232768 penalty = 0.00 area = 84.31% wirelength = 100.00%
Best update !!! M1 cost=232685 penalty = 0.00 area = 84.34% wirelength = 100.00%
Best update !!! M1 cost=232628 penalty = 0.00 area = 84.36% wirelength = 100.00%
Best update !!! M1 cost=232593 penalty = 0.00 area = 84.37% wirelength = 100.00%
Best update !!! M1 cost=232556 penalty = 0.00 area = 84.39% wirelength = 100.00%
Best update !!! M1 cost=232417 penalty = 0.00 area = 84.82% wirelength = 100.00%
Best update !!! M1 cost=232297 penalty = 0.00 area = 84.67% wirelength = 100.00%
Best update !!! M1 cost=232140 penalty = 0.00 area = 84.73% wirelength = 100.00%
Best update !!! M1 cost=232063 penalty = 0.00 area = 84.95% wirelength = 100.00%
Best update !!! M1 cost=231876 penalty = 0.00 area = 84.83% wirelength = 100.00%
Best update !!! M2 cost=231689 penalty = 0.00 area = 85.09% wirelength = 100.00%
Best update !!! M1 cost=231637 penalty = 0.00 area = 85.11% wirelength = 100.00%
Best update !!! M1 cost=231587 penalty = 0.00 area = 85.12% wirelength = 100.00%
Best update !!! M1 cost=231467 penalty = 0.00 area = 85.17% wirelength = 100.00%
Best update !!! M1 cost=231261 penalty = 0.00 area = 85.24% wirelength = 100.00%
Best update !!! M1 cost=231158 penalty = 0.00 area = 85.28% wirelength = 100.00%
Best update !!! M1 cost=231110 penalty = 0.00 area = 85.30% wirelength = 100.00%
Best update !!! M1 cost=230783 penalty = 0.00 area = 85.42% wirelength = 100.00%
Best update !!! M1 cost=230777 penalty = 0.00 area = 85.42% wirelength = 100.00%
Best update !!! M1 cost=230759 penalty = 0.00 area = 85.43% wirelength = 100.00%
Best update !!! M1 cost=230738 penalty = 0.00 area = 85.44% wirelength = 100.00%
Best update !!! M1 cost=230723 penalty = 0.00 area = 85.44% wirelength = 100.00%
Best update !!! M1 cost=230678 penalty = 0.00 area = 85.46% wirelength = 100.00%
Best update !!! M1 cost=230666 penalty = 0.00 area = 85.27% wirelength = 100.00%
Best update !!! M1 cost=230554 penalty = 0.00 area = 85.31% wirelength = 100.00%
Best update !!! M1 cost=230499 penalty = 0.00 area = 85.33% wirelength = 100.00%
Best update !!! M1 cost=230478 penalty = 0.00 area = 85.34% wirelength = 100.00%
Best update !!! M1 cost=230430 penalty = 0.00 area = 85.36% wirelength = 100.00%
Best update !!! M1 cost=230394 penalty = 0.00 area = 85.37% wirelength = 100.00%
Best update !!! M1 cost=230370 penalty = 0.00 area = 85.38% wirelength = 100.00%
Best update !!! M1 cost=230367 penalty = 0.00 area = 85.38% wirelength = 100.00%
Best update !!! M1 cost=230346 penalty = 0.00 area = 85.39% wirelength = 100.00%
Best update !!! M1 cost=230304 penalty = 0.00 area = 85.60% wirelength = 100.00%
Best update !!! M1 cost=230261 penalty = 0.00 area = 85.61% wirelength = 100.00%
Best update !!! M1 cost=230250 penalty = 0.00 area = 85.62% wirelength = 100.00%
Best update !!! M1 cost=230176 penalty = 0.00 area = 85.65% wirelength = 100.00%
Best update !!! M1 cost=230091 penalty = 0.00 area = 85.68% wirelength = 100.00%
Best update !!! M1 cost=230063 penalty = 0.00 area = 85.69% wirelength = 100.00%
Best update !!! M1 cost=230044 penalty = 0.00 area = 85.69% wirelength = 100.00%
Best update !!! M1 cost=229972 penalty = 0.00 area = 85.72% wirelength = 100.00%
Best update !!! M1 cost=229765 penalty = 0.00 area = 85.80% wirelength = 100.00%
Best update !!! M1 cost=229741 penalty = 0.00 area = 85.81% wirelength = 100.00%
Best update !!! M1 cost=229499 penalty = 0.00 area = 85.90% wirelength = 100.00%
Best update !!! M1 cost=229493 penalty = 0.00 area = 85.90% wirelength = 100.00%
Best update !!! M1 cost=229468 penalty = 0.00 area = 85.91% wirelength = 100.00%
Best update !!! M1 cost=229441 penalty = 0.00 area = 85.92% wirelength = 100.00%
Best update !!! M1 cost=229435 penalty = 0.00 area = 85.92% wirelength = 100.00%
Best update !!! M1 cost=229414 penalty = 0.00 area = 85.93% wirelength = 100.00%
Best update !!! M1 cost=229376 penalty = 0.00 area = 85.94% wirelength = 100.00%
Best update !!! M1 cost=229303 penalty = 0.00 area = 85.97% wirelength = 100.00%
Best update !!! M1 cost=229287 penalty = 0.00 area = 85.98% wirelength = 100.00%
Best update !!! M1 cost=229265 penalty = 0.00 area = 85.99% wirelength = 100.00%
Best update !!! M2 cost=229216 penalty = 0.00 area = 86.00% wirelength = 100.00%
Best update !!! M1 cost=229201 penalty = 0.00 area = 86.01% wirelength = 100.00%
Best update !!! M1 cost=229183 penalty = 0.00 area = 86.02% wirelength = 100.00%
Best update !!! M1 cost=229179 penalty = 0.00 area = 86.02% wirelength = 100.00%
Best update !!! M1 cost=229175 penalty = 0.00 area = 86.02% wirelength = 100.00%
Best update !!! M1 cost=229162 penalty = 0.00 area = 86.02% wirelength = 100.00%
Best update !!! M1 cost=229160 penalty = 0.00 area = 86.03% wirelength = 100.00%
Best update !!! M1 cost=229120 penalty = 0.00 area = 86.04% wirelength = 100.00%
Best update !!! M1 cost=229092 penalty = 0.00 area = 86.05% wirelength = 100.00%
Best update !!! M1 cost=229080 penalty = 0.00 area = 86.06% wirelength = 100.00%
Best update !!! M1 cost=229068 penalty = 0.00 area = 86.06% wirelength = 100.00%
Best update !!! M1 cost=229065 penalty = 0.00 area = 86.06% wirelength = 100.00%
Best update !!! M1 cost=229059 penalty = 0.00 area = 86.06% wirelength = 100.00%
Best update !!! M1 cost=229054 penalty = 0.00 area = 86.07% wirelength = 100.00%
Final cost = 229054.00 Penalty = 0.00 area = 86.07% wirelength = 100.00%
The total HPWL = 229054
Total time used = 560s
