Invalid b
Default b = 173
Out file = ../output/public11.out
hb66 hb84 H hb3 H hb97 H hb50 H hb73 H hb36 H hb96 H hb17 H hb99 H hb77 hb27 H hb47 H hb93 H hb1 H hb49 H hb44 H hb21 H hb71 H hb68 H V hb14 hb56 H hb8 H hb42 H hb98 H hb29 H hb43 H hb12 H hb72 H hb54 H hb62 H hb37 H hb79 H V hb94 hb11 H hb15 H hb80 H hb16 H hb51 H hb65 H hb38 H hb82 H hb13 H hb48 H V hb55 hb91 H hb86 H hb41 H hb39 H hb26 H hb52 H hb69 H hb34 H hb25 H hb2 H hb32 H V hb10 hb18 H hb95 H hb64 H hb19 H hb81 H hb59 H hb23 H hb22 H hb5 H hb57 H hb58 H hb28 H V hb24 hb63 H hb45 H hb87 H hb67 H hb53 H hb0 H hb74 H hb70 H hb9 H hb7 H hb60 H hb6 H hb90 H hb46 H V hb89 hb35 H hb20 H hb88 H hb78 H hb33 H hb31 H hb61 H hb76 H hb40 H hb4 H hb75 H hb92 H hb30 H hb85 H hb83 H V 
Initial cost = 272707 Penalty = 0.00% area = 71.31% wirelength =100.00%
The total HPWL = 272707
Total time used = 0s
Best update !!! M1 cost=272269 penalty = 0.00 area = 71.43% wirelength = 100.00%
Best update !!! M1 cost=272201 penalty = 0.00 area = 71.45% wirelength = 100.00%
Best update !!! M1 cost=272196 penalty = 0.00 area = 71.45% wirelength = 100.00%
Best update !!! M1 cost=272143 penalty = 0.00 area = 71.46% wirelength = 100.00%
Best update !!! M1 cost=272115 penalty = 0.00 area = 71.47% wirelength = 100.00%
Best update !!! M1 cost=271886 penalty = 0.00 area = 71.53% wirelength = 100.00%
Best update !!! M1 cost=271749 penalty = 0.00 area = 71.57% wirelength = 100.00%
Best update !!! M1 cost=271411 penalty = 0.00 area = 71.66% wirelength = 100.00%
Best update !!! M1 cost=271334 penalty = 0.00 area = 71.68% wirelength = 100.00%
Best update !!! M1 cost=270227 penalty = 0.00 area = 71.97% wirelength = 100.00%
Best update !!! M1 cost=270161 penalty = 0.00 area = 71.99% wirelength = 100.00%
Best update !!! M1 cost=269580 penalty = 0.00 area = 72.14% wirelength = 100.00%
Best update !!! M1 cost=269552 penalty = 0.00 area = 72.15% wirelength = 100.00%
Best update !!! M1 cost=269491 penalty = 0.00 area = 72.17% wirelength = 100.00%
Best update !!! M1 cost=269270 penalty = 0.00 area = 72.22% wirelength = 100.00%
Best update !!! M2 cost=269194 penalty = 0.00 area = 72.25% wirelength = 100.00%
Best update !!! M1 cost=268471 penalty = 0.00 area = 72.44% wirelength = 100.00%
Best update !!! M2 cost=267610 penalty = 0.00 area = 73.00% wirelength = 100.00%
Best update !!! M1 cost=267552 penalty = 0.00 area = 73.02% wirelength = 100.00%
Best update !!! M1 cost=267236 penalty = 0.00 area = 73.11% wirelength = 100.00%
Best update !!! M1 cost=266928 penalty = 0.00 area = 73.19% wirelength = 100.00%
Best update !!! M1 cost=266847 penalty = 0.00 area = 73.21% wirelength = 100.00%
Best update !!! M1 cost=266740 penalty = 0.00 area = 73.24% wirelength = 100.00%
Best update !!! M1 cost=266337 penalty = 0.00 area = 73.35% wirelength = 100.00%
Best update !!! M1 cost=265930 penalty = 0.00 area = 73.46% wirelength = 100.00%
Best update !!! M1 cost=265448 penalty = 0.00 area = 73.60% wirelength = 100.00%
Best update !!! M1 cost=265159 penalty = 0.00 area = 73.68% wirelength = 100.00%
Best update !!! M1 cost=265136 penalty = 0.00 area = 73.68% wirelength = 100.00%
Best update !!! M1 cost=264829 penalty = 0.00 area = 73.77% wirelength = 100.00%
Best update !!! M1 cost=264595 penalty = 0.00 area = 73.84% wirelength = 100.00%
Best update !!! M1 cost=264515 penalty = 0.00 area = 73.86% wirelength = 100.00%
Best update !!! M1 cost=263475 penalty = 0.00 area = 74.15% wirelength = 100.00%
Best update !!! M1 cost=263090 penalty = 0.00 area = 74.26% wirelength = 100.00%
Best update !!! M1 cost=262745 penalty = 0.00 area = 74.35% wirelength = 100.00%
Best update !!! M1 cost=262569 penalty = 0.00 area = 74.40% wirelength = 100.00%
Best update !!! M1 cost=262538 penalty = 0.00 area = 74.41% wirelength = 100.00%
Best update !!! M1 cost=262336 penalty = 0.00 area = 74.47% wirelength = 100.00%
Best update !!! M1 cost=262255 penalty = 0.00 area = 74.49% wirelength = 100.00%
Best update !!! M1 cost=262190 penalty = 0.00 area = 74.51% wirelength = 100.00%
Best update !!! M1 cost=261872 penalty = 0.00 area = 74.60% wirelength = 100.00%
Best update !!! M1 cost=261856 penalty = 0.00 area = 74.61% wirelength = 100.00%
Best update !!! M1 cost=261798 penalty = 0.00 area = 74.62% wirelength = 100.00%
Best update !!! M1 cost=261631 penalty = 0.00 area = 74.67% wirelength = 100.00%
Best update !!! M1 cost=261509 penalty = 0.00 area = 74.71% wirelength = 100.00%
Best update !!! M1 cost=261457 penalty = 0.00 area = 74.72% wirelength = 100.00%
Best update !!! M1 cost=261400 penalty = 0.00 area = 74.74% wirelength = 100.00%
Best update !!! M1 cost=261168 penalty = 0.00 area = 74.80% wirelength = 100.00%
Best update !!! M1 cost=261005 penalty = 0.00 area = 74.85% wirelength = 100.00%
Best update !!! M1 cost=260849 penalty = 0.00 area = 74.90% wirelength = 100.00%
Best update !!! M1 cost=260572 penalty = 0.00 area = 74.98% wirelength = 100.00%
Best update !!! M1 cost=260260 penalty = 0.00 area = 75.06% wirelength = 100.00%
Best update !!! M2 cost=260256 penalty = 0.00 area = 75.07% wirelength = 100.00%
Best update !!! M1 cost=260181 penalty = 0.00 area = 75.09% wirelength = 100.00%
Best update !!! M1 cost=259933 penalty = 0.00 area = 75.16% wirelength = 100.00%
Best update !!! M1 cost=259917 penalty = 0.00 area = 75.16% wirelength = 100.00%
Best update !!! M1 cost=259889 penalty = 0.00 area = 75.17% wirelength = 100.00%
Best update !!! M1 cost=259198 penalty = 0.00 area = 75.37% wirelength = 100.00%
Best update !!! M1 cost=259164 penalty = 0.00 area = 75.38% wirelength = 100.00%
Best update !!! M1 cost=259096 penalty = 0.00 area = 75.40% wirelength = 100.00%
Best update !!! M1 cost=259094 penalty = 0.00 area = 75.40% wirelength = 100.00%
Best update !!! M1 cost=259057 penalty = 0.00 area = 75.41% wirelength = 100.00%
Best update !!! M1 cost=258987 penalty = 0.00 area = 75.43% wirelength = 100.00%
Best update !!! M1 cost=258894 penalty = 0.00 area = 75.46% wirelength = 100.00%
Best update !!! M1 cost=258804 penalty = 0.00 area = 75.49% wirelength = 100.00%
Best update !!! M1 cost=258737 penalty = 0.00 area = 75.51% wirelength = 100.00%
Best update !!! M1 cost=258448 penalty = 0.00 area = 75.59% wirelength = 100.00%
Best update !!! M1 cost=258351 penalty = 0.00 area = 75.62% wirelength = 100.00%
Best update !!! M1 cost=258109 penalty = 0.00 area = 75.69% wirelength = 100.00%
Best update !!! M1 cost=258102 penalty = 0.00 area = 75.69% wirelength = 100.00%
Best update !!! M1 cost=258067 penalty = 0.00 area = 75.70% wirelength = 100.00%
Best update !!! M2 cost=258021 penalty = 0.00 area = 75.72% wirelength = 100.00%
Best update !!! M1 cost=257853 penalty = 0.00 area = 75.77% wirelength = 100.00%
Best update !!! M2 cost=257458 penalty = 0.00 area = 76.05% wirelength = 100.00%
Best update !!! M1 cost=257402 penalty = 0.00 area = 76.07% wirelength = 100.00%
Best update !!! M1 cost=257051 penalty = 0.00 area = 76.17% wirelength = 100.00%
Best update !!! M1 cost=256869 penalty = 0.00 area = 76.23% wirelength = 100.00%
Best update !!! M1 cost=256741 penalty = 0.00 area = 76.27% wirelength = 100.00%
Best update !!! M1 cost=256706 penalty = 0.00 area = 76.28% wirelength = 100.00%
Best update !!! M1 cost=256682 penalty = 0.00 area = 76.28% wirelength = 100.00%
Best update !!! M1 cost=256333 penalty = 0.00 area = 76.39% wirelength = 100.00%
Best update !!! M1 cost=256206 penalty = 0.00 area = 76.43% wirelength = 100.00%
Best update !!! M2 cost=256075 penalty = 0.00 area = 76.46% wirelength = 100.00%
Best update !!! M1 cost=256019 penalty = 0.00 area = 76.48% wirelength = 100.00%
Best update !!! M2 cost=255875 penalty = 0.00 area = 76.52% wirelength = 100.00%
Best update !!! M1 cost=255560 penalty = 0.00 area = 76.62% wirelength = 100.00%
Best update !!! M1 cost=255305 penalty = 0.00 area = 76.69% wirelength = 100.00%
Best update !!! M1 cost=255102 penalty = 0.00 area = 76.76% wirelength = 100.00%
Best update !!! M1 cost=255098 penalty = 0.00 area = 76.76% wirelength = 100.00%
Best update !!! M1 cost=254908 penalty = 0.00 area = 76.81% wirelength = 100.00%
Best update !!! M1 cost=254827 penalty = 0.00 area = 76.84% wirelength = 100.00%
Best update !!! M1 cost=254677 penalty = 0.00 area = 76.88% wirelength = 100.00%
Best update !!! M1 cost=254489 penalty = 0.00 area = 76.94% wirelength = 100.00%
Best update !!! M1 cost=254454 penalty = 0.00 area = 76.95% wirelength = 100.00%
Best update !!! M1 cost=254402 penalty = 0.00 area = 76.97% wirelength = 100.00%
Best update !!! M1 cost=254376 penalty = 0.00 area = 76.98% wirelength = 100.00%
Best update !!! M1 cost=254128 penalty = 0.00 area = 77.05% wirelength = 100.00%
Best update !!! M1 cost=254089 penalty = 0.00 area = 77.06% wirelength = 100.00%
Best update !!! M1 cost=254065 penalty = 0.00 area = 77.07% wirelength = 100.00%
Best update !!! M1 cost=252971 penalty = 0.00 area = 77.40% wirelength = 100.00%
Best update !!! M1 cost=252881 penalty = 0.00 area = 77.43% wirelength = 100.00%
Best update !!! M1 cost=252876 penalty = 0.00 area = 77.43% wirelength = 100.00%
Best update !!! M1 cost=252756 penalty = 0.00 area = 77.47% wirelength = 100.00%
Best update !!! M1 cost=252491 penalty = 0.00 area = 77.55% wirelength = 100.00%
Best update !!! M1 cost=252274 penalty = 0.00 area = 77.62% wirelength = 100.00%
Best update !!! M1 cost=252256 penalty = 0.00 area = 77.62% wirelength = 100.00%
Best update !!! M1 cost=252221 penalty = 0.00 area = 77.63% wirelength = 100.00%
Best update !!! M1 cost=252180 penalty = 0.00 area = 77.65% wirelength = 100.00%
Best update !!! M1 cost=252031 penalty = 0.00 area = 77.69% wirelength = 100.00%
Best update !!! M1 cost=251478 penalty = 0.00 area = 77.86% wirelength = 100.00%
Best update !!! M1 cost=251140 penalty = 0.00 area = 77.97% wirelength = 100.00%
Best update !!! M1 cost=251086 penalty = 0.00 area = 77.98% wirelength = 100.00%
Best update !!! M1 cost=250348 penalty = 0.00 area = 78.21% wirelength = 100.00%
Best update !!! M1 cost=250024 penalty = 0.00 area = 78.31% wirelength = 100.00%
Best update !!! M1 cost=249828 penalty = 0.00 area = 78.38% wirelength = 100.00%
Best update !!! M1 cost=249685 penalty = 0.00 area = 78.42% wirelength = 100.00%
Best update !!! M1 cost=249567 penalty = 0.00 area = 78.46% wirelength = 100.00%
Best update !!! M1 cost=249362 penalty = 0.00 area = 78.52% wirelength = 100.00%
Best update !!! M1 cost=249322 penalty = 0.00 area = 78.54% wirelength = 100.00%
Best update !!! M1 cost=249146 penalty = 0.00 area = 78.59% wirelength = 100.00%
Best update !!! M1 cost=249000 penalty = 0.00 area = 78.64% wirelength = 100.00%
Best update !!! M1 cost=248944 penalty = 0.00 area = 78.65% wirelength = 100.00%
Best update !!! M1 cost=248905 penalty = 0.00 area = 78.67% wirelength = 100.00%
Best update !!! M1 cost=248891 penalty = 0.00 area = 78.67% wirelength = 100.00%
Best update !!! M1 cost=248741 penalty = 0.00 area = 78.72% wirelength = 100.00%
Best update !!! M1 cost=248481 penalty = 0.00 area = 78.80% wirelength = 100.00%
Best update !!! M1 cost=248202 penalty = 0.00 area = 78.89% wirelength = 100.00%
Best update !!! M1 cost=248159 penalty = 0.00 area = 78.90% wirelength = 100.00%
Best update !!! M1 cost=248069 penalty = 0.00 area = 78.93% wirelength = 100.00%
Best update !!! M1 cost=248063 penalty = 0.00 area = 78.93% wirelength = 100.00%
Best update !!! M1 cost=247909 penalty = 0.00 area = 78.98% wirelength = 100.00%
Best update !!! M1 cost=247816 penalty = 0.00 area = 79.01% wirelength = 100.00%
Best update !!! M1 cost=247706 penalty = 0.00 area = 79.05% wirelength = 100.00%
Best update !!! M1 cost=247516 penalty = 0.00 area = 79.11% wirelength = 100.00%
Best update !!! M1 cost=247492 penalty = 0.00 area = 79.12% wirelength = 100.00%
Best update !!! M1 cost=247418 penalty = 0.00 area = 79.14% wirelength = 100.00%
Best update !!! M1 cost=247347 penalty = 0.00 area = 79.16% wirelength = 100.00%
Best update !!! M1 cost=247299 penalty = 0.00 area = 79.18% wirelength = 100.00%
Best update !!! M1 cost=247107 penalty = 0.00 area = 79.24% wirelength = 100.00%
Best update !!! M1 cost=247019 penalty = 0.00 area = 79.27% wirelength = 100.00%
Best update !!! M1 cost=246956 penalty = 0.00 area = 79.29% wirelength = 100.00%
Best update !!! M1 cost=246848 penalty = 0.00 area = 79.32% wirelength = 100.00%
Best update !!! M1 cost=246795 penalty = 0.00 area = 79.34% wirelength = 100.00%
Best update !!! M2 cost=246777 penalty = 0.00 area = 79.35% wirelength = 100.00%
Best update !!! M1 cost=246480 penalty = 0.00 area = 79.44% wirelength = 100.00%
Best update !!! M1 cost=246435 penalty = 0.00 area = 79.46% wirelength = 100.00%
Best update !!! M1 cost=246297 penalty = 0.00 area = 79.50% wirelength = 100.00%
Best update !!! M1 cost=246255 penalty = 0.00 area = 79.51% wirelength = 100.00%
Best update !!! M1 cost=245996 penalty = 0.00 area = 79.60% wirelength = 100.00%
Best update !!! M1 cost=245972 penalty = 0.00 area = 79.60% wirelength = 100.00%
Best update !!! M1 cost=245916 penalty = 0.00 area = 79.62% wirelength = 100.00%
Best update !!! M1 cost=245856 penalty = 0.00 area = 79.64% wirelength = 100.00%
Best update !!! M1 cost=245802 penalty = 0.00 area = 79.66% wirelength = 100.00%
Best update !!! M1 cost=245657 penalty = 0.00 area = 79.71% wirelength = 100.00%
Best update !!! M1 cost=245563 penalty = 0.00 area = 79.74% wirelength = 100.00%
Best update !!! M1 cost=245355 penalty = 0.00 area = 79.81% wirelength = 100.00%
Best update !!! M1 cost=245281 penalty = 0.00 area = 79.83% wirelength = 100.00%
Best update !!! M1 cost=245223 penalty = 0.00 area = 79.85% wirelength = 100.00%
Best update !!! M1 cost=245199 penalty = 0.00 area = 79.86% wirelength = 100.00%
Best update !!! M1 cost=245165 penalty = 0.00 area = 79.87% wirelength = 100.00%
Best update !!! M1 cost=245158 penalty = 0.00 area = 79.87% wirelength = 100.00%
Best update !!! M1 cost=244899 penalty = 0.00 area = 79.95% wirelength = 100.00%
Best update !!! M1 cost=244857 penalty = 0.00 area = 79.97% wirelength = 100.00%
Best update !!! M1 cost=244794 penalty = 0.00 area = 79.99% wirelength = 100.00%
Best update !!! M1 cost=244725 penalty = 0.00 area = 80.01% wirelength = 100.00%
Best update !!! M1 cost=244647 penalty = 0.00 area = 80.04% wirelength = 100.00%
Best update !!! M1 cost=244635 penalty = 0.00 area = 80.04% wirelength = 100.00%
Best update !!! M1 cost=244551 penalty = 0.00 area = 80.07% wirelength = 100.00%
Best update !!! M1 cost=244128 penalty = 0.00 area = 80.21% wirelength = 100.00%
Best update !!! M1 cost=243982 penalty = 0.00 area = 80.25% wirelength = 100.00%
Best update !!! M1 cost=243900 penalty = 0.00 area = 80.28% wirelength = 100.00%
Best update !!! M1 cost=243795 penalty = 0.00 area = 80.32% wirelength = 100.00%
Best update !!! M1 cost=243761 penalty = 0.00 area = 80.33% wirelength = 100.00%
Best update !!! M1 cost=243716 penalty = 0.00 area = 80.34% wirelength = 100.00%
Best update !!! M1 cost=243563 penalty = 0.00 area = 80.39% wirelength = 100.00%
Best update !!! M1 cost=243550 penalty = 0.00 area = 80.40% wirelength = 100.00%
Best update !!! M1 cost=243450 penalty = 0.00 area = 80.43% wirelength = 100.00%
Best update !!! M1 cost=243316 penalty = 0.00 area = 80.47% wirelength = 100.00%
Best update !!! M1 cost=243287 penalty = 0.00 area = 80.48% wirelength = 100.00%
Best update !!! M1 cost=243253 penalty = 0.00 area = 80.49% wirelength = 100.00%
Best update !!! M1 cost=243241 penalty = 0.00 area = 80.50% wirelength = 100.00%
Best update !!! M1 cost=243113 penalty = 0.00 area = 80.54% wirelength = 100.00%
Best update !!! M1 cost=242869 penalty = 0.00 area = 80.62% wirelength = 100.00%
Best update !!! M1 cost=242698 penalty = 0.00 area = 80.68% wirelength = 100.00%
Best update !!! M1 cost=242591 penalty = 0.00 area = 80.71% wirelength = 100.00%
Best update !!! M1 cost=242560 penalty = 0.00 area = 80.72% wirelength = 100.00%
Best update !!! M1 cost=242522 penalty = 0.00 area = 80.74% wirelength = 100.00%
Best update !!! M1 cost=242399 penalty = 0.00 area = 80.78% wirelength = 100.00%
Best update !!! M1 cost=242198 penalty = 0.00 area = 80.85% wirelength = 100.00%
Best update !!! M1 cost=241990 penalty = 0.00 area = 80.91% wirelength = 100.00%
Best update !!! M1 cost=241944 penalty = 0.00 area = 80.93% wirelength = 100.00%
Best update !!! M1 cost=241847 penalty = 0.00 area = 80.96% wirelength = 100.00%
Best update !!! M1 cost=241808 penalty = 0.00 area = 80.98% wirelength = 100.00%
Best update !!! M1 cost=241646 penalty = 0.00 area = 81.03% wirelength = 100.00%
Best update !!! M1 cost=241466 penalty = 0.00 area = 81.09% wirelength = 100.00%
Best update !!! M1 cost=241269 penalty = 0.00 area = 81.16% wirelength = 100.00%
Best update !!! M1 cost=241265 penalty = 0.00 area = 81.16% wirelength = 100.00%
Best update !!! M1 cost=241192 penalty = 0.00 area = 81.18% wirelength = 100.00%
Best update !!! M1 cost=241066 penalty = 0.00 area = 81.23% wirelength = 100.00%
Best update !!! M1 cost=241041 penalty = 0.00 area = 81.05% wirelength = 100.00%
Best update !!! M1 cost=240903 penalty = 0.00 area = 81.10% wirelength = 100.00%
Best update !!! M1 cost=240878 penalty = 0.00 area = 81.10% wirelength = 100.00%
Best update !!! M1 cost=240752 penalty = 0.00 area = 81.15% wirelength = 100.00%
Best update !!! M1 cost=240694 penalty = 0.00 area = 81.17% wirelength = 100.00%
Best update !!! M1 cost=240635 penalty = 0.00 area = 81.19% wirelength = 100.00%
Best update !!! M1 cost=240421 penalty = 0.00 area = 81.26% wirelength = 100.00%
Best update !!! M1 cost=240414 penalty = 0.00 area = 81.26% wirelength = 100.00%
Best update !!! M1 cost=240367 penalty = 0.00 area = 81.28% wirelength = 100.00%
Best update !!! M1 cost=240214 penalty = 0.00 area = 81.33% wirelength = 100.00%
Best update !!! M1 cost=240168 penalty = 0.00 area = 81.34% wirelength = 100.00%
Best update !!! M1 cost=240106 penalty = 0.00 area = 81.37% wirelength = 100.00%
Best update !!! M1 cost=240100 penalty = 0.00 area = 81.37% wirelength = 100.00%
Best update !!! M1 cost=240044 penalty = 0.00 area = 81.39% wirelength = 100.00%
Best update !!! M1 cost=240035 penalty = 0.00 area = 81.39% wirelength = 100.00%
Best update !!! M2 cost=239779 penalty = 0.00 area = 81.48% wirelength = 100.00%
Best update !!! M1 cost=239594 penalty = 0.00 area = 81.54% wirelength = 100.00%
Best update !!! M2 cost=239560 penalty = 0.00 area = 81.55% wirelength = 100.00%
Best update !!! M1 cost=239485 penalty = 0.00 area = 81.58% wirelength = 100.00%
Best update !!! M1 cost=239170 penalty = 0.00 area = 81.68% wirelength = 100.00%
Best update !!! M1 cost=238905 penalty = 0.00 area = 81.77% wirelength = 100.00%
Best update !!! M1 cost=238766 penalty = 0.00 area = 81.82% wirelength = 100.00%
Best update !!! M1 cost=238682 penalty = 0.00 area = 81.85% wirelength = 100.00%
Best update !!! M2 cost=238653 penalty = 0.00 area = 81.86% wirelength = 100.00%
Best update !!! M1 cost=238607 penalty = 0.00 area = 81.88% wirelength = 100.00%
Best update !!! M1 cost=238442 penalty = 0.00 area = 81.93% wirelength = 100.00%
Best update !!! M1 cost=238426 penalty = 0.00 area = 81.94% wirelength = 100.00%
Best update !!! M1 cost=238255 penalty = 0.00 area = 82.00% wirelength = 100.00%
Best update !!! M1 cost=238251 penalty = 0.00 area = 82.00% wirelength = 100.00%
Best update !!! M1 cost=238236 penalty = 0.00 area = 82.00% wirelength = 100.00%
Best update !!! M1 cost=238001 penalty = 0.00 area = 82.09% wirelength = 100.00%
Best update !!! M1 cost=238000 penalty = 0.00 area = 82.09% wirelength = 100.00%
Best update !!! M1 cost=237950 penalty = 0.00 area = 82.10% wirelength = 100.00%
Best update !!! M1 cost=237905 penalty = 0.00 area = 82.12% wirelength = 100.00%
Best update !!! M1 cost=237880 penalty = 0.00 area = 82.13% wirelength = 100.00%
Best update !!! M1 cost=237847 penalty = 0.00 area = 82.14% wirelength = 100.00%
Best update !!! M1 cost=237735 penalty = 0.00 area = 82.18% wirelength = 100.00%
Best update !!! M1 cost=237702 penalty = 0.00 area = 82.19% wirelength = 100.00%
Best update !!! M1 cost=237687 penalty = 0.00 area = 82.19% wirelength = 100.00%
Best update !!! M1 cost=237591 penalty = 0.00 area = 82.23% wirelength = 100.00%
Best update !!! M1 cost=237565 penalty = 0.00 area = 82.24% wirelength = 100.00%
Best update !!! M1 cost=237444 penalty = 0.00 area = 82.28% wirelength = 100.00%
Best update !!! M1 cost=237331 penalty = 0.00 area = 82.32% wirelength = 100.00%
Best update !!! M1 cost=237251 penalty = 0.00 area = 82.34% wirelength = 100.00%
Best update !!! M1 cost=237216 penalty = 0.00 area = 82.36% wirelength = 100.00%
Best update !!! M1 cost=237148 penalty = 0.00 area = 82.38% wirelength = 100.00%
Best update !!! M1 cost=237112 penalty = 0.00 area = 82.39% wirelength = 100.00%
Best update !!! M1 cost=237089 penalty = 0.00 area = 82.40% wirelength = 100.00%
Best update !!! M1 cost=236973 penalty = 0.00 area = 82.44% wirelength = 100.00%
Best update !!! M1 cost=236874 penalty = 0.00 area = 82.48% wirelength = 100.00%
Best update !!! M1 cost=236708 penalty = 0.00 area = 82.53% wirelength = 100.00%
Best update !!! M1 cost=236591 penalty = 0.00 area = 82.57% wirelength = 100.00%
Best update !!! M1 cost=236526 penalty = 0.00 area = 82.60% wirelength = 100.00%
Best update !!! M1 cost=236439 penalty = 0.00 area = 82.63% wirelength = 100.00%
Best update !!! M2 cost=236410 penalty = 0.00 area = 82.64% wirelength = 100.00%
Best update !!! M1 cost=236362 penalty = 0.00 area = 82.65% wirelength = 100.00%
Best update !!! M1 cost=236338 penalty = 0.00 area = 82.66% wirelength = 100.00%
Best update !!! M1 cost=236318 penalty = 0.00 area = 82.67% wirelength = 100.00%
Best update !!! M1 cost=236263 penalty = 0.00 area = 82.69% wirelength = 100.00%
Best update !!! M1 cost=236183 penalty = 0.00 area = 82.72% wirelength = 100.00%
Best update !!! M1 cost=236108 penalty = 0.00 area = 82.74% wirelength = 100.00%
Best update !!! M1 cost=236104 penalty = 0.00 area = 82.74% wirelength = 100.00%
Best update !!! M1 cost=236084 penalty = 0.00 area = 82.94% wirelength = 100.00%
Best update !!! M1 cost=235899 penalty = 0.00 area = 83.00% wirelength = 100.00%
Best update !!! M1 cost=235789 penalty = 0.00 area = 82.86% wirelength = 100.00%
Best update !!! M1 cost=235779 penalty = 0.00 area = 82.86% wirelength = 100.00%
Best update !!! M1 cost=235675 penalty = 0.00 area = 82.90% wirelength = 100.00%
Best update !!! M1 cost=235614 penalty = 0.00 area = 82.92% wirelength = 100.00%
Best update !!! M1 cost=235578 penalty = 0.00 area = 82.93% wirelength = 100.00%
Best update !!! M1 cost=235550 penalty = 0.00 area = 82.94% wirelength = 100.00%
Best update !!! M1 cost=235432 penalty = 0.00 area = 82.98% wirelength = 100.00%
Best update !!! M1 cost=235387 penalty = 0.00 area = 83.00% wirelength = 100.00%
Best update !!! M1 cost=235374 penalty = 0.00 area = 83.00% wirelength = 100.00%
Best update !!! M1 cost=235277 penalty = 0.00 area = 83.04% wirelength = 100.00%
Best update !!! M1 cost=235103 penalty = 0.00 area = 83.10% wirelength = 100.00%
Best update !!! M1 cost=234983 penalty = 0.00 area = 83.14% wirelength = 100.00%
Best update !!! M1 cost=234886 penalty = 0.00 area = 83.17% wirelength = 100.00%
Best update !!! M1 cost=234807 penalty = 0.00 area = 83.20% wirelength = 100.00%
Best update !!! M1 cost=234797 penalty = 0.00 area = 83.21% wirelength = 100.00%
Best update !!! M1 cost=234764 penalty = 0.00 area = 83.22% wirelength = 100.00%
Best update !!! M1 cost=234711 penalty = 0.00 area = 83.24% wirelength = 100.00%
Best update !!! M1 cost=234693 penalty = 0.00 area = 83.24% wirelength = 100.00%
Best update !!! M1 cost=234615 penalty = 0.00 area = 83.27% wirelength = 100.00%
Best update !!! M1 cost=234574 penalty = 0.00 area = 83.28% wirelength = 100.00%
Best update !!! M1 cost=234482 penalty = 0.00 area = 83.32% wirelength = 100.00%
Best update !!! M1 cost=234389 penalty = 0.00 area = 83.35% wirelength = 100.00%
Best update !!! M1 cost=234381 penalty = 0.00 area = 83.35% wirelength = 100.00%
Best update !!! M1 cost=234245 penalty = 0.00 area = 83.40% wirelength = 100.00%
Best update !!! M1 cost=234153 penalty = 0.00 area = 83.43% wirelength = 100.00%
Best update !!! M1 cost=234024 penalty = 0.00 area = 83.48% wirelength = 100.00%
Best update !!! M2 cost=233604 penalty = 0.00 area = 83.63% wirelength = 100.00%
Best update !!! M1 cost=233555 penalty = 0.00 area = 83.65% wirelength = 100.00%
Best update !!! M1 cost=233489 penalty = 0.00 area = 83.67% wirelength = 100.00%
Best update !!! M1 cost=233389 penalty = 0.00 area = 83.71% wirelength = 100.00%
Best update !!! M1 cost=233328 penalty = 0.00 area = 83.73% wirelength = 100.00%
Best update !!! M1 cost=233220 penalty = 0.00 area = 83.77% wirelength = 100.00%
Best update !!! M1 cost=233099 penalty = 0.00 area = 83.81% wirelength = 100.00%
Best update !!! M1 cost=232994 penalty = 0.00 area = 83.85% wirelength = 100.00%
Best update !!! M1 cost=232948 penalty = 0.00 area = 83.87% wirelength = 100.00%
Best update !!! M1 cost=232730 penalty = 0.00 area = 83.94% wirelength = 100.00%
Best update !!! M1 cost=232693 penalty = 0.00 area = 83.96% wirelength = 100.00%
Best update !!! M1 cost=232642 penalty = 0.00 area = 83.98% wirelength = 100.00%
Best update !!! M1 cost=232596 penalty = 0.00 area = 83.99% wirelength = 100.00%
Best update !!! M1 cost=232565 penalty = 0.00 area = 84.00% wirelength = 100.00%
Best update !!! M1 cost=232509 penalty = 0.00 area = 84.02% wirelength = 100.00%
Best update !!! M1 cost=232406 penalty = 0.00 area = 84.06% wirelength = 100.00%
Best update !!! M1 cost=232399 penalty = 0.00 area = 84.06% wirelength = 100.00%
Best update !!! M1 cost=232380 penalty = 0.00 area = 84.07% wirelength = 100.00%
Best update !!! M1 cost=232324 penalty = 0.00 area = 84.09% wirelength = 100.00%
Best update !!! M1 cost=232306 penalty = 0.00 area = 84.10% wirelength = 100.00%
Best update !!! M1 cost=232203 penalty = 0.00 area = 84.52% wirelength = 100.00%
Best update !!! M2 cost=231854 penalty = 0.00 area = 84.83% wirelength = 100.00%
Best update !!! M1 cost=231820 penalty = 0.00 area = 84.85% wirelength = 100.00%
Best update !!! M1 cost=231698 penalty = 0.00 area = 84.89% wirelength = 100.00%
Best update !!! M1 cost=231624 penalty = 0.00 area = 84.92% wirelength = 100.00%
Best update !!! M1 cost=231609 penalty = 0.00 area = 84.92% wirelength = 100.00%
Best update !!! M2 cost=231601 penalty = 0.00 area = 84.93% wirelength = 100.00%
Best update !!! M1 cost=231597 penalty = 0.00 area = 84.93% wirelength = 100.00%
Best update !!! M1 cost=231565 penalty = 0.00 area = 84.94% wirelength = 100.00%
Best update !!! M1 cost=231542 penalty = 0.00 area = 84.95% wirelength = 100.00%
Best update !!! M1 cost=231494 penalty = 0.00 area = 84.97% wirelength = 100.00%
Best update !!! M1 cost=231484 penalty = 0.00 area = 84.97% wirelength = 100.00%
Best update !!! M1 cost=231476 penalty = 0.00 area = 84.78% wirelength = 100.00%
Best update !!! M2 cost=231471 penalty = 0.00 area = 84.78% wirelength = 100.00%
Best update !!! M2 cost=231386 penalty = 0.00 area = 84.62% wirelength = 100.00%
Best update !!! M2 cost=231365 penalty = 0.00 area = 84.63% wirelength = 100.00%
Best update !!! M1 cost=231317 penalty = 0.00 area = 84.65% wirelength = 100.00%
Best update !!! M1 cost=231314 penalty = 0.00 area = 84.65% wirelength = 100.00%
Best update !!! M2 cost=231214 penalty = 0.00 area = 85.07% wirelength = 100.00%
Best update !!! M3 cost=231212 penalty = 0.00 area = 85.07% wirelength = 100.00%
Best update !!! M1 cost=231031 penalty = 0.00 area = 85.14% wirelength = 100.00%
Best update !!! M1 cost=231011 penalty = 0.00 area = 85.14% wirelength = 100.00%
Best update !!! M1 cost=230971 penalty = 0.00 area = 85.16% wirelength = 100.00%
Best update !!! M1 cost=230813 penalty = 0.00 area = 84.83% wirelength = 100.00%
Best update !!! M1 cost=230757 penalty = 0.00 area = 84.85% wirelength = 100.00%
Best update !!! M1 cost=230571 penalty = 0.00 area = 84.92% wirelength = 100.00%
Best update !!! M1 cost=230567 penalty = 0.00 area = 84.92% wirelength = 100.00%
Best update !!! M1 cost=230421 penalty = 0.00 area = 84.98% wirelength = 100.00%
Best update !!! M2 cost=230354 penalty = 0.00 area = 85.00% wirelength = 100.00%
Best update !!! M1 cost=230204 penalty = 0.00 area = 85.06% wirelength = 100.00%
Best update !!! M1 cost=230141 penalty = 0.00 area = 85.08% wirelength = 100.00%
Best update !!! M2 cost=230086 penalty = 0.00 area = 85.10% wirelength = 100.00%
Best update !!! M1 cost=230058 penalty = 0.00 area = 85.11% wirelength = 100.00%
Best update !!! M1 cost=230021 penalty = 0.00 area = 85.12% wirelength = 100.00%
Best update !!! M1 cost=230018 penalty = 0.00 area = 85.13% wirelength = 100.00%
Best update !!! M1 cost=229991 penalty = 0.00 area = 85.14% wirelength = 100.00%
Best update !!! M1 cost=229855 penalty = 0.00 area = 85.19% wirelength = 100.00%
Best update !!! M1 cost=229826 penalty = 0.00 area = 85.20% wirelength = 100.00%
Best update !!! M1 cost=229780 penalty = 0.00 area = 85.21% wirelength = 100.00%
Best update !!! M1 cost=229733 penalty = 0.00 area = 85.23% wirelength = 100.00%
Best update !!! M1 cost=229698 penalty = 0.00 area = 85.44% wirelength = 100.00%
Best update !!! M1 cost=229667 penalty = 0.00 area = 85.45% wirelength = 100.00%
Best update !!! M1 cost=229528 penalty = 0.00 area = 85.50% wirelength = 100.00%
Best update !!! M1 cost=229513 penalty = 0.00 area = 85.51% wirelength = 100.00%
Best update !!! M1 cost=229486 penalty = 0.00 area = 85.32% wirelength = 100.00%
Best update !!! M1 cost=229474 penalty = 0.00 area = 85.33% wirelength = 100.00%
Best update !!! M1 cost=229468 penalty = 0.00 area = 85.33% wirelength = 100.00%
Best update !!! M1 cost=229455 penalty = 0.00 area = 85.33% wirelength = 100.00%
Best update !!! M1 cost=229398 penalty = 0.00 area = 85.36% wirelength = 100.00%
Best update !!! M1 cost=229341 penalty = 0.00 area = 85.38% wirelength = 100.00%
Best update !!! M1 cost=229119 penalty = 0.00 area = 85.46% wirelength = 100.00%
Best update !!! M1 cost=229086 penalty = 0.00 area = 85.47% wirelength = 100.00%
Best update !!! M1 cost=229012 penalty = 0.00 area = 85.50% wirelength = 100.00%
Best update !!! M1 cost=228858 penalty = 0.00 area = 85.56% wirelength = 100.00%
Best update !!! M1 cost=228845 penalty = 0.00 area = 85.56% wirelength = 100.00%
Best update !!! M1 cost=228823 penalty = 0.00 area = 85.57% wirelength = 100.00%
Best update !!! M1 cost=228783 penalty = 0.00 area = 85.97% wirelength = 100.00%
Best update !!! M1 cost=228782 penalty = 0.00 area = 85.97% wirelength = 100.00%
Best update !!! M1 cost=228724 penalty = 0.00 area = 85.80% wirelength = 100.00%
Best update !!! M1 cost=228696 penalty = 0.00 area = 85.81% wirelength = 100.00%
Best update !!! M1 cost=228688 penalty = 0.00 area = 85.81% wirelength = 100.00%
Best update !!! M1 cost=228648 penalty = 0.00 area = 85.83% wirelength = 100.00%
Best update !!! M1 cost=228615 penalty = 0.00 area = 85.84% wirelength = 100.00%
Best update !!! M1 cost=228610 penalty = 0.00 area = 85.84% wirelength = 100.00%
Best update !!! M2 cost=228573 penalty = 0.00 area = 85.86% wirelength = 100.00%
Best update !!! M1 cost=228462 penalty = 0.00 area = 85.71% wirelength = 100.00%
Best update !!! M1 cost=228414 penalty = 0.00 area = 85.72% wirelength = 100.00%
Best update !!! M1 cost=228388 penalty = 0.00 area = 85.73% wirelength = 100.00%
Best update !!! M1 cost=228360 penalty = 0.00 area = 85.74% wirelength = 100.00%
Best update !!! M1 cost=228296 penalty = 0.00 area = 85.77% wirelength = 100.00%
Best update !!! M1 cost=228096 penalty = 0.00 area = 85.84% wirelength = 100.00%
Best update !!! M1 cost=228091 penalty = 0.00 area = 85.84% wirelength = 100.00%
Best update !!! M1 cost=228045 penalty = 0.00 area = 85.86% wirelength = 100.00%
Best update !!! M1 cost=227993 penalty = 0.00 area = 85.88% wirelength = 100.00%
Best update !!! M1 cost=227966 penalty = 0.00 area = 86.09% wirelength = 100.00%
Best update !!! M1 cost=227929 penalty = 0.00 area = 86.10% wirelength = 100.00%
Best update !!! M1 cost=227874 penalty = 0.00 area = 86.12% wirelength = 100.00%
Best update !!! M1 cost=227852 penalty = 0.00 area = 86.32% wirelength = 100.00%
Best update !!! M1 cost=227838 penalty = 0.00 area = 86.52% wirelength = 100.00%
Best update !!! M1 cost=227829 penalty = 0.00 area = 86.33% wirelength = 100.00%
Best update !!! M1 cost=227790 penalty = 0.00 area = 86.35% wirelength = 100.00%
Final cost = 227790.00 Penalty = 0.00 area = 86.35% wirelength = 100.00%
The total HPWL = 227790
Total time used = 578s
