Invalid b
Default b = 173
Out file = ../output/public22.out
Initial cost = 411761503921 Penalty = 100.00% area = 0.00% wirelength =0.00%
The total HPWL = 586171
Total time used = 0s
Best update !!! M1 cost=586026 penalty = 0.00 area = 37.21% wirelength = 100.00%
Best update !!! M1 cost=585935 penalty = 0.00 area = 37.22% wirelength = 100.00%
Best update !!! M1 cost=585893 penalty = 0.00 area = 37.22% wirelength = 100.00%
Best update !!! M1 cost=585815 penalty = 0.00 area = 37.23% wirelength = 100.00%
Best update !!! M1 cost=585802 penalty = 0.00 area = 37.23% wirelength = 100.00%
Best update !!! M1 cost=585635 penalty = 0.00 area = 37.24% wirelength = 100.00%
Best update !!! M1 cost=585633 penalty = 0.00 area = 37.24% wirelength = 100.00%
Best update !!! M1 cost=585557 penalty = 0.00 area = 37.24% wirelength = 100.00%
Best update !!! M2 cost=585425 penalty = 0.00 area = 37.25% wirelength = 100.00%
Best update !!! M1 cost=585337 penalty = 0.00 area = 37.26% wirelength = 100.00%
Best update !!! M1 cost=585202 penalty = 0.00 area = 37.27% wirelength = 100.00%
Best update !!! M1 cost=585020 penalty = 0.00 area = 37.28% wirelength = 100.00%
Best update !!! M1 cost=584941 penalty = 0.00 area = 37.28% wirelength = 100.00%
Best update !!! M1 cost=584914 penalty = 0.00 area = 37.29% wirelength = 100.00%
Best update !!! M1 cost=584905 penalty = 0.00 area = 37.29% wirelength = 100.00%
Best update !!! M1 cost=584821 penalty = 0.00 area = 37.29% wirelength = 100.00%
Best update !!! M1 cost=584724 penalty = 0.00 area = 37.30% wirelength = 100.00%
Best update !!! M1 cost=584675 penalty = 0.00 area = 37.30% wirelength = 100.00%
Best update !!! M1 cost=584651 penalty = 0.00 area = 37.30% wirelength = 100.00%
Best update !!! M1 cost=584643 penalty = 0.00 area = 37.30% wirelength = 100.00%
Best update !!! M1 cost=583694 penalty = 0.00 area = 37.36% wirelength = 100.00%
Best update !!! M1 cost=583562 penalty = 0.00 area = 37.37% wirelength = 100.00%
Best update !!! M1 cost=583450 penalty = 0.00 area = 37.38% wirelength = 100.00%
Best update !!! M1 cost=583411 penalty = 0.00 area = 37.38% wirelength = 100.00%
Best update !!! M1 cost=583366 penalty = 0.00 area = 37.38% wirelength = 100.00%
Best update !!! M1 cost=583003 penalty = 0.00 area = 37.41% wirelength = 100.00%
Best update !!! M1 cost=582859 penalty = 0.00 area = 37.42% wirelength = 100.00%
Best update !!! M1 cost=582766 penalty = 0.00 area = 37.42% wirelength = 100.00%
Best update !!! M1 cost=582743 penalty = 0.00 area = 37.42% wirelength = 100.00%
Best update !!! M1 cost=582702 penalty = 0.00 area = 37.43% wirelength = 100.00%
Best update !!! M3 cost=582700 penalty = 0.00 area = 37.43% wirelength = 100.00%
Best update !!! M1 cost=582687 penalty = 0.00 area = 37.43% wirelength = 100.00%
Best update !!! M1 cost=582658 penalty = 0.00 area = 37.43% wirelength = 100.00%
Best update !!! M1 cost=580506 penalty = 0.00 area = 37.57% wirelength = 100.00%
Best update !!! M2 cost=580322 penalty = 0.00 area = 37.58% wirelength = 100.00%
Best update !!! M1 cost=580254 penalty = 0.00 area = 37.59% wirelength = 100.00%
Best update !!! M1 cost=579703 penalty = 0.00 area = 37.62% wirelength = 100.00%
Best update !!! M1 cost=579377 penalty = 0.00 area = 37.64% wirelength = 100.00%
Best update !!! M1 cost=579200 penalty = 0.00 area = 37.65% wirelength = 100.00%
Best update !!! M1 cost=579178 penalty = 0.00 area = 37.65% wirelength = 100.00%
Best update !!! M1 cost=578975 penalty = 0.00 area = 37.67% wirelength = 100.00%
Best update !!! M1 cost=578622 penalty = 0.00 area = 37.69% wirelength = 100.00%
Best update !!! M1 cost=578512 penalty = 0.00 area = 37.70% wirelength = 100.00%
Best update !!! M1 cost=578481 penalty = 0.00 area = 37.70% wirelength = 100.00%
Best update !!! M1 cost=578475 penalty = 0.00 area = 37.70% wirelength = 100.00%
Best update !!! M1 cost=578466 penalty = 0.00 area = 37.70% wirelength = 100.00%
Best update !!! M1 cost=578174 penalty = 0.00 area = 37.72% wirelength = 100.00%
Best update !!! M1 cost=578168 penalty = 0.00 area = 37.72% wirelength = 100.00%
Best update !!! M1 cost=578002 penalty = 0.00 area = 37.73% wirelength = 100.00%
Best update !!! M1 cost=577900 penalty = 0.00 area = 37.74% wirelength = 100.00%
Best update !!! M1 cost=577740 penalty = 0.00 area = 37.75% wirelength = 100.00%
Best update !!! M1 cost=577630 penalty = 0.00 area = 37.76% wirelength = 100.00%
Best update !!! M1 cost=577589 penalty = 0.00 area = 37.76% wirelength = 100.00%
Best update !!! M1 cost=577571 penalty = 0.00 area = 37.76% wirelength = 100.00%
Best update !!! M1 cost=577554 penalty = 0.00 area = 37.76% wirelength = 100.00%
Best update !!! M1 cost=577460 penalty = 0.00 area = 37.77% wirelength = 100.00%
Best update !!! M1 cost=577449 penalty = 0.00 area = 37.77% wirelength = 100.00%
Best update !!! M1 cost=577393 penalty = 0.00 area = 37.77% wirelength = 100.00%
Best update !!! M1 cost=577320 penalty = 0.00 area = 37.78% wirelength = 100.00%
Best update !!! M1 cost=577134 penalty = 0.00 area = 37.79% wirelength = 100.00%
Best update !!! M1 cost=577026 penalty = 0.00 area = 37.80% wirelength = 100.00%
Best update !!! M1 cost=576990 penalty = 0.00 area = 37.80% wirelength = 100.00%
Best update !!! M1 cost=576810 penalty = 0.00 area = 37.81% wirelength = 100.00%
Best update !!! M1 cost=576422 penalty = 0.00 area = 37.83% wirelength = 100.00%
Best update !!! M1 cost=576362 penalty = 0.00 area = 37.84% wirelength = 100.00%
Best update !!! M1 cost=576322 penalty = 0.00 area = 37.84% wirelength = 100.00%
Best update !!! M1 cost=576241 penalty = 0.00 area = 37.85% wirelength = 100.00%
Best update !!! M1 cost=576221 penalty = 0.00 area = 37.85% wirelength = 100.00%
Best update !!! M1 cost=576084 penalty = 0.00 area = 37.86% wirelength = 100.00%
Best update !!! M1 cost=575860 penalty = 0.00 area = 37.87% wirelength = 100.00%
Best update !!! M1 cost=575787 penalty = 0.00 area = 37.88% wirelength = 100.00%
Best update !!! M1 cost=575722 penalty = 0.00 area = 37.88% wirelength = 100.00%
Best update !!! M1 cost=575494 penalty = 0.00 area = 37.90% wirelength = 100.00%
Best update !!! M1 cost=575021 penalty = 0.00 area = 37.93% wirelength = 100.00%
Best update !!! M1 cost=574809 penalty = 0.00 area = 37.94% wirelength = 100.00%
Best update !!! M1 cost=574680 penalty = 0.00 area = 37.95% wirelength = 100.00%
Best update !!! M2 cost=573463 penalty = 0.00 area = 38.03% wirelength = 100.00%
Best update !!! M1 cost=573330 penalty = 0.00 area = 38.04% wirelength = 100.00%
Best update !!! M1 cost=573294 penalty = 0.00 area = 38.04% wirelength = 100.00%
Best update !!! M1 cost=573233 penalty = 0.00 area = 38.05% wirelength = 100.00%
Best update !!! M1 cost=573218 penalty = 0.00 area = 38.05% wirelength = 100.00%
Best update !!! M1 cost=573097 penalty = 0.00 area = 38.05% wirelength = 100.00%
Best update !!! M1 cost=573017 penalty = 0.00 area = 38.06% wirelength = 100.00%
Best update !!! M1 cost=573005 penalty = 0.00 area = 38.06% wirelength = 100.00%
Best update !!! M1 cost=572952 penalty = 0.00 area = 38.06% wirelength = 100.00%
Best update !!! M1 cost=572936 penalty = 0.00 area = 38.07% wirelength = 100.00%
Best update !!! M1 cost=572928 penalty = 0.00 area = 38.07% wirelength = 100.00%
Best update !!! M1 cost=572852 penalty = 0.00 area = 38.07% wirelength = 100.00%
Best update !!! M1 cost=572581 penalty = 0.00 area = 38.09% wirelength = 100.00%
Best update !!! M1 cost=572551 penalty = 0.00 area = 38.09% wirelength = 100.00%
Best update !!! M1 cost=572494 penalty = 0.00 area = 38.09% wirelength = 100.00%
Best update !!! M1 cost=572375 penalty = 0.00 area = 38.10% wirelength = 100.00%
Best update !!! M1 cost=572371 penalty = 0.00 area = 38.10% wirelength = 100.00%
Best update !!! M1 cost=571549 penalty = 0.00 area = 38.16% wirelength = 100.00%
Best update !!! M1 cost=571355 penalty = 0.00 area = 38.17% wirelength = 100.00%
Best update !!! M1 cost=571331 penalty = 0.00 area = 38.17% wirelength = 100.00%
Best update !!! M1 cost=571110 penalty = 0.00 area = 38.19% wirelength = 100.00%
Best update !!! M1 cost=571070 penalty = 0.00 area = 38.19% wirelength = 100.00%
Best update !!! M1 cost=571014 penalty = 0.00 area = 38.19% wirelength = 100.00%
Best update !!! M1 cost=570905 penalty = 0.00 area = 38.20% wirelength = 100.00%
Best update !!! M1 cost=570875 penalty = 0.00 area = 38.20% wirelength = 100.00%
Best update !!! M1 cost=570866 penalty = 0.00 area = 38.20% wirelength = 100.00%
Best update !!! M1 cost=570829 penalty = 0.00 area = 38.21% wirelength = 100.00%
Best update !!! M1 cost=570739 penalty = 0.00 area = 38.21% wirelength = 100.00%
Best update !!! M1 cost=570650 penalty = 0.00 area = 38.22% wirelength = 100.00%
Best update !!! M1 cost=570570 penalty = 0.00 area = 38.22% wirelength = 100.00%
Best update !!! M1 cost=570262 penalty = 0.00 area = 38.24% wirelength = 100.00%
Best update !!! M1 cost=570041 penalty = 0.00 area = 38.26% wirelength = 100.00%
Best update !!! M2 cost=570035 penalty = 0.00 area = 38.26% wirelength = 100.00%
Best update !!! M1 cost=569993 penalty = 0.00 area = 38.26% wirelength = 100.00%
Best update !!! M1 cost=569984 penalty = 0.00 area = 38.26% wirelength = 100.00%
Best update !!! M1 cost=569968 penalty = 0.00 area = 38.26% wirelength = 100.00%
Best update !!! M1 cost=569847 penalty = 0.00 area = 38.27% wirelength = 100.00%
Best update !!! M1 cost=569796 penalty = 0.00 area = 38.27% wirelength = 100.00%
Best update !!! M1 cost=569739 penalty = 0.00 area = 38.28% wirelength = 100.00%
Best update !!! M1 cost=569713 penalty = 0.00 area = 38.28% wirelength = 100.00%
Best update !!! M1 cost=569691 penalty = 0.00 area = 38.28% wirelength = 100.00%
Best update !!! M1 cost=569576 penalty = 0.00 area = 38.29% wirelength = 100.00%
Best update !!! M1 cost=569564 penalty = 0.00 area = 38.29% wirelength = 100.00%
Best update !!! M1 cost=569542 penalty = 0.00 area = 38.29% wirelength = 100.00%
Best update !!! M1 cost=569470 penalty = 0.00 area = 38.30% wirelength = 100.00%
Best update !!! M1 cost=569390 penalty = 0.00 area = 38.30% wirelength = 100.00%
Best update !!! M1 cost=569268 penalty = 0.00 area = 38.31% wirelength = 100.00%
Best update !!! M1 cost=569232 penalty = 0.00 area = 38.31% wirelength = 100.00%
Best update !!! M1 cost=569206 penalty = 0.00 area = 38.31% wirelength = 100.00%
Best update !!! M1 cost=569187 penalty = 0.00 area = 38.32% wirelength = 100.00%
Best update !!! M1 cost=569094 penalty = 0.00 area = 38.32% wirelength = 100.00%
Best update !!! M1 cost=568945 penalty = 0.00 area = 38.33% wirelength = 100.00%
Best update !!! M1 cost=568894 penalty = 0.00 area = 38.34% wirelength = 100.00%
Best update !!! M1 cost=568794 penalty = 0.00 area = 38.34% wirelength = 100.00%
Best update !!! M1 cost=568790 penalty = 0.00 area = 38.34% wirelength = 100.00%
Best update !!! M1 cost=568764 penalty = 0.00 area = 38.34% wirelength = 100.00%
Best update !!! M1 cost=568633 penalty = 0.00 area = 38.35% wirelength = 100.00%
Best update !!! M1 cost=568479 penalty = 0.00 area = 38.36% wirelength = 100.00%
Best update !!! M1 cost=568423 penalty = 0.00 area = 38.37% wirelength = 100.00%
Best update !!! M1 cost=568375 penalty = 0.00 area = 38.37% wirelength = 100.00%
Best update !!! M1 cost=568287 penalty = 0.00 area = 38.38% wirelength = 100.00%
Best update !!! M1 cost=568187 penalty = 0.00 area = 38.38% wirelength = 100.00%
Best update !!! M1 cost=568018 penalty = 0.00 area = 38.39% wirelength = 100.00%
Best update !!! M1 cost=567972 penalty = 0.00 area = 38.40% wirelength = 100.00%
Best update !!! M1 cost=567899 penalty = 0.00 area = 38.40% wirelength = 100.00%
Best update !!! M1 cost=567755 penalty = 0.00 area = 38.41% wirelength = 100.00%
Best update !!! M1 cost=567729 penalty = 0.00 area = 38.41% wirelength = 100.00%
Best update !!! M1 cost=567631 penalty = 0.00 area = 38.42% wirelength = 100.00%
Best update !!! M1 cost=567558 penalty = 0.00 area = 38.43% wirelength = 100.00%
Best update !!! M2 cost=567538 penalty = 0.00 area = 38.43% wirelength = 100.00%
Best update !!! M1 cost=567535 penalty = 0.00 area = 38.43% wirelength = 100.00%
Best update !!! M1 cost=567508 penalty = 0.00 area = 38.43% wirelength = 100.00%
Best update !!! M1 cost=567172 penalty = 0.00 area = 38.45% wirelength = 100.00%
Best update !!! M1 cost=567108 penalty = 0.00 area = 38.46% wirelength = 100.00%
Best update !!! M1 cost=567012 penalty = 0.00 area = 38.46% wirelength = 100.00%
Best update !!! M1 cost=566812 penalty = 0.00 area = 38.48% wirelength = 100.00%
Best update !!! M1 cost=566765 penalty = 0.00 area = 38.48% wirelength = 100.00%
Best update !!! M1 cost=566687 penalty = 0.00 area = 38.48% wirelength = 100.00%
Best update !!! M1 cost=566576 penalty = 0.00 area = 38.49% wirelength = 100.00%
Best update !!! M1 cost=566497 penalty = 0.00 area = 38.50% wirelength = 100.00%
Best update !!! M1 cost=566465 penalty = 0.00 area = 38.50% wirelength = 100.00%
Best update !!! M1 cost=566201 penalty = 0.00 area = 38.52% wirelength = 100.00%
Best update !!! M1 cost=566100 penalty = 0.00 area = 38.52% wirelength = 100.00%
Best update !!! M1 cost=565981 penalty = 0.00 area = 38.53% wirelength = 100.00%
Best update !!! M1 cost=565892 penalty = 0.00 area = 38.54% wirelength = 100.00%
Best update !!! M1 cost=565837 penalty = 0.00 area = 38.54% wirelength = 100.00%
Best update !!! M1 cost=565712 penalty = 0.00 area = 38.55% wirelength = 100.00%
Best update !!! M1 cost=565679 penalty = 0.00 area = 38.55% wirelength = 100.00%
Best update !!! M1 cost=565650 penalty = 0.00 area = 38.56% wirelength = 100.00%
Best update !!! M1 cost=565605 penalty = 0.00 area = 38.56% wirelength = 100.00%
Best update !!! M1 cost=565587 penalty = 0.00 area = 38.56% wirelength = 100.00%
Best update !!! M1 cost=565466 penalty = 0.00 area = 38.57% wirelength = 100.00%
Best update !!! M1 cost=565401 penalty = 0.00 area = 38.57% wirelength = 100.00%
Best update !!! M1 cost=565364 penalty = 0.00 area = 38.57% wirelength = 100.00%
Best update !!! M1 cost=565140 penalty = 0.00 area = 38.59% wirelength = 100.00%
Best update !!! M1 cost=565038 penalty = 0.00 area = 38.60% wirelength = 100.00%
Best update !!! M1 cost=564470 penalty = 0.00 area = 38.64% wirelength = 100.00%
Best update !!! M1 cost=564302 penalty = 0.00 area = 38.65% wirelength = 100.00%
Best update !!! M1 cost=564228 penalty = 0.00 area = 38.65% wirelength = 100.00%
Best update !!! M1 cost=564224 penalty = 0.00 area = 38.65% wirelength = 100.00%
Best update !!! M1 cost=564072 penalty = 0.00 area = 38.66% wirelength = 100.00%
Best update !!! M1 cost=564066 penalty = 0.00 area = 38.66% wirelength = 100.00%
Best update !!! M1 cost=564047 penalty = 0.00 area = 38.67% wirelength = 100.00%
Best update !!! M1 cost=563853 penalty = 0.00 area = 38.68% wirelength = 100.00%
Best update !!! M1 cost=563843 penalty = 0.00 area = 38.68% wirelength = 100.00%
Best update !!! M1 cost=563589 penalty = 0.00 area = 38.70% wirelength = 100.00%
Best update !!! M1 cost=563586 penalty = 0.00 area = 38.70% wirelength = 100.00%
Best update !!! M1 cost=563572 penalty = 0.00 area = 38.70% wirelength = 100.00%
Best update !!! M1 cost=563488 penalty = 0.00 area = 38.70% wirelength = 100.00%
Best update !!! M1 cost=562870 penalty = 0.00 area = 38.75% wirelength = 100.00%
Best update !!! M1 cost=562363 penalty = 0.00 area = 38.78% wirelength = 100.00%
Best update !!! M1 cost=562195 penalty = 0.00 area = 38.79% wirelength = 100.00%
Best update !!! M1 cost=562110 penalty = 0.00 area = 38.80% wirelength = 100.00%
Best update !!! M1 cost=562013 penalty = 0.00 area = 38.80% wirelength = 100.00%
Best update !!! M1 cost=561898 penalty = 0.00 area = 38.81% wirelength = 100.00%
Best update !!! M1 cost=561693 penalty = 0.00 area = 38.83% wirelength = 100.00%
Best update !!! M1 cost=561357 penalty = 0.00 area = 38.85% wirelength = 100.00%
Best update !!! M1 cost=560753 penalty = 0.00 area = 38.89% wirelength = 100.00%
Best update !!! M1 cost=560741 penalty = 0.00 area = 38.89% wirelength = 100.00%
Best update !!! M1 cost=560597 penalty = 0.00 area = 38.90% wirelength = 100.00%
Best update !!! M1 cost=560485 penalty = 0.00 area = 38.91% wirelength = 100.00%
Best update !!! M1 cost=560242 penalty = 0.00 area = 38.93% wirelength = 100.00%
Best update !!! M1 cost=560219 penalty = 0.00 area = 38.93% wirelength = 100.00%
Best update !!! M1 cost=560205 penalty = 0.00 area = 38.93% wirelength = 100.00%
Best update !!! M1 cost=560190 penalty = 0.00 area = 38.93% wirelength = 100.00%
Best update !!! M1 cost=560169 penalty = 0.00 area = 38.93% wirelength = 100.00%
Best update !!! M1 cost=559852 penalty = 0.00 area = 38.95% wirelength = 100.00%
Best update !!! M1 cost=559588 penalty = 0.00 area = 38.97% wirelength = 100.00%
Best update !!! M1 cost=559579 penalty = 0.00 area = 38.97% wirelength = 100.00%
Best update !!! M1 cost=559526 penalty = 0.00 area = 38.98% wirelength = 100.00%
Best update !!! M1 cost=559383 penalty = 0.00 area = 38.99% wirelength = 100.00%
Best update !!! M1 cost=559338 penalty = 0.00 area = 38.99% wirelength = 100.00%
Best update !!! M1 cost=558962 penalty = 0.00 area = 39.02% wirelength = 100.00%
Best update !!! M2 cost=558901 penalty = 0.00 area = 39.02% wirelength = 100.00%
Best update !!! M1 cost=558775 penalty = 0.00 area = 39.03% wirelength = 100.00%
Best update !!! M1 cost=558646 penalty = 0.00 area = 39.04% wirelength = 100.00%
Best update !!! M1 cost=558577 penalty = 0.00 area = 39.04% wirelength = 100.00%
Best update !!! M1 cost=558378 penalty = 0.00 area = 39.06% wirelength = 100.00%
Best update !!! M1 cost=558231 penalty = 0.00 area = 39.07% wirelength = 100.00%
Best update !!! M1 cost=558204 penalty = 0.00 area = 39.07% wirelength = 100.00%
Best update !!! M1 cost=558099 penalty = 0.00 area = 39.08% wirelength = 100.00%
Best update !!! M1 cost=558011 penalty = 0.00 area = 39.08% wirelength = 100.00%
Best update !!! M1 cost=557834 penalty = 0.00 area = 39.10% wirelength = 100.00%
Best update !!! M1 cost=557716 penalty = 0.00 area = 39.10% wirelength = 100.00%
Best update !!! M1 cost=557565 penalty = 0.00 area = 39.11% wirelength = 100.00%
Best update !!! M1 cost=557549 penalty = 0.00 area = 39.12% wirelength = 100.00%
Best update !!! M1 cost=557360 penalty = 0.00 area = 39.13% wirelength = 100.00%
Best update !!! M1 cost=557352 penalty = 0.00 area = 39.13% wirelength = 100.00%
Best update !!! M1 cost=557334 penalty = 0.00 area = 39.13% wirelength = 100.00%
Best update !!! M1 cost=557315 penalty = 0.00 area = 39.13% wirelength = 100.00%
Best update !!! M1 cost=557117 penalty = 0.00 area = 39.15% wirelength = 100.00%
Best update !!! M1 cost=557088 penalty = 0.00 area = 39.15% wirelength = 100.00%
Best update !!! M1 cost=556980 penalty = 0.00 area = 39.16% wirelength = 100.00%
Best update !!! M1 cost=556974 penalty = 0.00 area = 39.16% wirelength = 100.00%
Best update !!! M1 cost=556947 penalty = 0.00 area = 39.16% wirelength = 100.00%
Best update !!! M1 cost=556925 penalty = 0.00 area = 39.16% wirelength = 100.00%
Best update !!! M1 cost=556789 penalty = 0.00 area = 39.17% wirelength = 100.00%
Best update !!! M1 cost=556743 penalty = 0.00 area = 39.17% wirelength = 100.00%
Best update !!! M1 cost=556700 penalty = 0.00 area = 39.18% wirelength = 100.00%
Best update !!! M1 cost=556591 penalty = 0.00 area = 39.18% wirelength = 100.00%
Best update !!! M1 cost=556522 penalty = 0.00 area = 39.19% wirelength = 100.00%
Best update !!! M1 cost=556491 penalty = 0.00 area = 39.19% wirelength = 100.00%
Best update !!! M1 cost=556061 penalty = 0.00 area = 39.22% wirelength = 100.00%
Best update !!! M1 cost=555792 penalty = 0.00 area = 39.24% wirelength = 100.00%
Best update !!! M1 cost=555482 penalty = 0.00 area = 39.26% wirelength = 100.00%
Best update !!! M1 cost=555398 penalty = 0.00 area = 39.27% wirelength = 100.00%
Best update !!! M1 cost=555335 penalty = 0.00 area = 39.27% wirelength = 100.00%
Best update !!! M1 cost=555038 penalty = 0.00 area = 39.29% wirelength = 100.00%
Best update !!! M1 cost=554891 penalty = 0.00 area = 39.30% wirelength = 100.00%
Best update !!! M1 cost=554871 penalty = 0.00 area = 39.30% wirelength = 100.00%
Best update !!! M1 cost=554837 penalty = 0.00 area = 39.31% wirelength = 100.00%
Best update !!! M1 cost=554832 penalty = 0.00 area = 39.31% wirelength = 100.00%
Best update !!! M1 cost=554594 penalty = 0.00 area = 39.32% wirelength = 100.00%
Best update !!! M1 cost=554588 penalty = 0.00 area = 39.32% wirelength = 100.00%
Best update !!! M1 cost=554461 penalty = 0.00 area = 39.33% wirelength = 100.00%
Best update !!! M1 cost=554453 penalty = 0.00 area = 39.33% wirelength = 100.00%
Best update !!! M1 cost=554271 penalty = 0.00 area = 39.35% wirelength = 100.00%
Best update !!! M1 cost=554172 penalty = 0.00 area = 39.35% wirelength = 100.00%
Best update !!! M1 cost=553476 penalty = 0.00 area = 39.40% wirelength = 100.00%
Best update !!! M1 cost=553456 penalty = 0.00 area = 39.40% wirelength = 100.00%
Best update !!! M1 cost=553444 penalty = 0.00 area = 39.41% wirelength = 100.00%
Best update !!! M1 cost=553382 penalty = 0.00 area = 39.41% wirelength = 100.00%
Best update !!! M1 cost=553365 penalty = 0.00 area = 39.41% wirelength = 100.00%
Best update !!! M1 cost=552976 penalty = 0.00 area = 39.44% wirelength = 100.00%
Best update !!! M1 cost=552936 penalty = 0.00 area = 39.44% wirelength = 100.00%
Best update !!! M1 cost=552898 penalty = 0.00 area = 39.44% wirelength = 100.00%
Best update !!! M1 cost=552872 penalty = 0.00 area = 39.45% wirelength = 100.00%
Best update !!! M1 cost=552554 penalty = 0.00 area = 39.47% wirelength = 100.00%
Best update !!! M1 cost=552418 penalty = 0.00 area = 39.48% wirelength = 100.00%
Best update !!! M1 cost=552344 penalty = 0.00 area = 39.48% wirelength = 100.00%
Best update !!! M1 cost=552322 penalty = 0.00 area = 39.49% wirelength = 100.00%
Best update !!! M1 cost=552321 penalty = 0.00 area = 39.49% wirelength = 100.00%
Best update !!! M1 cost=552035 penalty = 0.00 area = 39.51% wirelength = 100.00%
Best update !!! M1 cost=551864 penalty = 0.00 area = 39.52% wirelength = 100.00%
Best update !!! M1 cost=551800 penalty = 0.00 area = 39.52% wirelength = 100.00%
Best update !!! M1 cost=551687 penalty = 0.00 area = 39.53% wirelength = 100.00%
Best update !!! M1 cost=551529 penalty = 0.00 area = 39.54% wirelength = 100.00%
Best update !!! M1 cost=551479 penalty = 0.00 area = 39.55% wirelength = 100.00%
Best update !!! M1 cost=551272 penalty = 0.00 area = 39.56% wirelength = 100.00%
Best update !!! M1 cost=551252 penalty = 0.00 area = 39.56% wirelength = 100.00%
Best update !!! M1 cost=551152 penalty = 0.00 area = 39.57% wirelength = 100.00%
Best update !!! M1 cost=551112 penalty = 0.00 area = 39.57% wirelength = 100.00%
Best update !!! M1 cost=550901 penalty = 0.00 area = 39.59% wirelength = 100.00%
Best update !!! M1 cost=550835 penalty = 0.00 area = 39.59% wirelength = 100.00%
Best update !!! M1 cost=550798 penalty = 0.00 area = 39.60% wirelength = 100.00%
Best update !!! M1 cost=550790 penalty = 0.00 area = 39.60% wirelength = 100.00%
Best update !!! M1 cost=550676 penalty = 0.00 area = 39.60% wirelength = 100.00%
Best update !!! M1 cost=550532 penalty = 0.00 area = 39.61% wirelength = 100.00%
Best update !!! M1 cost=550519 penalty = 0.00 area = 39.62% wirelength = 100.00%
Best update !!! M1 cost=550416 penalty = 0.00 area = 39.62% wirelength = 100.00%
Best update !!! M1 cost=550210 penalty = 0.00 area = 39.64% wirelength = 100.00%
Best update !!! M1 cost=550196 penalty = 0.00 area = 39.64% wirelength = 100.00%
Best update !!! M1 cost=550091 penalty = 0.00 area = 39.65% wirelength = 100.00%
Best update !!! M1 cost=550067 penalty = 0.00 area = 39.65% wirelength = 100.00%
Best update !!! M2 cost=550012 penalty = 0.00 area = 39.65% wirelength = 100.00%
Best update !!! M1 cost=549891 penalty = 0.00 area = 39.66% wirelength = 100.00%
Best update !!! M1 cost=549741 penalty = 0.00 area = 39.67% wirelength = 100.00%
Best update !!! M1 cost=549702 penalty = 0.00 area = 39.67% wirelength = 100.00%
Best update !!! M1 cost=549669 penalty = 0.00 area = 39.68% wirelength = 100.00%
Best update !!! M1 cost=549648 penalty = 0.00 area = 39.68% wirelength = 100.00%
Best update !!! M1 cost=549640 penalty = 0.00 area = 39.68% wirelength = 100.00%
Best update !!! M1 cost=549602 penalty = 0.00 area = 39.68% wirelength = 100.00%
Best update !!! M1 cost=549524 penalty = 0.00 area = 39.69% wirelength = 100.00%
Best update !!! M1 cost=549447 penalty = 0.00 area = 39.69% wirelength = 100.00%
Best update !!! M1 cost=549421 penalty = 0.00 area = 39.69% wirelength = 100.00%
Best update !!! M1 cost=549337 penalty = 0.00 area = 39.70% wirelength = 100.00%
Best update !!! M2 cost=548808 penalty = 0.00 area = 39.74% wirelength = 100.00%
Best update !!! M1 cost=548795 penalty = 0.00 area = 39.74% wirelength = 100.00%
Best update !!! M1 cost=548787 penalty = 0.00 area = 39.74% wirelength = 100.00%
Best update !!! M1 cost=548721 penalty = 0.00 area = 39.74% wirelength = 100.00%
Best update !!! M1 cost=548609 penalty = 0.00 area = 39.75% wirelength = 100.00%
Best update !!! M1 cost=548475 penalty = 0.00 area = 39.76% wirelength = 100.00%
Best update !!! M1 cost=548229 penalty = 0.00 area = 39.78% wirelength = 100.00%
Best update !!! M1 cost=548145 penalty = 0.00 area = 39.79% wirelength = 100.00%
Best update !!! M1 cost=548074 penalty = 0.00 area = 39.79% wirelength = 100.00%
Best update !!! M1 cost=548063 penalty = 0.00 area = 39.79% wirelength = 100.00%
Best update !!! M1 cost=547938 penalty = 0.00 area = 39.80% wirelength = 100.00%
Best update !!! M1 cost=547854 penalty = 0.00 area = 39.81% wirelength = 100.00%
Best update !!! M1 cost=547842 penalty = 0.00 area = 39.81% wirelength = 100.00%
Best update !!! M1 cost=547830 penalty = 0.00 area = 39.81% wirelength = 100.00%
Best update !!! M1 cost=547545 penalty = 0.00 area = 39.83% wirelength = 100.00%
Best update !!! M1 cost=547505 penalty = 0.00 area = 39.83% wirelength = 100.00%
Best update !!! M1 cost=547471 penalty = 0.00 area = 39.84% wirelength = 100.00%
Best update !!! M1 cost=547429 penalty = 0.00 area = 39.84% wirelength = 100.00%
Best update !!! M1 cost=547413 penalty = 0.00 area = 39.84% wirelength = 100.00%
Best update !!! M1 cost=547373 penalty = 0.00 area = 39.84% wirelength = 100.00%
Best update !!! M1 cost=547207 penalty = 0.00 area = 39.85% wirelength = 100.00%
Best update !!! M1 cost=547109 penalty = 0.00 area = 39.86% wirelength = 100.00%
Best update !!! M1 cost=546883 penalty = 0.00 area = 39.88% wirelength = 100.00%
Best update !!! M1 cost=546828 penalty = 0.00 area = 39.88% wirelength = 100.00%
Best update !!! M2 cost=546826 penalty = 0.00 area = 39.88% wirelength = 100.00%
Best update !!! M1 cost=546760 penalty = 0.00 area = 39.89% wirelength = 100.00%
Best update !!! M1 cost=546757 penalty = 0.00 area = 39.89% wirelength = 100.00%
Best update !!! M1 cost=546673 penalty = 0.00 area = 39.89% wirelength = 100.00%
Best update !!! M2 cost=546654 penalty = 0.00 area = 39.90% wirelength = 100.00%
Best update !!! M1 cost=546620 penalty = 0.00 area = 39.90% wirelength = 100.00%
Best update !!! M1 cost=546310 penalty = 0.00 area = 39.92% wirelength = 100.00%
Best update !!! M1 cost=546286 penalty = 0.00 area = 39.92% wirelength = 100.00%
Best update !!! M1 cost=546139 penalty = 0.00 area = 39.93% wirelength = 100.00%
Best update !!! M1 cost=546051 penalty = 0.00 area = 39.94% wirelength = 100.00%
Best update !!! M1 cost=545860 penalty = 0.00 area = 39.95% wirelength = 100.00%
Best update !!! M1 cost=545850 penalty = 0.00 area = 39.95% wirelength = 100.00%
Best update !!! M1 cost=545596 penalty = 0.00 area = 39.97% wirelength = 100.00%
Best update !!! M1 cost=545526 penalty = 0.00 area = 39.98% wirelength = 100.00%
Best update !!! M1 cost=545378 penalty = 0.00 area = 39.99% wirelength = 100.00%
Best update !!! M1 cost=545280 penalty = 0.00 area = 40.00% wirelength = 100.00%
Best update !!! M1 cost=545227 penalty = 0.00 area = 40.00% wirelength = 100.00%
Best update !!! M1 cost=545095 penalty = 0.00 area = 40.01% wirelength = 100.00%
Best update !!! M1 cost=545058 penalty = 0.00 area = 40.01% wirelength = 100.00%
Best update !!! M2 cost=545035 penalty = 0.00 area = 40.01% wirelength = 100.00%
Best update !!! M1 cost=544936 penalty = 0.00 area = 40.02% wirelength = 100.00%
Best update !!! M1 cost=544709 penalty = 0.00 area = 40.04% wirelength = 100.00%
Best update !!! M1 cost=544549 penalty = 0.00 area = 40.05% wirelength = 100.00%
Best update !!! M1 cost=544541 penalty = 0.00 area = 40.05% wirelength = 100.00%
Best update !!! M2 cost=544533 penalty = 0.00 area = 40.05% wirelength = 100.00%
Best update !!! M1 cost=544500 penalty = 0.00 area = 40.05% wirelength = 100.00%
Best update !!! M1 cost=544310 penalty = 0.00 area = 40.07% wirelength = 100.00%
Best update !!! M1 cost=544211 penalty = 0.00 area = 40.07% wirelength = 100.00%
Best update !!! M1 cost=544198 penalty = 0.00 area = 40.08% wirelength = 100.00%
Best update !!! M1 cost=544140 penalty = 0.00 area = 40.08% wirelength = 100.00%
Best update !!! M1 cost=544100 penalty = 0.00 area = 40.08% wirelength = 100.00%
Best update !!! M1 cost=543942 penalty = 0.00 area = 40.09% wirelength = 100.00%
Best update !!! M1 cost=543939 penalty = 0.00 area = 40.09% wirelength = 100.00%
Best update !!! M1 cost=543787 penalty = 0.00 area = 40.11% wirelength = 100.00%
Best update !!! M1 cost=543737 penalty = 0.00 area = 40.11% wirelength = 100.00%
Best update !!! M1 cost=543700 penalty = 0.00 area = 40.11% wirelength = 100.00%
Best update !!! M1 cost=543562 penalty = 0.00 area = 40.12% wirelength = 100.00%
Best update !!! M1 cost=543504 penalty = 0.00 area = 40.13% wirelength = 100.00%
Best update !!! M1 cost=543472 penalty = 0.00 area = 40.13% wirelength = 100.00%
Best update !!! M1 cost=543387 penalty = 0.00 area = 40.14% wirelength = 100.00%
Best update !!! M1 cost=543369 penalty = 0.00 area = 40.14% wirelength = 100.00%
Best update !!! M1 cost=543274 penalty = 0.00 area = 40.14% wirelength = 100.00%
Best update !!! M1 cost=543200 penalty = 0.00 area = 40.15% wirelength = 100.00%
Best update !!! M1 cost=543111 penalty = 0.00 area = 40.16% wirelength = 100.00%
Best update !!! M1 cost=543033 penalty = 0.00 area = 40.16% wirelength = 100.00%
Best update !!! M1 cost=542996 penalty = 0.00 area = 40.16% wirelength = 100.00%
Best update !!! M2 cost=542903 penalty = 0.00 area = 40.17% wirelength = 100.00%
Best update !!! M1 cost=542847 penalty = 0.00 area = 40.18% wirelength = 100.00%
Best update !!! M1 cost=542816 penalty = 0.00 area = 40.18% wirelength = 100.00%
Best update !!! M1 cost=542673 penalty = 0.00 area = 40.19% wirelength = 100.00%
Best update !!! M1 cost=542658 penalty = 0.00 area = 40.19% wirelength = 100.00%
Best update !!! M1 cost=542655 penalty = 0.00 area = 40.19% wirelength = 100.00%
Best update !!! M1 cost=542603 penalty = 0.00 area = 40.19% wirelength = 100.00%
Best update !!! M1 cost=542591 penalty = 0.00 area = 40.19% wirelength = 100.00%
Best update !!! M1 cost=542483 penalty = 0.00 area = 40.20% wirelength = 100.00%
Best update !!! M1 cost=542415 penalty = 0.00 area = 40.21% wirelength = 100.00%
Best update !!! M1 cost=542311 penalty = 0.00 area = 40.21% wirelength = 100.00%
Best update !!! M1 cost=541931 penalty = 0.00 area = 40.24% wirelength = 100.00%
Best update !!! M1 cost=541887 penalty = 0.00 area = 40.25% wirelength = 100.00%
Best update !!! M1 cost=541859 penalty = 0.00 area = 40.25% wirelength = 100.00%
Best update !!! M1 cost=541831 penalty = 0.00 area = 40.25% wirelength = 100.00%
Best update !!! M1 cost=541783 penalty = 0.00 area = 40.25% wirelength = 100.00%
Best update !!! M1 cost=541740 penalty = 0.00 area = 40.26% wirelength = 100.00%
Best update !!! M1 cost=541529 penalty = 0.00 area = 40.27% wirelength = 100.00%
Best update !!! M1 cost=541497 penalty = 0.00 area = 40.28% wirelength = 100.00%
Best update !!! M1 cost=541385 penalty = 0.00 area = 40.28% wirelength = 100.00%
Best update !!! M1 cost=541373 penalty = 0.00 area = 40.28% wirelength = 100.00%
Best update !!! M1 cost=541340 penalty = 0.00 area = 40.29% wirelength = 100.00%
Best update !!! M1 cost=541329 penalty = 0.00 area = 40.29% wirelength = 100.00%
Best update !!! M1 cost=541250 penalty = 0.00 area = 40.29% wirelength = 100.00%
Best update !!! M1 cost=541209 penalty = 0.00 area = 40.30% wirelength = 100.00%
Best update !!! M1 cost=541093 penalty = 0.00 area = 40.31% wirelength = 100.00%
Best update !!! M2 cost=540858 penalty = 0.00 area = 40.32% wirelength = 100.00%
Best update !!! M1 cost=540806 penalty = 0.00 area = 40.33% wirelength = 100.00%
Best update !!! M1 cost=540672 penalty = 0.00 area = 40.34% wirelength = 100.00%
Best update !!! M1 cost=540536 penalty = 0.00 area = 40.35% wirelength = 100.00%
Best update !!! M1 cost=540467 penalty = 0.00 area = 40.35% wirelength = 100.00%
Best update !!! M1 cost=540416 penalty = 0.00 area = 40.36% wirelength = 100.00%
Best update !!! M1 cost=540323 penalty = 0.00 area = 40.36% wirelength = 100.00%
Best update !!! M1 cost=540236 penalty = 0.00 area = 40.37% wirelength = 100.00%
Best update !!! M1 cost=540039 penalty = 0.00 area = 40.38% wirelength = 100.00%
Best update !!! M1 cost=540034 penalty = 0.00 area = 40.38% wirelength = 100.00%
Best update !!! M1 cost=539995 penalty = 0.00 area = 40.39% wirelength = 100.00%
Best update !!! M1 cost=539869 penalty = 0.00 area = 40.40% wirelength = 100.00%
Best update !!! M1 cost=539813 penalty = 0.00 area = 40.40% wirelength = 100.00%
Best update !!! M1 cost=539561 penalty = 0.00 area = 40.42% wirelength = 100.00%
Best update !!! M1 cost=539551 penalty = 0.00 area = 40.42% wirelength = 100.00%
Best update !!! M1 cost=539492 penalty = 0.00 area = 40.42% wirelength = 100.00%
Best update !!! M1 cost=539432 penalty = 0.00 area = 40.43% wirelength = 100.00%
Best update !!! M3 cost=539317 penalty = 0.00 area = 40.44% wirelength = 100.00%
Best update !!! M1 cost=539312 penalty = 0.00 area = 40.44% wirelength = 100.00%
Best update !!! M1 cost=539176 penalty = 0.00 area = 40.45% wirelength = 100.00%
Best update !!! M1 cost=538950 penalty = 0.00 area = 40.47% wirelength = 100.00%
Best update !!! M1 cost=538799 penalty = 0.00 area = 40.48% wirelength = 100.00%
Best update !!! M1 cost=538725 penalty = 0.00 area = 40.48% wirelength = 100.00%
Best update !!! M1 cost=538691 penalty = 0.00 area = 40.48% wirelength = 100.00%
Best update !!! M2 cost=538644 penalty = 0.00 area = 40.49% wirelength = 100.00%
Best update !!! M1 cost=538256 penalty = 0.00 area = 40.52% wirelength = 100.00%
Best update !!! M1 cost=538093 penalty = 0.00 area = 40.53% wirelength = 100.00%
Best update !!! M1 cost=538069 penalty = 0.00 area = 40.53% wirelength = 100.00%
Best update !!! M1 cost=538024 penalty = 0.00 area = 40.54% wirelength = 100.00%
Best update !!! M1 cost=537974 penalty = 0.00 area = 40.54% wirelength = 100.00%
Best update !!! M1 cost=537934 penalty = 0.00 area = 40.54% wirelength = 100.00%
Best update !!! M1 cost=537883 penalty = 0.00 area = 40.55% wirelength = 100.00%
Best update !!! M1 cost=537727 penalty = 0.00 area = 40.56% wirelength = 100.00%
Best update !!! M1 cost=537643 penalty = 0.00 area = 40.56% wirelength = 100.00%
Best update !!! M1 cost=537372 penalty = 0.00 area = 40.58% wirelength = 100.00%
Best update !!! M1 cost=537296 penalty = 0.00 area = 40.59% wirelength = 100.00%
Best update !!! M1 cost=537284 penalty = 0.00 area = 40.59% wirelength = 100.00%
Best update !!! M1 cost=537197 penalty = 0.00 area = 40.60% wirelength = 100.00%
Best update !!! M1 cost=537191 penalty = 0.00 area = 40.60% wirelength = 100.00%
Best update !!! M1 cost=537164 penalty = 0.00 area = 40.60% wirelength = 100.00%
Best update !!! M1 cost=537116 penalty = 0.00 area = 40.60% wirelength = 100.00%
Best update !!! M1 cost=537072 penalty = 0.00 area = 40.61% wirelength = 100.00%
Best update !!! M1 cost=536732 penalty = 0.00 area = 40.63% wirelength = 100.00%
Best update !!! M1 cost=536673 penalty = 0.00 area = 40.64% wirelength = 100.00%
Best update !!! M1 cost=536614 penalty = 0.00 area = 40.64% wirelength = 100.00%
Best update !!! M1 cost=536606 penalty = 0.00 area = 40.64% wirelength = 100.00%
Best update !!! M1 cost=536534 penalty = 0.00 area = 40.65% wirelength = 100.00%
Best update !!! M2 cost=536458 penalty = 0.00 area = 40.65% wirelength = 100.00%
Best update !!! M1 cost=536428 penalty = 0.00 area = 40.66% wirelength = 100.00%
Best update !!! M1 cost=536017 penalty = 0.00 area = 40.69% wirelength = 100.00%
Best update !!! M1 cost=536007 penalty = 0.00 area = 40.69% wirelength = 100.00%
Best update !!! M1 cost=535951 penalty = 0.00 area = 40.69% wirelength = 100.00%
Best update !!! M1 cost=535909 penalty = 0.00 area = 40.70% wirelength = 100.00%
Best update !!! M1 cost=535829 penalty = 0.00 area = 40.70% wirelength = 100.00%
Best update !!! M1 cost=535570 penalty = 0.00 area = 40.72% wirelength = 100.00%
Best update !!! M1 cost=535536 penalty = 0.00 area = 40.72% wirelength = 100.00%
Best update !!! M1 cost=535476 penalty = 0.00 area = 40.73% wirelength = 100.00%
Best update !!! M1 cost=535471 penalty = 0.00 area = 40.73% wirelength = 100.00%
Best update !!! M1 cost=535433 penalty = 0.00 area = 40.73% wirelength = 100.00%
Best update !!! M1 cost=535320 penalty = 0.00 area = 40.74% wirelength = 100.00%
Best update !!! M1 cost=535249 penalty = 0.00 area = 40.75% wirelength = 100.00%
Best update !!! M1 cost=535198 penalty = 0.00 area = 40.75% wirelength = 100.00%
Best update !!! M1 cost=535110 penalty = 0.00 area = 40.76% wirelength = 100.00%
Best update !!! M1 cost=535053 penalty = 0.00 area = 40.76% wirelength = 100.00%
Best update !!! M1 cost=534875 penalty = 0.00 area = 40.77% wirelength = 100.00%
Best update !!! M1 cost=534860 penalty = 0.00 area = 40.77% wirelength = 100.00%
Best update !!! M1 cost=534772 penalty = 0.00 area = 40.78% wirelength = 100.00%
Best update !!! M1 cost=534549 penalty = 0.00 area = 40.80% wirelength = 100.00%
Best update !!! M1 cost=534402 penalty = 0.00 area = 40.81% wirelength = 100.00%
Best update !!! M1 cost=534367 penalty = 0.00 area = 40.81% wirelength = 100.00%
Best update !!! M1 cost=534158 penalty = 0.00 area = 40.83% wirelength = 100.00%
Best update !!! M1 cost=534108 penalty = 0.00 area = 40.83% wirelength = 100.00%
Best update !!! M1 cost=533976 penalty = 0.00 area = 40.84% wirelength = 100.00%
Best update !!! M1 cost=533925 penalty = 0.00 area = 40.85% wirelength = 100.00%
Best update !!! M1 cost=533884 penalty = 0.00 area = 40.85% wirelength = 100.00%
Best update !!! M1 cost=533879 penalty = 0.00 area = 40.85% wirelength = 100.00%
Best update !!! M1 cost=533842 penalty = 0.00 area = 40.85% wirelength = 100.00%
Best update !!! M1 cost=533829 penalty = 0.00 area = 40.85% wirelength = 100.00%
Best update !!! M1 cost=533629 penalty = 0.00 area = 40.87% wirelength = 100.00%
Best update !!! M1 cost=533545 penalty = 0.00 area = 40.88% wirelength = 100.00%
Best update !!! M1 cost=533502 penalty = 0.00 area = 40.88% wirelength = 100.00%
Best update !!! M1 cost=533489 penalty = 0.00 area = 40.88% wirelength = 100.00%
Best update !!! M1 cost=533482 penalty = 0.00 area = 40.88% wirelength = 100.00%
Best update !!! M1 cost=533397 penalty = 0.00 area = 40.89% wirelength = 100.00%
Best update !!! M1 cost=533378 penalty = 0.00 area = 40.89% wirelength = 100.00%
Best update !!! M1 cost=533282 penalty = 0.00 area = 40.90% wirelength = 100.00%
Best update !!! M1 cost=533246 penalty = 0.00 area = 40.90% wirelength = 100.00%
Best update !!! M1 cost=533211 penalty = 0.00 area = 40.90% wirelength = 100.00%
Best update !!! M1 cost=533163 penalty = 0.00 area = 40.90% wirelength = 100.00%
Best update !!! M1 cost=533116 penalty = 0.00 area = 40.91% wirelength = 100.00%
Best update !!! M1 cost=533043 penalty = 0.00 area = 40.91% wirelength = 100.00%
Best update !!! M2 cost=532935 penalty = 0.00 area = 40.92% wirelength = 100.00%
Best update !!! M1 cost=532932 penalty = 0.00 area = 40.92% wirelength = 100.00%
Best update !!! M1 cost=532877 penalty = 0.00 area = 40.93% wirelength = 100.00%
Best update !!! M1 cost=532871 penalty = 0.00 area = 40.93% wirelength = 100.00%
Best update !!! M1 cost=532790 penalty = 0.00 area = 40.93% wirelength = 100.00%
Best update !!! M1 cost=532627 penalty = 0.00 area = 40.95% wirelength = 100.00%
Best update !!! M1 cost=532543 penalty = 0.00 area = 40.95% wirelength = 100.00%
Best update !!! M1 cost=532455 penalty = 0.00 area = 40.96% wirelength = 100.00%
Best update !!! M1 cost=532443 penalty = 0.00 area = 40.96% wirelength = 100.00%
Best update !!! M1 cost=532426 penalty = 0.00 area = 40.96% wirelength = 100.00%
Best update !!! M1 cost=532286 penalty = 0.00 area = 40.97% wirelength = 100.00%
Best update !!! M1 cost=532155 penalty = 0.00 area = 40.98% wirelength = 100.00%
Best update !!! M1 cost=532128 penalty = 0.00 area = 40.98% wirelength = 100.00%
Best update !!! M1 cost=532126 penalty = 0.00 area = 40.98% wirelength = 100.00%
Best update !!! M1 cost=532097 penalty = 0.00 area = 40.99% wirelength = 100.00%
Best update !!! M1 cost=531981 penalty = 0.00 area = 41.00% wirelength = 100.00%
Best update !!! M1 cost=531924 penalty = 0.00 area = 41.00% wirelength = 100.00%
Best update !!! M1 cost=531904 penalty = 0.00 area = 41.00% wirelength = 100.00%
Best update !!! M1 cost=531898 penalty = 0.00 area = 41.00% wirelength = 100.00%
Best update !!! M1 cost=531800 penalty = 0.00 area = 41.01% wirelength = 100.00%
Best update !!! M1 cost=531790 penalty = 0.00 area = 41.01% wirelength = 100.00%
Best update !!! M1 cost=531770 penalty = 0.00 area = 41.01% wirelength = 100.00%
Best update !!! M1 cost=531701 penalty = 0.00 area = 41.02% wirelength = 100.00%
Best update !!! M1 cost=531623 penalty = 0.00 area = 41.02% wirelength = 100.00%
Best update !!! M1 cost=531602 penalty = 0.00 area = 41.02% wirelength = 100.00%
Best update !!! M1 cost=531518 penalty = 0.00 area = 41.03% wirelength = 100.00%
Best update !!! M1 cost=531514 penalty = 0.00 area = 41.03% wirelength = 100.00%
Best update !!! M1 cost=531467 penalty = 0.00 area = 41.04% wirelength = 100.00%
Best update !!! M1 cost=531198 penalty = 0.00 area = 41.06% wirelength = 100.00%
Best update !!! M1 cost=531134 penalty = 0.00 area = 41.06% wirelength = 100.00%
Best update !!! M1 cost=531098 penalty = 0.00 area = 41.06% wirelength = 100.00%
Best update !!! M2 cost=531069 penalty = 0.00 area = 41.07% wirelength = 100.00%
Best update !!! M1 cost=530963 penalty = 0.00 area = 41.07% wirelength = 100.00%
Best update !!! M1 cost=530893 penalty = 0.00 area = 41.08% wirelength = 100.00%
Best update !!! M1 cost=530696 penalty = 0.00 area = 41.09% wirelength = 100.00%
Best update !!! M1 cost=530596 penalty = 0.00 area = 41.10% wirelength = 100.00%
Best update !!! M1 cost=530470 penalty = 0.00 area = 41.11% wirelength = 100.00%
Best update !!! M1 cost=530355 penalty = 0.00 area = 41.12% wirelength = 100.00%
Best update !!! M1 cost=530299 penalty = 0.00 area = 41.13% wirelength = 100.00%
Best update !!! M1 cost=530251 penalty = 0.00 area = 41.13% wirelength = 100.00%
Best update !!! M3 cost=530179 penalty = 0.00 area = 41.13% wirelength = 100.00%
Best update !!! M1 cost=529973 penalty = 0.00 area = 41.15% wirelength = 100.00%
Best update !!! M1 cost=529849 penalty = 0.00 area = 41.16% wirelength = 100.00%
Best update !!! M1 cost=529774 penalty = 0.00 area = 41.17% wirelength = 100.00%
Best update !!! M1 cost=529750 penalty = 0.00 area = 41.17% wirelength = 100.00%
Best update !!! M1 cost=529729 penalty = 0.00 area = 41.17% wirelength = 100.00%
Best update !!! M1 cost=529728 penalty = 0.00 area = 41.17% wirelength = 100.00%
Best update !!! M1 cost=529670 penalty = 0.00 area = 41.17% wirelength = 100.00%
Best update !!! M2 cost=529651 penalty = 0.00 area = 41.18% wirelength = 100.00%
Best update !!! M1 cost=529610 penalty = 0.00 area = 41.18% wirelength = 100.00%
Best update !!! M1 cost=529449 penalty = 0.00 area = 41.19% wirelength = 100.00%
Best update !!! M1 cost=529437 penalty = 0.00 area = 41.19% wirelength = 100.00%
Best update !!! M1 cost=529415 penalty = 0.00 area = 41.19% wirelength = 100.00%
Best update !!! M1 cost=529387 penalty = 0.00 area = 41.20% wirelength = 100.00%
Best update !!! M1 cost=529322 penalty = 0.00 area = 41.20% wirelength = 100.00%
Best update !!! M1 cost=529199 penalty = 0.00 area = 41.21% wirelength = 100.00%
Best update !!! M1 cost=528969 penalty = 0.00 area = 41.23% wirelength = 100.00%
Best update !!! M1 cost=528896 penalty = 0.00 area = 41.23% wirelength = 100.00%
Best update !!! M1 cost=528857 penalty = 0.00 area = 41.24% wirelength = 100.00%
Best update !!! M1 cost=528067 penalty = 0.00 area = 41.30% wirelength = 100.00%
Best update !!! M2 cost=528020 penalty = 0.00 area = 41.30% wirelength = 100.00%
Best update !!! M1 cost=527932 penalty = 0.00 area = 41.31% wirelength = 100.00%
Best update !!! M1 cost=527928 penalty = 0.00 area = 41.31% wirelength = 100.00%
Best update !!! M1 cost=527911 penalty = 0.00 area = 41.31% wirelength = 100.00%
Best update !!! M1 cost=527855 penalty = 0.00 area = 41.32% wirelength = 100.00%
Best update !!! M1 cost=527837 penalty = 0.00 area = 41.32% wirelength = 100.00%
Best update !!! M1 cost=527791 penalty = 0.00 area = 41.32% wirelength = 100.00%
Best update !!! M1 cost=527591 penalty = 0.00 area = 41.34% wirelength = 100.00%
Best update !!! M1 cost=527485 penalty = 0.00 area = 41.35% wirelength = 100.00%
Best update !!! M1 cost=527407 penalty = 0.00 area = 41.35% wirelength = 100.00%
Best update !!! M1 cost=527318 penalty = 0.00 area = 41.36% wirelength = 100.00%
Best update !!! M1 cost=527278 penalty = 0.00 area = 41.36% wirelength = 100.00%
Best update !!! M1 cost=527255 penalty = 0.00 area = 41.36% wirelength = 100.00%
Best update !!! M1 cost=527183 penalty = 0.00 area = 41.37% wirelength = 100.00%
Best update !!! M1 cost=527077 penalty = 0.00 area = 41.38% wirelength = 100.00%
Best update !!! M1 cost=526932 penalty = 0.00 area = 41.39% wirelength = 100.00%
Best update !!! M1 cost=526922 penalty = 0.00 area = 41.39% wirelength = 100.00%
Best update !!! M1 cost=526352 penalty = 0.00 area = 41.43% wirelength = 100.00%
Best update !!! M1 cost=526288 penalty = 0.00 area = 41.44% wirelength = 100.00%
Best update !!! M1 cost=526227 penalty = 0.00 area = 41.44% wirelength = 100.00%
Best update !!! M1 cost=526193 penalty = 0.00 area = 41.45% wirelength = 100.00%
Best update !!! M1 cost=526127 penalty = 0.00 area = 41.45% wirelength = 100.00%
Best update !!! M2 cost=526122 penalty = 0.00 area = 41.45% wirelength = 100.00%
Best update !!! M1 cost=526050 penalty = 0.00 area = 41.46% wirelength = 100.00%
Best update !!! M1 cost=525958 penalty = 0.00 area = 41.47% wirelength = 100.00%
Best update !!! M1 cost=525931 penalty = 0.00 area = 41.47% wirelength = 100.00%
Best update !!! M1 cost=525819 penalty = 0.00 area = 41.48% wirelength = 100.00%
Best update !!! M1 cost=525773 penalty = 0.00 area = 41.48% wirelength = 100.00%
Best update !!! M1 cost=525691 penalty = 0.00 area = 41.49% wirelength = 100.00%
Best update !!! M1 cost=525615 penalty = 0.00 area = 41.49% wirelength = 100.00%
Best update !!! M1 cost=525609 penalty = 0.00 area = 41.49% wirelength = 100.00%
Best update !!! M1 cost=525578 penalty = 0.00 area = 41.50% wirelength = 100.00%
Best update !!! M1 cost=525552 penalty = 0.00 area = 41.50% wirelength = 100.00%
Best update !!! M1 cost=525492 penalty = 0.00 area = 41.50% wirelength = 100.00%
Best update !!! M1 cost=525437 penalty = 0.00 area = 41.51% wirelength = 100.00%
Best update !!! M1 cost=525377 penalty = 0.00 area = 41.51% wirelength = 100.00%
Best update !!! M1 cost=525335 penalty = 0.00 area = 41.51% wirelength = 100.00%
Best update !!! M1 cost=525268 penalty = 0.00 area = 41.52% wirelength = 100.00%
Best update !!! M1 cost=525200 penalty = 0.00 area = 41.52% wirelength = 100.00%
Best update !!! M1 cost=525188 penalty = 0.00 area = 41.53% wirelength = 100.00%
Best update !!! M1 cost=525088 penalty = 0.00 area = 41.53% wirelength = 100.00%
Best update !!! M1 cost=525074 penalty = 0.00 area = 41.53% wirelength = 100.00%
Best update !!! M1 cost=524947 penalty = 0.00 area = 41.54% wirelength = 100.00%
Best update !!! M1 cost=524851 penalty = 0.00 area = 41.55% wirelength = 100.00%
Best update !!! M1 cost=524812 penalty = 0.00 area = 41.56% wirelength = 100.00%
Best update !!! M1 cost=524766 penalty = 0.00 area = 41.56% wirelength = 100.00%
Best update !!! M1 cost=524732 penalty = 0.00 area = 41.56% wirelength = 100.00%
Best update !!! M1 cost=524726 penalty = 0.00 area = 41.56% wirelength = 100.00%
Best update !!! M1 cost=524703 penalty = 0.00 area = 41.56% wirelength = 100.00%
Best update !!! M1 cost=524689 penalty = 0.00 area = 41.57% wirelength = 100.00%
Best update !!! M1 cost=524646 penalty = 0.00 area = 41.57% wirelength = 100.00%
Best update !!! M1 cost=524557 penalty = 0.00 area = 41.58% wirelength = 100.00%
Best update !!! M1 cost=524303 penalty = 0.00 area = 41.60% wirelength = 100.00%
Best update !!! M1 cost=524292 penalty = 0.00 area = 41.60% wirelength = 100.00%
Best update !!! M1 cost=524276 penalty = 0.00 area = 41.60% wirelength = 100.00%
Best update !!! M1 cost=524262 penalty = 0.00 area = 41.60% wirelength = 100.00%
Best update !!! M1 cost=524248 penalty = 0.00 area = 41.60% wirelength = 100.00%
Best update !!! M1 cost=524116 penalty = 0.00 area = 41.61% wirelength = 100.00%
Best update !!! M1 cost=524115 penalty = 0.00 area = 41.61% wirelength = 100.00%
Best update !!! M1 cost=524064 penalty = 0.00 area = 41.61% wirelength = 100.00%
Best update !!! M1 cost=523980 penalty = 0.00 area = 41.62% wirelength = 100.00%
Best update !!! M1 cost=523937 penalty = 0.00 area = 41.63% wirelength = 100.00%
Best update !!! M1 cost=523924 penalty = 0.00 area = 41.63% wirelength = 100.00%
Best update !!! M2 cost=523890 penalty = 0.00 area = 41.63% wirelength = 100.00%
Best update !!! M1 cost=523879 penalty = 0.00 area = 41.63% wirelength = 100.00%
Best update !!! M1 cost=523874 penalty = 0.00 area = 41.63% wirelength = 100.00%
Best update !!! M1 cost=523857 penalty = 0.00 area = 41.63% wirelength = 100.00%
Best update !!! M1 cost=523714 penalty = 0.00 area = 41.64% wirelength = 100.00%
Best update !!! M1 cost=523627 penalty = 0.00 area = 41.65% wirelength = 100.00%
Best update !!! M1 cost=523616 penalty = 0.00 area = 41.65% wirelength = 100.00%
Best update !!! M1 cost=523558 penalty = 0.00 area = 41.66% wirelength = 100.00%
Best update !!! M1 cost=523451 penalty = 0.00 area = 41.66% wirelength = 100.00%
Best update !!! M1 cost=523433 penalty = 0.00 area = 41.67% wirelength = 100.00%
Best update !!! M1 cost=523285 penalty = 0.00 area = 41.68% wirelength = 100.00%
Best update !!! M1 cost=523163 penalty = 0.00 area = 41.69% wirelength = 100.00%
Best update !!! M1 cost=523128 penalty = 0.00 area = 41.69% wirelength = 100.00%
Best update !!! M1 cost=522986 penalty = 0.00 area = 41.70% wirelength = 100.00%
Best update !!! M2 cost=522955 penalty = 0.00 area = 41.70% wirelength = 100.00%
Best update !!! M1 cost=522887 penalty = 0.00 area = 41.71% wirelength = 100.00%
Best update !!! M1 cost=522845 penalty = 0.00 area = 41.71% wirelength = 100.00%
Best update !!! M1 cost=522499 penalty = 0.00 area = 41.74% wirelength = 100.00%
Best update !!! M1 cost=522442 penalty = 0.00 area = 41.74% wirelength = 100.00%
Best update !!! M1 cost=522428 penalty = 0.00 area = 41.75% wirelength = 100.00%
Best update !!! M1 cost=522379 penalty = 0.00 area = 41.75% wirelength = 100.00%
Best update !!! M1 cost=522359 penalty = 0.00 area = 41.75% wirelength = 100.00%
Best update !!! M1 cost=522191 penalty = 0.00 area = 41.76% wirelength = 100.00%
Best update !!! M1 cost=522156 penalty = 0.00 area = 41.77% wirelength = 100.00%
Best update !!! M1 cost=522078 penalty = 0.00 area = 41.77% wirelength = 100.00%
Best update !!! M1 cost=522033 penalty = 0.00 area = 41.78% wirelength = 100.00%
Best update !!! M1 cost=521963 penalty = 0.00 area = 41.78% wirelength = 100.00%
Best update !!! M1 cost=521924 penalty = 0.00 area = 41.79% wirelength = 100.00%
Best update !!! M1 cost=521911 penalty = 0.00 area = 41.79% wirelength = 100.00%
Best update !!! M1 cost=521865 penalty = 0.00 area = 41.79% wirelength = 100.00%
Best update !!! M1 cost=521751 penalty = 0.00 area = 41.80% wirelength = 100.00%
Best update !!! M1 cost=521721 penalty = 0.00 area = 41.80% wirelength = 100.00%
Best update !!! M1 cost=521667 penalty = 0.00 area = 41.81% wirelength = 100.00%
Best update !!! M1 cost=521657 penalty = 0.00 area = 41.81% wirelength = 100.00%
Best update !!! M1 cost=521461 penalty = 0.00 area = 41.82% wirelength = 100.00%
Best update !!! M1 cost=521454 penalty = 0.00 area = 41.82% wirelength = 100.00%
Best update !!! M1 cost=521391 penalty = 0.00 area = 41.83% wirelength = 100.00%
Best update !!! M1 cost=521364 penalty = 0.00 area = 41.83% wirelength = 100.00%
Best update !!! M1 cost=521311 penalty = 0.00 area = 41.83% wirelength = 100.00%
Best update !!! M1 cost=521299 penalty = 0.00 area = 41.84% wirelength = 100.00%
Best update !!! M2 cost=521280 penalty = 0.00 area = 41.84% wirelength = 100.00%
Best update !!! M1 cost=521195 penalty = 0.00 area = 41.84% wirelength = 100.00%
Best update !!! M1 cost=521188 penalty = 0.00 area = 41.84% wirelength = 100.00%
Best update !!! M1 cost=521183 penalty = 0.00 area = 41.84% wirelength = 100.00%
Best update !!! M1 cost=521057 penalty = 0.00 area = 41.86% wirelength = 100.00%
Best update !!! M1 cost=520865 penalty = 0.00 area = 41.87% wirelength = 100.00%
Best update !!! M1 cost=520784 penalty = 0.00 area = 41.88% wirelength = 100.00%
Best update !!! M1 cost=520737 penalty = 0.00 area = 41.88% wirelength = 100.00%
Best update !!! M1 cost=520599 penalty = 0.00 area = 41.89% wirelength = 100.00%
Best update !!! M1 cost=520465 penalty = 0.00 area = 41.90% wirelength = 100.00%
Best update !!! M1 cost=520457 penalty = 0.00 area = 41.90% wirelength = 100.00%
Best update !!! M1 cost=520415 penalty = 0.00 area = 41.91% wirelength = 100.00%
Best update !!! M1 cost=520408 penalty = 0.00 area = 41.91% wirelength = 100.00%
Best update !!! M1 cost=520403 penalty = 0.00 area = 41.91% wirelength = 100.00%
Best update !!! M1 cost=520353 penalty = 0.00 area = 41.91% wirelength = 100.00%
Best update !!! M1 cost=520347 penalty = 0.00 area = 41.91% wirelength = 100.00%
Best update !!! M1 cost=520308 penalty = 0.00 area = 41.92% wirelength = 100.00%
Best update !!! M2 cost=520257 penalty = 0.00 area = 41.92% wirelength = 100.00%
Best update !!! M1 cost=520214 penalty = 0.00 area = 41.92% wirelength = 100.00%
Best update !!! M1 cost=520113 penalty = 0.00 area = 41.93% wirelength = 100.00%
Best update !!! M1 cost=520083 penalty = 0.00 area = 41.93% wirelength = 100.00%
Best update !!! M1 cost=519744 penalty = 0.00 area = 41.96% wirelength = 100.00%
Best update !!! M1 cost=519696 penalty = 0.00 area = 41.96% wirelength = 100.00%
Best update !!! M1 cost=519623 penalty = 0.00 area = 41.97% wirelength = 100.00%
Best update !!! M1 cost=519438 penalty = 0.00 area = 41.99% wirelength = 100.00%
Best update !!! M1 cost=519417 penalty = 0.00 area = 41.99% wirelength = 100.00%
Best update !!! M1 cost=519399 penalty = 0.00 area = 41.99% wirelength = 100.00%
Best update !!! M1 cost=519328 penalty = 0.00 area = 41.99% wirelength = 100.00%
Best update !!! M3 cost=519236 penalty = 0.00 area = 42.00% wirelength = 100.00%
Best update !!! M1 cost=519147 penalty = 0.00 area = 42.01% wirelength = 100.00%
Best update !!! M1 cost=519107 penalty = 0.00 area = 42.01% wirelength = 100.00%
Best update !!! M1 cost=519099 penalty = 0.00 area = 42.01% wirelength = 100.00%
Best update !!! M1 cost=518950 penalty = 0.00 area = 42.03% wirelength = 100.00%
Best update !!! M1 cost=518800 penalty = 0.00 area = 42.04% wirelength = 100.00%
Best update !!! M1 cost=518767 penalty = 0.00 area = 42.04% wirelength = 100.00%
Best update !!! M1 cost=518744 penalty = 0.00 area = 42.04% wirelength = 100.00%
Best update !!! M1 cost=518623 penalty = 0.00 area = 42.05% wirelength = 100.00%
Best update !!! M1 cost=518611 penalty = 0.00 area = 42.05% wirelength = 100.00%
Best update !!! M1 cost=518398 penalty = 0.00 area = 42.07% wirelength = 100.00%
Best update !!! M1 cost=518269 penalty = 0.00 area = 42.08% wirelength = 100.00%
Best update !!! M1 cost=518247 penalty = 0.00 area = 42.08% wirelength = 100.00%
Best update !!! M1 cost=517948 penalty = 0.00 area = 42.11% wirelength = 100.00%
Best update !!! M1 cost=517931 penalty = 0.00 area = 42.11% wirelength = 100.00%
Best update !!! M1 cost=517895 penalty = 0.00 area = 42.11% wirelength = 100.00%
Best update !!! M1 cost=517892 penalty = 0.00 area = 42.11% wirelength = 100.00%
Best update !!! M1 cost=517846 penalty = 0.00 area = 42.11% wirelength = 100.00%
Best update !!! M1 cost=517800 penalty = 0.00 area = 42.12% wirelength = 100.00%
Best update !!! M1 cost=517754 penalty = 0.00 area = 42.12% wirelength = 100.00%
Best update !!! M1 cost=517648 penalty = 0.00 area = 42.13% wirelength = 100.00%
Best update !!! M1 cost=517600 penalty = 0.00 area = 42.13% wirelength = 100.00%
Best update !!! M1 cost=517394 penalty = 0.00 area = 42.15% wirelength = 100.00%
Best update !!! M1 cost=517366 penalty = 0.00 area = 42.15% wirelength = 100.00%
Best update !!! M1 cost=517339 penalty = 0.00 area = 42.16% wirelength = 100.00%
Best update !!! M1 cost=517283 penalty = 0.00 area = 42.16% wirelength = 100.00%
Best update !!! M1 cost=517214 penalty = 0.00 area = 42.17% wirelength = 100.00%
Best update !!! M1 cost=517055 penalty = 0.00 area = 42.18% wirelength = 100.00%
Best update !!! M1 cost=517038 penalty = 0.00 area = 42.18% wirelength = 100.00%
Best update !!! M1 cost=517022 penalty = 0.00 area = 42.18% wirelength = 100.00%
Best update !!! M1 cost=517012 penalty = 0.00 area = 42.18% wirelength = 100.00%
Best update !!! M1 cost=517000 penalty = 0.00 area = 42.18% wirelength = 100.00%
Best update !!! M1 cost=516971 penalty = 0.00 area = 42.19% wirelength = 100.00%
Best update !!! M2 cost=516863 penalty = 0.00 area = 42.19% wirelength = 100.00%
Best update !!! M1 cost=516858 penalty = 0.00 area = 42.20% wirelength = 100.00%
Best update !!! M1 cost=516522 penalty = 0.00 area = 42.22% wirelength = 100.00%
Best update !!! M1 cost=516514 penalty = 0.00 area = 42.22% wirelength = 100.00%
Best update !!! M1 cost=516307 penalty = 0.00 area = 42.24% wirelength = 100.00%
Best update !!! M1 cost=516171 penalty = 0.00 area = 42.25% wirelength = 100.00%
Best update !!! M1 cost=516111 penalty = 0.00 area = 42.26% wirelength = 100.00%
Best update !!! M1 cost=516043 penalty = 0.00 area = 42.26% wirelength = 100.00%
Best update !!! M1 cost=515931 penalty = 0.00 area = 42.27% wirelength = 100.00%
Best update !!! M2 cost=515928 penalty = 0.00 area = 42.27% wirelength = 100.00%
Best update !!! M1 cost=515845 penalty = 0.00 area = 42.28% wirelength = 100.00%
Best update !!! M1 cost=515769 penalty = 0.00 area = 42.28% wirelength = 100.00%
Best update !!! M1 cost=515682 penalty = 0.00 area = 42.29% wirelength = 100.00%
Best update !!! M1 cost=515589 penalty = 0.00 area = 42.30% wirelength = 100.00%
Best update !!! M1 cost=515499 penalty = 0.00 area = 42.31% wirelength = 100.00%
Best update !!! M1 cost=515300 penalty = 0.00 area = 42.32% wirelength = 100.00%
Best update !!! M1 cost=515281 penalty = 0.00 area = 42.32% wirelength = 100.00%
Best update !!! M1 cost=515163 penalty = 0.00 area = 42.33% wirelength = 100.00%
Best update !!! M1 cost=515109 penalty = 0.00 area = 42.34% wirelength = 100.00%
Best update !!! M1 cost=515035 penalty = 0.00 area = 42.34% wirelength = 100.00%
Best update !!! M1 cost=515017 penalty = 0.00 area = 42.35% wirelength = 100.00%
Best update !!! M1 cost=514979 penalty = 0.00 area = 42.35% wirelength = 100.00%
Best update !!! M1 cost=514944 penalty = 0.00 area = 42.35% wirelength = 100.00%
Best update !!! M1 cost=514822 penalty = 0.00 area = 42.36% wirelength = 100.00%
Best update !!! M1 cost=514821 penalty = 0.00 area = 42.36% wirelength = 100.00%
Best update !!! M1 cost=514793 penalty = 0.00 area = 42.36% wirelength = 100.00%
Best update !!! M1 cost=514771 penalty = 0.00 area = 42.37% wirelength = 100.00%
Best update !!! M1 cost=514723 penalty = 0.00 area = 42.37% wirelength = 100.00%
Best update !!! M1 cost=514671 penalty = 0.00 area = 42.37% wirelength = 100.00%
Best update !!! M1 cost=514665 penalty = 0.00 area = 42.37% wirelength = 100.00%
Best update !!! M1 cost=514571 penalty = 0.00 area = 42.38% wirelength = 100.00%
Best update !!! M1 cost=514506 penalty = 0.00 area = 42.39% wirelength = 100.00%
Best update !!! M1 cost=514436 penalty = 0.00 area = 42.39% wirelength = 100.00%
Best update !!! M1 cost=514426 penalty = 0.00 area = 42.39% wirelength = 100.00%
Best update !!! M1 cost=514402 penalty = 0.00 area = 42.40% wirelength = 100.00%
Best update !!! M1 cost=514284 penalty = 0.00 area = 42.41% wirelength = 100.00%
Best update !!! M1 cost=514164 penalty = 0.00 area = 42.42% wirelength = 100.00%
Best update !!! M1 cost=513816 penalty = 0.00 area = 42.44% wirelength = 100.00%
Best update !!! M1 cost=513698 penalty = 0.00 area = 42.45% wirelength = 100.00%
Best update !!! M1 cost=513571 penalty = 0.00 area = 42.47% wirelength = 100.00%
Best update !!! M1 cost=513541 penalty = 0.00 area = 42.47% wirelength = 100.00%
Best update !!! M1 cost=513421 penalty = 0.00 area = 42.48% wirelength = 100.00%
Best update !!! M1 cost=513372 penalty = 0.00 area = 42.48% wirelength = 100.00%
Best update !!! M1 cost=513294 penalty = 0.00 area = 42.49% wirelength = 100.00%
Best update !!! M1 cost=513242 penalty = 0.00 area = 42.49% wirelength = 100.00%
Best update !!! M1 cost=513185 penalty = 0.00 area = 42.50% wirelength = 100.00%
Best update !!! M1 cost=513164 penalty = 0.00 area = 42.50% wirelength = 100.00%
Best update !!! M1 cost=513103 penalty = 0.00 area = 42.50% wirelength = 100.00%
Best update !!! M2 cost=513065 penalty = 0.00 area = 42.51% wirelength = 100.00%
Best update !!! M1 cost=513050 penalty = 0.00 area = 42.51% wirelength = 100.00%
Best update !!! M1 cost=512844 penalty = 0.00 area = 42.53% wirelength = 100.00%
Best update !!! M1 cost=512771 penalty = 0.00 area = 42.53% wirelength = 100.00%
Best update !!! M1 cost=512734 penalty = 0.00 area = 42.53% wirelength = 100.00%
Best update !!! M1 cost=512603 penalty = 0.00 area = 42.55% wirelength = 100.00%
Best update !!! M1 cost=512577 penalty = 0.00 area = 42.55% wirelength = 100.00%
Best update !!! M1 cost=512539 penalty = 0.00 area = 42.55% wirelength = 100.00%
Best update !!! M1 cost=512080 penalty = 0.00 area = 42.59% wirelength = 100.00%
Best update !!! M1 cost=512040 penalty = 0.00 area = 42.59% wirelength = 100.00%
Best update !!! M1 cost=511673 penalty = 0.00 area = 42.62% wirelength = 100.00%
Best update !!! M1 cost=511626 penalty = 0.00 area = 42.63% wirelength = 100.00%
Best update !!! M1 cost=511388 penalty = 0.00 area = 42.65% wirelength = 100.00%
Best update !!! M1 cost=511370 penalty = 0.00 area = 42.65% wirelength = 100.00%
Best update !!! M1 cost=511355 penalty = 0.00 area = 42.65% wirelength = 100.00%
Best update !!! M1 cost=511286 penalty = 0.00 area = 42.65% wirelength = 100.00%
Best update !!! M1 cost=511258 penalty = 0.00 area = 42.66% wirelength = 100.00%
Best update !!! M1 cost=511212 penalty = 0.00 area = 42.66% wirelength = 100.00%
Best update !!! M1 cost=511173 penalty = 0.00 area = 42.66% wirelength = 100.00%
Best update !!! M1 cost=511167 penalty = 0.00 area = 42.66% wirelength = 100.00%
Best update !!! M1 cost=511150 penalty = 0.00 area = 42.67% wirelength = 100.00%
Best update !!! M1 cost=511001 penalty = 0.00 area = 42.68% wirelength = 100.00%
Best update !!! M1 cost=510923 penalty = 0.00 area = 42.69% wirelength = 100.00%
Best update !!! M1 cost=510825 penalty = 0.00 area = 42.69% wirelength = 100.00%
Best update !!! M1 cost=510665 penalty = 0.00 area = 42.71% wirelength = 100.00%
Best update !!! M1 cost=510617 penalty = 0.00 area = 42.71% wirelength = 100.00%
Best update !!! M1 cost=510547 penalty = 0.00 area = 42.72% wirelength = 100.00%
Best update !!! M1 cost=510434 penalty = 0.00 area = 42.73% wirelength = 100.00%
Best update !!! M1 cost=510344 penalty = 0.00 area = 42.73% wirelength = 100.00%
Best update !!! M1 cost=510342 penalty = 0.00 area = 42.73% wirelength = 100.00%
Best update !!! M1 cost=510339 penalty = 0.00 area = 42.73% wirelength = 100.00%
Best update !!! M1 cost=510242 penalty = 0.00 area = 42.74% wirelength = 100.00%
Best update !!! M1 cost=510222 penalty = 0.00 area = 42.74% wirelength = 100.00%
Best update !!! M1 cost=510181 penalty = 0.00 area = 42.75% wirelength = 100.00%
Best update !!! M1 cost=510026 penalty = 0.00 area = 42.76% wirelength = 100.00%
Best update !!! M1 cost=509925 penalty = 0.00 area = 42.77% wirelength = 100.00%
Best update !!! M1 cost=509822 penalty = 0.00 area = 42.78% wirelength = 100.00%
Best update !!! M1 cost=509784 penalty = 0.00 area = 42.78% wirelength = 100.00%
Best update !!! M1 cost=509719 penalty = 0.00 area = 42.79% wirelength = 100.00%
Best update !!! M1 cost=509669 penalty = 0.00 area = 42.79% wirelength = 100.00%
Best update !!! M1 cost=509584 penalty = 0.00 area = 42.80% wirelength = 100.00%
Best update !!! M1 cost=509536 penalty = 0.00 area = 42.80% wirelength = 100.00%
Best update !!! M1 cost=509480 penalty = 0.00 area = 42.81% wirelength = 100.00%
Best update !!! M1 cost=509413 penalty = 0.00 area = 42.81% wirelength = 100.00%
Best update !!! M1 cost=509410 penalty = 0.00 area = 42.81% wirelength = 100.00%
Best update !!! M1 cost=509400 penalty = 0.00 area = 42.81% wirelength = 100.00%
Best update !!! M1 cost=509368 penalty = 0.00 area = 42.82% wirelength = 100.00%
Best update !!! M1 cost=509320 penalty = 0.00 area = 42.82% wirelength = 100.00%
Best update !!! M1 cost=509286 penalty = 0.00 area = 42.82% wirelength = 100.00%
Best update !!! M1 cost=509229 penalty = 0.00 area = 42.83% wirelength = 100.00%
Best update !!! M1 cost=509223 penalty = 0.00 area = 42.83% wirelength = 100.00%
Best update !!! M1 cost=509199 penalty = 0.00 area = 42.83% wirelength = 100.00%
Best update !!! M1 cost=509108 penalty = 0.00 area = 42.84% wirelength = 100.00%
Best update !!! M1 cost=509021 penalty = 0.00 area = 42.84% wirelength = 100.00%
Best update !!! M1 cost=508934 penalty = 0.00 area = 42.85% wirelength = 100.00%
Best update !!! M1 cost=508877 penalty = 0.00 area = 42.86% wirelength = 100.00%
Best update !!! M1 cost=508831 penalty = 0.00 area = 42.86% wirelength = 100.00%
Best update !!! M1 cost=508731 penalty = 0.00 area = 42.87% wirelength = 100.00%
Best update !!! M1 cost=508680 penalty = 0.00 area = 42.87% wirelength = 100.00%
Best update !!! M1 cost=508573 penalty = 0.00 area = 42.88% wirelength = 100.00%
Best update !!! M1 cost=508512 penalty = 0.00 area = 42.89% wirelength = 100.00%
Best update !!! M1 cost=508508 penalty = 0.00 area = 42.89% wirelength = 100.00%
Best update !!! M1 cost=508352 penalty = 0.00 area = 42.90% wirelength = 100.00%
Best update !!! M1 cost=508328 penalty = 0.00 area = 42.90% wirelength = 100.00%
Best update !!! M1 cost=508240 penalty = 0.00 area = 42.91% wirelength = 100.00%
Best update !!! M1 cost=508178 penalty = 0.00 area = 42.92% wirelength = 100.00%
Best update !!! M1 cost=508158 penalty = 0.00 area = 42.92% wirelength = 100.00%
Best update !!! M1 cost=508008 penalty = 0.00 area = 42.93% wirelength = 100.00%
Best update !!! M1 cost=507821 penalty = 0.00 area = 42.95% wirelength = 100.00%
Best update !!! M1 cost=507749 penalty = 0.00 area = 42.95% wirelength = 100.00%
Best update !!! M1 cost=507669 penalty = 0.00 area = 42.96% wirelength = 100.00%
Best update !!! M1 cost=507668 penalty = 0.00 area = 42.96% wirelength = 100.00%
Best update !!! M1 cost=507662 penalty = 0.00 area = 42.96% wirelength = 100.00%
Best update !!! M1 cost=507584 penalty = 0.00 area = 42.97% wirelength = 100.00%
Best update !!! M1 cost=507562 penalty = 0.00 area = 42.97% wirelength = 100.00%
Best update !!! M1 cost=507486 penalty = 0.00 area = 42.97% wirelength = 100.00%
Best update !!! M2 cost=507332 penalty = 0.00 area = 42.99% wirelength = 100.00%
Best update !!! M1 cost=507206 penalty = 0.00 area = 43.00% wirelength = 100.00%
Best update !!! M1 cost=507171 penalty = 0.00 area = 43.00% wirelength = 100.00%
Best update !!! M1 cost=507147 penalty = 0.00 area = 43.00% wirelength = 100.00%
Best update !!! M1 cost=507102 penalty = 0.00 area = 43.01% wirelength = 100.00%
Best update !!! M1 cost=506828 penalty = 0.00 area = 43.03% wirelength = 100.00%
Best update !!! M1 cost=506818 penalty = 0.00 area = 43.03% wirelength = 100.00%
Best update !!! M1 cost=506626 penalty = 0.00 area = 43.05% wirelength = 100.00%
Best update !!! M1 cost=506568 penalty = 0.00 area = 43.05% wirelength = 100.00%
Best update !!! M2 cost=506449 penalty = 0.00 area = 43.06% wirelength = 100.00%
Best update !!! M1 cost=506397 penalty = 0.00 area = 43.07% wirelength = 100.00%
Best update !!! M1 cost=506379 penalty = 0.00 area = 43.07% wirelength = 100.00%
Best update !!! M1 cost=506349 penalty = 0.00 area = 43.07% wirelength = 100.00%
Best update !!! M1 cost=506339 penalty = 0.00 area = 43.07% wirelength = 100.00%
Best update !!! M1 cost=506334 penalty = 0.00 area = 43.07% wirelength = 100.00%
Best update !!! M1 cost=506265 penalty = 0.00 area = 43.08% wirelength = 100.00%
Best update !!! M1 cost=506224 penalty = 0.00 area = 43.08% wirelength = 100.00%
Best update !!! M1 cost=506185 penalty = 0.00 area = 43.08% wirelength = 100.00%
Best update !!! M2 cost=506042 penalty = 0.00 area = 43.10% wirelength = 100.00%
Best update !!! M1 cost=506039 penalty = 0.00 area = 43.10% wirelength = 100.00%
Best update !!! M1 cost=505995 penalty = 0.00 area = 43.10% wirelength = 100.00%
Best update !!! M1 cost=505958 penalty = 0.00 area = 43.10% wirelength = 100.00%
Best update !!! M1 cost=505842 penalty = 0.00 area = 43.11% wirelength = 100.00%
Best update !!! M1 cost=505816 penalty = 0.00 area = 43.12% wirelength = 100.00%
Best update !!! M1 cost=505717 penalty = 0.00 area = 43.12% wirelength = 100.00%
Best update !!! M1 cost=505696 penalty = 0.00 area = 43.13% wirelength = 100.00%
Best update !!! M1 cost=505676 penalty = 0.00 area = 43.13% wirelength = 100.00%
Best update !!! M1 cost=505642 penalty = 0.00 area = 43.13% wirelength = 100.00%
Best update !!! M1 cost=505602 penalty = 0.00 area = 43.13% wirelength = 100.00%
Best update !!! M1 cost=505536 penalty = 0.00 area = 43.14% wirelength = 100.00%
Best update !!! M1 cost=505484 penalty = 0.00 area = 43.14% wirelength = 100.00%
Best update !!! M1 cost=505429 penalty = 0.00 area = 43.15% wirelength = 100.00%
Best update !!! M1 cost=505402 penalty = 0.00 area = 43.15% wirelength = 100.00%
Best update !!! M1 cost=505237 penalty = 0.00 area = 43.17% wirelength = 100.00%
Best update !!! M1 cost=505232 penalty = 0.00 area = 43.17% wirelength = 100.00%
Best update !!! M1 cost=505204 penalty = 0.00 area = 43.17% wirelength = 100.00%
Best update !!! M1 cost=505147 penalty = 0.00 area = 43.17% wirelength = 100.00%
Best update !!! M1 cost=505021 penalty = 0.00 area = 43.18% wirelength = 100.00%
Best update !!! M1 cost=504960 penalty = 0.00 area = 43.19% wirelength = 100.00%
Best update !!! M1 cost=504806 penalty = 0.00 area = 43.20% wirelength = 100.00%
Best update !!! M1 cost=504804 penalty = 0.00 area = 43.20% wirelength = 100.00%
Best update !!! M1 cost=504777 penalty = 0.00 area = 43.21% wirelength = 100.00%
Best update !!! M1 cost=504709 penalty = 0.00 area = 43.21% wirelength = 100.00%
Best update !!! M1 cost=504631 penalty = 0.00 area = 43.22% wirelength = 100.00%
Best update !!! M1 cost=504565 penalty = 0.00 area = 43.22% wirelength = 100.00%
Best update !!! M1 cost=504495 penalty = 0.00 area = 43.23% wirelength = 100.00%
Best update !!! M1 cost=504478 penalty = 0.00 area = 43.23% wirelength = 100.00%
Best update !!! M1 cost=504436 penalty = 0.00 area = 43.23% wirelength = 100.00%
Best update !!! M1 cost=504364 penalty = 0.00 area = 43.24% wirelength = 100.00%
Best update !!! M1 cost=504338 penalty = 0.00 area = 43.24% wirelength = 100.00%
Best update !!! M1 cost=504294 penalty = 0.00 area = 43.25% wirelength = 100.00%
Best update !!! M1 cost=504196 penalty = 0.00 area = 43.25% wirelength = 100.00%
Best update !!! M1 cost=504183 penalty = 0.00 area = 43.26% wirelength = 100.00%
Best update !!! M1 cost=504127 penalty = 0.00 area = 43.26% wirelength = 100.00%
Best update !!! M1 cost=504110 penalty = 0.00 area = 43.26% wirelength = 100.00%
Best update !!! M1 cost=503937 penalty = 0.00 area = 43.28% wirelength = 100.00%
Best update !!! M1 cost=503897 penalty = 0.00 area = 43.28% wirelength = 100.00%
Best update !!! M1 cost=503840 penalty = 0.00 area = 43.29% wirelength = 100.00%
Best update !!! M1 cost=503827 penalty = 0.00 area = 43.29% wirelength = 100.00%
Best update !!! M1 cost=503802 penalty = 0.00 area = 43.29% wirelength = 100.00%
Best update !!! M1 cost=503738 penalty = 0.00 area = 43.29% wirelength = 100.00%
Best update !!! M1 cost=503587 penalty = 0.00 area = 43.31% wirelength = 100.00%
Best update !!! M1 cost=503497 penalty = 0.00 area = 43.31% wirelength = 100.00%
Best update !!! M1 cost=503271 penalty = 0.00 area = 43.33% wirelength = 100.00%
Best update !!! M1 cost=503252 penalty = 0.00 area = 43.34% wirelength = 100.00%
Best update !!! M1 cost=503129 penalty = 0.00 area = 43.35% wirelength = 100.00%
Best update !!! M1 cost=503087 penalty = 0.00 area = 43.35% wirelength = 100.00%
Best update !!! M1 cost=503050 penalty = 0.00 area = 43.35% wirelength = 100.00%
Best update !!! M1 cost=503022 penalty = 0.00 area = 43.36% wirelength = 100.00%
Best update !!! M2 cost=502964 penalty = 0.00 area = 43.36% wirelength = 100.00%
Best update !!! M1 cost=502838 penalty = 0.00 area = 43.37% wirelength = 100.00%
Best update !!! M1 cost=502835 penalty = 0.00 area = 43.37% wirelength = 100.00%
Best update !!! M1 cost=502788 penalty = 0.00 area = 43.38% wirelength = 100.00%
Best update !!! M1 cost=502759 penalty = 0.00 area = 43.38% wirelength = 100.00%
Best update !!! M1 cost=502758 penalty = 0.00 area = 43.38% wirelength = 100.00%
Best update !!! M1 cost=502676 penalty = 0.00 area = 43.39% wirelength = 100.00%
Best update !!! M1 cost=502674 penalty = 0.00 area = 43.39% wirelength = 100.00%
Best update !!! M1 cost=502669 penalty = 0.00 area = 43.39% wirelength = 100.00%
Best update !!! M1 cost=502598 penalty = 0.00 area = 43.39% wirelength = 100.00%
Best update !!! M1 cost=502571 penalty = 0.00 area = 43.39% wirelength = 100.00%
Best update !!! M1 cost=502523 penalty = 0.00 area = 43.40% wirelength = 100.00%
Best update !!! M1 cost=502515 penalty = 0.00 area = 43.40% wirelength = 100.00%
Best update !!! M1 cost=502507 penalty = 0.00 area = 43.40% wirelength = 100.00%
Best update !!! M1 cost=502474 penalty = 0.00 area = 43.40% wirelength = 100.00%
Best update !!! M1 cost=502443 penalty = 0.00 area = 43.41% wirelength = 100.00%
Best update !!! M1 cost=502387 penalty = 0.00 area = 43.41% wirelength = 100.00%
Best update !!! M1 cost=502327 penalty = 0.00 area = 43.42% wirelength = 100.00%
Best update !!! M1 cost=502300 penalty = 0.00 area = 43.42% wirelength = 100.00%
Best update !!! M1 cost=502177 penalty = 0.00 area = 43.43% wirelength = 100.00%
Best update !!! M1 cost=502169 penalty = 0.00 area = 43.43% wirelength = 100.00%
Best update !!! M1 cost=502153 penalty = 0.00 area = 43.43% wirelength = 100.00%
Best update !!! M1 cost=502037 penalty = 0.00 area = 43.44% wirelength = 100.00%
Best update !!! M1 cost=501935 penalty = 0.00 area = 43.45% wirelength = 100.00%
Best update !!! M1 cost=501917 penalty = 0.00 area = 43.45% wirelength = 100.00%
Best update !!! M1 cost=501902 penalty = 0.00 area = 43.45% wirelength = 100.00%
Best update !!! M1 cost=501885 penalty = 0.00 area = 43.45% wirelength = 100.00%
Best update !!! M1 cost=501782 penalty = 0.00 area = 43.46% wirelength = 100.00%
Best update !!! M1 cost=501670 penalty = 0.00 area = 43.47% wirelength = 100.00%
Best update !!! M1 cost=501656 penalty = 0.00 area = 43.47% wirelength = 100.00%
Best update !!! M1 cost=501641 penalty = 0.00 area = 43.48% wirelength = 100.00%
Best update !!! M1 cost=501578 penalty = 0.00 area = 43.48% wirelength = 100.00%
Best update !!! M1 cost=501551 penalty = 0.00 area = 43.48% wirelength = 100.00%
Best update !!! M1 cost=501505 penalty = 0.00 area = 43.49% wirelength = 100.00%
Best update !!! M1 cost=501484 penalty = 0.00 area = 43.49% wirelength = 100.00%
Best update !!! M1 cost=501462 penalty = 0.00 area = 43.49% wirelength = 100.00%
Best update !!! M1 cost=501402 penalty = 0.00 area = 43.50% wirelength = 100.00%
Best update !!! M1 cost=501353 penalty = 0.00 area = 43.50% wirelength = 100.00%
Best update !!! M1 cost=501309 penalty = 0.00 area = 43.50% wirelength = 100.00%
Best update !!! M1 cost=501236 penalty = 0.00 area = 43.51% wirelength = 100.00%
Best update !!! M1 cost=501218 penalty = 0.00 area = 43.51% wirelength = 100.00%
Best update !!! M1 cost=501197 penalty = 0.00 area = 43.51% wirelength = 100.00%
Best update !!! M1 cost=501164 penalty = 0.00 area = 43.52% wirelength = 100.00%
Best update !!! M1 cost=501012 penalty = 0.00 area = 43.53% wirelength = 100.00%
Best update !!! M1 cost=500995 penalty = 0.00 area = 43.53% wirelength = 100.00%
Best update !!! M1 cost=500957 penalty = 0.00 area = 43.53% wirelength = 100.00%
Best update !!! M1 cost=500865 penalty = 0.00 area = 43.54% wirelength = 100.00%
Best update !!! M1 cost=500783 penalty = 0.00 area = 43.55% wirelength = 100.00%
Best update !!! M1 cost=500719 penalty = 0.00 area = 43.56% wirelength = 100.00%
Best update !!! M1 cost=500670 penalty = 0.00 area = 43.56% wirelength = 100.00%
Best update !!! M1 cost=500658 penalty = 0.00 area = 43.56% wirelength = 100.00%
Best update !!! M1 cost=500553 penalty = 0.00 area = 43.57% wirelength = 100.00%
Best update !!! M1 cost=500489 penalty = 0.00 area = 43.58% wirelength = 100.00%
Best update !!! M1 cost=500468 penalty = 0.00 area = 43.58% wirelength = 100.00%
Best update !!! M1 cost=500429 penalty = 0.00 area = 43.58% wirelength = 100.00%
Best update !!! M1 cost=500345 penalty = 0.00 area = 43.59% wirelength = 100.00%
Best update !!! M1 cost=500325 penalty = 0.00 area = 43.59% wirelength = 100.00%
Best update !!! M1 cost=500274 penalty = 0.00 area = 43.59% wirelength = 100.00%
Best update !!! M1 cost=500210 penalty = 0.00 area = 43.60% wirelength = 100.00%
Best update !!! M1 cost=500123 penalty = 0.00 area = 43.61% wirelength = 100.00%
Best update !!! M1 cost=500119 penalty = 0.00 area = 43.61% wirelength = 100.00%
Best update !!! M1 cost=500041 penalty = 0.00 area = 43.61% wirelength = 100.00%
Best update !!! M1 cost=500025 penalty = 0.00 area = 43.62% wirelength = 100.00%
Best update !!! M1 cost=499968 penalty = 0.00 area = 43.62% wirelength = 100.00%
Best update !!! M1 cost=499905 penalty = 0.00 area = 43.63% wirelength = 100.00%
Best update !!! M1 cost=499823 penalty = 0.00 area = 43.63% wirelength = 100.00%
Best update !!! M1 cost=499773 penalty = 0.00 area = 43.64% wirelength = 100.00%
Best update !!! M1 cost=499723 penalty = 0.00 area = 43.64% wirelength = 100.00%
Best update !!! M1 cost=499710 penalty = 0.00 area = 43.64% wirelength = 100.00%
Best update !!! M1 cost=499693 penalty = 0.00 area = 43.64% wirelength = 100.00%
Best update !!! M1 cost=499667 penalty = 0.00 area = 43.65% wirelength = 100.00%
Best update !!! M1 cost=499649 penalty = 0.00 area = 43.65% wirelength = 100.00%
Best update !!! M1 cost=499640 penalty = 0.00 area = 43.65% wirelength = 100.00%
Best update !!! M1 cost=499554 penalty = 0.00 area = 43.66% wirelength = 100.00%
Best update !!! M1 cost=499549 penalty = 0.00 area = 43.66% wirelength = 100.00%
Best update !!! M1 cost=499547 penalty = 0.00 area = 43.66% wirelength = 100.00%
Best update !!! M2 cost=499543 penalty = 0.00 area = 43.66% wirelength = 100.00%
Best update !!! M1 cost=499489 penalty = 0.00 area = 43.66% wirelength = 100.00%
Best update !!! M1 cost=499487 penalty = 0.00 area = 43.66% wirelength = 100.00%
Best update !!! M1 cost=499470 penalty = 0.00 area = 43.66% wirelength = 100.00%
Best update !!! M1 cost=499348 penalty = 0.00 area = 43.67% wirelength = 100.00%
Best update !!! M1 cost=499294 penalty = 0.00 area = 43.68% wirelength = 100.00%
Best update !!! M1 cost=499293 penalty = 0.00 area = 43.68% wirelength = 100.00%
Best update !!! M1 cost=499241 penalty = 0.00 area = 43.68% wirelength = 100.00%
Best update !!! M1 cost=499181 penalty = 0.00 area = 43.69% wirelength = 100.00%
Best update !!! M1 cost=499160 penalty = 0.00 area = 43.69% wirelength = 100.00%
Best update !!! M1 cost=499069 penalty = 0.00 area = 43.70% wirelength = 100.00%
Best update !!! M1 cost=499040 penalty = 0.00 area = 43.70% wirelength = 100.00%
Best update !!! M1 cost=498995 penalty = 0.00 area = 43.71% wirelength = 100.00%
Best update !!! M1 cost=498979 penalty = 0.00 area = 43.71% wirelength = 100.00%
Best update !!! M1 cost=498952 penalty = 0.00 area = 43.71% wirelength = 100.00%
Best update !!! M1 cost=498824 penalty = 0.00 area = 43.72% wirelength = 100.00%
Best update !!! M1 cost=498744 penalty = 0.00 area = 43.73% wirelength = 100.00%
Best update !!! M1 cost=498657 penalty = 0.00 area = 43.74% wirelength = 100.00%
Best update !!! M1 cost=498575 penalty = 0.00 area = 43.74% wirelength = 100.00%
Best update !!! M1 cost=498571 penalty = 0.00 area = 43.74% wirelength = 100.00%
Best update !!! M1 cost=498508 penalty = 0.00 area = 43.75% wirelength = 100.00%
Best update !!! M1 cost=498455 penalty = 0.00 area = 43.75% wirelength = 100.00%
Best update !!! M1 cost=498447 penalty = 0.00 area = 43.75% wirelength = 100.00%
Best update !!! M2 cost=498388 penalty = 0.00 area = 43.76% wirelength = 100.00%
Best update !!! M1 cost=498264 penalty = 0.00 area = 43.77% wirelength = 100.00%
Best update !!! M1 cost=498216 penalty = 0.00 area = 43.77% wirelength = 100.00%
Best update !!! M1 cost=498201 penalty = 0.00 area = 43.78% wirelength = 100.00%
Best update !!! M1 cost=498140 penalty = 0.00 area = 43.78% wirelength = 100.00%
Best update !!! M1 cost=498100 penalty = 0.00 area = 43.78% wirelength = 100.00%
Best update !!! M1 cost=498018 penalty = 0.00 area = 43.79% wirelength = 100.00%
Best update !!! M1 cost=497822 penalty = 0.00 area = 43.81% wirelength = 100.00%
Best update !!! M1 cost=497818 penalty = 0.00 area = 43.81% wirelength = 100.00%
Best update !!! M1 cost=497789 penalty = 0.00 area = 43.81% wirelength = 100.00%
Best update !!! M1 cost=497714 penalty = 0.00 area = 43.82% wirelength = 100.00%
Best update !!! M1 cost=497690 penalty = 0.00 area = 43.82% wirelength = 100.00%
Best update !!! M1 cost=497666 penalty = 0.00 area = 43.82% wirelength = 100.00%
Best update !!! M1 cost=497640 penalty = 0.00 area = 43.82% wirelength = 100.00%
Best update !!! M1 cost=497606 penalty = 0.00 area = 43.83% wirelength = 100.00%
Best update !!! M1 cost=497530 penalty = 0.00 area = 43.83% wirelength = 100.00%
Best update !!! M1 cost=497473 penalty = 0.00 area = 43.84% wirelength = 100.00%
Best update !!! M1 cost=497446 penalty = 0.00 area = 43.84% wirelength = 100.00%
Best update !!! M1 cost=497417 penalty = 0.00 area = 43.84% wirelength = 100.00%
Best update !!! M1 cost=497389 penalty = 0.00 area = 43.85% wirelength = 100.00%
Best update !!! M1 cost=497340 penalty = 0.00 area = 43.85% wirelength = 100.00%
Best update !!! M1 cost=497313 penalty = 0.00 area = 43.85% wirelength = 100.00%
Best update !!! M1 cost=497268 penalty = 0.00 area = 43.86% wirelength = 100.00%
Best update !!! M2 cost=497214 penalty = 0.00 area = 43.86% wirelength = 100.00%
Best update !!! M1 cost=497131 penalty = 0.00 area = 43.87% wirelength = 100.00%
Best update !!! M1 cost=497111 penalty = 0.00 area = 43.87% wirelength = 100.00%
Best update !!! M1 cost=497078 penalty = 0.00 area = 43.87% wirelength = 100.00%
Best update !!! M1 cost=497035 penalty = 0.00 area = 43.88% wirelength = 100.00%
Best update !!! M1 cost=496990 penalty = 0.00 area = 43.88% wirelength = 100.00%
Best update !!! M1 cost=496913 penalty = 0.00 area = 43.89% wirelength = 100.00%
Best update !!! M1 cost=496896 penalty = 0.00 area = 43.89% wirelength = 100.00%
Best update !!! M1 cost=496894 penalty = 0.00 area = 43.89% wirelength = 100.00%
Best update !!! M1 cost=496890 penalty = 0.00 area = 43.89% wirelength = 100.00%
Best update !!! M1 cost=496811 penalty = 0.00 area = 43.90% wirelength = 100.00%
Best update !!! M1 cost=496753 penalty = 0.00 area = 43.90% wirelength = 100.00%
Best update !!! M1 cost=496734 penalty = 0.00 area = 43.90% wirelength = 100.00%
Best update !!! M1 cost=496700 penalty = 0.00 area = 43.91% wirelength = 100.00%
Best update !!! M2 cost=496693 penalty = 0.00 area = 43.91% wirelength = 100.00%
Best update !!! M1 cost=496647 penalty = 0.00 area = 43.91% wirelength = 100.00%
Best update !!! M1 cost=496637 penalty = 0.00 area = 43.91% wirelength = 100.00%
Best update !!! M1 cost=496583 penalty = 0.00 area = 43.92% wirelength = 100.00%
Best update !!! M1 cost=496512 penalty = 0.00 area = 43.92% wirelength = 100.00%
Best update !!! M1 cost=496353 penalty = 0.00 area = 43.94% wirelength = 100.00%
Best update !!! M1 cost=496340 penalty = 0.00 area = 43.94% wirelength = 100.00%
Best update !!! M1 cost=496297 penalty = 0.00 area = 43.94% wirelength = 100.00%
Best update !!! M1 cost=496289 penalty = 0.00 area = 43.94% wirelength = 100.00%
Best update !!! M1 cost=496255 penalty = 0.00 area = 43.95% wirelength = 100.00%
Best update !!! M1 cost=496229 penalty = 0.00 area = 43.95% wirelength = 100.00%
Best update !!! M1 cost=496202 penalty = 0.00 area = 43.95% wirelength = 100.00%
Best update !!! M1 cost=496191 penalty = 0.00 area = 43.95% wirelength = 100.00%
Best update !!! M1 cost=496160 penalty = 0.00 area = 43.96% wirelength = 100.00%
Best update !!! M1 cost=496144 penalty = 0.00 area = 43.96% wirelength = 100.00%
Best update !!! M1 cost=496130 penalty = 0.00 area = 43.96% wirelength = 100.00%
Best update !!! M1 cost=496129 penalty = 0.00 area = 43.96% wirelength = 100.00%
Best update !!! M1 cost=496047 penalty = 0.00 area = 43.97% wirelength = 100.00%
Best update !!! M1 cost=496037 penalty = 0.00 area = 43.97% wirelength = 100.00%
Best update !!! M1 cost=495945 penalty = 0.00 area = 43.97% wirelength = 100.00%
Best update !!! M1 cost=495863 penalty = 0.00 area = 43.98% wirelength = 100.00%
Best update !!! M1 cost=495860 penalty = 0.00 area = 43.98% wirelength = 100.00%
Best update !!! M1 cost=495814 penalty = 0.00 area = 43.99% wirelength = 100.00%
Best update !!! M1 cost=495802 penalty = 0.00 area = 43.99% wirelength = 100.00%
Best update !!! M1 cost=495709 penalty = 0.00 area = 44.00% wirelength = 100.00%
Best update !!! M1 cost=495662 penalty = 0.00 area = 44.00% wirelength = 100.00%
Best update !!! M1 cost=495601 penalty = 0.00 area = 44.00% wirelength = 100.00%
Best update !!! M1 cost=495593 penalty = 0.00 area = 44.01% wirelength = 100.00%
Best update !!! M1 cost=495526 penalty = 0.00 area = 44.01% wirelength = 100.00%
Best update !!! M1 cost=495481 penalty = 0.00 area = 44.02% wirelength = 100.00%
Best update !!! M1 cost=495455 penalty = 0.00 area = 44.02% wirelength = 100.00%
Best update !!! M1 cost=495370 penalty = 0.00 area = 44.03% wirelength = 100.00%
Best update !!! M1 cost=495346 penalty = 0.00 area = 44.03% wirelength = 100.00%
Best update !!! M1 cost=495337 penalty = 0.00 area = 44.03% wirelength = 100.00%
Best update !!! M1 cost=495327 penalty = 0.00 area = 44.03% wirelength = 100.00%
Best update !!! M1 cost=495302 penalty = 0.00 area = 44.03% wirelength = 100.00%
Best update !!! M1 cost=495294 penalty = 0.00 area = 44.03% wirelength = 100.00%
Best update !!! M1 cost=495291 penalty = 0.00 area = 44.03% wirelength = 100.00%
Best update !!! M1 cost=495245 penalty = 0.00 area = 44.04% wirelength = 100.00%
Best update !!! M1 cost=495236 penalty = 0.00 area = 44.04% wirelength = 100.00%
Best update !!! M1 cost=495233 penalty = 0.00 area = 44.04% wirelength = 100.00%
Best update !!! M1 cost=495228 penalty = 0.00 area = 44.04% wirelength = 100.00%
Best update !!! M1 cost=495220 penalty = 0.00 area = 44.04% wirelength = 100.00%
Best update !!! M1 cost=495206 penalty = 0.00 area = 44.04% wirelength = 100.00%
Best update !!! M1 cost=495205 penalty = 0.00 area = 44.04% wirelength = 100.00%
Best update !!! M1 cost=495150 penalty = 0.00 area = 44.05% wirelength = 100.00%
Best update !!! M1 cost=495139 penalty = 0.00 area = 44.05% wirelength = 100.00%
Best update !!! M1 cost=495076 penalty = 0.00 area = 44.05% wirelength = 100.00%
Best update !!! M1 cost=495074 penalty = 0.00 area = 44.05% wirelength = 100.00%
Best update !!! M1 cost=495040 penalty = 0.00 area = 44.05% wirelength = 100.00%
Best update !!! M1 cost=495024 penalty = 0.00 area = 44.06% wirelength = 100.00%
Best update !!! M2 cost=495010 penalty = 0.00 area = 44.06% wirelength = 100.00%
Best update !!! M1 cost=495004 penalty = 0.00 area = 44.06% wirelength = 100.00%
Best update !!! M1 cost=494982 penalty = 0.00 area = 44.06% wirelength = 100.00%
Best update !!! M1 cost=494979 penalty = 0.00 area = 44.06% wirelength = 100.00%
Best update !!! M1 cost=494957 penalty = 0.00 area = 44.06% wirelength = 100.00%
Best update !!! M1 cost=494937 penalty = 0.00 area = 44.06% wirelength = 100.00%
Best update !!! M1 cost=494845 penalty = 0.00 area = 44.07% wirelength = 100.00%
Best update !!! M1 cost=494839 penalty = 0.00 area = 44.07% wirelength = 100.00%
Best update !!! M1 cost=494833 penalty = 0.00 area = 44.07% wirelength = 100.00%
Best update !!! M1 cost=494787 penalty = 0.00 area = 44.08% wirelength = 100.00%
Best update !!! M1 cost=494737 penalty = 0.00 area = 44.08% wirelength = 100.00%
Best update !!! M1 cost=494732 penalty = 0.00 area = 44.08% wirelength = 100.00%
Best update !!! M1 cost=494693 penalty = 0.00 area = 44.09% wirelength = 100.00%
Best update !!! M1 cost=494665 penalty = 0.00 area = 44.09% wirelength = 100.00%
Best update !!! M1 cost=494650 penalty = 0.00 area = 44.09% wirelength = 100.00%
Best update !!! M1 cost=494636 penalty = 0.00 area = 44.09% wirelength = 100.00%
Best update !!! M2 cost=494626 penalty = 0.00 area = 44.09% wirelength = 100.00%
Best update !!! M1 cost=494619 penalty = 0.00 area = 44.09% wirelength = 100.00%
Best update !!! M1 cost=494607 penalty = 0.00 area = 44.09% wirelength = 100.00%
Best update !!! M1 cost=494603 penalty = 0.00 area = 44.09% wirelength = 100.00%
Best update !!! M1 cost=494559 penalty = 0.00 area = 44.10% wirelength = 100.00%
Best update !!! M1 cost=494522 penalty = 0.00 area = 44.10% wirelength = 100.00%
Best update !!! M1 cost=494517 penalty = 0.00 area = 44.10% wirelength = 100.00%
Best update !!! M1 cost=494377 penalty = 0.00 area = 44.11% wirelength = 100.00%
Best update !!! M1 cost=494322 penalty = 0.00 area = 44.12% wirelength = 100.00%
Best update !!! M1 cost=494311 penalty = 0.00 area = 44.12% wirelength = 100.00%
Best update !!! M1 cost=494241 penalty = 0.00 area = 44.13% wirelength = 100.00%
Best update !!! M1 cost=494193 penalty = 0.00 area = 44.13% wirelength = 100.00%
Best update !!! M1 cost=494180 penalty = 0.00 area = 44.13% wirelength = 100.00%
Best update !!! M1 cost=494140 penalty = 0.00 area = 44.14% wirelength = 100.00%
Best update !!! M1 cost=494106 penalty = 0.00 area = 44.14% wirelength = 100.00%
Best update !!! M1 cost=494105 penalty = 0.00 area = 44.14% wirelength = 100.00%
Best update !!! M1 cost=494059 penalty = 0.00 area = 44.14% wirelength = 100.00%
Best update !!! M1 cost=494014 penalty = 0.00 area = 44.15% wirelength = 100.00%
Best update !!! M1 cost=493968 penalty = 0.00 area = 44.15% wirelength = 100.00%
Best update !!! M1 cost=493956 penalty = 0.00 area = 44.15% wirelength = 100.00%
Best update !!! M1 cost=493932 penalty = 0.00 area = 44.15% wirelength = 100.00%
Best update !!! M1 cost=493915 penalty = 0.00 area = 44.16% wirelength = 100.00%
Best update !!! M1 cost=493803 penalty = 0.00 area = 44.17% wirelength = 100.00%
Best update !!! M1 cost=493770 penalty = 0.00 area = 44.17% wirelength = 100.00%
Best update !!! M1 cost=493739 penalty = 0.00 area = 44.17% wirelength = 100.00%
Best update !!! M1 cost=493659 penalty = 0.00 area = 44.18% wirelength = 100.00%
Best update !!! M1 cost=493657 penalty = 0.00 area = 44.18% wirelength = 100.00%
Best update !!! M2 cost=493654 penalty = 0.00 area = 44.18% wirelength = 100.00%
Best update !!! M1 cost=493612 penalty = 0.00 area = 44.18% wirelength = 100.00%
Best update !!! M1 cost=493549 penalty = 0.00 area = 44.19% wirelength = 100.00%
Best update !!! M1 cost=493518 penalty = 0.00 area = 44.19% wirelength = 100.00%
Best update !!! M1 cost=493516 penalty = 0.00 area = 44.19% wirelength = 100.00%
Best update !!! M1 cost=493507 penalty = 0.00 area = 44.19% wirelength = 100.00%
Best update !!! M1 cost=493499 penalty = 0.00 area = 44.19% wirelength = 100.00%
Best update !!! M1 cost=493495 penalty = 0.00 area = 44.19% wirelength = 100.00%
Best update !!! M1 cost=493453 penalty = 0.00 area = 44.20% wirelength = 100.00%
Best update !!! M1 cost=493440 penalty = 0.00 area = 44.20% wirelength = 100.00%
Best update !!! M1 cost=493439 penalty = 0.00 area = 44.20% wirelength = 100.00%
Best update !!! M1 cost=493429 penalty = 0.00 area = 44.20% wirelength = 100.00%
Best update !!! M1 cost=493414 penalty = 0.00 area = 44.20% wirelength = 100.00%
Best update !!! M1 cost=493330 penalty = 0.00 area = 44.21% wirelength = 100.00%
Best update !!! M1 cost=493304 penalty = 0.00 area = 44.21% wirelength = 100.00%
Best update !!! M1 cost=493294 penalty = 0.00 area = 44.21% wirelength = 100.00%
Best update !!! M1 cost=493287 penalty = 0.00 area = 44.21% wirelength = 100.00%
Best update !!! M2 cost=493231 penalty = 0.00 area = 44.22% wirelength = 100.00%
Best update !!! M1 cost=493225 penalty = 0.00 area = 44.22% wirelength = 100.00%
Best update !!! M1 cost=493180 penalty = 0.00 area = 44.22% wirelength = 100.00%
Best update !!! M1 cost=493168 penalty = 0.00 area = 44.22% wirelength = 100.00%
Best update !!! M1 cost=493160 penalty = 0.00 area = 44.22% wirelength = 100.00%
Best update !!! M1 cost=493150 penalty = 0.00 area = 44.22% wirelength = 100.00%
Best update !!! M1 cost=493130 penalty = 0.00 area = 44.23% wirelength = 100.00%
Best update !!! M1 cost=493123 penalty = 0.00 area = 44.23% wirelength = 100.00%
Best update !!! M1 cost=492972 penalty = 0.00 area = 44.24% wirelength = 100.00%
Best update !!! M2 cost=492969 penalty = 0.00 area = 44.24% wirelength = 100.00%
Best update !!! M1 cost=492952 penalty = 0.00 area = 44.24% wirelength = 100.00%
Best update !!! M1 cost=492946 penalty = 0.00 area = 44.24% wirelength = 100.00%
Best update !!! M1 cost=492945 penalty = 0.00 area = 44.24% wirelength = 100.00%
Best update !!! M1 cost=492897 penalty = 0.00 area = 44.25% wirelength = 100.00%
Best update !!! M1 cost=492889 penalty = 0.00 area = 44.25% wirelength = 100.00%
Best update !!! M1 cost=492875 penalty = 0.00 area = 44.25% wirelength = 100.00%
Best update !!! M1 cost=492874 penalty = 0.00 area = 44.25% wirelength = 100.00%
Best update !!! M1 cost=492856 penalty = 0.00 area = 44.25% wirelength = 100.00%
Best update !!! M1 cost=492846 penalty = 0.00 area = 44.25% wirelength = 100.00%
Best update !!! M1 cost=492809 penalty = 0.00 area = 44.25% wirelength = 100.00%
Best update !!! M1 cost=492808 penalty = 0.00 area = 44.25% wirelength = 100.00%
Best update !!! M1 cost=492805 penalty = 0.00 area = 44.25% wirelength = 100.00%
Best update !!! M1 cost=492792 penalty = 0.00 area = 44.26% wirelength = 100.00%
Best update !!! M1 cost=492664 penalty = 0.00 area = 44.27% wirelength = 100.00%
Best update !!! M1 cost=492644 penalty = 0.00 area = 44.27% wirelength = 100.00%
Best update !!! M1 cost=492635 penalty = 0.00 area = 44.27% wirelength = 100.00%
Best update !!! M1 cost=492632 penalty = 0.00 area = 44.27% wirelength = 100.00%
Best update !!! M1 cost=492601 penalty = 0.00 area = 44.27% wirelength = 100.00%
Best update !!! M1 cost=492590 penalty = 0.00 area = 44.27% wirelength = 100.00%
Best update !!! M1 cost=492583 penalty = 0.00 area = 44.27% wirelength = 100.00%
Best update !!! M1 cost=492562 penalty = 0.00 area = 44.28% wirelength = 100.00%
Best update !!! M1 cost=492517 penalty = 0.00 area = 44.28% wirelength = 100.00%
Best update !!! M1 cost=492514 penalty = 0.00 area = 44.28% wirelength = 100.00%
Best update !!! M1 cost=492441 penalty = 0.00 area = 44.29% wirelength = 100.00%
Best update !!! M1 cost=492368 penalty = 0.00 area = 44.29% wirelength = 100.00%
Best update !!! M1 cost=492308 penalty = 0.00 area = 44.30% wirelength = 100.00%
Final cost = 492308.00 Penalty = 0.00 area = 44.30% wirelength = 100.00%
The total HPWL = 492308
Total time used = 596s
