Invalid b
Default b = 173
Out file = ../output/public23.out
Initial cost = 253689039493 Penalty = 100.00% area = 0.00% wirelength =0.00%
The total HPWL = 582793
Total time used = 0s
Best update !!! M2 cost=575686 penalty = 0.00 area = 37.88% wirelength = 100.00%
Best update !!! M1 cost=575674 penalty = 0.00 area = 37.88% wirelength = 100.00%
Best update !!! M1 cost=575668 penalty = 0.00 area = 37.88% wirelength = 100.00%
Best update !!! M2 cost=575334 penalty = 0.00 area = 37.91% wirelength = 100.00%
Best update !!! M1 cost=575223 penalty = 0.00 area = 37.91% wirelength = 100.00%
Best update !!! M1 cost=575133 penalty = 0.00 area = 37.92% wirelength = 100.00%
Best update !!! M1 cost=574881 penalty = 0.00 area = 37.94% wirelength = 100.00%
Best update !!! M1 cost=574587 penalty = 0.00 area = 37.96% wirelength = 100.00%
Best update !!! M1 cost=574508 penalty = 0.00 area = 37.96% wirelength = 100.00%
Best update !!! M1 cost=574319 penalty = 0.00 area = 37.97% wirelength = 100.00%
Best update !!! M1 cost=574164 penalty = 0.00 area = 37.98% wirelength = 100.00%
Best update !!! M1 cost=574109 penalty = 0.00 area = 37.99% wirelength = 100.00%
Best update !!! M1 cost=573944 penalty = 0.00 area = 38.00% wirelength = 100.00%
Best update !!! M1 cost=573905 penalty = 0.00 area = 38.00% wirelength = 100.00%
Best update !!! M1 cost=573707 penalty = 0.00 area = 38.01% wirelength = 100.00%
Best update !!! M1 cost=573563 penalty = 0.00 area = 38.02% wirelength = 100.00%
Best update !!! M1 cost=573478 penalty = 0.00 area = 38.03% wirelength = 100.00%
Best update !!! M1 cost=573397 penalty = 0.00 area = 38.03% wirelength = 100.00%
Best update !!! M1 cost=573389 penalty = 0.00 area = 38.04% wirelength = 100.00%
Best update !!! M1 cost=573310 penalty = 0.00 area = 38.04% wirelength = 100.00%
Best update !!! M1 cost=573208 penalty = 0.00 area = 38.05% wirelength = 100.00%
Best update !!! M1 cost=573081 penalty = 0.00 area = 38.06% wirelength = 100.00%
Best update !!! M1 cost=572964 penalty = 0.00 area = 38.06% wirelength = 100.00%
Best update !!! M1 cost=572962 penalty = 0.00 area = 38.06% wirelength = 100.00%
Best update !!! M1 cost=572857 penalty = 0.00 area = 38.07% wirelength = 100.00%
Best update !!! M1 cost=572802 penalty = 0.00 area = 38.07% wirelength = 100.00%
Best update !!! M1 cost=572767 penalty = 0.00 area = 38.08% wirelength = 100.00%
Best update !!! M1 cost=572756 penalty = 0.00 area = 38.08% wirelength = 100.00%
Best update !!! M1 cost=572724 penalty = 0.00 area = 38.08% wirelength = 100.00%
Best update !!! M1 cost=572679 penalty = 0.00 area = 38.08% wirelength = 100.00%
Best update !!! M1 cost=572651 penalty = 0.00 area = 38.08% wirelength = 100.00%
Best update !!! M1 cost=572542 penalty = 0.00 area = 38.09% wirelength = 100.00%
Best update !!! M1 cost=572528 penalty = 0.00 area = 38.09% wirelength = 100.00%
Best update !!! M1 cost=572310 penalty = 0.00 area = 38.11% wirelength = 100.00%
Best update !!! M2 cost=572214 penalty = 0.00 area = 38.11% wirelength = 100.00%
Best update !!! M1 cost=572173 penalty = 0.00 area = 38.12% wirelength = 100.00%
Best update !!! M1 cost=572117 penalty = 0.00 area = 38.12% wirelength = 100.00%
Best update !!! M1 cost=572086 penalty = 0.00 area = 38.12% wirelength = 100.00%
Best update !!! M1 cost=571560 penalty = 0.00 area = 38.16% wirelength = 100.00%
Best update !!! M1 cost=571529 penalty = 0.00 area = 38.16% wirelength = 100.00%
Best update !!! M1 cost=571467 penalty = 0.00 area = 38.16% wirelength = 100.00%
Best update !!! M1 cost=571408 penalty = 0.00 area = 38.17% wirelength = 100.00%
Best update !!! M1 cost=571316 penalty = 0.00 area = 38.17% wirelength = 100.00%
Best update !!! M1 cost=571285 penalty = 0.00 area = 38.18% wirelength = 100.00%
Best update !!! M1 cost=571175 penalty = 0.00 area = 38.18% wirelength = 100.00%
Best update !!! M1 cost=571145 penalty = 0.00 area = 38.18% wirelength = 100.00%
Best update !!! M1 cost=570876 penalty = 0.00 area = 38.20% wirelength = 100.00%
Best update !!! M1 cost=570735 penalty = 0.00 area = 38.21% wirelength = 100.00%
Best update !!! M1 cost=570583 penalty = 0.00 area = 38.22% wirelength = 100.00%
Best update !!! M1 cost=570578 penalty = 0.00 area = 38.22% wirelength = 100.00%
Best update !!! M1 cost=568979 penalty = 0.00 area = 38.33% wirelength = 100.00%
Best update !!! M1 cost=568966 penalty = 0.00 area = 38.33% wirelength = 100.00%
Best update !!! M1 cost=568868 penalty = 0.00 area = 38.34% wirelength = 100.00%
Best update !!! M1 cost=568682 penalty = 0.00 area = 38.35% wirelength = 100.00%
Best update !!! M1 cost=568567 penalty = 0.00 area = 38.36% wirelength = 100.00%
Best update !!! M1 cost=568552 penalty = 0.00 area = 38.36% wirelength = 100.00%
Best update !!! M2 cost=568495 penalty = 0.00 area = 38.36% wirelength = 100.00%
Best update !!! M1 cost=568365 penalty = 0.00 area = 38.37% wirelength = 100.00%
Best update !!! M1 cost=568059 penalty = 0.00 area = 38.39% wirelength = 100.00%
Best update !!! M1 cost=567809 penalty = 0.00 area = 38.41% wirelength = 100.00%
Best update !!! M1 cost=567808 penalty = 0.00 area = 38.41% wirelength = 100.00%
Best update !!! M1 cost=567614 penalty = 0.00 area = 38.42% wirelength = 100.00%
Best update !!! M3 cost=566502 penalty = 0.00 area = 38.50% wirelength = 100.00%
Best update !!! M1 cost=566387 penalty = 0.00 area = 38.51% wirelength = 100.00%
Best update !!! M1 cost=566336 penalty = 0.00 area = 38.51% wirelength = 100.00%
Best update !!! M1 cost=566027 penalty = 0.00 area = 38.53% wirelength = 100.00%
Best update !!! M1 cost=566005 penalty = 0.00 area = 38.53% wirelength = 100.00%
Best update !!! M1 cost=565523 penalty = 0.00 area = 38.56% wirelength = 100.00%
Best update !!! M1 cost=565409 penalty = 0.00 area = 38.57% wirelength = 100.00%
Best update !!! M1 cost=565206 penalty = 0.00 area = 38.59% wirelength = 100.00%
Best update !!! M1 cost=565191 penalty = 0.00 area = 38.59% wirelength = 100.00%
Best update !!! M1 cost=565138 penalty = 0.00 area = 38.59% wirelength = 100.00%
Best update !!! M3 cost=564428 penalty = 0.00 area = 38.64% wirelength = 100.00%
Best update !!! M1 cost=564374 penalty = 0.00 area = 38.64% wirelength = 100.00%
Best update !!! M1 cost=564229 penalty = 0.00 area = 38.65% wirelength = 100.00%
Best update !!! M1 cost=564186 penalty = 0.00 area = 38.66% wirelength = 100.00%
Best update !!! M1 cost=564094 penalty = 0.00 area = 38.66% wirelength = 100.00%
Best update !!! M1 cost=564062 penalty = 0.00 area = 38.66% wirelength = 100.00%
Best update !!! M1 cost=564011 penalty = 0.00 area = 38.67% wirelength = 100.00%
Best update !!! M1 cost=563954 penalty = 0.00 area = 38.67% wirelength = 100.00%
Best update !!! M1 cost=563947 penalty = 0.00 area = 38.67% wirelength = 100.00%
Best update !!! M1 cost=563904 penalty = 0.00 area = 38.67% wirelength = 100.00%
Best update !!! M1 cost=563471 penalty = 0.00 area = 38.70% wirelength = 100.00%
Best update !!! M1 cost=563436 penalty = 0.00 area = 38.71% wirelength = 100.00%
Best update !!! M1 cost=563336 penalty = 0.00 area = 38.71% wirelength = 100.00%
Best update !!! M1 cost=563144 penalty = 0.00 area = 38.73% wirelength = 100.00%
Best update !!! M2 cost=563039 penalty = 0.00 area = 38.73% wirelength = 100.00%
Best update !!! M1 cost=563035 penalty = 0.00 area = 38.73% wirelength = 100.00%
Best update !!! M1 cost=562997 penalty = 0.00 area = 38.74% wirelength = 100.00%
Best update !!! M1 cost=562843 penalty = 0.00 area = 38.75% wirelength = 100.00%
Best update !!! M1 cost=562833 penalty = 0.00 area = 38.75% wirelength = 100.00%
Best update !!! M1 cost=562826 penalty = 0.00 area = 38.75% wirelength = 100.00%
Best update !!! M1 cost=562596 penalty = 0.00 area = 38.76% wirelength = 100.00%
Best update !!! M2 cost=562478 penalty = 0.00 area = 38.77% wirelength = 100.00%
Best update !!! M1 cost=562321 penalty = 0.00 area = 38.78% wirelength = 100.00%
Best update !!! M1 cost=562182 penalty = 0.00 area = 38.79% wirelength = 100.00%
Best update !!! M1 cost=562092 penalty = 0.00 area = 38.80% wirelength = 100.00%
Best update !!! M1 cost=562050 penalty = 0.00 area = 38.80% wirelength = 100.00%
Best update !!! M1 cost=561839 penalty = 0.00 area = 38.82% wirelength = 100.00%
Best update !!! M1 cost=561626 penalty = 0.00 area = 38.83% wirelength = 100.00%
Best update !!! M1 cost=561610 penalty = 0.00 area = 38.83% wirelength = 100.00%
Best update !!! M1 cost=561442 penalty = 0.00 area = 38.84% wirelength = 100.00%
Best update !!! M1 cost=561424 penalty = 0.00 area = 38.85% wirelength = 100.00%
Best update !!! M1 cost=561393 penalty = 0.00 area = 38.85% wirelength = 100.00%
Best update !!! M1 cost=561139 penalty = 0.00 area = 38.87% wirelength = 100.00%
Best update !!! M1 cost=561134 penalty = 0.00 area = 38.87% wirelength = 100.00%
Best update !!! M1 cost=561098 penalty = 0.00 area = 38.87% wirelength = 100.00%
Best update !!! M1 cost=560922 penalty = 0.00 area = 38.88% wirelength = 100.00%
Best update !!! M1 cost=560819 penalty = 0.00 area = 38.89% wirelength = 100.00%
Best update !!! M1 cost=560574 penalty = 0.00 area = 38.90% wirelength = 100.00%
Best update !!! M1 cost=560390 penalty = 0.00 area = 38.92% wirelength = 100.00%
Best update !!! M1 cost=560343 penalty = 0.00 area = 38.92% wirelength = 100.00%
Best update !!! M1 cost=560327 penalty = 0.00 area = 38.92% wirelength = 100.00%
Best update !!! M1 cost=560075 penalty = 0.00 area = 38.94% wirelength = 100.00%
Best update !!! M1 cost=560049 penalty = 0.00 area = 38.94% wirelength = 100.00%
Best update !!! M1 cost=559939 penalty = 0.00 area = 38.95% wirelength = 100.00%
Best update !!! M1 cost=559879 penalty = 0.00 area = 38.95% wirelength = 100.00%
Best update !!! M1 cost=559665 penalty = 0.00 area = 38.97% wirelength = 100.00%
Best update !!! M1 cost=559567 penalty = 0.00 area = 38.97% wirelength = 100.00%
Best update !!! M1 cost=559339 penalty = 0.00 area = 38.99% wirelength = 100.00%
Best update !!! M1 cost=559207 penalty = 0.00 area = 39.00% wirelength = 100.00%
Best update !!! M1 cost=558836 penalty = 0.00 area = 39.03% wirelength = 100.00%
Best update !!! M1 cost=558800 penalty = 0.00 area = 39.03% wirelength = 100.00%
Best update !!! M1 cost=558774 penalty = 0.00 area = 39.03% wirelength = 100.00%
Best update !!! M1 cost=558745 penalty = 0.00 area = 39.03% wirelength = 100.00%
Best update !!! M1 cost=558738 penalty = 0.00 area = 39.03% wirelength = 100.00%
Best update !!! M1 cost=558620 penalty = 0.00 area = 39.04% wirelength = 100.00%
Best update !!! M1 cost=557667 penalty = 0.00 area = 39.11% wirelength = 100.00%
Best update !!! M1 cost=557479 penalty = 0.00 area = 39.12% wirelength = 100.00%
Best update !!! M1 cost=557477 penalty = 0.00 area = 39.12% wirelength = 100.00%
Best update !!! M1 cost=557468 penalty = 0.00 area = 39.12% wirelength = 100.00%
Best update !!! M1 cost=557381 penalty = 0.00 area = 39.13% wirelength = 100.00%
Best update !!! M1 cost=557345 penalty = 0.00 area = 39.13% wirelength = 100.00%
Best update !!! M1 cost=557232 penalty = 0.00 area = 39.14% wirelength = 100.00%
Best update !!! M1 cost=557086 penalty = 0.00 area = 39.15% wirelength = 100.00%
Best update !!! M1 cost=556857 penalty = 0.00 area = 39.16% wirelength = 100.00%
Best update !!! M1 cost=556759 penalty = 0.00 area = 39.17% wirelength = 100.00%
Best update !!! M1 cost=556702 penalty = 0.00 area = 39.18% wirelength = 100.00%
Best update !!! M1 cost=556694 penalty = 0.00 area = 39.18% wirelength = 100.00%
Best update !!! M1 cost=556637 penalty = 0.00 area = 39.18% wirelength = 100.00%
Best update !!! M1 cost=556555 penalty = 0.00 area = 39.19% wirelength = 100.00%
Best update !!! M1 cost=556530 penalty = 0.00 area = 39.19% wirelength = 100.00%
Best update !!! M1 cost=556425 penalty = 0.00 area = 39.19% wirelength = 100.00%
Best update !!! M1 cost=556423 penalty = 0.00 area = 39.19% wirelength = 100.00%
Best update !!! M1 cost=556276 penalty = 0.00 area = 39.21% wirelength = 100.00%
Best update !!! M1 cost=556222 penalty = 0.00 area = 39.21% wirelength = 100.00%
Best update !!! M1 cost=556082 penalty = 0.00 area = 39.22% wirelength = 100.00%
Best update !!! M1 cost=555950 penalty = 0.00 area = 39.23% wirelength = 100.00%
Best update !!! M1 cost=555884 penalty = 0.00 area = 39.23% wirelength = 100.00%
Best update !!! M1 cost=555834 penalty = 0.00 area = 39.24% wirelength = 100.00%
Best update !!! M1 cost=555618 penalty = 0.00 area = 39.25% wirelength = 100.00%
Best update !!! M1 cost=555556 penalty = 0.00 area = 39.26% wirelength = 100.00%
Best update !!! M1 cost=555488 penalty = 0.00 area = 39.26% wirelength = 100.00%
Best update !!! M1 cost=555448 penalty = 0.00 area = 39.26% wirelength = 100.00%
Best update !!! M1 cost=555302 penalty = 0.00 area = 39.27% wirelength = 100.00%
Best update !!! M1 cost=555300 penalty = 0.00 area = 39.27% wirelength = 100.00%
Best update !!! M1 cost=555055 penalty = 0.00 area = 39.29% wirelength = 100.00%
Best update !!! M1 cost=555050 penalty = 0.00 area = 39.29% wirelength = 100.00%
Best update !!! M1 cost=555047 penalty = 0.00 area = 39.29% wirelength = 100.00%
Best update !!! M1 cost=554849 penalty = 0.00 area = 39.31% wirelength = 100.00%
Best update !!! M1 cost=554680 penalty = 0.00 area = 39.32% wirelength = 100.00%
Best update !!! M1 cost=554601 penalty = 0.00 area = 39.32% wirelength = 100.00%
Best update !!! M1 cost=554573 penalty = 0.00 area = 39.33% wirelength = 100.00%
Best update !!! M1 cost=554465 penalty = 0.00 area = 39.33% wirelength = 100.00%
Best update !!! M1 cost=554329 penalty = 0.00 area = 39.34% wirelength = 100.00%
Best update !!! M1 cost=553512 penalty = 0.00 area = 39.40% wirelength = 100.00%
Best update !!! M1 cost=553453 penalty = 0.00 area = 39.41% wirelength = 100.00%
Best update !!! M1 cost=553403 penalty = 0.00 area = 39.41% wirelength = 100.00%
Best update !!! M1 cost=553166 penalty = 0.00 area = 39.43% wirelength = 100.00%
Best update !!! M1 cost=553056 penalty = 0.00 area = 39.43% wirelength = 100.00%
Best update !!! M1 cost=552988 penalty = 0.00 area = 39.44% wirelength = 100.00%
Best update !!! M1 cost=552682 penalty = 0.00 area = 39.46% wirelength = 100.00%
Best update !!! M1 cost=552510 penalty = 0.00 area = 39.47% wirelength = 100.00%
Best update !!! M1 cost=552496 penalty = 0.00 area = 39.47% wirelength = 100.00%
Best update !!! M1 cost=552354 penalty = 0.00 area = 39.48% wirelength = 100.00%
Best update !!! M1 cost=552028 penalty = 0.00 area = 39.51% wirelength = 100.00%
Best update !!! M1 cost=551994 penalty = 0.00 area = 39.51% wirelength = 100.00%
Best update !!! M1 cost=551988 penalty = 0.00 area = 39.51% wirelength = 100.00%
Best update !!! M1 cost=551884 penalty = 0.00 area = 39.52% wirelength = 100.00%
Best update !!! M1 cost=551655 penalty = 0.00 area = 39.53% wirelength = 100.00%
Best update !!! M1 cost=551606 penalty = 0.00 area = 39.54% wirelength = 100.00%
Best update !!! M1 cost=551559 penalty = 0.00 area = 39.54% wirelength = 100.00%
Best update !!! M1 cost=551423 penalty = 0.00 area = 39.55% wirelength = 100.00%
Best update !!! M1 cost=551335 penalty = 0.00 area = 39.56% wirelength = 100.00%
Best update !!! M1 cost=551322 penalty = 0.00 area = 39.56% wirelength = 100.00%
Best update !!! M1 cost=551226 penalty = 0.00 area = 39.56% wirelength = 100.00%
Best update !!! M1 cost=551176 penalty = 0.00 area = 39.57% wirelength = 100.00%
Best update !!! M1 cost=551137 penalty = 0.00 area = 39.57% wirelength = 100.00%
Best update !!! M1 cost=550777 penalty = 0.00 area = 39.60% wirelength = 100.00%
Best update !!! M1 cost=550718 penalty = 0.00 area = 39.60% wirelength = 100.00%
Best update !!! M1 cost=550702 penalty = 0.00 area = 39.60% wirelength = 100.00%
Best update !!! M1 cost=550626 penalty = 0.00 area = 39.61% wirelength = 100.00%
Best update !!! M1 cost=550531 penalty = 0.00 area = 39.61% wirelength = 100.00%
Best update !!! M1 cost=550308 penalty = 0.00 area = 39.63% wirelength = 100.00%
Best update !!! M1 cost=550006 penalty = 0.00 area = 39.65% wirelength = 100.00%
Best update !!! M1 cost=549994 penalty = 0.00 area = 39.65% wirelength = 100.00%
Best update !!! M1 cost=549897 penalty = 0.00 area = 39.66% wirelength = 100.00%
Best update !!! M1 cost=549881 penalty = 0.00 area = 39.66% wirelength = 100.00%
Best update !!! M1 cost=549718 penalty = 0.00 area = 39.67% wirelength = 100.00%
Best update !!! M1 cost=549710 penalty = 0.00 area = 39.67% wirelength = 100.00%
Best update !!! M1 cost=549666 penalty = 0.00 area = 39.68% wirelength = 100.00%
Best update !!! M1 cost=549563 penalty = 0.00 area = 39.68% wirelength = 100.00%
Best update !!! M1 cost=549105 penalty = 0.00 area = 39.72% wirelength = 100.00%
Best update !!! M1 cost=549037 penalty = 0.00 area = 39.72% wirelength = 100.00%
Best update !!! M1 cost=548948 penalty = 0.00 area = 39.73% wirelength = 100.00%
Best update !!! M1 cost=548830 penalty = 0.00 area = 39.74% wirelength = 100.00%
Best update !!! M1 cost=548708 penalty = 0.00 area = 39.75% wirelength = 100.00%
Best update !!! M1 cost=548672 penalty = 0.00 area = 39.75% wirelength = 100.00%
Best update !!! M1 cost=548668 penalty = 0.00 area = 39.75% wirelength = 100.00%
Best update !!! M1 cost=548628 penalty = 0.00 area = 39.75% wirelength = 100.00%
Best update !!! M1 cost=548501 penalty = 0.00 area = 39.76% wirelength = 100.00%
Best update !!! M1 cost=548470 penalty = 0.00 area = 39.76% wirelength = 100.00%
Best update !!! M1 cost=548429 penalty = 0.00 area = 39.77% wirelength = 100.00%
Best update !!! M1 cost=548023 penalty = 0.00 area = 39.80% wirelength = 100.00%
Best update !!! M1 cost=548000 penalty = 0.00 area = 39.80% wirelength = 100.00%
Best update !!! M1 cost=547992 penalty = 0.00 area = 39.80% wirelength = 100.00%
Best update !!! M1 cost=547576 penalty = 0.00 area = 39.83% wirelength = 100.00%
Best update !!! M1 cost=547555 penalty = 0.00 area = 39.83% wirelength = 100.00%
Best update !!! M1 cost=547495 penalty = 0.00 area = 39.83% wirelength = 100.00%
Best update !!! M1 cost=547384 penalty = 0.00 area = 39.84% wirelength = 100.00%
Best update !!! M1 cost=547372 penalty = 0.00 area = 39.84% wirelength = 100.00%
Best update !!! M1 cost=547339 penalty = 0.00 area = 39.85% wirelength = 100.00%
Best update !!! M1 cost=547249 penalty = 0.00 area = 39.85% wirelength = 100.00%
Best update !!! M1 cost=547190 penalty = 0.00 area = 39.86% wirelength = 100.00%
Best update !!! M1 cost=547137 penalty = 0.00 area = 39.86% wirelength = 100.00%
Best update !!! M1 cost=547107 penalty = 0.00 area = 39.86% wirelength = 100.00%
Best update !!! M1 cost=547102 penalty = 0.00 area = 39.86% wirelength = 100.00%
Best update !!! M1 cost=546812 penalty = 0.00 area = 39.88% wirelength = 100.00%
Best update !!! M2 cost=546751 penalty = 0.00 area = 39.89% wirelength = 100.00%
Best update !!! M1 cost=546735 penalty = 0.00 area = 39.89% wirelength = 100.00%
Best update !!! M1 cost=545777 penalty = 0.00 area = 39.96% wirelength = 100.00%
Best update !!! M1 cost=545758 penalty = 0.00 area = 39.96% wirelength = 100.00%
Best update !!! M1 cost=545254 penalty = 0.00 area = 40.00% wirelength = 100.00%
Best update !!! M1 cost=545234 penalty = 0.00 area = 40.00% wirelength = 100.00%
Best update !!! M1 cost=545211 penalty = 0.00 area = 40.00% wirelength = 100.00%
Best update !!! M1 cost=545141 penalty = 0.00 area = 40.01% wirelength = 100.00%
Best update !!! M1 cost=545123 penalty = 0.00 area = 40.01% wirelength = 100.00%
Best update !!! M1 cost=545121 penalty = 0.00 area = 40.01% wirelength = 100.00%
Best update !!! M1 cost=545060 penalty = 0.00 area = 40.01% wirelength = 100.00%
Best update !!! M1 cost=544833 penalty = 0.00 area = 40.03% wirelength = 100.00%
Best update !!! M1 cost=544817 penalty = 0.00 area = 40.03% wirelength = 100.00%
Best update !!! M1 cost=544746 penalty = 0.00 area = 40.03% wirelength = 100.00%
Best update !!! M1 cost=544732 penalty = 0.00 area = 40.04% wirelength = 100.00%
Best update !!! M1 cost=544466 penalty = 0.00 area = 40.06% wirelength = 100.00%
Best update !!! M1 cost=544332 penalty = 0.00 area = 40.07% wirelength = 100.00%
Best update !!! M1 cost=544290 penalty = 0.00 area = 40.07% wirelength = 100.00%
Best update !!! M1 cost=543892 penalty = 0.00 area = 40.10% wirelength = 100.00%
Best update !!! M1 cost=543752 penalty = 0.00 area = 40.11% wirelength = 100.00%
Best update !!! M1 cost=543716 penalty = 0.00 area = 40.11% wirelength = 100.00%
Best update !!! M1 cost=543660 penalty = 0.00 area = 40.11% wirelength = 100.00%
Best update !!! M1 cost=543627 penalty = 0.00 area = 40.12% wirelength = 100.00%
Best update !!! M1 cost=543561 penalty = 0.00 area = 40.12% wirelength = 100.00%
Best update !!! M1 cost=543533 penalty = 0.00 area = 40.12% wirelength = 100.00%
Best update !!! M1 cost=543293 penalty = 0.00 area = 40.14% wirelength = 100.00%
Best update !!! M1 cost=543160 penalty = 0.00 area = 40.15% wirelength = 100.00%
Best update !!! M1 cost=542930 penalty = 0.00 area = 40.17% wirelength = 100.00%
Best update !!! M1 cost=542862 penalty = 0.00 area = 40.17% wirelength = 100.00%
Best update !!! M1 cost=542839 penalty = 0.00 area = 40.18% wirelength = 100.00%
Best update !!! M1 cost=542785 penalty = 0.00 area = 40.18% wirelength = 100.00%
Best update !!! M1 cost=542519 penalty = 0.00 area = 40.20% wirelength = 100.00%
Best update !!! M1 cost=542400 penalty = 0.00 area = 40.21% wirelength = 100.00%
Best update !!! M1 cost=542338 penalty = 0.00 area = 40.21% wirelength = 100.00%
Best update !!! M1 cost=542265 penalty = 0.00 area = 40.22% wirelength = 100.00%
Best update !!! M1 cost=542021 penalty = 0.00 area = 40.24% wirelength = 100.00%
Best update !!! M1 cost=541788 penalty = 0.00 area = 40.25% wirelength = 100.00%
Best update !!! M1 cost=541706 penalty = 0.00 area = 40.26% wirelength = 100.00%
Best update !!! M1 cost=541642 penalty = 0.00 area = 40.26% wirelength = 100.00%
Best update !!! M1 cost=541599 penalty = 0.00 area = 40.27% wirelength = 100.00%
Best update !!! M1 cost=541510 penalty = 0.00 area = 40.27% wirelength = 100.00%
Best update !!! M1 cost=541482 penalty = 0.00 area = 40.28% wirelength = 100.00%
Best update !!! M1 cost=541440 penalty = 0.00 area = 40.28% wirelength = 100.00%
Best update !!! M1 cost=541439 penalty = 0.00 area = 40.28% wirelength = 100.00%
Best update !!! M1 cost=541384 penalty = 0.00 area = 40.28% wirelength = 100.00%
Best update !!! M1 cost=541292 penalty = 0.00 area = 40.29% wirelength = 100.00%
Best update !!! M1 cost=541245 penalty = 0.00 area = 40.29% wirelength = 100.00%
Best update !!! M1 cost=541192 penalty = 0.00 area = 40.30% wirelength = 100.00%
Best update !!! M1 cost=540945 penalty = 0.00 area = 40.32% wirelength = 100.00%
Best update !!! M1 cost=540847 penalty = 0.00 area = 40.32% wirelength = 100.00%
Best update !!! M1 cost=540787 penalty = 0.00 area = 40.33% wirelength = 100.00%
Best update !!! M1 cost=540405 penalty = 0.00 area = 40.36% wirelength = 100.00%
Best update !!! M1 cost=540354 penalty = 0.00 area = 40.36% wirelength = 100.00%
Best update !!! M1 cost=540208 penalty = 0.00 area = 40.37% wirelength = 100.00%
Best update !!! M1 cost=540143 penalty = 0.00 area = 40.38% wirelength = 100.00%
Best update !!! M1 cost=540087 penalty = 0.00 area = 40.38% wirelength = 100.00%
Best update !!! M1 cost=540010 penalty = 0.00 area = 40.39% wirelength = 100.00%
Best update !!! M1 cost=539936 penalty = 0.00 area = 40.39% wirelength = 100.00%
Best update !!! M1 cost=539796 penalty = 0.00 area = 40.40% wirelength = 100.00%
Best update !!! M1 cost=539778 penalty = 0.00 area = 40.40% wirelength = 100.00%
Best update !!! M1 cost=539739 penalty = 0.00 area = 40.41% wirelength = 100.00%
Best update !!! M1 cost=539721 penalty = 0.00 area = 40.41% wirelength = 100.00%
Best update !!! M1 cost=539631 penalty = 0.00 area = 40.41% wirelength = 100.00%
Best update !!! M1 cost=539594 penalty = 0.00 area = 40.42% wirelength = 100.00%
Best update !!! M1 cost=539585 penalty = 0.00 area = 40.42% wirelength = 100.00%
Best update !!! M1 cost=539541 penalty = 0.00 area = 40.42% wirelength = 100.00%
Best update !!! M1 cost=539447 penalty = 0.00 area = 40.43% wirelength = 100.00%
Best update !!! M1 cost=539441 penalty = 0.00 area = 40.43% wirelength = 100.00%
Best update !!! M1 cost=539437 penalty = 0.00 area = 40.43% wirelength = 100.00%
Best update !!! M1 cost=539336 penalty = 0.00 area = 40.44% wirelength = 100.00%
Best update !!! M1 cost=539280 penalty = 0.00 area = 40.44% wirelength = 100.00%
Best update !!! M1 cost=539196 penalty = 0.00 area = 40.45% wirelength = 100.00%
Best update !!! M1 cost=538982 penalty = 0.00 area = 40.46% wirelength = 100.00%
Best update !!! M1 cost=538781 penalty = 0.00 area = 40.48% wirelength = 100.00%
Best update !!! M1 cost=538696 penalty = 0.00 area = 40.48% wirelength = 100.00%
Best update !!! M1 cost=538564 penalty = 0.00 area = 40.49% wirelength = 100.00%
Best update !!! M1 cost=538462 penalty = 0.00 area = 40.50% wirelength = 100.00%
Best update !!! M1 cost=538454 penalty = 0.00 area = 40.50% wirelength = 100.00%
Best update !!! M1 cost=538446 penalty = 0.00 area = 40.50% wirelength = 100.00%
Best update !!! M1 cost=538424 penalty = 0.00 area = 40.51% wirelength = 100.00%
Best update !!! M1 cost=538403 penalty = 0.00 area = 40.51% wirelength = 100.00%
Best update !!! M1 cost=538384 penalty = 0.00 area = 40.51% wirelength = 100.00%
Best update !!! M1 cost=538352 penalty = 0.00 area = 40.51% wirelength = 100.00%
Best update !!! M1 cost=538344 penalty = 0.00 area = 40.51% wirelength = 100.00%
Best update !!! M1 cost=538284 penalty = 0.00 area = 40.52% wirelength = 100.00%
Best update !!! M1 cost=538269 penalty = 0.00 area = 40.52% wirelength = 100.00%
Best update !!! M1 cost=538066 penalty = 0.00 area = 40.53% wirelength = 100.00%
Best update !!! M1 cost=537913 penalty = 0.00 area = 40.54% wirelength = 100.00%
Best update !!! M1 cost=537868 penalty = 0.00 area = 40.55% wirelength = 100.00%
Best update !!! M1 cost=537699 penalty = 0.00 area = 40.56% wirelength = 100.00%
Best update !!! M1 cost=537565 penalty = 0.00 area = 40.57% wirelength = 100.00%
Best update !!! M1 cost=537534 penalty = 0.00 area = 40.57% wirelength = 100.00%
Best update !!! M1 cost=537491 penalty = 0.00 area = 40.58% wirelength = 100.00%
Best update !!! M1 cost=537452 penalty = 0.00 area = 40.58% wirelength = 100.00%
Best update !!! M1 cost=537191 penalty = 0.00 area = 40.60% wirelength = 100.00%
Best update !!! M1 cost=537186 penalty = 0.00 area = 40.60% wirelength = 100.00%
Best update !!! M1 cost=537017 penalty = 0.00 area = 40.61% wirelength = 100.00%
Best update !!! M1 cost=536867 penalty = 0.00 area = 40.62% wirelength = 100.00%
Best update !!! M1 cost=536742 penalty = 0.00 area = 40.63% wirelength = 100.00%
Best update !!! M1 cost=536651 penalty = 0.00 area = 40.64% wirelength = 100.00%
Best update !!! M1 cost=536638 penalty = 0.00 area = 40.64% wirelength = 100.00%
Best update !!! M1 cost=536608 penalty = 0.00 area = 40.64% wirelength = 100.00%
Best update !!! M1 cost=536405 penalty = 0.00 area = 40.66% wirelength = 100.00%
Best update !!! M1 cost=536364 penalty = 0.00 area = 40.66% wirelength = 100.00%
Best update !!! M1 cost=536339 penalty = 0.00 area = 40.66% wirelength = 100.00%
Best update !!! M1 cost=536191 penalty = 0.00 area = 40.67% wirelength = 100.00%
Best update !!! M1 cost=536187 penalty = 0.00 area = 40.67% wirelength = 100.00%
Best update !!! M1 cost=536157 penalty = 0.00 area = 40.68% wirelength = 100.00%
Best update !!! M1 cost=536141 penalty = 0.00 area = 40.68% wirelength = 100.00%
Best update !!! M1 cost=535955 penalty = 0.00 area = 40.69% wirelength = 100.00%
Best update !!! M1 cost=535771 penalty = 0.00 area = 40.71% wirelength = 100.00%
Best update !!! M1 cost=535696 penalty = 0.00 area = 40.71% wirelength = 100.00%
Best update !!! M1 cost=535657 penalty = 0.00 area = 40.71% wirelength = 100.00%
Best update !!! M1 cost=535593 penalty = 0.00 area = 40.72% wirelength = 100.00%
Best update !!! M1 cost=535510 penalty = 0.00 area = 40.73% wirelength = 100.00%
Best update !!! M1 cost=535383 penalty = 0.00 area = 40.74% wirelength = 100.00%
Best update !!! M1 cost=535375 penalty = 0.00 area = 40.74% wirelength = 100.00%
Best update !!! M1 cost=535098 penalty = 0.00 area = 40.76% wirelength = 100.00%
Best update !!! M1 cost=535049 penalty = 0.00 area = 40.76% wirelength = 100.00%
Best update !!! M1 cost=534926 penalty = 0.00 area = 40.77% wirelength = 100.00%
Best update !!! M1 cost=534911 penalty = 0.00 area = 40.77% wirelength = 100.00%
Best update !!! M2 cost=534568 penalty = 0.00 area = 40.80% wirelength = 100.00%
Best update !!! M1 cost=534488 penalty = 0.00 area = 40.80% wirelength = 100.00%
Best update !!! M1 cost=534448 penalty = 0.00 area = 40.81% wirelength = 100.00%
Best update !!! M1 cost=534301 penalty = 0.00 area = 40.82% wirelength = 100.00%
Best update !!! M1 cost=534295 penalty = 0.00 area = 40.82% wirelength = 100.00%
Best update !!! M1 cost=533930 penalty = 0.00 area = 40.85% wirelength = 100.00%
Best update !!! M1 cost=533910 penalty = 0.00 area = 40.85% wirelength = 100.00%
Best update !!! M1 cost=533811 penalty = 0.00 area = 40.86% wirelength = 100.00%
Best update !!! M1 cost=533532 penalty = 0.00 area = 40.88% wirelength = 100.00%
Best update !!! M1 cost=533477 penalty = 0.00 area = 40.88% wirelength = 100.00%
Best update !!! M1 cost=533407 penalty = 0.00 area = 40.89% wirelength = 100.00%
Best update !!! M1 cost=533231 penalty = 0.00 area = 40.90% wirelength = 100.00%
Best update !!! M1 cost=533230 penalty = 0.00 area = 40.90% wirelength = 100.00%
Best update !!! M1 cost=533202 penalty = 0.00 area = 40.90% wirelength = 100.00%
Best update !!! M2 cost=532943 penalty = 0.00 area = 40.92% wirelength = 100.00%
Best update !!! M1 cost=532831 penalty = 0.00 area = 40.93% wirelength = 100.00%
Best update !!! M1 cost=532820 penalty = 0.00 area = 40.93% wirelength = 100.00%
Best update !!! M1 cost=532711 penalty = 0.00 area = 40.94% wirelength = 100.00%
Best update !!! M1 cost=532645 penalty = 0.00 area = 40.94% wirelength = 100.00%
Best update !!! M1 cost=531868 penalty = 0.00 area = 41.00% wirelength = 100.00%
Best update !!! M1 cost=531773 penalty = 0.00 area = 41.01% wirelength = 100.00%
Best update !!! M1 cost=531628 penalty = 0.00 area = 41.02% wirelength = 100.00%
Best update !!! M1 cost=531209 penalty = 0.00 area = 41.06% wirelength = 100.00%
Best update !!! M1 cost=531171 penalty = 0.00 area = 41.06% wirelength = 100.00%
Best update !!! M1 cost=531143 penalty = 0.00 area = 41.06% wirelength = 100.00%
Best update !!! M1 cost=531067 penalty = 0.00 area = 41.07% wirelength = 100.00%
Best update !!! M1 cost=531059 penalty = 0.00 area = 41.07% wirelength = 100.00%
Best update !!! M1 cost=530986 penalty = 0.00 area = 41.07% wirelength = 100.00%
Best update !!! M1 cost=530926 penalty = 0.00 area = 41.08% wirelength = 100.00%
Best update !!! M1 cost=530910 penalty = 0.00 area = 41.08% wirelength = 100.00%
Best update !!! M1 cost=530872 penalty = 0.00 area = 41.08% wirelength = 100.00%
Best update !!! M1 cost=530781 penalty = 0.00 area = 41.09% wirelength = 100.00%
Best update !!! M1 cost=530747 penalty = 0.00 area = 41.09% wirelength = 100.00%
Best update !!! M1 cost=530685 penalty = 0.00 area = 41.10% wirelength = 100.00%
Best update !!! M1 cost=530640 penalty = 0.00 area = 41.10% wirelength = 100.00%
Best update !!! M1 cost=530612 penalty = 0.00 area = 41.10% wirelength = 100.00%
Best update !!! M1 cost=530536 penalty = 0.00 area = 41.11% wirelength = 100.00%
Best update !!! M1 cost=530459 penalty = 0.00 area = 41.11% wirelength = 100.00%
Best update !!! M1 cost=530452 penalty = 0.00 area = 41.11% wirelength = 100.00%
Best update !!! M1 cost=530430 penalty = 0.00 area = 41.12% wirelength = 100.00%
Best update !!! M1 cost=530364 penalty = 0.00 area = 41.12% wirelength = 100.00%
Best update !!! M1 cost=530315 penalty = 0.00 area = 41.12% wirelength = 100.00%
Best update !!! M1 cost=530195 penalty = 0.00 area = 41.13% wirelength = 100.00%
Best update !!! M1 cost=530139 penalty = 0.00 area = 41.14% wirelength = 100.00%
Best update !!! M1 cost=530113 penalty = 0.00 area = 41.14% wirelength = 100.00%
Best update !!! M1 cost=530011 penalty = 0.00 area = 41.15% wirelength = 100.00%
Best update !!! M1 cost=529901 penalty = 0.00 area = 41.16% wirelength = 100.00%
Best update !!! M1 cost=529810 penalty = 0.00 area = 41.16% wirelength = 100.00%
Best update !!! M1 cost=529718 penalty = 0.00 area = 41.17% wirelength = 100.00%
Best update !!! M1 cost=529650 penalty = 0.00 area = 41.18% wirelength = 100.00%
Best update !!! M1 cost=529528 penalty = 0.00 area = 41.19% wirelength = 100.00%
Best update !!! M1 cost=529449 penalty = 0.00 area = 41.19% wirelength = 100.00%
Best update !!! M1 cost=529281 penalty = 0.00 area = 41.20% wirelength = 100.00%
Best update !!! M1 cost=529224 penalty = 0.00 area = 41.21% wirelength = 100.00%
Best update !!! M1 cost=529209 penalty = 0.00 area = 41.21% wirelength = 100.00%
Best update !!! M1 cost=529131 penalty = 0.00 area = 41.22% wirelength = 100.00%
Best update !!! M1 cost=529121 penalty = 0.00 area = 41.22% wirelength = 100.00%
Best update !!! M1 cost=529035 penalty = 0.00 area = 41.22% wirelength = 100.00%
Best update !!! M1 cost=529019 penalty = 0.00 area = 41.23% wirelength = 100.00%
Best update !!! M1 cost=528923 penalty = 0.00 area = 41.23% wirelength = 100.00%
Best update !!! M1 cost=528853 penalty = 0.00 area = 41.24% wirelength = 100.00%
Best update !!! M1 cost=528818 penalty = 0.00 area = 41.24% wirelength = 100.00%
Best update !!! M1 cost=528698 penalty = 0.00 area = 41.25% wirelength = 100.00%
Best update !!! M1 cost=528649 penalty = 0.00 area = 41.25% wirelength = 100.00%
Best update !!! M1 cost=528438 penalty = 0.00 area = 41.27% wirelength = 100.00%
Best update !!! M1 cost=528209 penalty = 0.00 area = 41.29% wirelength = 100.00%
Best update !!! M1 cost=528059 penalty = 0.00 area = 41.30% wirelength = 100.00%
Best update !!! M1 cost=528002 penalty = 0.00 area = 41.30% wirelength = 100.00%
Best update !!! M1 cost=527951 penalty = 0.00 area = 41.31% wirelength = 100.00%
Best update !!! M1 cost=527926 penalty = 0.00 area = 41.31% wirelength = 100.00%
Best update !!! M1 cost=527858 penalty = 0.00 area = 41.32% wirelength = 100.00%
Best update !!! M1 cost=527627 penalty = 0.00 area = 41.33% wirelength = 100.00%
Best update !!! M1 cost=527602 penalty = 0.00 area = 41.34% wirelength = 100.00%
Best update !!! M1 cost=527486 penalty = 0.00 area = 41.34% wirelength = 100.00%
Best update !!! M1 cost=527466 penalty = 0.00 area = 41.35% wirelength = 100.00%
Best update !!! M1 cost=527453 penalty = 0.00 area = 41.35% wirelength = 100.00%
Best update !!! M1 cost=527414 penalty = 0.00 area = 41.35% wirelength = 100.00%
Best update !!! M1 cost=527357 penalty = 0.00 area = 41.36% wirelength = 100.00%
Best update !!! M1 cost=527333 penalty = 0.00 area = 41.36% wirelength = 100.00%
Best update !!! M1 cost=527160 penalty = 0.00 area = 41.37% wirelength = 100.00%
Best update !!! M1 cost=527111 penalty = 0.00 area = 41.37% wirelength = 100.00%
Best update !!! M1 cost=527050 penalty = 0.00 area = 41.38% wirelength = 100.00%
Best update !!! M1 cost=527012 penalty = 0.00 area = 41.38% wirelength = 100.00%
Best update !!! M1 cost=526954 penalty = 0.00 area = 41.39% wirelength = 100.00%
Best update !!! M1 cost=526930 penalty = 0.00 area = 41.39% wirelength = 100.00%
Best update !!! M1 cost=526897 penalty = 0.00 area = 41.39% wirelength = 100.00%
Best update !!! M1 cost=526782 penalty = 0.00 area = 41.40% wirelength = 100.00%
Best update !!! M1 cost=526678 penalty = 0.00 area = 41.41% wirelength = 100.00%
Best update !!! M1 cost=526664 penalty = 0.00 area = 41.41% wirelength = 100.00%
Best update !!! M1 cost=526650 penalty = 0.00 area = 41.41% wirelength = 100.00%
Best update !!! M1 cost=526602 penalty = 0.00 area = 41.41% wirelength = 100.00%
Best update !!! M1 cost=526482 penalty = 0.00 area = 41.42% wirelength = 100.00%
Best update !!! M1 cost=526132 penalty = 0.00 area = 41.45% wirelength = 100.00%
Best update !!! M1 cost=526056 penalty = 0.00 area = 41.46% wirelength = 100.00%
Best update !!! M1 cost=526026 penalty = 0.00 area = 41.46% wirelength = 100.00%
Best update !!! M1 cost=525954 penalty = 0.00 area = 41.47% wirelength = 100.00%
Best update !!! M1 cost=525911 penalty = 0.00 area = 41.47% wirelength = 100.00%
Best update !!! M1 cost=525900 penalty = 0.00 area = 41.47% wirelength = 100.00%
Best update !!! M1 cost=525836 penalty = 0.00 area = 41.47% wirelength = 100.00%
Best update !!! M1 cost=525798 penalty = 0.00 area = 41.48% wirelength = 100.00%
Best update !!! M1 cost=525724 penalty = 0.00 area = 41.48% wirelength = 100.00%
Best update !!! M1 cost=525625 penalty = 0.00 area = 41.49% wirelength = 100.00%
Best update !!! M1 cost=525459 penalty = 0.00 area = 41.50% wirelength = 100.00%
Best update !!! M1 cost=525307 penalty = 0.00 area = 41.52% wirelength = 100.00%
Best update !!! M1 cost=525279 penalty = 0.00 area = 41.52% wirelength = 100.00%
Best update !!! M1 cost=525193 penalty = 0.00 area = 41.53% wirelength = 100.00%
Best update !!! M1 cost=525136 penalty = 0.00 area = 41.53% wirelength = 100.00%
Best update !!! M1 cost=525048 penalty = 0.00 area = 41.54% wirelength = 100.00%
Best update !!! M1 cost=524963 penalty = 0.00 area = 41.54% wirelength = 100.00%
Best update !!! M1 cost=524961 penalty = 0.00 area = 41.54% wirelength = 100.00%
Best update !!! M1 cost=524730 penalty = 0.00 area = 41.56% wirelength = 100.00%
Best update !!! M1 cost=524561 penalty = 0.00 area = 41.58% wirelength = 100.00%
Best update !!! M1 cost=524229 penalty = 0.00 area = 41.60% wirelength = 100.00%
Best update !!! M1 cost=524185 penalty = 0.00 area = 41.61% wirelength = 100.00%
Best update !!! M1 cost=524094 penalty = 0.00 area = 41.61% wirelength = 100.00%
Best update !!! M1 cost=524068 penalty = 0.00 area = 41.61% wirelength = 100.00%
Best update !!! M1 cost=524013 penalty = 0.00 area = 41.62% wirelength = 100.00%
Best update !!! M1 cost=523987 penalty = 0.00 area = 41.62% wirelength = 100.00%
Best update !!! M1 cost=523948 penalty = 0.00 area = 41.62% wirelength = 100.00%
Best update !!! M1 cost=523828 penalty = 0.00 area = 41.63% wirelength = 100.00%
Best update !!! M1 cost=523773 penalty = 0.00 area = 41.64% wirelength = 100.00%
Best update !!! M1 cost=523763 penalty = 0.00 area = 41.64% wirelength = 100.00%
Best update !!! M1 cost=523707 penalty = 0.00 area = 41.64% wirelength = 100.00%
Best update !!! M1 cost=523673 penalty = 0.00 area = 41.65% wirelength = 100.00%
Best update !!! M1 cost=523672 penalty = 0.00 area = 41.65% wirelength = 100.00%
Best update !!! M1 cost=523629 penalty = 0.00 area = 41.65% wirelength = 100.00%
Best update !!! M1 cost=523564 penalty = 0.00 area = 41.65% wirelength = 100.00%
Best update !!! M1 cost=523512 penalty = 0.00 area = 41.66% wirelength = 100.00%
Best update !!! M1 cost=523486 penalty = 0.00 area = 41.66% wirelength = 100.00%
Best update !!! M3 cost=523375 penalty = 0.00 area = 41.67% wirelength = 100.00%
Best update !!! M1 cost=523325 penalty = 0.00 area = 41.67% wirelength = 100.00%
Best update !!! M1 cost=523304 penalty = 0.00 area = 41.68% wirelength = 100.00%
Best update !!! M2 cost=523299 penalty = 0.00 area = 41.68% wirelength = 100.00%
Best update !!! M1 cost=523269 penalty = 0.00 area = 41.68% wirelength = 100.00%
Best update !!! M1 cost=523264 penalty = 0.00 area = 41.68% wirelength = 100.00%
Best update !!! M1 cost=523097 penalty = 0.00 area = 41.69% wirelength = 100.00%
Best update !!! M1 cost=522997 penalty = 0.00 area = 41.70% wirelength = 100.00%
Best update !!! M1 cost=522981 penalty = 0.00 area = 41.70% wirelength = 100.00%
Best update !!! M1 cost=522975 penalty = 0.00 area = 41.70% wirelength = 100.00%
Best update !!! M1 cost=522797 penalty = 0.00 area = 41.72% wirelength = 100.00%
Best update !!! M1 cost=522762 penalty = 0.00 area = 41.72% wirelength = 100.00%
Best update !!! M1 cost=522742 penalty = 0.00 area = 41.72% wirelength = 100.00%
Best update !!! M1 cost=522551 penalty = 0.00 area = 41.74% wirelength = 100.00%
Best update !!! M1 cost=522500 penalty = 0.00 area = 41.74% wirelength = 100.00%
Best update !!! M1 cost=522379 penalty = 0.00 area = 41.75% wirelength = 100.00%
Best update !!! M1 cost=522329 penalty = 0.00 area = 41.75% wirelength = 100.00%
Best update !!! M1 cost=522281 penalty = 0.00 area = 41.76% wirelength = 100.00%
Best update !!! M1 cost=522157 penalty = 0.00 area = 41.77% wirelength = 100.00%
Best update !!! M1 cost=522062 penalty = 0.00 area = 41.77% wirelength = 100.00%
Best update !!! M1 cost=522040 penalty = 0.00 area = 41.78% wirelength = 100.00%
Best update !!! M1 cost=521997 penalty = 0.00 area = 41.78% wirelength = 100.00%
Best update !!! M1 cost=521935 penalty = 0.00 area = 41.78% wirelength = 100.00%
Best update !!! M1 cost=521929 penalty = 0.00 area = 41.79% wirelength = 100.00%
Best update !!! M1 cost=521885 penalty = 0.00 area = 41.79% wirelength = 100.00%
Best update !!! M1 cost=521879 penalty = 0.00 area = 41.79% wirelength = 100.00%
Best update !!! M1 cost=521766 penalty = 0.00 area = 41.80% wirelength = 100.00%
Best update !!! M1 cost=521352 penalty = 0.00 area = 41.83% wirelength = 100.00%
Best update !!! M1 cost=521207 penalty = 0.00 area = 41.84% wirelength = 100.00%
Best update !!! M1 cost=521156 penalty = 0.00 area = 41.85% wirelength = 100.00%
Best update !!! M1 cost=521081 penalty = 0.00 area = 41.85% wirelength = 100.00%
Best update !!! M1 cost=521008 penalty = 0.00 area = 41.86% wirelength = 100.00%
Best update !!! M1 cost=520996 penalty = 0.00 area = 41.86% wirelength = 100.00%
Best update !!! M2 cost=520962 penalty = 0.00 area = 41.86% wirelength = 100.00%
Best update !!! M1 cost=520955 penalty = 0.00 area = 41.86% wirelength = 100.00%
Best update !!! M1 cost=520726 penalty = 0.00 area = 41.88% wirelength = 100.00%
Best update !!! M1 cost=520713 penalty = 0.00 area = 41.88% wirelength = 100.00%
Best update !!! M1 cost=520571 penalty = 0.00 area = 41.89% wirelength = 100.00%
Best update !!! M1 cost=520532 penalty = 0.00 area = 41.90% wirelength = 100.00%
Best update !!! M1 cost=520505 penalty = 0.00 area = 41.90% wirelength = 100.00%
Best update !!! M1 cost=520337 penalty = 0.00 area = 41.91% wirelength = 100.00%
Best update !!! M1 cost=520256 penalty = 0.00 area = 41.92% wirelength = 100.00%
Best update !!! M1 cost=520108 penalty = 0.00 area = 41.93% wirelength = 100.00%
Best update !!! M1 cost=520100 penalty = 0.00 area = 41.93% wirelength = 100.00%
Best update !!! M1 cost=520030 penalty = 0.00 area = 41.94% wirelength = 100.00%
Best update !!! M1 cost=520015 penalty = 0.00 area = 41.94% wirelength = 100.00%
Best update !!! M1 cost=519917 penalty = 0.00 area = 41.95% wirelength = 100.00%
Best update !!! M1 cost=519844 penalty = 0.00 area = 41.95% wirelength = 100.00%
Best update !!! M1 cost=519815 penalty = 0.00 area = 41.96% wirelength = 100.00%
Best update !!! M1 cost=519785 penalty = 0.00 area = 41.96% wirelength = 100.00%
Best update !!! M1 cost=519649 penalty = 0.00 area = 41.97% wirelength = 100.00%
Best update !!! M1 cost=519622 penalty = 0.00 area = 41.97% wirelength = 100.00%
Best update !!! M1 cost=519576 penalty = 0.00 area = 41.97% wirelength = 100.00%
Best update !!! M1 cost=519510 penalty = 0.00 area = 41.98% wirelength = 100.00%
Best update !!! M1 cost=519478 penalty = 0.00 area = 41.98% wirelength = 100.00%
Best update !!! M1 cost=519436 penalty = 0.00 area = 41.99% wirelength = 100.00%
Best update !!! M1 cost=519327 penalty = 0.00 area = 41.99% wirelength = 100.00%
Best update !!! M1 cost=519292 penalty = 0.00 area = 42.00% wirelength = 100.00%
Best update !!! M1 cost=519289 penalty = 0.00 area = 42.00% wirelength = 100.00%
Best update !!! M1 cost=519180 penalty = 0.00 area = 42.01% wirelength = 100.00%
Best update !!! M1 cost=518728 penalty = 0.00 area = 42.04% wirelength = 100.00%
Best update !!! M1 cost=518619 penalty = 0.00 area = 42.05% wirelength = 100.00%
Best update !!! M1 cost=518536 penalty = 0.00 area = 42.06% wirelength = 100.00%
Best update !!! M1 cost=518390 penalty = 0.00 area = 42.07% wirelength = 100.00%
Best update !!! M1 cost=518299 penalty = 0.00 area = 42.08% wirelength = 100.00%
Best update !!! M1 cost=518228 penalty = 0.00 area = 42.08% wirelength = 100.00%
Best update !!! M1 cost=518143 penalty = 0.00 area = 42.09% wirelength = 100.00%
Best update !!! M1 cost=518113 penalty = 0.00 area = 42.09% wirelength = 100.00%
Best update !!! M1 cost=518078 penalty = 0.00 area = 42.10% wirelength = 100.00%
Best update !!! M1 cost=518028 penalty = 0.00 area = 42.10% wirelength = 100.00%
Best update !!! M1 cost=517913 penalty = 0.00 area = 42.11% wirelength = 100.00%
Best update !!! M1 cost=517873 penalty = 0.00 area = 42.11% wirelength = 100.00%
Best update !!! M1 cost=517825 penalty = 0.00 area = 42.12% wirelength = 100.00%
Best update !!! M1 cost=517574 penalty = 0.00 area = 42.14% wirelength = 100.00%
Best update !!! M1 cost=517559 penalty = 0.00 area = 42.14% wirelength = 100.00%
Best update !!! M1 cost=517467 penalty = 0.00 area = 42.15% wirelength = 100.00%
Best update !!! M1 cost=517455 penalty = 0.00 area = 42.15% wirelength = 100.00%
Best update !!! M1 cost=517326 penalty = 0.00 area = 42.16% wirelength = 100.00%
Best update !!! M1 cost=517280 penalty = 0.00 area = 42.16% wirelength = 100.00%
Best update !!! M1 cost=517252 penalty = 0.00 area = 42.16% wirelength = 100.00%
Best update !!! M1 cost=517198 penalty = 0.00 area = 42.17% wirelength = 100.00%
Best update !!! M1 cost=517132 penalty = 0.00 area = 42.17% wirelength = 100.00%
Best update !!! M1 cost=517129 penalty = 0.00 area = 42.17% wirelength = 100.00%
Best update !!! M1 cost=517062 penalty = 0.00 area = 42.18% wirelength = 100.00%
Best update !!! M1 cost=517006 penalty = 0.00 area = 42.18% wirelength = 100.00%
Best update !!! M1 cost=516905 penalty = 0.00 area = 42.19% wirelength = 100.00%
Best update !!! M1 cost=516888 penalty = 0.00 area = 42.19% wirelength = 100.00%
Best update !!! M1 cost=516873 penalty = 0.00 area = 42.19% wirelength = 100.00%
Best update !!! M1 cost=516740 penalty = 0.00 area = 42.20% wirelength = 100.00%
Best update !!! M1 cost=516734 penalty = 0.00 area = 42.21% wirelength = 100.00%
Best update !!! M1 cost=516659 penalty = 0.00 area = 42.21% wirelength = 100.00%
Best update !!! M1 cost=516651 penalty = 0.00 area = 42.21% wirelength = 100.00%
Best update !!! M1 cost=516552 penalty = 0.00 area = 42.22% wirelength = 100.00%
Best update !!! M1 cost=516307 penalty = 0.00 area = 42.24% wirelength = 100.00%
Best update !!! M1 cost=516282 penalty = 0.00 area = 42.24% wirelength = 100.00%
Best update !!! M1 cost=516160 penalty = 0.00 area = 42.25% wirelength = 100.00%
Best update !!! M1 cost=515956 penalty = 0.00 area = 42.27% wirelength = 100.00%
Best update !!! M1 cost=515910 penalty = 0.00 area = 42.27% wirelength = 100.00%
Best update !!! M1 cost=515904 penalty = 0.00 area = 42.27% wirelength = 100.00%
Best update !!! M1 cost=515873 penalty = 0.00 area = 42.28% wirelength = 100.00%
Best update !!! M1 cost=515836 penalty = 0.00 area = 42.28% wirelength = 100.00%
Best update !!! M1 cost=515686 penalty = 0.00 area = 42.29% wirelength = 100.00%
Best update !!! M1 cost=515678 penalty = 0.00 area = 42.29% wirelength = 100.00%
Best update !!! M1 cost=515580 penalty = 0.00 area = 42.30% wirelength = 100.00%
Best update !!! M1 cost=515348 penalty = 0.00 area = 42.32% wirelength = 100.00%
Best update !!! M1 cost=515213 penalty = 0.00 area = 42.33% wirelength = 100.00%
Best update !!! M1 cost=515194 penalty = 0.00 area = 42.33% wirelength = 100.00%
Best update !!! M1 cost=515075 penalty = 0.00 area = 42.34% wirelength = 100.00%
Best update !!! M1 cost=515045 penalty = 0.00 area = 42.34% wirelength = 100.00%
Best update !!! M1 cost=514997 penalty = 0.00 area = 42.35% wirelength = 100.00%
Best update !!! M1 cost=514939 penalty = 0.00 area = 42.35% wirelength = 100.00%
Best update !!! M1 cost=514875 penalty = 0.00 area = 42.36% wirelength = 100.00%
Best update !!! M1 cost=514806 penalty = 0.00 area = 42.36% wirelength = 100.00%
Best update !!! M1 cost=514764 penalty = 0.00 area = 42.37% wirelength = 100.00%
Best update !!! M1 cost=514498 penalty = 0.00 area = 42.39% wirelength = 100.00%
Best update !!! M1 cost=514446 penalty = 0.00 area = 42.39% wirelength = 100.00%
Best update !!! M1 cost=514416 penalty = 0.00 area = 42.40% wirelength = 100.00%
Best update !!! M1 cost=514386 penalty = 0.00 area = 42.40% wirelength = 100.00%
Best update !!! M1 cost=514247 penalty = 0.00 area = 42.41% wirelength = 100.00%
Best update !!! M1 cost=514202 penalty = 0.00 area = 42.41% wirelength = 100.00%
Best update !!! M1 cost=514112 penalty = 0.00 area = 42.42% wirelength = 100.00%
Best update !!! M1 cost=514003 penalty = 0.00 area = 42.43% wirelength = 100.00%
Best update !!! M1 cost=513985 penalty = 0.00 area = 42.43% wirelength = 100.00%
Best update !!! M1 cost=513936 penalty = 0.00 area = 42.44% wirelength = 100.00%
Best update !!! M1 cost=513844 penalty = 0.00 area = 42.44% wirelength = 100.00%
Best update !!! M1 cost=513743 penalty = 0.00 area = 42.45% wirelength = 100.00%
Best update !!! M1 cost=513553 penalty = 0.00 area = 42.47% wirelength = 100.00%
Best update !!! M1 cost=513492 penalty = 0.00 area = 42.47% wirelength = 100.00%
Best update !!! M1 cost=513417 penalty = 0.00 area = 42.48% wirelength = 100.00%
Best update !!! M1 cost=513311 penalty = 0.00 area = 42.49% wirelength = 100.00%
Best update !!! M1 cost=513251 penalty = 0.00 area = 42.49% wirelength = 100.00%
Best update !!! M1 cost=513143 penalty = 0.00 area = 42.50% wirelength = 100.00%
Best update !!! M1 cost=513134 penalty = 0.00 area = 42.50% wirelength = 100.00%
Best update !!! M1 cost=513056 penalty = 0.00 area = 42.51% wirelength = 100.00%
Best update !!! M1 cost=513018 penalty = 0.00 area = 42.51% wirelength = 100.00%
Best update !!! M1 cost=512900 penalty = 0.00 area = 42.52% wirelength = 100.00%
Best update !!! M1 cost=512736 penalty = 0.00 area = 42.53% wirelength = 100.00%
Best update !!! M1 cost=512649 penalty = 0.00 area = 42.54% wirelength = 100.00%
Best update !!! M1 cost=512587 penalty = 0.00 area = 42.55% wirelength = 100.00%
Best update !!! M1 cost=512472 penalty = 0.00 area = 42.56% wirelength = 100.00%
Best update !!! M1 cost=512462 penalty = 0.00 area = 42.56% wirelength = 100.00%
Best update !!! M1 cost=512417 penalty = 0.00 area = 42.56% wirelength = 100.00%
Best update !!! M1 cost=512335 penalty = 0.00 area = 42.57% wirelength = 100.00%
Best update !!! M1 cost=512287 penalty = 0.00 area = 42.57% wirelength = 100.00%
Best update !!! M1 cost=512245 penalty = 0.00 area = 42.58% wirelength = 100.00%
Best update !!! M1 cost=512181 penalty = 0.00 area = 42.58% wirelength = 100.00%
Best update !!! M1 cost=512085 penalty = 0.00 area = 42.59% wirelength = 100.00%
Best update !!! M1 cost=512048 penalty = 0.00 area = 42.59% wirelength = 100.00%
Best update !!! M1 cost=511993 penalty = 0.00 area = 42.60% wirelength = 100.00%
Best update !!! M1 cost=511967 penalty = 0.00 area = 42.60% wirelength = 100.00%
Best update !!! M1 cost=511813 penalty = 0.00 area = 42.61% wirelength = 100.00%
Best update !!! M1 cost=511699 penalty = 0.00 area = 42.62% wirelength = 100.00%
Best update !!! M1 cost=511639 penalty = 0.00 area = 42.63% wirelength = 100.00%
Best update !!! M1 cost=511507 penalty = 0.00 area = 42.64% wirelength = 100.00%
Best update !!! M1 cost=511337 penalty = 0.00 area = 42.65% wirelength = 100.00%
Best update !!! M1 cost=511161 penalty = 0.00 area = 42.67% wirelength = 100.00%
Best update !!! M1 cost=511096 penalty = 0.00 area = 42.67% wirelength = 100.00%
Best update !!! M1 cost=510945 penalty = 0.00 area = 42.68% wirelength = 100.00%
Best update !!! M1 cost=510701 penalty = 0.00 area = 42.70% wirelength = 100.00%
Best update !!! M1 cost=510653 penalty = 0.00 area = 42.71% wirelength = 100.00%
Best update !!! M1 cost=510642 penalty = 0.00 area = 42.71% wirelength = 100.00%
Best update !!! M1 cost=510557 penalty = 0.00 area = 42.72% wirelength = 100.00%
Best update !!! M1 cost=510452 penalty = 0.00 area = 42.72% wirelength = 100.00%
Best update !!! M1 cost=510432 penalty = 0.00 area = 42.73% wirelength = 100.00%
Best update !!! M1 cost=510393 penalty = 0.00 area = 42.73% wirelength = 100.00%
Best update !!! M1 cost=510374 penalty = 0.00 area = 42.73% wirelength = 100.00%
Best update !!! M1 cost=510373 penalty = 0.00 area = 42.73% wirelength = 100.00%
Best update !!! M1 cost=510265 penalty = 0.00 area = 42.74% wirelength = 100.00%
Best update !!! M1 cost=510250 penalty = 0.00 area = 42.74% wirelength = 100.00%
Best update !!! M1 cost=510202 penalty = 0.00 area = 42.75% wirelength = 100.00%
Best update !!! M1 cost=510185 penalty = 0.00 area = 42.75% wirelength = 100.00%
Best update !!! M1 cost=510033 penalty = 0.00 area = 42.76% wirelength = 100.00%
Best update !!! M1 cost=510021 penalty = 0.00 area = 42.76% wirelength = 100.00%
Best update !!! M1 cost=510009 penalty = 0.00 area = 42.76% wirelength = 100.00%
Best update !!! M2 cost=509940 penalty = 0.00 area = 42.77% wirelength = 100.00%
Best update !!! M1 cost=509921 penalty = 0.00 area = 42.77% wirelength = 100.00%
Best update !!! M1 cost=509888 penalty = 0.00 area = 42.77% wirelength = 100.00%
Best update !!! M1 cost=509823 penalty = 0.00 area = 42.78% wirelength = 100.00%
Best update !!! M1 cost=509716 penalty = 0.00 area = 42.79% wirelength = 100.00%
Best update !!! M1 cost=509591 penalty = 0.00 area = 42.80% wirelength = 100.00%
Best update !!! M1 cost=509525 penalty = 0.00 area = 42.80% wirelength = 100.00%
Best update !!! M1 cost=509469 penalty = 0.00 area = 42.81% wirelength = 100.00%
Best update !!! M1 cost=509374 penalty = 0.00 area = 42.82% wirelength = 100.00%
Best update !!! M1 cost=509345 penalty = 0.00 area = 42.82% wirelength = 100.00%
Best update !!! M1 cost=509343 penalty = 0.00 area = 42.82% wirelength = 100.00%
Best update !!! M1 cost=509317 penalty = 0.00 area = 42.82% wirelength = 100.00%
Best update !!! M1 cost=509140 penalty = 0.00 area = 42.83% wirelength = 100.00%
Best update !!! M1 cost=509082 penalty = 0.00 area = 42.84% wirelength = 100.00%
Best update !!! M1 cost=509021 penalty = 0.00 area = 42.84% wirelength = 100.00%
Best update !!! M1 cost=508866 penalty = 0.00 area = 42.86% wirelength = 100.00%
Best update !!! M1 cost=508826 penalty = 0.00 area = 42.86% wirelength = 100.00%
Best update !!! M1 cost=508803 penalty = 0.00 area = 42.86% wirelength = 100.00%
Best update !!! M1 cost=508801 penalty = 0.00 area = 42.86% wirelength = 100.00%
Best update !!! M1 cost=508777 penalty = 0.00 area = 42.87% wirelength = 100.00%
Best update !!! M1 cost=508729 penalty = 0.00 area = 42.87% wirelength = 100.00%
Best update !!! M1 cost=508691 penalty = 0.00 area = 42.87% wirelength = 100.00%
Best update !!! M1 cost=508647 penalty = 0.00 area = 42.88% wirelength = 100.00%
Best update !!! M1 cost=508582 penalty = 0.00 area = 42.88% wirelength = 100.00%
Best update !!! M1 cost=508438 penalty = 0.00 area = 42.89% wirelength = 100.00%
Best update !!! M1 cost=508287 penalty = 0.00 area = 42.91% wirelength = 100.00%
Best update !!! M1 cost=508244 penalty = 0.00 area = 42.91% wirelength = 100.00%
Best update !!! M1 cost=508206 penalty = 0.00 area = 42.91% wirelength = 100.00%
Best update !!! M1 cost=508197 penalty = 0.00 area = 42.91% wirelength = 100.00%
Best update !!! M1 cost=508194 penalty = 0.00 area = 42.91% wirelength = 100.00%
Best update !!! M1 cost=508178 penalty = 0.00 area = 42.92% wirelength = 100.00%
Best update !!! M1 cost=508061 penalty = 0.00 area = 42.93% wirelength = 100.00%
Best update !!! M1 cost=507874 penalty = 0.00 area = 42.94% wirelength = 100.00%
Best update !!! M1 cost=507744 penalty = 0.00 area = 42.95% wirelength = 100.00%
Best update !!! M1 cost=507609 penalty = 0.00 area = 42.96% wirelength = 100.00%
Best update !!! M1 cost=507464 penalty = 0.00 area = 42.98% wirelength = 100.00%
Best update !!! M1 cost=507407 penalty = 0.00 area = 42.98% wirelength = 100.00%
Best update !!! M1 cost=507349 penalty = 0.00 area = 42.99% wirelength = 100.00%
Best update !!! M1 cost=507279 penalty = 0.00 area = 42.99% wirelength = 100.00%
Best update !!! M1 cost=507258 penalty = 0.00 area = 42.99% wirelength = 100.00%
Best update !!! M1 cost=507126 penalty = 0.00 area = 43.00% wirelength = 100.00%
Best update !!! M1 cost=507094 penalty = 0.00 area = 43.01% wirelength = 100.00%
Best update !!! M1 cost=506954 penalty = 0.00 area = 43.02% wirelength = 100.00%
Best update !!! M1 cost=506895 penalty = 0.00 area = 43.02% wirelength = 100.00%
Best update !!! M1 cost=506823 penalty = 0.00 area = 43.03% wirelength = 100.00%
Best update !!! M1 cost=506750 penalty = 0.00 area = 43.04% wirelength = 100.00%
Best update !!! M1 cost=506656 penalty = 0.00 area = 43.04% wirelength = 100.00%
Best update !!! M1 cost=506640 penalty = 0.00 area = 43.05% wirelength = 100.00%
Best update !!! M1 cost=506620 penalty = 0.00 area = 43.05% wirelength = 100.00%
Best update !!! M1 cost=506466 penalty = 0.00 area = 43.06% wirelength = 100.00%
Best update !!! M1 cost=506204 penalty = 0.00 area = 43.08% wirelength = 100.00%
Best update !!! M1 cost=506165 penalty = 0.00 area = 43.09% wirelength = 100.00%
Best update !!! M1 cost=506137 penalty = 0.00 area = 43.09% wirelength = 100.00%
Best update !!! M2 cost=506132 penalty = 0.00 area = 43.09% wirelength = 100.00%
Best update !!! M2 cost=506040 penalty = 0.00 area = 43.10% wirelength = 100.00%
Best update !!! M1 cost=505917 penalty = 0.00 area = 43.11% wirelength = 100.00%
Best update !!! M1 cost=505864 penalty = 0.00 area = 43.11% wirelength = 100.00%
Best update !!! M1 cost=505785 penalty = 0.00 area = 43.12% wirelength = 100.00%
Best update !!! M1 cost=505777 penalty = 0.00 area = 43.12% wirelength = 100.00%
Best update !!! M1 cost=505696 penalty = 0.00 area = 43.13% wirelength = 100.00%
Best update !!! M1 cost=505683 penalty = 0.00 area = 43.13% wirelength = 100.00%
Best update !!! M1 cost=505679 penalty = 0.00 area = 43.13% wirelength = 100.00%
Best update !!! M1 cost=505644 penalty = 0.00 area = 43.13% wirelength = 100.00%
Best update !!! M1 cost=505622 penalty = 0.00 area = 43.13% wirelength = 100.00%
Best update !!! M1 cost=505584 penalty = 0.00 area = 43.14% wirelength = 100.00%
Best update !!! M1 cost=505543 penalty = 0.00 area = 43.14% wirelength = 100.00%
Best update !!! M1 cost=505420 penalty = 0.00 area = 43.15% wirelength = 100.00%
Best update !!! M1 cost=505353 penalty = 0.00 area = 43.16% wirelength = 100.00%
Best update !!! M1 cost=505230 penalty = 0.00 area = 43.17% wirelength = 100.00%
Best update !!! M1 cost=505192 penalty = 0.00 area = 43.17% wirelength = 100.00%
Best update !!! M1 cost=505136 penalty = 0.00 area = 43.17% wirelength = 100.00%
Best update !!! M1 cost=505131 penalty = 0.00 area = 43.17% wirelength = 100.00%
Best update !!! M1 cost=505128 penalty = 0.00 area = 43.17% wirelength = 100.00%
Best update !!! M1 cost=505058 penalty = 0.00 area = 43.18% wirelength = 100.00%
Best update !!! M1 cost=505054 penalty = 0.00 area = 43.18% wirelength = 100.00%
Best update !!! M1 cost=504979 penalty = 0.00 area = 43.19% wirelength = 100.00%
Best update !!! M1 cost=504886 penalty = 0.00 area = 43.20% wirelength = 100.00%
Best update !!! M1 cost=504817 penalty = 0.00 area = 43.20% wirelength = 100.00%
Best update !!! M1 cost=504811 penalty = 0.00 area = 43.20% wirelength = 100.00%
Best update !!! M1 cost=504792 penalty = 0.00 area = 43.20% wirelength = 100.00%
Best update !!! M1 cost=504756 penalty = 0.00 area = 43.21% wirelength = 100.00%
Best update !!! M1 cost=504740 penalty = 0.00 area = 43.21% wirelength = 100.00%
Best update !!! M1 cost=504683 penalty = 0.00 area = 43.21% wirelength = 100.00%
Best update !!! M1 cost=504647 penalty = 0.00 area = 43.22% wirelength = 100.00%
Best update !!! M1 cost=504606 penalty = 0.00 area = 43.22% wirelength = 100.00%
Best update !!! M2 cost=504488 penalty = 0.00 area = 43.23% wirelength = 100.00%
Best update !!! M1 cost=504487 penalty = 0.00 area = 43.23% wirelength = 100.00%
Best update !!! M1 cost=504469 penalty = 0.00 area = 43.23% wirelength = 100.00%
Best update !!! M1 cost=504375 penalty = 0.00 area = 43.24% wirelength = 100.00%
Best update !!! M1 cost=504296 penalty = 0.00 area = 43.25% wirelength = 100.00%
Best update !!! M1 cost=504270 penalty = 0.00 area = 43.25% wirelength = 100.00%
Best update !!! M1 cost=504169 penalty = 0.00 area = 43.26% wirelength = 100.00%
Best update !!! M1 cost=504068 penalty = 0.00 area = 43.27% wirelength = 100.00%
Best update !!! M1 cost=504057 penalty = 0.00 area = 43.27% wirelength = 100.00%
Best update !!! M1 cost=504003 penalty = 0.00 area = 43.27% wirelength = 100.00%
Best update !!! M1 cost=503977 penalty = 0.00 area = 43.27% wirelength = 100.00%
Best update !!! M1 cost=503708 penalty = 0.00 area = 43.30% wirelength = 100.00%
Best update !!! M1 cost=503696 penalty = 0.00 area = 43.30% wirelength = 100.00%
Best update !!! M1 cost=503658 penalty = 0.00 area = 43.30% wirelength = 100.00%
Best update !!! M1 cost=503643 penalty = 0.00 area = 43.30% wirelength = 100.00%
Best update !!! M1 cost=503543 penalty = 0.00 area = 43.31% wirelength = 100.00%
Best update !!! M1 cost=503533 penalty = 0.00 area = 43.31% wirelength = 100.00%
Best update !!! M1 cost=503427 penalty = 0.00 area = 43.32% wirelength = 100.00%
Best update !!! M1 cost=503390 penalty = 0.00 area = 43.32% wirelength = 100.00%
Best update !!! M1 cost=503322 penalty = 0.00 area = 43.33% wirelength = 100.00%
Best update !!! M1 cost=503272 penalty = 0.00 area = 43.33% wirelength = 100.00%
Best update !!! M1 cost=503246 penalty = 0.00 area = 43.34% wirelength = 100.00%
Best update !!! M1 cost=503229 penalty = 0.00 area = 43.34% wirelength = 100.00%
Best update !!! M1 cost=503176 penalty = 0.00 area = 43.34% wirelength = 100.00%
Best update !!! M1 cost=503106 penalty = 0.00 area = 43.35% wirelength = 100.00%
Best update !!! M1 cost=503023 penalty = 0.00 area = 43.36% wirelength = 100.00%
Best update !!! M1 cost=502861 penalty = 0.00 area = 43.37% wirelength = 100.00%
Best update !!! M1 cost=502719 penalty = 0.00 area = 43.38% wirelength = 100.00%
Best update !!! M1 cost=502711 penalty = 0.00 area = 43.38% wirelength = 100.00%
Best update !!! M1 cost=502675 penalty = 0.00 area = 43.39% wirelength = 100.00%
Best update !!! M1 cost=502497 penalty = 0.00 area = 43.40% wirelength = 100.00%
Best update !!! M1 cost=502471 penalty = 0.00 area = 43.40% wirelength = 100.00%
Best update !!! M1 cost=502297 penalty = 0.00 area = 43.42% wirelength = 100.00%
Best update !!! M1 cost=502254 penalty = 0.00 area = 43.42% wirelength = 100.00%
Best update !!! M1 cost=502204 penalty = 0.00 area = 43.43% wirelength = 100.00%
Best update !!! M1 cost=502201 penalty = 0.00 area = 43.43% wirelength = 100.00%
Best update !!! M1 cost=502124 penalty = 0.00 area = 43.43% wirelength = 100.00%
Best update !!! M1 cost=502007 penalty = 0.00 area = 43.44% wirelength = 100.00%
Best update !!! M1 cost=501979 penalty = 0.00 area = 43.45% wirelength = 100.00%
Best update !!! M1 cost=501853 penalty = 0.00 area = 43.46% wirelength = 100.00%
Best update !!! M1 cost=501778 penalty = 0.00 area = 43.46% wirelength = 100.00%
Best update !!! M1 cost=501727 penalty = 0.00 area = 43.47% wirelength = 100.00%
Best update !!! M1 cost=501492 penalty = 0.00 area = 43.49% wirelength = 100.00%
Best update !!! M1 cost=501431 penalty = 0.00 area = 43.49% wirelength = 100.00%
Best update !!! M1 cost=500911 penalty = 0.00 area = 43.54% wirelength = 100.00%
Best update !!! M1 cost=500836 penalty = 0.00 area = 43.54% wirelength = 100.00%
Best update !!! M1 cost=500804 penalty = 0.00 area = 43.55% wirelength = 100.00%
Best update !!! M1 cost=500541 penalty = 0.00 area = 43.57% wirelength = 100.00%
Best update !!! M1 cost=500272 penalty = 0.00 area = 43.59% wirelength = 100.00%
Best update !!! M1 cost=500202 penalty = 0.00 area = 43.60% wirelength = 100.00%
Best update !!! M1 cost=500124 penalty = 0.00 area = 43.61% wirelength = 100.00%
Best update !!! M1 cost=500107 penalty = 0.00 area = 43.61% wirelength = 100.00%
Best update !!! M1 cost=499937 penalty = 0.00 area = 43.62% wirelength = 100.00%
Best update !!! M1 cost=499928 penalty = 0.00 area = 43.62% wirelength = 100.00%
Best update !!! M1 cost=499865 penalty = 0.00 area = 43.63% wirelength = 100.00%
Best update !!! M1 cost=499743 penalty = 0.00 area = 43.64% wirelength = 100.00%
Best update !!! M1 cost=499713 penalty = 0.00 area = 43.64% wirelength = 100.00%
Best update !!! M1 cost=499629 penalty = 0.00 area = 43.65% wirelength = 100.00%
Best update !!! M1 cost=499603 penalty = 0.00 area = 43.65% wirelength = 100.00%
Best update !!! M1 cost=499561 penalty = 0.00 area = 43.66% wirelength = 100.00%
Best update !!! M1 cost=499458 penalty = 0.00 area = 43.67% wirelength = 100.00%
Best update !!! M1 cost=499399 penalty = 0.00 area = 43.67% wirelength = 100.00%
Best update !!! M2 cost=499277 penalty = 0.00 area = 43.68% wirelength = 100.00%
Best update !!! M1 cost=499259 penalty = 0.00 area = 43.68% wirelength = 100.00%
Best update !!! M1 cost=499196 penalty = 0.00 area = 43.69% wirelength = 100.00%
Best update !!! M1 cost=499087 penalty = 0.00 area = 43.70% wirelength = 100.00%
Best update !!! M1 cost=499022 penalty = 0.00 area = 43.70% wirelength = 100.00%
Best update !!! M1 cost=499020 penalty = 0.00 area = 43.70% wirelength = 100.00%
Best update !!! M1 cost=498999 penalty = 0.00 area = 43.71% wirelength = 100.00%
Best update !!! M1 cost=498963 penalty = 0.00 area = 43.71% wirelength = 100.00%
Best update !!! M1 cost=498961 penalty = 0.00 area = 43.71% wirelength = 100.00%
Best update !!! M2 cost=498793 penalty = 0.00 area = 43.72% wirelength = 100.00%
Best update !!! M1 cost=498734 penalty = 0.00 area = 43.73% wirelength = 100.00%
Best update !!! M1 cost=498685 penalty = 0.00 area = 43.73% wirelength = 100.00%
Best update !!! M1 cost=498658 penalty = 0.00 area = 43.74% wirelength = 100.00%
Best update !!! M1 cost=498604 penalty = 0.00 area = 43.74% wirelength = 100.00%
Best update !!! M1 cost=498546 penalty = 0.00 area = 43.75% wirelength = 100.00%
Best update !!! M1 cost=498533 penalty = 0.00 area = 43.75% wirelength = 100.00%
Best update !!! M1 cost=498496 penalty = 0.00 area = 43.75% wirelength = 100.00%
Best update !!! M1 cost=498466 penalty = 0.00 area = 43.75% wirelength = 100.00%
Best update !!! M1 cost=498365 penalty = 0.00 area = 43.76% wirelength = 100.00%
Best update !!! M1 cost=498333 penalty = 0.00 area = 43.76% wirelength = 100.00%
Best update !!! M1 cost=498317 penalty = 0.00 area = 43.77% wirelength = 100.00%
Best update !!! M1 cost=498239 penalty = 0.00 area = 43.77% wirelength = 100.00%
Best update !!! M1 cost=498223 penalty = 0.00 area = 43.77% wirelength = 100.00%
Best update !!! M1 cost=498183 penalty = 0.00 area = 43.78% wirelength = 100.00%
Best update !!! M1 cost=498112 penalty = 0.00 area = 43.78% wirelength = 100.00%
Best update !!! M1 cost=498110 penalty = 0.00 area = 43.78% wirelength = 100.00%
Best update !!! M1 cost=498083 penalty = 0.00 area = 43.79% wirelength = 100.00%
Best update !!! M1 cost=498050 penalty = 0.00 area = 43.79% wirelength = 100.00%
Best update !!! M1 cost=497992 penalty = 0.00 area = 43.79% wirelength = 100.00%
Best update !!! M1 cost=497884 penalty = 0.00 area = 43.80% wirelength = 100.00%
Best update !!! M1 cost=497873 penalty = 0.00 area = 43.80% wirelength = 100.00%
Best update !!! M1 cost=497865 penalty = 0.00 area = 43.80% wirelength = 100.00%
Best update !!! M1 cost=497780 penalty = 0.00 area = 43.81% wirelength = 100.00%
Best update !!! M1 cost=497761 penalty = 0.00 area = 43.81% wirelength = 100.00%
Best update !!! M1 cost=497701 penalty = 0.00 area = 43.82% wirelength = 100.00%
Best update !!! M1 cost=497656 penalty = 0.00 area = 43.82% wirelength = 100.00%
Best update !!! M1 cost=497620 penalty = 0.00 area = 43.83% wirelength = 100.00%
Best update !!! M1 cost=497619 penalty = 0.00 area = 43.83% wirelength = 100.00%
Best update !!! M1 cost=497487 penalty = 0.00 area = 43.84% wirelength = 100.00%
Best update !!! M1 cost=497310 penalty = 0.00 area = 43.85% wirelength = 100.00%
Best update !!! M1 cost=497285 penalty = 0.00 area = 43.86% wirelength = 100.00%
Best update !!! M1 cost=497174 penalty = 0.00 area = 43.87% wirelength = 100.00%
Best update !!! M1 cost=497112 penalty = 0.00 area = 43.87% wirelength = 100.00%
Best update !!! M1 cost=497076 penalty = 0.00 area = 43.87% wirelength = 100.00%
Best update !!! M1 cost=497032 penalty = 0.00 area = 43.88% wirelength = 100.00%
Best update !!! M1 cost=497018 penalty = 0.00 area = 43.88% wirelength = 100.00%
Best update !!! M1 cost=496968 penalty = 0.00 area = 43.88% wirelength = 100.00%
Best update !!! M1 cost=496888 penalty = 0.00 area = 43.89% wirelength = 100.00%
Best update !!! M1 cost=496842 penalty = 0.00 area = 43.90% wirelength = 100.00%
Best update !!! M1 cost=496838 penalty = 0.00 area = 43.90% wirelength = 100.00%
Best update !!! M1 cost=496759 penalty = 0.00 area = 43.90% wirelength = 100.00%
Best update !!! M1 cost=496552 penalty = 0.00 area = 43.92% wirelength = 100.00%
Best update !!! M1 cost=496538 penalty = 0.00 area = 43.92% wirelength = 100.00%
Best update !!! M1 cost=496393 penalty = 0.00 area = 43.93% wirelength = 100.00%
Best update !!! M1 cost=496374 penalty = 0.00 area = 43.94% wirelength = 100.00%
Best update !!! M1 cost=496223 penalty = 0.00 area = 43.95% wirelength = 100.00%
Best update !!! M1 cost=496193 penalty = 0.00 area = 43.95% wirelength = 100.00%
Best update !!! M1 cost=496177 penalty = 0.00 area = 43.95% wirelength = 100.00%
Best update !!! M1 cost=496129 penalty = 0.00 area = 43.96% wirelength = 100.00%
Best update !!! M1 cost=496098 penalty = 0.00 area = 43.96% wirelength = 100.00%
Best update !!! M1 cost=496084 penalty = 0.00 area = 43.96% wirelength = 100.00%
Best update !!! M1 cost=495926 penalty = 0.00 area = 43.98% wirelength = 100.00%
Best update !!! M1 cost=495902 penalty = 0.00 area = 43.98% wirelength = 100.00%
Best update !!! M1 cost=495868 penalty = 0.00 area = 43.98% wirelength = 100.00%
Best update !!! M2 cost=495836 penalty = 0.00 area = 43.98% wirelength = 100.00%
Best update !!! M1 cost=495615 penalty = 0.00 area = 44.00% wirelength = 100.00%
Best update !!! M1 cost=495612 penalty = 0.00 area = 44.00% wirelength = 100.00%
Best update !!! M1 cost=495464 penalty = 0.00 area = 44.02% wirelength = 100.00%
Best update !!! M1 cost=495404 penalty = 0.00 area = 44.02% wirelength = 100.00%
Best update !!! M1 cost=495126 penalty = 0.00 area = 44.05% wirelength = 100.00%
Best update !!! M1 cost=495111 penalty = 0.00 area = 44.05% wirelength = 100.00%
Best update !!! M1 cost=495079 penalty = 0.00 area = 44.05% wirelength = 100.00%
Best update !!! M1 cost=494958 penalty = 0.00 area = 44.06% wirelength = 100.00%
Best update !!! M1 cost=494912 penalty = 0.00 area = 44.07% wirelength = 100.00%
Best update !!! M1 cost=494900 penalty = 0.00 area = 44.07% wirelength = 100.00%
Best update !!! M1 cost=494814 penalty = 0.00 area = 44.07% wirelength = 100.00%
Best update !!! M1 cost=494766 penalty = 0.00 area = 44.08% wirelength = 100.00%
Best update !!! M1 cost=494694 penalty = 0.00 area = 44.09% wirelength = 100.00%
Best update !!! M1 cost=494637 penalty = 0.00 area = 44.09% wirelength = 100.00%
Best update !!! M1 cost=494499 penalty = 0.00 area = 44.10% wirelength = 100.00%
Best update !!! M1 cost=494407 penalty = 0.00 area = 44.11% wirelength = 100.00%
Best update !!! M1 cost=494378 penalty = 0.00 area = 44.11% wirelength = 100.00%
Best update !!! M1 cost=494374 penalty = 0.00 area = 44.11% wirelength = 100.00%
Best update !!! M1 cost=494264 penalty = 0.00 area = 44.12% wirelength = 100.00%
Best update !!! M1 cost=494249 penalty = 0.00 area = 44.13% wirelength = 100.00%
Best update !!! M1 cost=494177 penalty = 0.00 area = 44.13% wirelength = 100.00%
Best update !!! M1 cost=493876 penalty = 0.00 area = 44.16% wirelength = 100.00%
Best update !!! M1 cost=493792 penalty = 0.00 area = 44.17% wirelength = 100.00%
Best update !!! M1 cost=493785 penalty = 0.00 area = 44.17% wirelength = 100.00%
Best update !!! M1 cost=493739 penalty = 0.00 area = 44.17% wirelength = 100.00%
Best update !!! M1 cost=493650 penalty = 0.00 area = 44.18% wirelength = 100.00%
Best update !!! M1 cost=493562 penalty = 0.00 area = 44.19% wirelength = 100.00%
Best update !!! M1 cost=493471 penalty = 0.00 area = 44.19% wirelength = 100.00%
Best update !!! M1 cost=493459 penalty = 0.00 area = 44.20% wirelength = 100.00%
Best update !!! M1 cost=493404 penalty = 0.00 area = 44.20% wirelength = 100.00%
Best update !!! M1 cost=493265 penalty = 0.00 area = 44.21% wirelength = 100.00%
Best update !!! M1 cost=493108 penalty = 0.00 area = 44.23% wirelength = 100.00%
Best update !!! M1 cost=493096 penalty = 0.00 area = 44.23% wirelength = 100.00%
Best update !!! M1 cost=492950 penalty = 0.00 area = 44.24% wirelength = 100.00%
Best update !!! M1 cost=492894 penalty = 0.00 area = 44.25% wirelength = 100.00%
Best update !!! M1 cost=492775 penalty = 0.00 area = 44.26% wirelength = 100.00%
Best update !!! M1 cost=492556 penalty = 0.00 area = 44.28% wirelength = 100.00%
Best update !!! M1 cost=492509 penalty = 0.00 area = 44.28% wirelength = 100.00%
Best update !!! M1 cost=492448 penalty = 0.00 area = 44.29% wirelength = 100.00%
Best update !!! M1 cost=492342 penalty = 0.00 area = 44.30% wirelength = 100.00%
Best update !!! M1 cost=492284 penalty = 0.00 area = 44.30% wirelength = 100.00%
Best update !!! M1 cost=492222 penalty = 0.00 area = 44.31% wirelength = 100.00%
Best update !!! M1 cost=492192 penalty = 0.00 area = 44.31% wirelength = 100.00%
Best update !!! M1 cost=492028 penalty = 0.00 area = 44.32% wirelength = 100.00%
Best update !!! M1 cost=491988 penalty = 0.00 area = 44.33% wirelength = 100.00%
Best update !!! M1 cost=491965 penalty = 0.00 area = 44.33% wirelength = 100.00%
Best update !!! M1 cost=491947 penalty = 0.00 area = 44.33% wirelength = 100.00%
Best update !!! M1 cost=491915 penalty = 0.00 area = 44.33% wirelength = 100.00%
Best update !!! M1 cost=491855 penalty = 0.00 area = 44.34% wirelength = 100.00%
Best update !!! M1 cost=491811 penalty = 0.00 area = 44.34% wirelength = 100.00%
Best update !!! M1 cost=491763 penalty = 0.00 area = 44.35% wirelength = 100.00%
Best update !!! M1 cost=491729 penalty = 0.00 area = 44.35% wirelength = 100.00%
Best update !!! M1 cost=491702 penalty = 0.00 area = 44.35% wirelength = 100.00%
Best update !!! M1 cost=491633 penalty = 0.00 area = 44.36% wirelength = 100.00%
Best update !!! M1 cost=491581 penalty = 0.00 area = 44.36% wirelength = 100.00%
Best update !!! M1 cost=491530 penalty = 0.00 area = 44.37% wirelength = 100.00%
Best update !!! M1 cost=491466 penalty = 0.00 area = 44.38% wirelength = 100.00%
Best update !!! M1 cost=491441 penalty = 0.00 area = 44.38% wirelength = 100.00%
Best update !!! M1 cost=491419 penalty = 0.00 area = 44.38% wirelength = 100.00%
Best update !!! M1 cost=491307 penalty = 0.00 area = 44.39% wirelength = 100.00%
Best update !!! M1 cost=491204 penalty = 0.00 area = 44.40% wirelength = 100.00%
Best update !!! M1 cost=491172 penalty = 0.00 area = 44.40% wirelength = 100.00%
Best update !!! M1 cost=491170 penalty = 0.00 area = 44.40% wirelength = 100.00%
Best update !!! M1 cost=490878 penalty = 0.00 area = 44.43% wirelength = 100.00%
Best update !!! M1 cost=490821 penalty = 0.00 area = 44.43% wirelength = 100.00%
Best update !!! M1 cost=490783 penalty = 0.00 area = 44.44% wirelength = 100.00%
Best update !!! M1 cost=490781 penalty = 0.00 area = 44.44% wirelength = 100.00%
Best update !!! M1 cost=490733 penalty = 0.00 area = 44.44% wirelength = 100.00%
Best update !!! M1 cost=490617 penalty = 0.00 area = 44.45% wirelength = 100.00%
Best update !!! M1 cost=490613 penalty = 0.00 area = 44.45% wirelength = 100.00%
Best update !!! M1 cost=490592 penalty = 0.00 area = 44.45% wirelength = 100.00%
Best update !!! M1 cost=490501 penalty = 0.00 area = 44.46% wirelength = 100.00%
Best update !!! M1 cost=490492 penalty = 0.00 area = 44.46% wirelength = 100.00%
Best update !!! M1 cost=490428 penalty = 0.00 area = 44.47% wirelength = 100.00%
Best update !!! M1 cost=490398 penalty = 0.00 area = 44.47% wirelength = 100.00%
Best update !!! M1 cost=490301 penalty = 0.00 area = 44.48% wirelength = 100.00%
Best update !!! M1 cost=490055 penalty = 0.00 area = 44.50% wirelength = 100.00%
Best update !!! M1 cost=489658 penalty = 0.00 area = 44.54% wirelength = 100.00%
Best update !!! M1 cost=489650 penalty = 0.00 area = 44.54% wirelength = 100.00%
Best update !!! M2 cost=489562 penalty = 0.00 area = 44.55% wirelength = 100.00%
Best update !!! M1 cost=489537 penalty = 0.00 area = 44.55% wirelength = 100.00%
Best update !!! M1 cost=489487 penalty = 0.00 area = 44.55% wirelength = 100.00%
Best update !!! M1 cost=489438 penalty = 0.00 area = 44.56% wirelength = 100.00%
Best update !!! M1 cost=489396 penalty = 0.00 area = 44.56% wirelength = 100.00%
Best update !!! M1 cost=489260 penalty = 0.00 area = 44.58% wirelength = 100.00%
Best update !!! M1 cost=489237 penalty = 0.00 area = 44.58% wirelength = 100.00%
Best update !!! M2 cost=489127 penalty = 0.00 area = 44.59% wirelength = 100.00%
Best update !!! M1 cost=488881 penalty = 0.00 area = 44.61% wirelength = 100.00%
Best update !!! M1 cost=488849 penalty = 0.00 area = 44.61% wirelength = 100.00%
Best update !!! M1 cost=488842 penalty = 0.00 area = 44.61% wirelength = 100.00%
Best update !!! M1 cost=488788 penalty = 0.00 area = 44.62% wirelength = 100.00%
Best update !!! M1 cost=488494 penalty = 0.00 area = 44.65% wirelength = 100.00%
Best update !!! M1 cost=488390 penalty = 0.00 area = 44.65% wirelength = 100.00%
Best update !!! M1 cost=488326 penalty = 0.00 area = 44.66% wirelength = 100.00%
Best update !!! M1 cost=488270 penalty = 0.00 area = 44.67% wirelength = 100.00%
Best update !!! M1 cost=488238 penalty = 0.00 area = 44.67% wirelength = 100.00%
Best update !!! M1 cost=488166 penalty = 0.00 area = 44.68% wirelength = 100.00%
Best update !!! M1 cost=488159 penalty = 0.00 area = 44.68% wirelength = 100.00%
Best update !!! M1 cost=488158 penalty = 0.00 area = 44.68% wirelength = 100.00%
Best update !!! M1 cost=488114 penalty = 0.00 area = 44.68% wirelength = 100.00%
Best update !!! M1 cost=488109 penalty = 0.00 area = 44.68% wirelength = 100.00%
Best update !!! M1 cost=488091 penalty = 0.00 area = 44.68% wirelength = 100.00%
Best update !!! M1 cost=488072 penalty = 0.00 area = 44.68% wirelength = 100.00%
Best update !!! M1 cost=487978 penalty = 0.00 area = 44.69% wirelength = 100.00%
Best update !!! M1 cost=487872 penalty = 0.00 area = 44.70% wirelength = 100.00%
Best update !!! M1 cost=487735 penalty = 0.00 area = 44.71% wirelength = 100.00%
Best update !!! M1 cost=487632 penalty = 0.00 area = 44.72% wirelength = 100.00%
Best update !!! M1 cost=487600 penalty = 0.00 area = 44.73% wirelength = 100.00%
Best update !!! M1 cost=487572 penalty = 0.00 area = 44.73% wirelength = 100.00%
Best update !!! M1 cost=487513 penalty = 0.00 area = 44.74% wirelength = 100.00%
Best update !!! M1 cost=487506 penalty = 0.00 area = 44.74% wirelength = 100.00%
Best update !!! M1 cost=487487 penalty = 0.00 area = 44.74% wirelength = 100.00%
Best update !!! M1 cost=487470 penalty = 0.00 area = 44.74% wirelength = 100.00%
Best update !!! M1 cost=487427 penalty = 0.00 area = 44.74% wirelength = 100.00%
Best update !!! M1 cost=487405 penalty = 0.00 area = 44.74% wirelength = 100.00%
Best update !!! M1 cost=487399 penalty = 0.00 area = 44.75% wirelength = 100.00%
Best update !!! M1 cost=487385 penalty = 0.00 area = 44.75% wirelength = 100.00%
Best update !!! M1 cost=487368 penalty = 0.00 area = 44.75% wirelength = 100.00%
Best update !!! M1 cost=487282 penalty = 0.00 area = 44.76% wirelength = 100.00%
Best update !!! M2 cost=487063 penalty = 0.00 area = 44.78% wirelength = 100.00%
Best update !!! M1 cost=486999 penalty = 0.00 area = 44.78% wirelength = 100.00%
Best update !!! M1 cost=486907 penalty = 0.00 area = 44.79% wirelength = 100.00%
Best update !!! M1 cost=486895 penalty = 0.00 area = 44.79% wirelength = 100.00%
Best update !!! M1 cost=486781 penalty = 0.00 area = 44.80% wirelength = 100.00%
Best update !!! M1 cost=486751 penalty = 0.00 area = 44.81% wirelength = 100.00%
Best update !!! M1 cost=486728 penalty = 0.00 area = 44.81% wirelength = 100.00%
Best update !!! M1 cost=486712 penalty = 0.00 area = 44.81% wirelength = 100.00%
Best update !!! M1 cost=486660 penalty = 0.00 area = 44.81% wirelength = 100.00%
Best update !!! M1 cost=486635 penalty = 0.00 area = 44.82% wirelength = 100.00%
Best update !!! M1 cost=486622 penalty = 0.00 area = 44.82% wirelength = 100.00%
Best update !!! M1 cost=486620 penalty = 0.00 area = 44.82% wirelength = 100.00%
Best update !!! M1 cost=486618 penalty = 0.00 area = 44.82% wirelength = 100.00%
Best update !!! M1 cost=486549 penalty = 0.00 area = 44.82% wirelength = 100.00%
Best update !!! M1 cost=486545 penalty = 0.00 area = 44.82% wirelength = 100.00%
Best update !!! M1 cost=486530 penalty = 0.00 area = 44.83% wirelength = 100.00%
Best update !!! M1 cost=486381 penalty = 0.00 area = 44.84% wirelength = 100.00%
Best update !!! M1 cost=486248 penalty = 0.00 area = 44.85% wirelength = 100.00%
Best update !!! M1 cost=486244 penalty = 0.00 area = 44.85% wirelength = 100.00%
Best update !!! M1 cost=486052 penalty = 0.00 area = 44.87% wirelength = 100.00%
Best update !!! M1 cost=486043 penalty = 0.00 area = 44.87% wirelength = 100.00%
Best update !!! M1 cost=486015 penalty = 0.00 area = 44.87% wirelength = 100.00%
Best update !!! M1 cost=485994 penalty = 0.00 area = 44.87% wirelength = 100.00%
Best update !!! M1 cost=485911 penalty = 0.00 area = 44.88% wirelength = 100.00%
Best update !!! M1 cost=485905 penalty = 0.00 area = 44.88% wirelength = 100.00%
Best update !!! M1 cost=485856 penalty = 0.00 area = 44.89% wirelength = 100.00%
Best update !!! M1 cost=485851 penalty = 0.00 area = 44.89% wirelength = 100.00%
Best update !!! M1 cost=485736 penalty = 0.00 area = 44.90% wirelength = 100.00%
Best update !!! M1 cost=485584 penalty = 0.00 area = 44.91% wirelength = 100.00%
Best update !!! M1 cost=485582 penalty = 0.00 area = 44.91% wirelength = 100.00%
Best update !!! M1 cost=485562 penalty = 0.00 area = 44.91% wirelength = 100.00%
Best update !!! M1 cost=485548 penalty = 0.00 area = 44.92% wirelength = 100.00%
Best update !!! M1 cost=485433 penalty = 0.00 area = 44.93% wirelength = 100.00%
Best update !!! M1 cost=485411 penalty = 0.00 area = 44.93% wirelength = 100.00%
Best update !!! M1 cost=485346 penalty = 0.00 area = 44.93% wirelength = 100.00%
Best update !!! M1 cost=485334 penalty = 0.00 area = 44.94% wirelength = 100.00%
Best update !!! M1 cost=485322 penalty = 0.00 area = 44.94% wirelength = 100.00%
Best update !!! M1 cost=485310 penalty = 0.00 area = 44.94% wirelength = 100.00%
Best update !!! M1 cost=485276 penalty = 0.00 area = 44.94% wirelength = 100.00%
Best update !!! M1 cost=485230 penalty = 0.00 area = 44.95% wirelength = 100.00%
Best update !!! M1 cost=485216 penalty = 0.00 area = 44.95% wirelength = 100.00%
Best update !!! M1 cost=485211 penalty = 0.00 area = 44.95% wirelength = 100.00%
Best update !!! M1 cost=485181 penalty = 0.00 area = 44.95% wirelength = 100.00%
Best update !!! M1 cost=485081 penalty = 0.00 area = 44.96% wirelength = 100.00%
Best update !!! M1 cost=485072 penalty = 0.00 area = 44.96% wirelength = 100.00%
Best update !!! M1 cost=485059 penalty = 0.00 area = 44.96% wirelength = 100.00%
Best update !!! M1 cost=485037 penalty = 0.00 area = 44.96% wirelength = 100.00%
Best update !!! M1 cost=485022 penalty = 0.00 area = 44.96% wirelength = 100.00%
Best update !!! M1 cost=485021 penalty = 0.00 area = 44.96% wirelength = 100.00%
Best update !!! M1 cost=484932 penalty = 0.00 area = 44.97% wirelength = 100.00%
Best update !!! M1 cost=484924 penalty = 0.00 area = 44.97% wirelength = 100.00%
Best update !!! M1 cost=484906 penalty = 0.00 area = 44.98% wirelength = 100.00%
Best update !!! M1 cost=484898 penalty = 0.00 area = 44.98% wirelength = 100.00%
Best update !!! M1 cost=484857 penalty = 0.00 area = 44.98% wirelength = 100.00%
Best update !!! M1 cost=484801 penalty = 0.00 area = 44.99% wirelength = 100.00%
Best update !!! M1 cost=484775 penalty = 0.00 area = 44.99% wirelength = 100.00%
Best update !!! M1 cost=484767 penalty = 0.00 area = 44.99% wirelength = 100.00%
Best update !!! M1 cost=484758 penalty = 0.00 area = 44.99% wirelength = 100.00%
Best update !!! M1 cost=484753 penalty = 0.00 area = 44.99% wirelength = 100.00%
Best update !!! M1 cost=484746 penalty = 0.00 area = 44.99% wirelength = 100.00%
Best update !!! M1 cost=484713 penalty = 0.00 area = 44.99% wirelength = 100.00%
Best update !!! M1 cost=484686 penalty = 0.00 area = 45.00% wirelength = 100.00%
Best update !!! M1 cost=484656 penalty = 0.00 area = 45.00% wirelength = 100.00%
Best update !!! M1 cost=484591 penalty = 0.00 area = 45.00% wirelength = 100.00%
Best update !!! M1 cost=484521 penalty = 0.00 area = 45.01% wirelength = 100.00%
Best update !!! M1 cost=484474 penalty = 0.00 area = 45.02% wirelength = 100.00%
Best update !!! M1 cost=484473 penalty = 0.00 area = 45.02% wirelength = 100.00%
Best update !!! M1 cost=484356 penalty = 0.00 area = 45.03% wirelength = 100.00%
Best update !!! M1 cost=484353 penalty = 0.00 area = 45.03% wirelength = 100.00%
Best update !!! M1 cost=484303 penalty = 0.00 area = 45.03% wirelength = 100.00%
Best update !!! M1 cost=484283 penalty = 0.00 area = 45.03% wirelength = 100.00%
Best update !!! M1 cost=484270 penalty = 0.00 area = 45.03% wirelength = 100.00%
Best update !!! M1 cost=484259 penalty = 0.00 area = 45.04% wirelength = 100.00%
Best update !!! M1 cost=484210 penalty = 0.00 area = 45.04% wirelength = 100.00%
Best update !!! M1 cost=484192 penalty = 0.00 area = 45.04% wirelength = 100.00%
Best update !!! M1 cost=484183 penalty = 0.00 area = 45.04% wirelength = 100.00%
Best update !!! M1 cost=484149 penalty = 0.00 area = 45.05% wirelength = 100.00%
Best update !!! M1 cost=484085 penalty = 0.00 area = 45.05% wirelength = 100.00%
Best update !!! M1 cost=484066 penalty = 0.00 area = 45.05% wirelength = 100.00%
Best update !!! M1 cost=483994 penalty = 0.00 area = 45.06% wirelength = 100.00%
Best update !!! M1 cost=483980 penalty = 0.00 area = 45.06% wirelength = 100.00%
Best update !!! M1 cost=483941 penalty = 0.00 area = 45.07% wirelength = 100.00%
Best update !!! M1 cost=483928 penalty = 0.00 area = 45.07% wirelength = 100.00%
Best update !!! M1 cost=483891 penalty = 0.00 area = 45.07% wirelength = 100.00%
Best update !!! M1 cost=483886 penalty = 0.00 area = 45.07% wirelength = 100.00%
Best update !!! M1 cost=483860 penalty = 0.00 area = 45.07% wirelength = 100.00%
Best update !!! M1 cost=483831 penalty = 0.00 area = 45.08% wirelength = 100.00%
Best update !!! M1 cost=483830 penalty = 0.00 area = 45.08% wirelength = 100.00%
Best update !!! M1 cost=483816 penalty = 0.00 area = 45.08% wirelength = 100.00%
Best update !!! M1 cost=483776 penalty = 0.00 area = 45.08% wirelength = 100.00%
Best update !!! M1 cost=483734 penalty = 0.00 area = 45.08% wirelength = 100.00%
Best update !!! M1 cost=483733 penalty = 0.00 area = 45.08% wirelength = 100.00%
Best update !!! M1 cost=483712 penalty = 0.00 area = 45.09% wirelength = 100.00%
Best update !!! M1 cost=483697 penalty = 0.00 area = 45.09% wirelength = 100.00%
Best update !!! M1 cost=483672 penalty = 0.00 area = 45.09% wirelength = 100.00%
Best update !!! M1 cost=483659 penalty = 0.00 area = 45.09% wirelength = 100.00%
Best update !!! M1 cost=483641 penalty = 0.00 area = 45.09% wirelength = 100.00%
Best update !!! M1 cost=483635 penalty = 0.00 area = 45.09% wirelength = 100.00%
Best update !!! M1 cost=483605 penalty = 0.00 area = 45.10% wirelength = 100.00%
Best update !!! M1 cost=483597 penalty = 0.00 area = 45.10% wirelength = 100.00%
Best update !!! M1 cost=483541 penalty = 0.00 area = 45.10% wirelength = 100.00%
Best update !!! M1 cost=483531 penalty = 0.00 area = 45.10% wirelength = 100.00%
Best update !!! M1 cost=483530 penalty = 0.00 area = 45.10% wirelength = 100.00%
Best update !!! M1 cost=483517 penalty = 0.00 area = 45.10% wirelength = 100.00%
Best update !!! M1 cost=483484 penalty = 0.00 area = 45.11% wirelength = 100.00%
Best update !!! M1 cost=483343 penalty = 0.00 area = 45.12% wirelength = 100.00%
Best update !!! M1 cost=483337 penalty = 0.00 area = 45.12% wirelength = 100.00%
Best update !!! M1 cost=483294 penalty = 0.00 area = 45.13% wirelength = 100.00%
Best update !!! M1 cost=483210 penalty = 0.00 area = 45.13% wirelength = 100.00%
Best update !!! M1 cost=483207 penalty = 0.00 area = 45.13% wirelength = 100.00%
Best update !!! M1 cost=483167 penalty = 0.00 area = 45.14% wirelength = 100.00%
Best update !!! M1 cost=483159 penalty = 0.00 area = 45.14% wirelength = 100.00%
Best update !!! M1 cost=483118 penalty = 0.00 area = 45.14% wirelength = 100.00%
Best update !!! M2 cost=483073 penalty = 0.00 area = 45.15% wirelength = 100.00%
Best update !!! M1 cost=483021 penalty = 0.00 area = 45.15% wirelength = 100.00%
Best update !!! M1 cost=482941 penalty = 0.00 area = 45.16% wirelength = 100.00%
Best update !!! M1 cost=482841 penalty = 0.00 area = 45.17% wirelength = 100.00%
Best update !!! M1 cost=482804 penalty = 0.00 area = 45.17% wirelength = 100.00%
Best update !!! M1 cost=482799 penalty = 0.00 area = 45.17% wirelength = 100.00%
Best update !!! M1 cost=482795 penalty = 0.00 area = 45.17% wirelength = 100.00%
Best update !!! M1 cost=482722 penalty = 0.00 area = 45.18% wirelength = 100.00%
Best update !!! M1 cost=482714 penalty = 0.00 area = 45.18% wirelength = 100.00%
Best update !!! M1 cost=482691 penalty = 0.00 area = 45.18% wirelength = 100.00%
Best update !!! M1 cost=482679 penalty = 0.00 area = 45.18% wirelength = 100.00%
Best update !!! M1 cost=482607 penalty = 0.00 area = 45.19% wirelength = 100.00%
Best update !!! M1 cost=482605 penalty = 0.00 area = 45.19% wirelength = 100.00%
Best update !!! M1 cost=482602 penalty = 0.00 area = 45.19% wirelength = 100.00%
Best update !!! M1 cost=482581 penalty = 0.00 area = 45.19% wirelength = 100.00%
Best update !!! M1 cost=482575 penalty = 0.00 area = 45.19% wirelength = 100.00%
Best update !!! M1 cost=482517 penalty = 0.00 area = 45.20% wirelength = 100.00%
Best update !!! M1 cost=482515 penalty = 0.00 area = 45.20% wirelength = 100.00%
Best update !!! M1 cost=482509 penalty = 0.00 area = 45.20% wirelength = 100.00%
Best update !!! M1 cost=482387 penalty = 0.00 area = 45.21% wirelength = 100.00%
Best update !!! M1 cost=482345 penalty = 0.00 area = 45.21% wirelength = 100.00%
Best update !!! M1 cost=482331 penalty = 0.00 area = 45.22% wirelength = 100.00%
Best update !!! M1 cost=482325 penalty = 0.00 area = 45.22% wirelength = 100.00%
Best update !!! M1 cost=482324 penalty = 0.00 area = 45.22% wirelength = 100.00%
Best update !!! M1 cost=482267 penalty = 0.00 area = 45.22% wirelength = 100.00%
Best update !!! M1 cost=482243 penalty = 0.00 area = 45.22% wirelength = 100.00%
Best update !!! M1 cost=482199 penalty = 0.00 area = 45.23% wirelength = 100.00%
Best update !!! M1 cost=482192 penalty = 0.00 area = 45.23% wirelength = 100.00%
Best update !!! M2 cost=482178 penalty = 0.00 area = 45.23% wirelength = 100.00%
Best update !!! M1 cost=482166 penalty = 0.00 area = 45.23% wirelength = 100.00%
Best update !!! M1 cost=482165 penalty = 0.00 area = 45.23% wirelength = 100.00%
Best update !!! M1 cost=482108 penalty = 0.00 area = 45.24% wirelength = 100.00%
Best update !!! M1 cost=482071 penalty = 0.00 area = 45.24% wirelength = 100.00%
Best update !!! M2 cost=482063 penalty = 0.00 area = 45.24% wirelength = 100.00%
Best update !!! M1 cost=482033 penalty = 0.00 area = 45.24% wirelength = 100.00%
Best update !!! M1 cost=482004 penalty = 0.00 area = 45.25% wirelength = 100.00%
Best update !!! M1 cost=481997 penalty = 0.00 area = 45.25% wirelength = 100.00%
Best update !!! M1 cost=481971 penalty = 0.00 area = 45.25% wirelength = 100.00%
Best update !!! M1 cost=481947 penalty = 0.00 area = 45.25% wirelength = 100.00%
Best update !!! M2 cost=481930 penalty = 0.00 area = 45.25% wirelength = 100.00%
Best update !!! M1 cost=481903 penalty = 0.00 area = 45.26% wirelength = 100.00%
Best update !!! M1 cost=481891 penalty = 0.00 area = 45.26% wirelength = 100.00%
Best update !!! M1 cost=481883 penalty = 0.00 area = 45.26% wirelength = 100.00%
Best update !!! M1 cost=481871 penalty = 0.00 area = 45.26% wirelength = 100.00%
Best update !!! M1 cost=481863 penalty = 0.00 area = 45.26% wirelength = 100.00%
Best update !!! M1 cost=481840 penalty = 0.00 area = 45.26% wirelength = 100.00%
Best update !!! M1 cost=481772 penalty = 0.00 area = 45.27% wirelength = 100.00%
Best update !!! M1 cost=481768 penalty = 0.00 area = 45.27% wirelength = 100.00%
Best update !!! M1 cost=481761 penalty = 0.00 area = 45.27% wirelength = 100.00%
Best update !!! M1 cost=481719 penalty = 0.00 area = 45.27% wirelength = 100.00%
Best update !!! M2 cost=481711 penalty = 0.00 area = 45.27% wirelength = 100.00%
Best update !!! M1 cost=481707 penalty = 0.00 area = 45.27% wirelength = 100.00%
Best update !!! M1 cost=481695 penalty = 0.00 area = 45.28% wirelength = 100.00%
Best update !!! M1 cost=481667 penalty = 0.00 area = 45.28% wirelength = 100.00%
Best update !!! M1 cost=481650 penalty = 0.00 area = 45.28% wirelength = 100.00%
Best update !!! M1 cost=481647 penalty = 0.00 area = 45.28% wirelength = 100.00%
Best update !!! M1 cost=481640 penalty = 0.00 area = 45.28% wirelength = 100.00%
Best update !!! M1 cost=481637 penalty = 0.00 area = 45.28% wirelength = 100.00%
Best update !!! M1 cost=481632 penalty = 0.00 area = 45.28% wirelength = 100.00%
Best update !!! M1 cost=481620 penalty = 0.00 area = 45.28% wirelength = 100.00%
Best update !!! M1 cost=481615 penalty = 0.00 area = 45.28% wirelength = 100.00%
Best update !!! M1 cost=481611 penalty = 0.00 area = 45.28% wirelength = 100.00%
Best update !!! M1 cost=481610 penalty = 0.00 area = 45.28% wirelength = 100.00%
Best update !!! M1 cost=481605 penalty = 0.00 area = 45.28% wirelength = 100.00%
Best update !!! M1 cost=481600 penalty = 0.00 area = 45.28% wirelength = 100.00%
Best update !!! M1 cost=481586 penalty = 0.00 area = 45.29% wirelength = 100.00%
Best update !!! M1 cost=481585 penalty = 0.00 area = 45.29% wirelength = 100.00%
Best update !!! M1 cost=481579 penalty = 0.00 area = 45.29% wirelength = 100.00%
Best update !!! M1 cost=481561 penalty = 0.00 area = 45.29% wirelength = 100.00%
Best update !!! M1 cost=481552 penalty = 0.00 area = 45.29% wirelength = 100.00%
Best update !!! M1 cost=481550 penalty = 0.00 area = 45.29% wirelength = 100.00%
Best update !!! M1 cost=481545 penalty = 0.00 area = 45.29% wirelength = 100.00%
Best update !!! M1 cost=481540 penalty = 0.00 area = 45.29% wirelength = 100.00%
Best update !!! M1 cost=481532 penalty = 0.00 area = 45.29% wirelength = 100.00%
Best update !!! M1 cost=481530 penalty = 0.00 area = 45.29% wirelength = 100.00%
Final cost = 481530.00 Penalty = 0.00 area = 45.29% wirelength = 100.00%
The total HPWL = 481530
Total time used = 596s
