Invalid b
Default b = 175
a = 1 b = 175
hb198 hb199 V hb197 V hb13 V hb64 V hb57 V hb46 V hb186 V hb85 V hb101 V hb51 hb163 V hb3 V hb167 V hb142 V hb112 V hb169 V hb9 V hb55 V hb129 V hb28 V hb143 V hb15 V hb59 V hb96 V H hb87 hb120 V hb170 V hb10 V hb107 V hb179 V hb130 V hb62 V hb90 V hb121 V hb145 V hb21 V hb185 V hb91 V hb42 V hb67 V H hb110 hb154 V hb88 V hb26 V hb193 V hb54 V hb194 V hb84 V hb78 V hb93 V hb113 V hb122 V hb12 V hb71 V hb92 V hb157 V H hb191 hb181 V hb50 V hb39 V hb156 V hb105 V hb116 V hb173 V hb58 V hb40 V hb165 V hb2 V hb153 V hb49 V hb23 V hb43 V hb188 V H hb114 hb1 V hb106 V hb124 V hb22 V hb118 V hb196 V hb34 V hb102 V hb132 V hb69 V hb126 V hb73 V hb115 V hb45 V hb168 V hb117 V hb135 V hb83 V hb190 V hb183 V H hb31 hb29 V hb79 V hb52 V hb99 V hb33 V hb0 V hb119 V hb95 V hb160 V hb166 V hb70 V hb128 V hb11 V hb159 V hb131 V hb104 V hb25 V hb195 V hb63 V hb5 V hb89 V hb68 V H hb60 hb123 V hb171 V hb175 V hb141 V hb72 V hb27 V hb146 V hb61 V hb18 V hb108 V hb20 V hb35 V hb182 V hb152 V hb65 V hb38 V hb17 V hb139 V H hb82 hb103 V hb4 V hb32 V hb81 V hb164 V hb8 V hb177 V hb189 V hb172 V hb147 V hb66 V hb161 V hb150 V hb138 V hb162 V hb19 V hb144 V hb6 V hb74 V hb134 V hb125 V H hb158 hb192 V hb7 V hb36 V hb97 V hb100 V hb75 V hb151 V hb44 V hb30 V hb48 V hb98 V hb24 V hb148 V hb14 V hb174 V hb56 V hb86 V hb77 V hb136 V hb187 V hb127 V hb47 V hb149 V H hb16 hb109 V hb137 V hb180 V hb37 V hb178 V hb176 V hb184 V hb53 V hb111 V hb41 V hb94 V hb140 V hb80 V hb76 V hb133 V hb155 V H 
Initial cost = 38685250198 Penalty = 100.00% area = 0.00% wirelength =0.00%
The total HPWL = 557998
Total time used = 0s
Best update !!! M1 cost=555443 penalty = 0.00 area = 39.26% wirelength = 100.00%
Best update !!! M1 cost=555409 penalty = 0.00 area = 39.27% wirelength = 100.00%
Best update !!! M1 cost=555253 penalty = 0.00 area = 39.28% wirelength = 100.00%
Best update !!! M1 cost=555083 penalty = 0.00 area = 39.29% wirelength = 100.00%
Best update !!! M1 cost=555011 penalty = 0.00 area = 39.29% wirelength = 100.00%
Best update !!! M2 cost=554996 penalty = 0.00 area = 39.30% wirelength = 100.00%
Best update !!! M1 cost=554986 penalty = 0.00 area = 39.30% wirelength = 100.00%
Best update !!! M1 cost=554793 penalty = 0.00 area = 39.31% wirelength = 100.00%
Best update !!! M1 cost=554780 penalty = 0.00 area = 39.31% wirelength = 100.00%
Best update !!! M1 cost=554550 penalty = 0.00 area = 39.33% wirelength = 100.00%
Best update !!! M1 cost=554189 penalty = 0.00 area = 39.35% wirelength = 100.00%
Best update !!! M1 cost=554142 penalty = 0.00 area = 39.36% wirelength = 100.00%
Best update !!! M1 cost=553966 penalty = 0.00 area = 39.37% wirelength = 100.00%
Best update !!! M1 cost=553349 penalty = 0.00 area = 39.41% wirelength = 100.00%
Best update !!! M1 cost=553329 penalty = 0.00 area = 39.41% wirelength = 100.00%
Best update !!! M1 cost=553143 penalty = 0.00 area = 39.43% wirelength = 100.00%
Best update !!! M1 cost=552888 penalty = 0.00 area = 39.45% wirelength = 100.00%
Best update !!! M1 cost=552873 penalty = 0.00 area = 39.45% wirelength = 100.00%
Best update !!! M1 cost=552757 penalty = 0.00 area = 39.45% wirelength = 100.00%
Best update !!! M1 cost=552568 penalty = 0.00 area = 39.47% wirelength = 100.00%
Best update !!! M2 cost=552471 penalty = 0.00 area = 39.48% wirelength = 100.00%
Best update !!! M1 cost=552383 penalty = 0.00 area = 39.48% wirelength = 100.00%
Best update !!! M1 cost=552328 penalty = 0.00 area = 39.49% wirelength = 100.00%
Best update !!! M1 cost=552295 penalty = 0.00 area = 39.49% wirelength = 100.00%
Best update !!! M1 cost=551893 penalty = 0.00 area = 39.52% wirelength = 100.00%
Best update !!! M1 cost=551829 penalty = 0.00 area = 39.52% wirelength = 100.00%
Best update !!! M1 cost=551717 penalty = 0.00 area = 39.53% wirelength = 100.00%
Best update !!! M1 cost=551657 penalty = 0.00 area = 39.53% wirelength = 100.00%
Best update !!! M1 cost=551629 penalty = 0.00 area = 39.54% wirelength = 100.00%
Best update !!! M1 cost=551576 penalty = 0.00 area = 39.54% wirelength = 100.00%
Best update !!! M1 cost=551548 penalty = 0.00 area = 39.54% wirelength = 100.00%
Best update !!! M1 cost=551406 penalty = 0.00 area = 39.55% wirelength = 100.00%
Best update !!! M1 cost=550761 penalty = 0.00 area = 39.60% wirelength = 100.00%
Best update !!! M1 cost=550635 penalty = 0.00 area = 39.61% wirelength = 100.00%
Best update !!! M1 cost=550408 penalty = 0.00 area = 39.62% wirelength = 100.00%
Best update !!! M1 cost=550167 penalty = 0.00 area = 39.64% wirelength = 100.00%
Best update !!! M1 cost=549969 penalty = 0.00 area = 39.65% wirelength = 100.00%
Best update !!! M1 cost=549679 penalty = 0.00 area = 39.68% wirelength = 100.00%
Best update !!! M1 cost=549665 penalty = 0.00 area = 39.68% wirelength = 100.00%
Best update !!! M1 cost=549362 penalty = 0.00 area = 39.70% wirelength = 100.00%
Best update !!! M1 cost=549062 penalty = 0.00 area = 39.72% wirelength = 100.00%
Best update !!! M1 cost=548926 penalty = 0.00 area = 39.73% wirelength = 100.00%
Best update !!! M1 cost=548758 penalty = 0.00 area = 39.74% wirelength = 100.00%
Best update !!! M1 cost=548680 penalty = 0.00 area = 39.75% wirelength = 100.00%
Best update !!! M1 cost=548640 penalty = 0.00 area = 39.75% wirelength = 100.00%
Best update !!! M1 cost=548529 penalty = 0.00 area = 39.76% wirelength = 100.00%
Best update !!! M1 cost=548377 penalty = 0.00 area = 39.77% wirelength = 100.00%
Best update !!! M1 cost=548358 penalty = 0.00 area = 39.77% wirelength = 100.00%
Best update !!! M1 cost=548302 penalty = 0.00 area = 39.78% wirelength = 100.00%
Best update !!! M1 cost=548180 penalty = 0.00 area = 39.78% wirelength = 100.00%
Best update !!! M1 cost=548160 penalty = 0.00 area = 39.79% wirelength = 100.00%
Best update !!! M1 cost=548136 penalty = 0.00 area = 39.79% wirelength = 100.00%
Best update !!! M1 cost=547941 penalty = 0.00 area = 39.80% wirelength = 100.00%
Best update !!! M1 cost=547931 penalty = 0.00 area = 39.80% wirelength = 100.00%
Best update !!! M1 cost=547671 penalty = 0.00 area = 39.82% wirelength = 100.00%
Best update !!! M1 cost=547248 penalty = 0.00 area = 39.85% wirelength = 100.00%
Best update !!! M1 cost=547236 penalty = 0.00 area = 39.85% wirelength = 100.00%
Best update !!! M1 cost=546011 penalty = 0.00 area = 39.94% wirelength = 100.00%
Best update !!! M1 cost=545994 penalty = 0.00 area = 39.94% wirelength = 100.00%
Best update !!! M1 cost=545967 penalty = 0.00 area = 39.95% wirelength = 100.00%
Best update !!! M1 cost=545940 penalty = 0.00 area = 39.95% wirelength = 100.00%
Best update !!! M1 cost=545861 penalty = 0.00 area = 39.95% wirelength = 100.00%
Best update !!! M1 cost=545853 penalty = 0.00 area = 39.95% wirelength = 100.00%
Best update !!! M1 cost=545774 penalty = 0.00 area = 39.96% wirelength = 100.00%
Best update !!! M1 cost=545765 penalty = 0.00 area = 39.96% wirelength = 100.00%
Best update !!! M2 cost=545679 penalty = 0.00 area = 39.97% wirelength = 100.00%
Best update !!! M1 cost=545595 penalty = 0.00 area = 39.97% wirelength = 100.00%
Best update !!! M1 cost=545549 penalty = 0.00 area = 39.98% wirelength = 100.00%
Best update !!! M1 cost=545365 penalty = 0.00 area = 39.99% wirelength = 100.00%
Best update !!! M1 cost=545289 penalty = 0.00 area = 40.00% wirelength = 100.00%
Best update !!! M1 cost=544998 penalty = 0.00 area = 40.02% wirelength = 100.00%
Best update !!! M1 cost=544972 penalty = 0.00 area = 40.02% wirelength = 100.00%
Best update !!! M1 cost=544893 penalty = 0.00 area = 40.02% wirelength = 100.00%
Best update !!! M1 cost=544467 penalty = 0.00 area = 40.06% wirelength = 100.00%
Best update !!! M1 cost=544371 penalty = 0.00 area = 40.06% wirelength = 100.00%
Best update !!! M1 cost=544323 penalty = 0.00 area = 40.07% wirelength = 100.00%
Best update !!! M1 cost=544296 penalty = 0.00 area = 40.07% wirelength = 100.00%
Best update !!! M1 cost=544200 penalty = 0.00 area = 40.08% wirelength = 100.00%
Best update !!! M1 cost=544153 penalty = 0.00 area = 40.08% wirelength = 100.00%
Best update !!! M1 cost=544084 penalty = 0.00 area = 40.08% wirelength = 100.00%
Best update !!! M1 cost=543942 penalty = 0.00 area = 40.09% wirelength = 100.00%
Best update !!! M1 cost=543882 penalty = 0.00 area = 40.10% wirelength = 100.00%
Best update !!! M1 cost=543662 penalty = 0.00 area = 40.11% wirelength = 100.00%
Best update !!! M1 cost=543551 penalty = 0.00 area = 40.12% wirelength = 100.00%
Best update !!! M1 cost=543541 penalty = 0.00 area = 40.12% wirelength = 100.00%
Best update !!! M1 cost=543491 penalty = 0.00 area = 40.13% wirelength = 100.00%
Best update !!! M1 cost=543250 penalty = 0.00 area = 40.15% wirelength = 100.00%
Best update !!! M1 cost=543199 penalty = 0.00 area = 40.15% wirelength = 100.00%
Best update !!! M1 cost=543141 penalty = 0.00 area = 40.15% wirelength = 100.00%
Best update !!! M1 cost=543122 penalty = 0.00 area = 40.15% wirelength = 100.00%
Best update !!! M1 cost=542659 penalty = 0.00 area = 40.19% wirelength = 100.00%
Best update !!! M1 cost=542606 penalty = 0.00 area = 40.19% wirelength = 100.00%
Best update !!! M1 cost=542585 penalty = 0.00 area = 40.19% wirelength = 100.00%
Best update !!! M2 cost=542495 penalty = 0.00 area = 40.20% wirelength = 100.00%
Best update !!! M1 cost=542468 penalty = 0.00 area = 40.20% wirelength = 100.00%
Best update !!! M1 cost=542431 penalty = 0.00 area = 40.21% wirelength = 100.00%
Best update !!! M1 cost=542358 penalty = 0.00 area = 40.21% wirelength = 100.00%
Best update !!! M1 cost=542350 penalty = 0.00 area = 40.21% wirelength = 100.00%
Best update !!! M1 cost=541891 penalty = 0.00 area = 40.25% wirelength = 100.00%
Best update !!! M1 cost=541734 penalty = 0.00 area = 40.26% wirelength = 100.00%
Best update !!! M1 cost=541561 penalty = 0.00 area = 40.27% wirelength = 100.00%
Best update !!! M1 cost=541508 penalty = 0.00 area = 40.27% wirelength = 100.00%
Best update !!! M1 cost=541466 penalty = 0.00 area = 40.28% wirelength = 100.00%
Best update !!! M1 cost=541003 penalty = 0.00 area = 40.31% wirelength = 100.00%
Best update !!! M1 cost=540967 penalty = 0.00 area = 40.31% wirelength = 100.00%
Best update !!! M1 cost=540913 penalty = 0.00 area = 40.32% wirelength = 100.00%
Best update !!! M1 cost=540859 penalty = 0.00 area = 40.32% wirelength = 100.00%
Best update !!! M1 cost=540846 penalty = 0.00 area = 40.32% wirelength = 100.00%
Best update !!! M1 cost=540596 penalty = 0.00 area = 40.34% wirelength = 100.00%
Best update !!! M1 cost=540318 penalty = 0.00 area = 40.36% wirelength = 100.00%
Best update !!! M3 cost=540055 penalty = 0.00 area = 40.38% wirelength = 100.00%
Best update !!! M1 cost=540024 penalty = 0.00 area = 40.39% wirelength = 100.00%
Best update !!! M1 cost=539937 penalty = 0.00 area = 40.39% wirelength = 100.00%
Best update !!! M1 cost=539800 penalty = 0.00 area = 40.40% wirelength = 100.00%
Best update !!! M1 cost=539068 penalty = 0.00 area = 40.46% wirelength = 100.00%
Best update !!! M1 cost=538835 penalty = 0.00 area = 40.47% wirelength = 100.00%
Best update !!! M1 cost=538804 penalty = 0.00 area = 40.48% wirelength = 100.00%
Best update !!! M1 cost=538654 penalty = 0.00 area = 40.49% wirelength = 100.00%
Best update !!! M1 cost=538613 penalty = 0.00 area = 40.49% wirelength = 100.00%
Best update !!! M1 cost=538570 penalty = 0.00 area = 40.49% wirelength = 100.00%
Best update !!! M1 cost=538566 penalty = 0.00 area = 40.49% wirelength = 100.00%
Best update !!! M1 cost=538482 penalty = 0.00 area = 40.50% wirelength = 100.00%
Best update !!! M1 cost=538435 penalty = 0.00 area = 40.50% wirelength = 100.00%
Best update !!! M1 cost=538291 penalty = 0.00 area = 40.52% wirelength = 100.00%
Best update !!! M1 cost=538246 penalty = 0.00 area = 40.52% wirelength = 100.00%
Best update !!! M2 cost=538132 penalty = 0.00 area = 40.53% wirelength = 100.00%
Best update !!! M1 cost=538126 penalty = 0.00 area = 40.53% wirelength = 100.00%
Best update !!! M1 cost=538043 penalty = 0.00 area = 40.53% wirelength = 100.00%
Best update !!! M1 cost=537880 penalty = 0.00 area = 40.55% wirelength = 100.00%
Best update !!! M1 cost=537777 penalty = 0.00 area = 40.55% wirelength = 100.00%
Best update !!! M1 cost=537252 penalty = 0.00 area = 40.59% wirelength = 100.00%
Best update !!! M1 cost=537188 penalty = 0.00 area = 40.60% wirelength = 100.00%
Best update !!! M1 cost=537096 penalty = 0.00 area = 40.61% wirelength = 100.00%
Best update !!! M1 cost=537083 penalty = 0.00 area = 40.61% wirelength = 100.00%
Best update !!! M1 cost=536924 penalty = 0.00 area = 40.62% wirelength = 100.00%
Best update !!! M1 cost=536774 penalty = 0.00 area = 40.63% wirelength = 100.00%
Best update !!! M1 cost=536753 penalty = 0.00 area = 40.63% wirelength = 100.00%
Best update !!! M1 cost=536521 penalty = 0.00 area = 40.65% wirelength = 100.00%
Best update !!! M1 cost=536306 penalty = 0.00 area = 40.67% wirelength = 100.00%
Best update !!! M1 cost=535887 penalty = 0.00 area = 40.70% wirelength = 100.00%
Best update !!! M2 cost=535874 penalty = 0.00 area = 40.70% wirelength = 100.00%
Best update !!! M1 cost=535632 penalty = 0.00 area = 40.72% wirelength = 100.00%
Best update !!! M1 cost=535485 penalty = 0.00 area = 40.73% wirelength = 100.00%
Best update !!! M1 cost=535476 penalty = 0.00 area = 40.73% wirelength = 100.00%
Best update !!! M1 cost=535305 penalty = 0.00 area = 40.74% wirelength = 100.00%
Best update !!! M2 cost=535258 penalty = 0.00 area = 40.74% wirelength = 100.00%
Best update !!! M1 cost=535131 penalty = 0.00 area = 40.75% wirelength = 100.00%
Best update !!! M1 cost=535074 penalty = 0.00 area = 40.76% wirelength = 100.00%
Best update !!! M1 cost=535024 penalty = 0.00 area = 40.76% wirelength = 100.00%
Best update !!! M1 cost=535010 penalty = 0.00 area = 40.76% wirelength = 100.00%
Best update !!! M1 cost=534960 penalty = 0.00 area = 40.77% wirelength = 100.00%
Best update !!! M1 cost=534899 penalty = 0.00 area = 40.77% wirelength = 100.00%
Best update !!! M1 cost=534863 penalty = 0.00 area = 40.77% wirelength = 100.00%
Best update !!! M1 cost=534860 penalty = 0.00 area = 40.77% wirelength = 100.00%
Best update !!! M1 cost=534766 penalty = 0.00 area = 40.78% wirelength = 100.00%
Best update !!! M1 cost=534758 penalty = 0.00 area = 40.78% wirelength = 100.00%
Best update !!! M1 cost=534556 penalty = 0.00 area = 40.80% wirelength = 100.00%
Best update !!! M1 cost=534413 penalty = 0.00 area = 40.81% wirelength = 100.00%
Best update !!! M1 cost=534398 penalty = 0.00 area = 40.81% wirelength = 100.00%
Best update !!! M1 cost=534272 penalty = 0.00 area = 40.82% wirelength = 100.00%
Best update !!! M1 cost=534210 penalty = 0.00 area = 40.82% wirelength = 100.00%
Best update !!! M1 cost=534197 penalty = 0.00 area = 40.83% wirelength = 100.00%
Best update !!! M1 cost=534174 penalty = 0.00 area = 40.83% wirelength = 100.00%
Best update !!! M1 cost=534048 penalty = 0.00 area = 40.84% wirelength = 100.00%
Best update !!! M1 cost=533925 penalty = 0.00 area = 40.85% wirelength = 100.00%
Best update !!! M1 cost=533687 penalty = 0.00 area = 40.86% wirelength = 100.00%
Best update !!! M1 cost=533661 penalty = 0.00 area = 40.87% wirelength = 100.00%
Best update !!! M1 cost=533617 penalty = 0.00 area = 40.87% wirelength = 100.00%
Best update !!! M1 cost=533553 penalty = 0.00 area = 40.87% wirelength = 100.00%
Best update !!! M1 cost=533515 penalty = 0.00 area = 40.88% wirelength = 100.00%
Best update !!! M1 cost=533386 penalty = 0.00 area = 40.89% wirelength = 100.00%
Best update !!! M1 cost=533322 penalty = 0.00 area = 40.89% wirelength = 100.00%
Best update !!! M1 cost=533155 penalty = 0.00 area = 40.91% wirelength = 100.00%
Best update !!! M1 cost=533012 penalty = 0.00 area = 40.92% wirelength = 100.00%
Best update !!! M1 cost=532989 penalty = 0.00 area = 40.92% wirelength = 100.00%
Best update !!! M1 cost=532934 penalty = 0.00 area = 40.92% wirelength = 100.00%
Best update !!! M1 cost=532926 penalty = 0.00 area = 40.92% wirelength = 100.00%
Best update !!! M2 cost=532658 penalty = 0.00 area = 40.94% wirelength = 100.00%
Best update !!! M1 cost=532593 penalty = 0.00 area = 40.95% wirelength = 100.00%
Best update !!! M1 cost=532499 penalty = 0.00 area = 40.96% wirelength = 100.00%
Best update !!! M1 cost=532224 penalty = 0.00 area = 40.98% wirelength = 100.00%
Best update !!! M1 cost=532107 penalty = 0.00 area = 40.99% wirelength = 100.00%
Best update !!! M1 cost=531971 penalty = 0.00 area = 41.00% wirelength = 100.00%
Best update !!! M1 cost=531788 penalty = 0.00 area = 41.01% wirelength = 100.00%
Best update !!! M1 cost=531586 penalty = 0.00 area = 41.03% wirelength = 100.00%
Best update !!! M1 cost=531523 penalty = 0.00 area = 41.03% wirelength = 100.00%
Best update !!! M1 cost=531503 penalty = 0.00 area = 41.03% wirelength = 100.00%
Best update !!! M1 cost=531468 penalty = 0.00 area = 41.04% wirelength = 100.00%
Best update !!! M1 cost=531348 penalty = 0.00 area = 41.04% wirelength = 100.00%
Best update !!! M1 cost=531253 penalty = 0.00 area = 41.05% wirelength = 100.00%
Best update !!! M1 cost=531117 penalty = 0.00 area = 41.06% wirelength = 100.00%
Best update !!! M1 cost=531016 penalty = 0.00 area = 41.07% wirelength = 100.00%
Best update !!! M1 cost=530875 penalty = 0.00 area = 41.08% wirelength = 100.00%
Best update !!! M1 cost=530693 penalty = 0.00 area = 41.10% wirelength = 100.00%
Best update !!! M1 cost=530434 penalty = 0.00 area = 41.12% wirelength = 100.00%
Best update !!! M1 cost=530101 penalty = 0.00 area = 41.14% wirelength = 100.00%
Best update !!! M1 cost=530018 penalty = 0.00 area = 41.15% wirelength = 100.00%
Best update !!! M1 cost=529630 penalty = 0.00 area = 41.18% wirelength = 100.00%
Best update !!! M1 cost=529551 penalty = 0.00 area = 41.18% wirelength = 100.00%
Best update !!! M1 cost=529505 penalty = 0.00 area = 41.19% wirelength = 100.00%
Best update !!! M1 cost=529360 penalty = 0.00 area = 41.20% wirelength = 100.00%
Best update !!! M1 cost=528994 penalty = 0.00 area = 41.23% wirelength = 100.00%
Best update !!! M1 cost=528960 penalty = 0.00 area = 41.23% wirelength = 100.00%
Best update !!! M1 cost=528951 penalty = 0.00 area = 41.23% wirelength = 100.00%
Best update !!! M1 cost=528890 penalty = 0.00 area = 41.24% wirelength = 100.00%
Best update !!! M1 cost=528826 penalty = 0.00 area = 41.24% wirelength = 100.00%
Best update !!! M1 cost=528639 penalty = 0.00 area = 41.25% wirelength = 100.00%
Best update !!! M1 cost=528619 penalty = 0.00 area = 41.26% wirelength = 100.00%
Best update !!! M1 cost=528548 penalty = 0.00 area = 41.26% wirelength = 100.00%
Best update !!! M1 cost=528479 penalty = 0.00 area = 41.27% wirelength = 100.00%
Best update !!! M1 cost=528399 penalty = 0.00 area = 41.27% wirelength = 100.00%
Best update !!! M1 cost=528375 penalty = 0.00 area = 41.28% wirelength = 100.00%
Best update !!! M1 cost=528361 penalty = 0.00 area = 41.28% wirelength = 100.00%
Best update !!! M1 cost=528332 penalty = 0.00 area = 41.28% wirelength = 100.00%
Best update !!! M1 cost=528311 penalty = 0.00 area = 41.28% wirelength = 100.00%
Best update !!! M1 cost=528160 penalty = 0.00 area = 41.29% wirelength = 100.00%
Best update !!! M1 cost=528149 penalty = 0.00 area = 41.29% wirelength = 100.00%
Best update !!! M1 cost=528143 penalty = 0.00 area = 41.29% wirelength = 100.00%
Best update !!! M1 cost=527646 penalty = 0.00 area = 41.33% wirelength = 100.00%
Best update !!! M1 cost=527619 penalty = 0.00 area = 41.33% wirelength = 100.00%
Best update !!! M1 cost=527592 penalty = 0.00 area = 41.34% wirelength = 100.00%
Best update !!! M1 cost=527475 penalty = 0.00 area = 41.35% wirelength = 100.00%
Best update !!! M1 cost=527192 penalty = 0.00 area = 41.37% wirelength = 100.00%
Best update !!! M1 cost=527148 penalty = 0.00 area = 41.37% wirelength = 100.00%
Best update !!! M1 cost=527122 penalty = 0.00 area = 41.37% wirelength = 100.00%
Best update !!! M1 cost=527092 penalty = 0.00 area = 41.38% wirelength = 100.00%
Best update !!! M1 cost=526507 penalty = 0.00 area = 41.42% wirelength = 100.00%
Best update !!! M1 cost=526428 penalty = 0.00 area = 41.43% wirelength = 100.00%
Best update !!! M1 cost=526415 penalty = 0.00 area = 41.43% wirelength = 100.00%
Best update !!! M1 cost=526363 penalty = 0.00 area = 41.43% wirelength = 100.00%
Best update !!! M1 cost=526351 penalty = 0.00 area = 41.43% wirelength = 100.00%
Best update !!! M1 cost=526342 penalty = 0.00 area = 41.43% wirelength = 100.00%
Best update !!! M1 cost=526325 penalty = 0.00 area = 41.44% wirelength = 100.00%
Best update !!! M1 cost=526252 penalty = 0.00 area = 41.44% wirelength = 100.00%
Best update !!! M1 cost=526199 penalty = 0.00 area = 41.45% wirelength = 100.00%
Best update !!! M1 cost=526139 penalty = 0.00 area = 41.45% wirelength = 100.00%
Best update !!! M1 cost=525986 penalty = 0.00 area = 41.46% wirelength = 100.00%
Best update !!! M1 cost=525944 penalty = 0.00 area = 41.47% wirelength = 100.00%
Best update !!! M1 cost=525858 penalty = 0.00 area = 41.47% wirelength = 100.00%
Best update !!! M1 cost=525839 penalty = 0.00 area = 41.47% wirelength = 100.00%
Best update !!! M1 cost=525748 penalty = 0.00 area = 41.48% wirelength = 100.00%
Best update !!! M1 cost=525704 penalty = 0.00 area = 41.49% wirelength = 100.00%
Best update !!! M1 cost=525671 penalty = 0.00 area = 41.49% wirelength = 100.00%
Best update !!! M1 cost=525548 penalty = 0.00 area = 41.50% wirelength = 100.00%
Best update !!! M1 cost=525508 penalty = 0.00 area = 41.50% wirelength = 100.00%
Best update !!! M1 cost=525496 penalty = 0.00 area = 41.50% wirelength = 100.00%
Best update !!! M1 cost=525400 penalty = 0.00 area = 41.51% wirelength = 100.00%
Best update !!! M1 cost=525398 penalty = 0.00 area = 41.51% wirelength = 100.00%
Best update !!! M1 cost=525218 penalty = 0.00 area = 41.52% wirelength = 100.00%
Best update !!! M1 cost=525073 penalty = 0.00 area = 41.53% wirelength = 100.00%
Best update !!! M1 cost=524975 penalty = 0.00 area = 41.54% wirelength = 100.00%
Best update !!! M1 cost=524912 penalty = 0.00 area = 41.55% wirelength = 100.00%
Best update !!! M1 cost=524750 penalty = 0.00 area = 41.56% wirelength = 100.00%
Best update !!! M1 cost=524695 penalty = 0.00 area = 41.56% wirelength = 100.00%
Best update !!! M1 cost=524577 penalty = 0.00 area = 41.57% wirelength = 100.00%
Best update !!! M1 cost=524536 penalty = 0.00 area = 41.58% wirelength = 100.00%
Best update !!! M1 cost=524438 penalty = 0.00 area = 41.59% wirelength = 100.00%
Best update !!! M2 cost=524369 penalty = 0.00 area = 41.59% wirelength = 100.00%
Best update !!! M1 cost=524144 penalty = 0.00 area = 41.61% wirelength = 100.00%
Best update !!! M1 cost=524103 penalty = 0.00 area = 41.61% wirelength = 100.00%
Best update !!! M1 cost=524031 penalty = 0.00 area = 41.62% wirelength = 100.00%
Best update !!! M1 cost=523964 penalty = 0.00 area = 41.62% wirelength = 100.00%
Best update !!! M1 cost=523836 penalty = 0.00 area = 41.63% wirelength = 100.00%
Best update !!! M1 cost=523708 penalty = 0.00 area = 41.64% wirelength = 100.00%
Best update !!! M1 cost=523421 penalty = 0.00 area = 41.67% wirelength = 100.00%
Best update !!! M1 cost=523359 penalty = 0.00 area = 41.67% wirelength = 100.00%
Best update !!! M1 cost=523349 penalty = 0.00 area = 41.67% wirelength = 100.00%
Best update !!! M1 cost=523250 penalty = 0.00 area = 41.68% wirelength = 100.00%
Best update !!! M1 cost=523104 penalty = 0.00 area = 41.69% wirelength = 100.00%
Best update !!! M1 cost=523007 penalty = 0.00 area = 41.70% wirelength = 100.00%
Best update !!! M1 cost=522959 penalty = 0.00 area = 41.70% wirelength = 100.00%
Best update !!! M1 cost=522940 penalty = 0.00 area = 41.70% wirelength = 100.00%
Best update !!! M1 cost=522934 penalty = 0.00 area = 41.70% wirelength = 100.00%
Best update !!! M1 cost=522890 penalty = 0.00 area = 41.71% wirelength = 100.00%
Best update !!! M1 cost=522464 penalty = 0.00 area = 41.74% wirelength = 100.00%
Best update !!! M1 cost=522460 penalty = 0.00 area = 41.74% wirelength = 100.00%
Best update !!! M1 cost=522419 penalty = 0.00 area = 41.75% wirelength = 100.00%
Best update !!! M1 cost=522398 penalty = 0.00 area = 41.75% wirelength = 100.00%
Best update !!! M1 cost=522307 penalty = 0.00 area = 41.75% wirelength = 100.00%
Best update !!! M1 cost=522190 penalty = 0.00 area = 41.76% wirelength = 100.00%
Best update !!! M1 cost=522188 penalty = 0.00 area = 41.76% wirelength = 100.00%
Best update !!! M1 cost=522186 penalty = 0.00 area = 41.76% wirelength = 100.00%
Best update !!! M1 cost=522149 penalty = 0.00 area = 41.77% wirelength = 100.00%
Best update !!! M1 cost=522096 penalty = 0.00 area = 41.77% wirelength = 100.00%
Best update !!! M1 cost=521964 penalty = 0.00 area = 41.78% wirelength = 100.00%
Best update !!! M1 cost=521782 penalty = 0.00 area = 41.80% wirelength = 100.00%
Best update !!! M1 cost=521740 penalty = 0.00 area = 41.80% wirelength = 100.00%
Best update !!! M1 cost=521708 penalty = 0.00 area = 41.80% wirelength = 100.00%
Best update !!! M1 cost=521706 penalty = 0.00 area = 41.80% wirelength = 100.00%
Best update !!! M1 cost=521674 penalty = 0.00 area = 41.81% wirelength = 100.00%
Best update !!! M1 cost=521534 penalty = 0.00 area = 41.82% wirelength = 100.00%
Best update !!! M1 cost=521478 penalty = 0.00 area = 41.82% wirelength = 100.00%
Best update !!! M1 cost=521476 penalty = 0.00 area = 41.82% wirelength = 100.00%
Best update !!! M1 cost=521350 penalty = 0.00 area = 41.83% wirelength = 100.00%
Best update !!! M1 cost=521246 penalty = 0.00 area = 41.84% wirelength = 100.00%
Best update !!! M1 cost=521219 penalty = 0.00 area = 41.84% wirelength = 100.00%
Best update !!! M1 cost=520847 penalty = 0.00 area = 41.87% wirelength = 100.00%
Best update !!! M1 cost=520846 penalty = 0.00 area = 41.87% wirelength = 100.00%
Best update !!! M1 cost=520824 penalty = 0.00 area = 41.87% wirelength = 100.00%
Best update !!! M1 cost=520752 penalty = 0.00 area = 41.88% wirelength = 100.00%
Best update !!! M1 cost=520642 penalty = 0.00 area = 41.89% wirelength = 100.00%
Best update !!! M1 cost=520627 penalty = 0.00 area = 41.89% wirelength = 100.00%
Best update !!! M1 cost=520545 penalty = 0.00 area = 41.90% wirelength = 100.00%
Best update !!! M1 cost=520299 penalty = 0.00 area = 41.92% wirelength = 100.00%
Best update !!! M1 cost=520273 penalty = 0.00 area = 41.92% wirelength = 100.00%
Best update !!! M1 cost=520109 penalty = 0.00 area = 41.93% wirelength = 100.00%
Best update !!! M1 cost=520079 penalty = 0.00 area = 41.93% wirelength = 100.00%
Best update !!! M1 cost=520024 penalty = 0.00 area = 41.94% wirelength = 100.00%
Best update !!! M1 cost=520023 penalty = 0.00 area = 41.94% wirelength = 100.00%
Best update !!! M1 cost=519973 penalty = 0.00 area = 41.94% wirelength = 100.00%
Best update !!! M1 cost=519616 penalty = 0.00 area = 41.97% wirelength = 100.00%
Best update !!! M1 cost=519613 penalty = 0.00 area = 41.97% wirelength = 100.00%
Best update !!! M1 cost=519599 penalty = 0.00 area = 41.97% wirelength = 100.00%
Best update !!! M1 cost=519530 penalty = 0.00 area = 41.98% wirelength = 100.00%
Best update !!! M1 cost=519420 penalty = 0.00 area = 41.99% wirelength = 100.00%
Best update !!! M1 cost=519366 penalty = 0.00 area = 41.99% wirelength = 100.00%
Best update !!! M1 cost=519223 penalty = 0.00 area = 42.00% wirelength = 100.00%
Best update !!! M1 cost=518975 penalty = 0.00 area = 42.02% wirelength = 100.00%
Best update !!! M1 cost=518885 penalty = 0.00 area = 42.03% wirelength = 100.00%
Best update !!! M1 cost=518811 penalty = 0.00 area = 42.04% wirelength = 100.00%
Best update !!! M1 cost=518761 penalty = 0.00 area = 42.04% wirelength = 100.00%
Best update !!! M1 cost=518759 penalty = 0.00 area = 42.04% wirelength = 100.00%
Best update !!! M1 cost=518629 penalty = 0.00 area = 42.05% wirelength = 100.00%
Best update !!! M1 cost=518603 penalty = 0.00 area = 42.05% wirelength = 100.00%
Best update !!! M1 cost=518591 penalty = 0.00 area = 42.05% wirelength = 100.00%
Best update !!! M1 cost=518531 penalty = 0.00 area = 42.06% wirelength = 100.00%
Best update !!! M1 cost=518143 penalty = 0.00 area = 42.09% wirelength = 100.00%
Best update !!! M1 cost=518026 penalty = 0.00 area = 42.10% wirelength = 100.00%
Best update !!! M1 cost=518011 penalty = 0.00 area = 42.10% wirelength = 100.00%
Best update !!! M1 cost=517757 penalty = 0.00 area = 42.12% wirelength = 100.00%
Best update !!! M1 cost=517752 penalty = 0.00 area = 42.12% wirelength = 100.00%
Best update !!! M1 cost=517525 penalty = 0.00 area = 42.14% wirelength = 100.00%
Best update !!! M1 cost=517460 penalty = 0.00 area = 42.15% wirelength = 100.00%
Best update !!! M1 cost=517072 penalty = 0.00 area = 42.18% wirelength = 100.00%
Best update !!! M1 cost=516919 penalty = 0.00 area = 42.19% wirelength = 100.00%
Best update !!! M1 cost=516870 penalty = 0.00 area = 42.19% wirelength = 100.00%
Best update !!! M1 cost=516829 penalty = 0.00 area = 42.20% wirelength = 100.00%
Best update !!! M1 cost=516799 penalty = 0.00 area = 42.20% wirelength = 100.00%
Best update !!! M1 cost=516585 penalty = 0.00 area = 42.22% wirelength = 100.00%
Best update !!! M1 cost=516415 penalty = 0.00 area = 42.23% wirelength = 100.00%
Best update !!! M1 cost=516237 penalty = 0.00 area = 42.25% wirelength = 100.00%
Best update !!! M1 cost=516077 penalty = 0.00 area = 42.26% wirelength = 100.00%
Best update !!! M1 cost=516054 penalty = 0.00 area = 42.26% wirelength = 100.00%
Best update !!! M1 cost=516048 penalty = 0.00 area = 42.26% wirelength = 100.00%
Best update !!! M1 cost=515867 penalty = 0.00 area = 42.28% wirelength = 100.00%
Best update !!! M1 cost=515790 penalty = 0.00 area = 42.28% wirelength = 100.00%
Best update !!! M1 cost=515573 penalty = 0.00 area = 42.30% wirelength = 100.00%
Best update !!! M1 cost=515475 penalty = 0.00 area = 42.31% wirelength = 100.00%
Best update !!! M1 cost=515411 penalty = 0.00 area = 42.31% wirelength = 100.00%
Best update !!! M1 cost=515361 penalty = 0.00 area = 42.32% wirelength = 100.00%
Best update !!! M1 cost=515328 penalty = 0.00 area = 42.32% wirelength = 100.00%
Best update !!! M1 cost=515283 penalty = 0.00 area = 42.32% wirelength = 100.00%
Best update !!! M1 cost=515089 penalty = 0.00 area = 42.34% wirelength = 100.00%
Best update !!! M1 cost=515034 penalty = 0.00 area = 42.34% wirelength = 100.00%
Best update !!! M1 cost=514836 penalty = 0.00 area = 42.36% wirelength = 100.00%
Best update !!! M1 cost=514729 penalty = 0.00 area = 42.37% wirelength = 100.00%
Best update !!! M1 cost=514543 penalty = 0.00 area = 42.38% wirelength = 100.00%
Best update !!! M1 cost=514428 penalty = 0.00 area = 42.39% wirelength = 100.00%
Best update !!! M1 cost=514391 penalty = 0.00 area = 42.40% wirelength = 100.00%
Best update !!! M1 cost=514324 penalty = 0.00 area = 42.40% wirelength = 100.00%
Best update !!! M1 cost=514295 penalty = 0.00 area = 42.41% wirelength = 100.00%
Best update !!! M1 cost=514286 penalty = 0.00 area = 42.41% wirelength = 100.00%
Best update !!! M1 cost=514117 penalty = 0.00 area = 42.42% wirelength = 100.00%
Best update !!! M1 cost=514082 penalty = 0.00 area = 42.42% wirelength = 100.00%
Best update !!! M1 cost=513981 penalty = 0.00 area = 42.43% wirelength = 100.00%
Best update !!! M1 cost=513873 penalty = 0.00 area = 42.44% wirelength = 100.00%
Best update !!! M1 cost=513725 penalty = 0.00 area = 42.45% wirelength = 100.00%
Best update !!! M1 cost=513274 penalty = 0.00 area = 42.49% wirelength = 100.00%
Best update !!! M1 cost=513202 penalty = 0.00 area = 42.50% wirelength = 100.00%
Best update !!! M1 cost=513196 penalty = 0.00 area = 42.50% wirelength = 100.00%
Best update !!! M1 cost=513154 penalty = 0.00 area = 42.50% wirelength = 100.00%
Best update !!! M1 cost=513122 penalty = 0.00 area = 42.50% wirelength = 100.00%
Best update !!! M1 cost=513121 penalty = 0.00 area = 42.50% wirelength = 100.00%
Best update !!! M1 cost=513106 penalty = 0.00 area = 42.50% wirelength = 100.00%
Best update !!! M1 cost=513034 penalty = 0.00 area = 42.51% wirelength = 100.00%
Best update !!! M1 cost=513007 penalty = 0.00 area = 42.51% wirelength = 100.00%
Best update !!! M1 cost=512855 penalty = 0.00 area = 42.52% wirelength = 100.00%
Best update !!! M1 cost=512709 penalty = 0.00 area = 42.54% wirelength = 100.00%
Best update !!! M1 cost=512564 penalty = 0.00 area = 42.55% wirelength = 100.00%
Best update !!! M1 cost=512526 penalty = 0.00 area = 42.55% wirelength = 100.00%
Best update !!! M1 cost=512438 penalty = 0.00 area = 42.56% wirelength = 100.00%
Best update !!! M1 cost=512022 penalty = 0.00 area = 42.59% wirelength = 100.00%
Best update !!! M1 cost=512013 penalty = 0.00 area = 42.59% wirelength = 100.00%
Best update !!! M1 cost=511821 penalty = 0.00 area = 42.61% wirelength = 100.00%
Best update !!! M1 cost=511733 penalty = 0.00 area = 42.62% wirelength = 100.00%
Best update !!! M1 cost=511675 penalty = 0.00 area = 42.62% wirelength = 100.00%
Best update !!! M1 cost=511658 penalty = 0.00 area = 42.62% wirelength = 100.00%
Best update !!! M1 cost=511630 penalty = 0.00 area = 42.63% wirelength = 100.00%
Best update !!! M1 cost=511545 penalty = 0.00 area = 42.63% wirelength = 100.00%
Best update !!! M1 cost=511399 penalty = 0.00 area = 42.65% wirelength = 100.00%
Best update !!! M1 cost=511341 penalty = 0.00 area = 42.65% wirelength = 100.00%
Best update !!! M1 cost=511330 penalty = 0.00 area = 42.65% wirelength = 100.00%
Best update !!! M1 cost=511309 penalty = 0.00 area = 42.65% wirelength = 100.00%
Best update !!! M1 cost=511277 penalty = 0.00 area = 42.66% wirelength = 100.00%
Best update !!! M1 cost=511214 penalty = 0.00 area = 42.66% wirelength = 100.00%
Best update !!! M1 cost=511192 penalty = 0.00 area = 42.66% wirelength = 100.00%
Best update !!! M1 cost=511125 penalty = 0.00 area = 42.67% wirelength = 100.00%
Best update !!! M1 cost=510936 penalty = 0.00 area = 42.68% wirelength = 100.00%
Best update !!! M1 cost=510779 penalty = 0.00 area = 42.70% wirelength = 100.00%
Best update !!! M1 cost=510741 penalty = 0.00 area = 42.70% wirelength = 100.00%
Best update !!! M1 cost=510633 penalty = 0.00 area = 42.71% wirelength = 100.00%
Best update !!! M1 cost=510484 penalty = 0.00 area = 42.72% wirelength = 100.00%
Best update !!! M1 cost=510418 penalty = 0.00 area = 42.73% wirelength = 100.00%
Best update !!! M1 cost=510347 penalty = 0.00 area = 42.73% wirelength = 100.00%
Best update !!! M1 cost=510286 penalty = 0.00 area = 42.74% wirelength = 100.00%
Best update !!! M1 cost=510272 penalty = 0.00 area = 42.74% wirelength = 100.00%
Best update !!! M1 cost=510188 penalty = 0.00 area = 42.75% wirelength = 100.00%
Best update !!! M1 cost=510139 penalty = 0.00 area = 42.75% wirelength = 100.00%
Best update !!! M1 cost=510089 penalty = 0.00 area = 42.76% wirelength = 100.00%
Best update !!! M1 cost=509925 penalty = 0.00 area = 42.77% wirelength = 100.00%
Best update !!! M1 cost=509836 penalty = 0.00 area = 42.78% wirelength = 100.00%
Best update !!! M1 cost=509722 penalty = 0.00 area = 42.79% wirelength = 100.00%
Best update !!! M1 cost=509685 penalty = 0.00 area = 42.79% wirelength = 100.00%
Best update !!! M1 cost=509613 penalty = 0.00 area = 42.80% wirelength = 100.00%
Best update !!! M1 cost=509568 penalty = 0.00 area = 42.80% wirelength = 100.00%
Best update !!! M1 cost=509525 penalty = 0.00 area = 42.80% wirelength = 100.00%
Best update !!! M1 cost=509481 penalty = 0.00 area = 42.81% wirelength = 100.00%
Best update !!! M1 cost=509335 penalty = 0.00 area = 42.82% wirelength = 100.00%
Best update !!! M1 cost=509309 penalty = 0.00 area = 42.82% wirelength = 100.00%
Best update !!! M1 cost=509255 penalty = 0.00 area = 42.83% wirelength = 100.00%
Best update !!! M1 cost=509177 penalty = 0.00 area = 42.83% wirelength = 100.00%
Best update !!! M1 cost=509151 penalty = 0.00 area = 42.83% wirelength = 100.00%
Best update !!! M1 cost=509115 penalty = 0.00 area = 42.84% wirelength = 100.00%
Best update !!! M1 cost=509092 penalty = 0.00 area = 42.84% wirelength = 100.00%
Best update !!! M1 cost=509048 penalty = 0.00 area = 42.84% wirelength = 100.00%
Best update !!! M1 cost=508976 penalty = 0.00 area = 42.85% wirelength = 100.00%
Best update !!! M1 cost=508960 penalty = 0.00 area = 42.85% wirelength = 100.00%
Best update !!! M1 cost=508931 penalty = 0.00 area = 42.85% wirelength = 100.00%
Best update !!! M1 cost=508811 penalty = 0.00 area = 42.86% wirelength = 100.00%
Best update !!! M1 cost=508796 penalty = 0.00 area = 42.86% wirelength = 100.00%
Best update !!! M1 cost=508732 penalty = 0.00 area = 42.87% wirelength = 100.00%
Best update !!! M1 cost=508569 penalty = 0.00 area = 42.88% wirelength = 100.00%
Best update !!! M1 cost=508482 penalty = 0.00 area = 42.89% wirelength = 100.00%
Best update !!! M1 cost=508210 penalty = 0.00 area = 42.91% wirelength = 100.00%
Best update !!! M1 cost=508197 penalty = 0.00 area = 42.91% wirelength = 100.00%
Best update !!! M1 cost=508127 penalty = 0.00 area = 42.92% wirelength = 100.00%
Best update !!! M1 cost=508126 penalty = 0.00 area = 42.92% wirelength = 100.00%
Best update !!! M1 cost=508078 penalty = 0.00 area = 42.92% wirelength = 100.00%
Best update !!! M1 cost=507886 penalty = 0.00 area = 42.94% wirelength = 100.00%
Best update !!! M1 cost=507822 penalty = 0.00 area = 42.95% wirelength = 100.00%
Best update !!! M1 cost=507600 penalty = 0.00 area = 42.96% wirelength = 100.00%
Best update !!! M1 cost=507544 penalty = 0.00 area = 42.97% wirelength = 100.00%
Best update !!! M1 cost=507506 penalty = 0.00 area = 42.97% wirelength = 100.00%
Best update !!! M1 cost=507410 penalty = 0.00 area = 42.98% wirelength = 100.00%
Best update !!! M1 cost=507349 penalty = 0.00 area = 42.99% wirelength = 100.00%
Best update !!! M1 cost=507274 penalty = 0.00 area = 42.99% wirelength = 100.00%
Best update !!! M1 cost=507151 penalty = 0.00 area = 43.00% wirelength = 100.00%
Best update !!! M1 cost=507107 penalty = 0.00 area = 43.01% wirelength = 100.00%
Best update !!! M1 cost=507070 penalty = 0.00 area = 43.01% wirelength = 100.00%
Best update !!! M1 cost=507034 penalty = 0.00 area = 43.01% wirelength = 100.00%
Best update !!! M1 cost=506940 penalty = 0.00 area = 43.02% wirelength = 100.00%
Best update !!! M1 cost=506929 penalty = 0.00 area = 43.02% wirelength = 100.00%
Best update !!! M1 cost=506800 penalty = 0.00 area = 43.03% wirelength = 100.00%
Best update !!! M1 cost=506773 penalty = 0.00 area = 43.03% wirelength = 100.00%
Best update !!! M1 cost=506694 penalty = 0.00 area = 43.04% wirelength = 100.00%
Best update !!! M1 cost=506372 penalty = 0.00 area = 43.07% wirelength = 100.00%
Best update !!! M1 cost=506252 penalty = 0.00 area = 43.08% wirelength = 100.00%
Best update !!! M1 cost=506247 penalty = 0.00 area = 43.08% wirelength = 100.00%
Best update !!! M1 cost=506237 penalty = 0.00 area = 43.08% wirelength = 100.00%
Best update !!! M1 cost=505981 penalty = 0.00 area = 43.10% wirelength = 100.00%
Best update !!! M1 cost=505856 penalty = 0.00 area = 43.11% wirelength = 100.00%
Best update !!! M1 cost=505737 penalty = 0.00 area = 43.12% wirelength = 100.00%
Best update !!! M1 cost=505555 penalty = 0.00 area = 43.14% wirelength = 100.00%
Best update !!! M1 cost=505543 penalty = 0.00 area = 43.14% wirelength = 100.00%
Best update !!! M1 cost=505538 penalty = 0.00 area = 43.14% wirelength = 100.00%
Best update !!! M1 cost=505384 penalty = 0.00 area = 43.15% wirelength = 100.00%
Best update !!! M1 cost=505338 penalty = 0.00 area = 43.16% wirelength = 100.00%
Best update !!! M1 cost=505325 penalty = 0.00 area = 43.16% wirelength = 100.00%
Best update !!! M1 cost=505284 penalty = 0.00 area = 43.16% wirelength = 100.00%
Best update !!! M1 cost=505274 penalty = 0.00 area = 43.16% wirelength = 100.00%
Best update !!! M1 cost=505049 penalty = 0.00 area = 43.18% wirelength = 100.00%
Best update !!! M1 cost=505043 penalty = 0.00 area = 43.18% wirelength = 100.00%
Best update !!! M1 cost=505036 penalty = 0.00 area = 43.18% wirelength = 100.00%
Best update !!! M1 cost=504948 penalty = 0.00 area = 43.19% wirelength = 100.00%
Best update !!! M3 cost=504703 penalty = 0.00 area = 43.21% wirelength = 100.00%
Best update !!! M1 cost=504594 penalty = 0.00 area = 43.22% wirelength = 100.00%
Best update !!! M1 cost=504517 penalty = 0.00 area = 43.23% wirelength = 100.00%
Best update !!! M1 cost=504449 penalty = 0.00 area = 43.23% wirelength = 100.00%
Best update !!! M1 cost=504329 penalty = 0.00 area = 43.24% wirelength = 100.00%
Best update !!! M2 cost=504212 penalty = 0.00 area = 43.25% wirelength = 100.00%
Best update !!! M1 cost=503940 penalty = 0.00 area = 43.28% wirelength = 100.00%
Best update !!! M1 cost=503934 penalty = 0.00 area = 43.28% wirelength = 100.00%
Best update !!! M1 cost=503820 penalty = 0.00 area = 43.29% wirelength = 100.00%
Best update !!! M1 cost=503741 penalty = 0.00 area = 43.29% wirelength = 100.00%
Best update !!! M1 cost=503733 penalty = 0.00 area = 43.29% wirelength = 100.00%
Best update !!! M1 cost=503662 penalty = 0.00 area = 43.30% wirelength = 100.00%
Best update !!! M1 cost=503514 penalty = 0.00 area = 43.31% wirelength = 100.00%
Best update !!! M1 cost=503387 penalty = 0.00 area = 43.32% wirelength = 100.00%
Best update !!! M1 cost=503176 penalty = 0.00 area = 43.34% wirelength = 100.00%
Best update !!! M1 cost=503170 penalty = 0.00 area = 43.34% wirelength = 100.00%
Best update !!! M1 cost=503143 penalty = 0.00 area = 43.35% wirelength = 100.00%
Best update !!! M1 cost=503059 penalty = 0.00 area = 43.35% wirelength = 100.00%
Best update !!! M1 cost=502974 penalty = 0.00 area = 43.36% wirelength = 100.00%
Best update !!! M1 cost=502547 penalty = 0.00 area = 43.40% wirelength = 100.00%
Best update !!! M1 cost=502485 penalty = 0.00 area = 43.40% wirelength = 100.00%
Best update !!! M1 cost=502434 penalty = 0.00 area = 43.41% wirelength = 100.00%
Best update !!! M1 cost=502358 penalty = 0.00 area = 43.41% wirelength = 100.00%
Best update !!! M1 cost=502338 penalty = 0.00 area = 43.41% wirelength = 100.00%
Best update !!! M1 cost=502263 penalty = 0.00 area = 43.42% wirelength = 100.00%
Best update !!! M1 cost=502229 penalty = 0.00 area = 43.42% wirelength = 100.00%
Best update !!! M1 cost=502105 penalty = 0.00 area = 43.43% wirelength = 100.00%
Best update !!! M1 cost=502001 penalty = 0.00 area = 43.44% wirelength = 100.00%
Best update !!! M1 cost=501986 penalty = 0.00 area = 43.45% wirelength = 100.00%
Best update !!! M1 cost=501685 penalty = 0.00 area = 43.47% wirelength = 100.00%
Best update !!! M1 cost=501577 penalty = 0.00 area = 43.48% wirelength = 100.00%
Best update !!! M1 cost=501417 penalty = 0.00 area = 43.49% wirelength = 100.00%
Best update !!! M1 cost=501362 penalty = 0.00 area = 43.50% wirelength = 100.00%
Best update !!! M2 cost=501326 penalty = 0.00 area = 43.50% wirelength = 100.00%
Best update !!! M1 cost=501269 penalty = 0.00 area = 43.51% wirelength = 100.00%
Best update !!! M1 cost=501217 penalty = 0.00 area = 43.51% wirelength = 100.00%
Best update !!! M1 cost=501191 penalty = 0.00 area = 43.51% wirelength = 100.00%
Best update !!! M1 cost=501172 penalty = 0.00 area = 43.52% wirelength = 100.00%
Best update !!! M1 cost=501040 penalty = 0.00 area = 43.53% wirelength = 100.00%
Best update !!! M1 cost=500805 penalty = 0.00 area = 43.55% wirelength = 100.00%
Best update !!! M2 cost=500794 penalty = 0.00 area = 43.55% wirelength = 100.00%
Best update !!! M1 cost=500784 penalty = 0.00 area = 43.55% wirelength = 100.00%
Best update !!! M1 cost=500776 penalty = 0.00 area = 43.55% wirelength = 100.00%
Best update !!! M1 cost=500754 penalty = 0.00 area = 43.55% wirelength = 100.00%
Best update !!! M1 cost=500744 penalty = 0.00 area = 43.55% wirelength = 100.00%
Best update !!! M1 cost=500686 penalty = 0.00 area = 43.56% wirelength = 100.00%
Best update !!! M1 cost=500461 penalty = 0.00 area = 43.58% wirelength = 100.00%
Best update !!! M1 cost=500444 penalty = 0.00 area = 43.58% wirelength = 100.00%
Best update !!! M1 cost=500399 penalty = 0.00 area = 43.58% wirelength = 100.00%
Best update !!! M1 cost=500347 penalty = 0.00 area = 43.59% wirelength = 100.00%
Best update !!! M1 cost=500293 penalty = 0.00 area = 43.59% wirelength = 100.00%
Best update !!! M1 cost=500290 penalty = 0.00 area = 43.59% wirelength = 100.00%
Best update !!! M1 cost=500226 penalty = 0.00 area = 43.60% wirelength = 100.00%
Best update !!! M1 cost=500180 penalty = 0.00 area = 43.60% wirelength = 100.00%
Best update !!! M1 cost=500146 penalty = 0.00 area = 43.61% wirelength = 100.00%
Best update !!! M1 cost=499998 penalty = 0.00 area = 43.62% wirelength = 100.00%
Best update !!! M1 cost=499926 penalty = 0.00 area = 43.62% wirelength = 100.00%
Best update !!! M1 cost=499624 penalty = 0.00 area = 43.65% wirelength = 100.00%
Best update !!! M1 cost=499605 penalty = 0.00 area = 43.65% wirelength = 100.00%
Best update !!! M1 cost=499581 penalty = 0.00 area = 43.65% wirelength = 100.00%
Best update !!! M1 cost=499407 penalty = 0.00 area = 43.67% wirelength = 100.00%
Best update !!! M1 cost=499391 penalty = 0.00 area = 43.67% wirelength = 100.00%
Best update !!! M1 cost=499369 penalty = 0.00 area = 43.67% wirelength = 100.00%
Best update !!! M1 cost=499350 penalty = 0.00 area = 43.67% wirelength = 100.00%
Best update !!! M1 cost=499300 penalty = 0.00 area = 43.68% wirelength = 100.00%
Best update !!! M1 cost=499257 penalty = 0.00 area = 43.68% wirelength = 100.00%
Best update !!! M1 cost=499214 penalty = 0.00 area = 43.69% wirelength = 100.00%
Best update !!! M1 cost=499189 penalty = 0.00 area = 43.69% wirelength = 100.00%
Best update !!! M1 cost=499045 penalty = 0.00 area = 43.70% wirelength = 100.00%
Best update !!! M1 cost=498840 penalty = 0.00 area = 43.72% wirelength = 100.00%
Best update !!! M1 cost=498731 penalty = 0.00 area = 43.73% wirelength = 100.00%
Best update !!! M1 cost=498710 penalty = 0.00 area = 43.73% wirelength = 100.00%
Best update !!! M1 cost=498659 penalty = 0.00 area = 43.74% wirelength = 100.00%
Best update !!! M1 cost=498413 penalty = 0.00 area = 43.76% wirelength = 100.00%
Best update !!! M1 cost=498207 penalty = 0.00 area = 43.77% wirelength = 100.00%
Best update !!! M1 cost=498112 penalty = 0.00 area = 43.78% wirelength = 100.00%
Best update !!! M1 cost=498061 penalty = 0.00 area = 43.79% wirelength = 100.00%
Best update !!! M1 cost=498056 penalty = 0.00 area = 43.79% wirelength = 100.00%
Best update !!! M1 cost=497927 penalty = 0.00 area = 43.80% wirelength = 100.00%
Best update !!! M1 cost=497897 penalty = 0.00 area = 43.80% wirelength = 100.00%
Best update !!! M1 cost=497886 penalty = 0.00 area = 43.80% wirelength = 100.00%
Best update !!! M2 cost=497777 penalty = 0.00 area = 43.81% wirelength = 100.00%
Best update !!! M1 cost=497751 penalty = 0.00 area = 43.81% wirelength = 100.00%
Best update !!! M1 cost=497731 penalty = 0.00 area = 43.82% wirelength = 100.00%
Best update !!! M1 cost=497650 penalty = 0.00 area = 43.82% wirelength = 100.00%
Best update !!! M1 cost=497372 penalty = 0.00 area = 43.85% wirelength = 100.00%
Best update !!! M1 cost=497295 penalty = 0.00 area = 43.86% wirelength = 100.00%
Best update !!! M1 cost=497098 penalty = 0.00 area = 43.87% wirelength = 100.00%
Best update !!! M1 cost=496859 penalty = 0.00 area = 43.89% wirelength = 100.00%
Best update !!! M1 cost=496851 penalty = 0.00 area = 43.89% wirelength = 100.00%
Best update !!! M1 cost=496633 penalty = 0.00 area = 43.91% wirelength = 100.00%
Best update !!! M1 cost=496565 penalty = 0.00 area = 43.92% wirelength = 100.00%
Best update !!! M1 cost=496554 penalty = 0.00 area = 43.92% wirelength = 100.00%
Best update !!! M1 cost=496373 penalty = 0.00 area = 43.94% wirelength = 100.00%
Best update !!! M1 cost=496237 penalty = 0.00 area = 43.95% wirelength = 100.00%
Best update !!! M1 cost=496189 penalty = 0.00 area = 43.95% wirelength = 100.00%
Best update !!! M1 cost=496053 penalty = 0.00 area = 43.96% wirelength = 100.00%
Best update !!! M1 cost=495936 penalty = 0.00 area = 43.98% wirelength = 100.00%
Best update !!! M2 cost=495810 penalty = 0.00 area = 43.99% wirelength = 100.00%
Best update !!! M1 cost=495805 penalty = 0.00 area = 43.99% wirelength = 100.00%
Best update !!! M1 cost=495745 penalty = 0.00 area = 43.99% wirelength = 100.00%
Best update !!! M1 cost=495727 penalty = 0.00 area = 43.99% wirelength = 100.00%
Best update !!! M1 cost=495662 penalty = 0.00 area = 44.00% wirelength = 100.00%
Best update !!! M1 cost=495584 penalty = 0.00 area = 44.01% wirelength = 100.00%
Best update !!! M1 cost=495425 penalty = 0.00 area = 44.02% wirelength = 100.00%
Best update !!! M1 cost=495362 penalty = 0.00 area = 44.03% wirelength = 100.00%
Best update !!! M1 cost=495244 penalty = 0.00 area = 44.04% wirelength = 100.00%
Best update !!! M1 cost=494974 penalty = 0.00 area = 44.06% wirelength = 100.00%
Best update !!! M1 cost=494836 penalty = 0.00 area = 44.07% wirelength = 100.00%
Best update !!! M1 cost=494732 penalty = 0.00 area = 44.08% wirelength = 100.00%
Best update !!! M1 cost=494677 penalty = 0.00 area = 44.09% wirelength = 100.00%
Best update !!! M2 cost=494530 penalty = 0.00 area = 44.10% wirelength = 100.00%
Best update !!! M1 cost=494468 penalty = 0.00 area = 44.11% wirelength = 100.00%
Best update !!! M1 cost=494256 penalty = 0.00 area = 44.12% wirelength = 100.00%
Best update !!! M1 cost=494194 penalty = 0.00 area = 44.13% wirelength = 100.00%
Best update !!! M1 cost=494151 penalty = 0.00 area = 44.13% wirelength = 100.00%
Best update !!! M1 cost=494061 penalty = 0.00 area = 44.14% wirelength = 100.00%
Best update !!! M1 cost=494018 penalty = 0.00 area = 44.15% wirelength = 100.00%
Best update !!! M1 cost=493931 penalty = 0.00 area = 44.15% wirelength = 100.00%
Best update !!! M1 cost=493793 penalty = 0.00 area = 44.17% wirelength = 100.00%
Best update !!! M1 cost=493646 penalty = 0.00 area = 44.18% wirelength = 100.00%
Best update !!! M1 cost=493582 penalty = 0.00 area = 44.18% wirelength = 100.00%
Best update !!! M1 cost=493458 penalty = 0.00 area = 44.20% wirelength = 100.00%
Best update !!! M1 cost=493281 penalty = 0.00 area = 44.21% wirelength = 100.00%
Best update !!! M1 cost=493157 penalty = 0.00 area = 44.22% wirelength = 100.00%
Best update !!! M1 cost=493099 penalty = 0.00 area = 44.23% wirelength = 100.00%
Best update !!! M1 cost=492994 penalty = 0.00 area = 44.24% wirelength = 100.00%
Best update !!! M1 cost=492979 penalty = 0.00 area = 44.24% wirelength = 100.00%
Best update !!! M1 cost=492958 penalty = 0.00 area = 44.24% wirelength = 100.00%
Best update !!! M1 cost=492901 penalty = 0.00 area = 44.25% wirelength = 100.00%
Best update !!! M1 cost=492891 penalty = 0.00 area = 44.25% wirelength = 100.00%
Best update !!! M1 cost=492814 penalty = 0.00 area = 44.25% wirelength = 100.00%
Best update !!! M1 cost=492505 penalty = 0.00 area = 44.28% wirelength = 100.00%
Best update !!! M1 cost=492426 penalty = 0.00 area = 44.29% wirelength = 100.00%
Best update !!! M1 cost=492320 penalty = 0.00 area = 44.30% wirelength = 100.00%
Best update !!! M2 cost=492276 penalty = 0.00 area = 44.30% wirelength = 100.00%
Best update !!! M1 cost=492237 penalty = 0.00 area = 44.31% wirelength = 100.00%
Best update !!! M1 cost=492120 penalty = 0.00 area = 44.32% wirelength = 100.00%
Best update !!! M1 cost=491935 penalty = 0.00 area = 44.33% wirelength = 100.00%
Best update !!! M1 cost=491905 penalty = 0.00 area = 44.34% wirelength = 100.00%
Best update !!! M1 cost=491863 penalty = 0.00 area = 44.34% wirelength = 100.00%
Best update !!! M1 cost=491715 penalty = 0.00 area = 44.35% wirelength = 100.00%
Best update !!! M1 cost=491399 penalty = 0.00 area = 44.38% wirelength = 100.00%
Best update !!! M1 cost=491394 penalty = 0.00 area = 44.38% wirelength = 100.00%
Best update !!! M1 cost=491332 penalty = 0.00 area = 44.39% wirelength = 100.00%
Best update !!! M1 cost=491276 penalty = 0.00 area = 44.39% wirelength = 100.00%
Best update !!! M1 cost=491244 penalty = 0.00 area = 44.40% wirelength = 100.00%
Best update !!! M1 cost=491220 penalty = 0.00 area = 44.40% wirelength = 100.00%
Best update !!! M1 cost=491103 penalty = 0.00 area = 44.41% wirelength = 100.00%
Best update !!! M1 cost=490817 penalty = 0.00 area = 44.43% wirelength = 100.00%
Best update !!! M1 cost=490766 penalty = 0.00 area = 44.44% wirelength = 100.00%
Best update !!! M1 cost=490746 penalty = 0.00 area = 44.44% wirelength = 100.00%
Best update !!! M1 cost=490690 penalty = 0.00 area = 44.45% wirelength = 100.00%
Best update !!! M1 cost=490616 penalty = 0.00 area = 44.45% wirelength = 100.00%
Best update !!! M1 cost=490562 penalty = 0.00 area = 44.46% wirelength = 100.00%
Best update !!! M1 cost=490380 penalty = 0.00 area = 44.47% wirelength = 100.00%
Best update !!! M1 cost=490359 penalty = 0.00 area = 44.48% wirelength = 100.00%
Best update !!! M1 cost=490327 penalty = 0.00 area = 44.48% wirelength = 100.00%
Best update !!! M1 cost=490306 penalty = 0.00 area = 44.48% wirelength = 100.00%
Best update !!! M1 cost=490290 penalty = 0.00 area = 44.48% wirelength = 100.00%
Best update !!! M1 cost=490266 penalty = 0.00 area = 44.48% wirelength = 100.00%
Best update !!! M1 cost=489913 penalty = 0.00 area = 44.52% wirelength = 100.00%
Best update !!! M1 cost=489619 penalty = 0.00 area = 44.54% wirelength = 100.00%
Best update !!! M1 cost=489521 penalty = 0.00 area = 44.55% wirelength = 100.00%
Best update !!! M1 cost=489403 penalty = 0.00 area = 44.56% wirelength = 100.00%
Best update !!! M1 cost=489309 penalty = 0.00 area = 44.57% wirelength = 100.00%
Best update !!! M1 cost=489179 penalty = 0.00 area = 44.58% wirelength = 100.00%
Best update !!! M1 cost=489116 penalty = 0.00 area = 44.59% wirelength = 100.00%
Best update !!! M1 cost=489114 penalty = 0.00 area = 44.59% wirelength = 100.00%
Best update !!! M1 cost=489105 penalty = 0.00 area = 44.59% wirelength = 100.00%
Best update !!! M1 cost=488956 penalty = 0.00 area = 44.60% wirelength = 100.00%
Best update !!! M3 cost=488932 penalty = 0.00 area = 44.61% wirelength = 100.00%
Best update !!! M1 cost=488842 penalty = 0.00 area = 44.61% wirelength = 100.00%
Best update !!! M1 cost=488675 penalty = 0.00 area = 44.63% wirelength = 100.00%
Best update !!! M1 cost=488669 penalty = 0.00 area = 44.63% wirelength = 100.00%
Best update !!! M1 cost=488621 penalty = 0.00 area = 44.63% wirelength = 100.00%
Best update !!! M1 cost=488581 penalty = 0.00 area = 44.64% wirelength = 100.00%
Best update !!! M1 cost=488542 penalty = 0.00 area = 44.64% wirelength = 100.00%
Best update !!! M1 cost=488329 penalty = 0.00 area = 44.66% wirelength = 100.00%
Best update !!! M1 cost=488262 penalty = 0.00 area = 44.67% wirelength = 100.00%
Best update !!! M1 cost=488179 penalty = 0.00 area = 44.67% wirelength = 100.00%
Best update !!! M1 cost=488154 penalty = 0.00 area = 44.68% wirelength = 100.00%
Best update !!! M1 cost=488068 penalty = 0.00 area = 44.68% wirelength = 100.00%
Best update !!! M1 cost=488007 penalty = 0.00 area = 44.69% wirelength = 100.00%
Best update !!! M1 cost=487729 penalty = 0.00 area = 44.72% wirelength = 100.00%
Best update !!! M1 cost=487701 penalty = 0.00 area = 44.72% wirelength = 100.00%
Best update !!! M1 cost=487668 penalty = 0.00 area = 44.72% wirelength = 100.00%
Best update !!! M1 cost=487548 penalty = 0.00 area = 44.73% wirelength = 100.00%
Best update !!! M1 cost=487442 penalty = 0.00 area = 44.74% wirelength = 100.00%
Best update !!! M1 cost=487372 penalty = 0.00 area = 44.75% wirelength = 100.00%
Best update !!! M1 cost=487349 penalty = 0.00 area = 44.75% wirelength = 100.00%
Best update !!! M1 cost=487343 penalty = 0.00 area = 44.75% wirelength = 100.00%
Best update !!! M1 cost=487214 penalty = 0.00 area = 44.76% wirelength = 100.00%
Best update !!! M1 cost=487212 penalty = 0.00 area = 44.76% wirelength = 100.00%
Best update !!! M1 cost=487199 penalty = 0.00 area = 44.76% wirelength = 100.00%
Best update !!! M1 cost=487105 penalty = 0.00 area = 44.77% wirelength = 100.00%
Best update !!! M1 cost=486983 penalty = 0.00 area = 44.78% wirelength = 100.00%
Best update !!! M1 cost=486949 penalty = 0.00 area = 44.79% wirelength = 100.00%
Best update !!! M1 cost=486885 penalty = 0.00 area = 44.79% wirelength = 100.00%
Best update !!! M1 cost=486857 penalty = 0.00 area = 44.80% wirelength = 100.00%
Best update !!! M1 cost=486845 penalty = 0.00 area = 44.80% wirelength = 100.00%
Best update !!! M1 cost=486664 penalty = 0.00 area = 44.81% wirelength = 100.00%
Best update !!! M1 cost=486572 penalty = 0.00 area = 44.82% wirelength = 100.00%
Best update !!! M1 cost=486438 penalty = 0.00 area = 44.83% wirelength = 100.00%
Best update !!! M1 cost=486424 penalty = 0.00 area = 44.84% wirelength = 100.00%
Best update !!! M1 cost=486421 penalty = 0.00 area = 44.84% wirelength = 100.00%
Best update !!! M1 cost=486296 penalty = 0.00 area = 44.85% wirelength = 100.00%
Best update !!! M1 cost=486279 penalty = 0.00 area = 44.85% wirelength = 100.00%
Best update !!! M1 cost=486258 penalty = 0.00 area = 44.85% wirelength = 100.00%
Best update !!! M1 cost=486202 penalty = 0.00 area = 44.86% wirelength = 100.00%
Best update !!! M1 cost=486194 penalty = 0.00 area = 44.86% wirelength = 100.00%
Best update !!! M1 cost=486185 penalty = 0.00 area = 44.86% wirelength = 100.00%
Best update !!! M1 cost=486109 penalty = 0.00 area = 44.86% wirelength = 100.00%
Best update !!! M1 cost=485979 penalty = 0.00 area = 44.88% wirelength = 100.00%
Best update !!! M1 cost=485831 penalty = 0.00 area = 44.89% wirelength = 100.00%
Best update !!! M1 cost=485827 penalty = 0.00 area = 44.89% wirelength = 100.00%
Best update !!! M1 cost=485812 penalty = 0.00 area = 44.89% wirelength = 100.00%
Best update !!! M1 cost=485619 penalty = 0.00 area = 44.91% wirelength = 100.00%
Best update !!! M2 cost=485606 penalty = 0.00 area = 44.91% wirelength = 100.00%
Best update !!! M1 cost=485586 penalty = 0.00 area = 44.91% wirelength = 100.00%
Best update !!! M1 cost=485351 penalty = 0.00 area = 44.93% wirelength = 100.00%
Best update !!! M1 cost=485222 penalty = 0.00 area = 44.95% wirelength = 100.00%
Best update !!! M1 cost=484984 penalty = 0.00 area = 44.97% wirelength = 100.00%
Best update !!! M1 cost=484946 penalty = 0.00 area = 44.97% wirelength = 100.00%
Best update !!! M1 cost=484813 penalty = 0.00 area = 44.98% wirelength = 100.00%
Best update !!! M1 cost=484671 penalty = 0.00 area = 45.00% wirelength = 100.00%
Best update !!! M1 cost=484592 penalty = 0.00 area = 45.00% wirelength = 100.00%
Best update !!! M1 cost=484544 penalty = 0.00 area = 45.01% wirelength = 100.00%
Best update !!! M1 cost=484445 penalty = 0.00 area = 45.02% wirelength = 100.00%
Best update !!! M1 cost=484437 penalty = 0.00 area = 45.02% wirelength = 100.00%
Best update !!! M1 cost=484346 penalty = 0.00 area = 45.03% wirelength = 100.00%
Best update !!! M1 cost=484316 penalty = 0.00 area = 45.03% wirelength = 100.00%
Best update !!! M1 cost=484155 penalty = 0.00 area = 45.05% wirelength = 100.00%
Best update !!! M1 cost=484021 penalty = 0.00 area = 45.06% wirelength = 100.00%
Best update !!! M1 cost=483797 penalty = 0.00 area = 45.08% wirelength = 100.00%
Best update !!! M1 cost=483655 penalty = 0.00 area = 45.09% wirelength = 100.00%
Best update !!! M1 cost=483577 penalty = 0.00 area = 45.10% wirelength = 100.00%
Best update !!! M1 cost=483563 penalty = 0.00 area = 45.10% wirelength = 100.00%
Best update !!! M1 cost=483547 penalty = 0.00 area = 45.10% wirelength = 100.00%
Best update !!! M1 cost=483542 penalty = 0.00 area = 45.10% wirelength = 100.00%
Best update !!! M1 cost=483466 penalty = 0.00 area = 45.11% wirelength = 100.00%
Best update !!! M1 cost=483340 penalty = 0.00 area = 45.12% wirelength = 100.00%
Best update !!! M1 cost=483183 penalty = 0.00 area = 45.14% wirelength = 100.00%
Best update !!! M1 cost=483114 penalty = 0.00 area = 45.14% wirelength = 100.00%
Best update !!! M1 cost=483111 penalty = 0.00 area = 45.14% wirelength = 100.00%
Best update !!! M1 cost=483103 penalty = 0.00 area = 45.14% wirelength = 100.00%
Best update !!! M1 cost=483038 penalty = 0.00 area = 45.15% wirelength = 100.00%
Best update !!! M1 cost=482978 penalty = 0.00 area = 45.16% wirelength = 100.00%
Best update !!! M1 cost=482935 penalty = 0.00 area = 45.16% wirelength = 100.00%
Best update !!! M1 cost=482928 penalty = 0.00 area = 45.16% wirelength = 100.00%
Best update !!! M1 cost=482810 penalty = 0.00 area = 45.17% wirelength = 100.00%
Best update !!! M1 cost=482755 penalty = 0.00 area = 45.18% wirelength = 100.00%
Best update !!! M1 cost=482724 penalty = 0.00 area = 45.18% wirelength = 100.00%
Best update !!! M1 cost=482692 penalty = 0.00 area = 45.18% wirelength = 100.00%
Best update !!! M1 cost=482659 penalty = 0.00 area = 45.18% wirelength = 100.00%
Best update !!! M1 cost=482478 penalty = 0.00 area = 45.20% wirelength = 100.00%
Best update !!! M1 cost=482410 penalty = 0.00 area = 45.21% wirelength = 100.00%
Best update !!! M1 cost=482340 penalty = 0.00 area = 45.21% wirelength = 100.00%
Best update !!! M1 cost=482336 penalty = 0.00 area = 45.22% wirelength = 100.00%
Best update !!! M1 cost=482297 penalty = 0.00 area = 45.22% wirelength = 100.00%
Best update !!! M2 cost=482273 penalty = 0.00 area = 45.22% wirelength = 100.00%
Best update !!! M2 cost=482076 penalty = 0.00 area = 45.24% wirelength = 100.00%
Best update !!! M1 cost=482062 penalty = 0.00 area = 45.24% wirelength = 100.00%
Best update !!! M1 cost=481947 penalty = 0.00 area = 45.25% wirelength = 100.00%
Best update !!! M1 cost=481884 penalty = 0.00 area = 45.26% wirelength = 100.00%
Best update !!! M1 cost=481761 penalty = 0.00 area = 45.27% wirelength = 100.00%
Best update !!! M1 cost=481717 penalty = 0.00 area = 45.27% wirelength = 100.00%
Best update !!! M1 cost=481631 penalty = 0.00 area = 45.28% wirelength = 100.00%
Best update !!! M1 cost=481538 penalty = 0.00 area = 45.29% wirelength = 100.00%
Best update !!! M1 cost=481532 penalty = 0.00 area = 45.29% wirelength = 100.00%
Best update !!! M1 cost=481521 penalty = 0.00 area = 45.29% wirelength = 100.00%
Best update !!! M2 cost=481497 penalty = 0.00 area = 45.29% wirelength = 100.00%
Best update !!! M1 cost=481340 penalty = 0.00 area = 45.31% wirelength = 100.00%
Best update !!! M1 cost=481192 penalty = 0.00 area = 45.32% wirelength = 100.00%
Best update !!! M1 cost=481109 penalty = 0.00 area = 45.33% wirelength = 100.00%
Best update !!! M1 cost=481079 penalty = 0.00 area = 45.33% wirelength = 100.00%
Best update !!! M1 cost=481064 penalty = 0.00 area = 45.33% wirelength = 100.00%
Best update !!! M1 cost=481006 penalty = 0.00 area = 45.34% wirelength = 100.00%
Best update !!! M1 cost=480970 penalty = 0.00 area = 45.34% wirelength = 100.00%
Best update !!! M1 cost=480952 penalty = 0.00 area = 45.35% wirelength = 100.00%
Best update !!! M1 cost=480550 penalty = 0.00 area = 45.38% wirelength = 100.00%
Best update !!! M1 cost=480544 penalty = 0.00 area = 45.38% wirelength = 100.00%
Best update !!! M1 cost=480394 penalty = 0.00 area = 45.40% wirelength = 100.00%
Best update !!! M1 cost=480349 penalty = 0.00 area = 45.40% wirelength = 100.00%
Best update !!! M1 cost=480332 penalty = 0.00 area = 45.40% wirelength = 100.00%
Best update !!! M2 cost=480248 penalty = 0.00 area = 45.41% wirelength = 100.00%
Best update !!! M1 cost=480136 penalty = 0.00 area = 45.42% wirelength = 100.00%
Best update !!! M1 cost=480128 penalty = 0.00 area = 45.42% wirelength = 100.00%
Best update !!! M3 cost=480110 penalty = 0.00 area = 45.42% wirelength = 100.00%
Best update !!! M1 cost=480050 penalty = 0.00 area = 45.43% wirelength = 100.00%
Best update !!! M1 cost=480016 penalty = 0.00 area = 45.43% wirelength = 100.00%
Best update !!! M1 cost=479758 penalty = 0.00 area = 45.46% wirelength = 100.00%
Best update !!! M1 cost=479696 penalty = 0.00 area = 45.46% wirelength = 100.00%
Best update !!! M1 cost=479657 penalty = 0.00 area = 45.47% wirelength = 100.00%
Best update !!! M1 cost=479564 penalty = 0.00 area = 45.48% wirelength = 100.00%
Best update !!! M1 cost=479556 penalty = 0.00 area = 45.48% wirelength = 100.00%
Best update !!! M1 cost=479546 penalty = 0.00 area = 45.48% wirelength = 100.00%
Best update !!! M1 cost=479519 penalty = 0.00 area = 45.48% wirelength = 100.00%
Best update !!! M1 cost=479463 penalty = 0.00 area = 45.49% wirelength = 100.00%
Best update !!! M1 cost=479367 penalty = 0.00 area = 45.50% wirelength = 100.00%
Best update !!! M1 cost=479291 penalty = 0.00 area = 45.50% wirelength = 100.00%
Best update !!! M1 cost=479217 penalty = 0.00 area = 45.51% wirelength = 100.00%
Best update !!! M1 cost=478968 penalty = 0.00 area = 45.53% wirelength = 100.00%
Best update !!! M1 cost=478930 penalty = 0.00 area = 45.54% wirelength = 100.00%
Best update !!! M1 cost=478907 penalty = 0.00 area = 45.54% wirelength = 100.00%
Best update !!! M1 cost=478883 penalty = 0.00 area = 45.54% wirelength = 100.00%
Best update !!! M1 cost=478872 penalty = 0.00 area = 45.54% wirelength = 100.00%
Best update !!! M1 cost=478846 penalty = 0.00 area = 45.54% wirelength = 100.00%
Best update !!! M1 cost=478601 penalty = 0.00 area = 45.57% wirelength = 100.00%
Best update !!! M1 cost=478522 penalty = 0.00 area = 45.58% wirelength = 100.00%
Best update !!! M1 cost=478479 penalty = 0.00 area = 45.58% wirelength = 100.00%
Best update !!! M1 cost=478444 penalty = 0.00 area = 45.58% wirelength = 100.00%
Best update !!! M1 cost=478257 penalty = 0.00 area = 45.60% wirelength = 100.00%
Best update !!! M1 cost=478200 penalty = 0.00 area = 45.61% wirelength = 100.00%
Best update !!! M1 cost=478088 penalty = 0.00 area = 45.62% wirelength = 100.00%
Best update !!! M1 cost=478045 penalty = 0.00 area = 45.62% wirelength = 100.00%
Best update !!! M1 cost=477977 penalty = 0.00 area = 45.63% wirelength = 100.00%
Best update !!! M1 cost=477868 penalty = 0.00 area = 45.64% wirelength = 100.00%
Best update !!! M1 cost=477851 penalty = 0.00 area = 45.64% wirelength = 100.00%
Best update !!! M1 cost=477777 penalty = 0.00 area = 45.65% wirelength = 100.00%
Best update !!! M1 cost=477673 penalty = 0.00 area = 45.66% wirelength = 100.00%
Best update !!! M1 cost=477638 penalty = 0.00 area = 45.66% wirelength = 100.00%
Best update !!! M1 cost=477607 penalty = 0.00 area = 45.66% wirelength = 100.00%
Best update !!! M1 cost=477559 penalty = 0.00 area = 45.67% wirelength = 100.00%
Best update !!! M1 cost=477350 penalty = 0.00 area = 45.69% wirelength = 100.00%
Best update !!! M1 cost=477300 penalty = 0.00 area = 45.69% wirelength = 100.00%
Best update !!! M1 cost=477133 penalty = 0.00 area = 45.71% wirelength = 100.00%
Best update !!! M1 cost=477085 penalty = 0.00 area = 45.71% wirelength = 100.00%
Best update !!! M1 cost=477062 penalty = 0.00 area = 45.72% wirelength = 100.00%
Best update !!! M1 cost=477049 penalty = 0.00 area = 45.72% wirelength = 100.00%
Best update !!! M1 cost=477031 penalty = 0.00 area = 45.72% wirelength = 100.00%
Best update !!! M1 cost=477010 penalty = 0.00 area = 45.72% wirelength = 100.00%
Best update !!! M1 cost=476996 penalty = 0.00 area = 45.72% wirelength = 100.00%
Best update !!! M1 cost=476826 penalty = 0.00 area = 45.74% wirelength = 100.00%
Best update !!! M1 cost=476808 penalty = 0.00 area = 45.74% wirelength = 100.00%
Best update !!! M1 cost=476752 penalty = 0.00 area = 45.74% wirelength = 100.00%
Best update !!! M1 cost=476704 penalty = 0.00 area = 45.75% wirelength = 100.00%
Best update !!! M1 cost=476680 penalty = 0.00 area = 45.75% wirelength = 100.00%
Best update !!! M1 cost=476407 penalty = 0.00 area = 45.78% wirelength = 100.00%
Best update !!! M1 cost=476369 penalty = 0.00 area = 45.78% wirelength = 100.00%
Best update !!! M1 cost=476321 penalty = 0.00 area = 45.79% wirelength = 100.00%
Best update !!! M1 cost=476290 penalty = 0.00 area = 45.79% wirelength = 100.00%
Best update !!! M1 cost=476254 penalty = 0.00 area = 45.79% wirelength = 100.00%
Best update !!! M1 cost=476163 penalty = 0.00 area = 45.80% wirelength = 100.00%
Best update !!! M1 cost=476112 penalty = 0.00 area = 45.81% wirelength = 100.00%
Best update !!! M2 cost=476074 penalty = 0.00 area = 45.81% wirelength = 100.00%
Best update !!! M1 cost=475865 penalty = 0.00 area = 45.83% wirelength = 100.00%
Best update !!! M1 cost=475855 penalty = 0.00 area = 45.83% wirelength = 100.00%
Best update !!! M1 cost=475852 penalty = 0.00 area = 45.83% wirelength = 100.00%
Best update !!! M1 cost=475841 penalty = 0.00 area = 45.83% wirelength = 100.00%
Best update !!! M1 cost=475820 penalty = 0.00 area = 45.83% wirelength = 100.00%
Best update !!! M1 cost=475793 penalty = 0.00 area = 45.84% wirelength = 100.00%
Best update !!! M1 cost=475734 penalty = 0.00 area = 45.84% wirelength = 100.00%
Best update !!! M1 cost=475702 penalty = 0.00 area = 45.85% wirelength = 100.00%
Best update !!! M1 cost=475603 penalty = 0.00 area = 45.86% wirelength = 100.00%
Best update !!! M1 cost=475470 penalty = 0.00 area = 45.87% wirelength = 100.00%
Best update !!! M1 cost=475459 penalty = 0.00 area = 45.87% wirelength = 100.00%
Best update !!! M1 cost=475430 penalty = 0.00 area = 45.87% wirelength = 100.00%
Best update !!! M1 cost=475229 penalty = 0.00 area = 45.89% wirelength = 100.00%
Best update !!! M2 cost=475228 penalty = 0.00 area = 45.89% wirelength = 100.00%
Best update !!! M1 cost=475196 penalty = 0.00 area = 45.89% wirelength = 100.00%
Best update !!! M1 cost=475150 penalty = 0.00 area = 45.90% wirelength = 100.00%
Best update !!! M1 cost=475147 penalty = 0.00 area = 45.90% wirelength = 100.00%
Best update !!! M1 cost=475086 penalty = 0.00 area = 45.91% wirelength = 100.00%
Best update !!! M1 cost=475056 penalty = 0.00 area = 45.91% wirelength = 100.00%
Best update !!! M1 cost=475037 penalty = 0.00 area = 45.91% wirelength = 100.00%
Best update !!! M1 cost=474997 penalty = 0.00 area = 45.91% wirelength = 100.00%
Best update !!! M1 cost=474908 penalty = 0.00 area = 45.92% wirelength = 100.00%
Best update !!! M1 cost=474897 penalty = 0.00 area = 45.92% wirelength = 100.00%
Best update !!! M1 cost=474871 penalty = 0.00 area = 45.93% wirelength = 100.00%
Best update !!! M1 cost=474859 penalty = 0.00 area = 45.93% wirelength = 100.00%
Best update !!! M1 cost=474837 penalty = 0.00 area = 45.93% wirelength = 100.00%
Best update !!! M1 cost=474824 penalty = 0.00 area = 45.93% wirelength = 100.00%
Best update !!! M1 cost=474781 penalty = 0.00 area = 45.93% wirelength = 100.00%
Best update !!! M1 cost=474769 penalty = 0.00 area = 45.94% wirelength = 100.00%
Best update !!! M1 cost=474736 penalty = 0.00 area = 45.94% wirelength = 100.00%
Best update !!! M1 cost=474723 penalty = 0.00 area = 45.94% wirelength = 100.00%
Best update !!! M1 cost=474549 penalty = 0.00 area = 45.96% wirelength = 100.00%
Best update !!! M1 cost=474477 penalty = 0.00 area = 45.96% wirelength = 100.00%
Best update !!! M1 cost=474473 penalty = 0.00 area = 45.96% wirelength = 100.00%
Best update !!! M1 cost=474404 penalty = 0.00 area = 45.97% wirelength = 100.00%
Best update !!! M2 cost=474272 penalty = 0.00 area = 45.98% wirelength = 100.00%
Best update !!! M1 cost=474253 penalty = 0.00 area = 45.99% wirelength = 100.00%
Best update !!! M1 cost=474082 penalty = 0.00 area = 46.00% wirelength = 100.00%
Best update !!! M1 cost=473965 penalty = 0.00 area = 46.01% wirelength = 100.00%
Best update !!! M1 cost=473843 penalty = 0.00 area = 46.03% wirelength = 100.00%
Best update !!! M1 cost=473823 penalty = 0.00 area = 46.03% wirelength = 100.00%
Best update !!! M1 cost=473789 penalty = 0.00 area = 46.03% wirelength = 100.00%
Best update !!! M1 cost=473702 penalty = 0.00 area = 46.04% wirelength = 100.00%
Best update !!! M1 cost=473686 penalty = 0.00 area = 46.04% wirelength = 100.00%
Best update !!! M1 cost=473638 penalty = 0.00 area = 46.05% wirelength = 100.00%
Best update !!! M1 cost=473630 penalty = 0.00 area = 46.05% wirelength = 100.00%
Best update !!! M1 cost=473603 penalty = 0.00 area = 46.05% wirelength = 100.00%
Best update !!! M1 cost=473536 penalty = 0.00 area = 46.06% wirelength = 100.00%
Best update !!! M1 cost=473522 penalty = 0.00 area = 46.06% wirelength = 100.00%
Best update !!! M1 cost=473299 penalty = 0.00 area = 46.08% wirelength = 100.00%
Best update !!! M1 cost=473215 penalty = 0.00 area = 46.09% wirelength = 100.00%
Best update !!! M1 cost=473200 penalty = 0.00 area = 46.09% wirelength = 100.00%
Best update !!! M1 cost=473189 penalty = 0.00 area = 46.09% wirelength = 100.00%
Best update !!! M1 cost=473126 penalty = 0.00 area = 46.10% wirelength = 100.00%
Best update !!! M1 cost=473101 penalty = 0.00 area = 46.10% wirelength = 100.00%
Best update !!! M1 cost=473007 penalty = 0.00 area = 46.11% wirelength = 100.00%
Best update !!! M1 cost=473001 penalty = 0.00 area = 46.11% wirelength = 100.00%
Best update !!! M1 cost=472983 penalty = 0.00 area = 46.11% wirelength = 100.00%
Best update !!! M1 cost=472901 penalty = 0.00 area = 46.12% wirelength = 100.00%
Best update !!! M1 cost=472799 penalty = 0.00 area = 46.13% wirelength = 100.00%
Best update !!! M1 cost=472798 penalty = 0.00 area = 46.13% wirelength = 100.00%
Best update !!! M1 cost=472713 penalty = 0.00 area = 46.14% wirelength = 100.00%
Best update !!! M1 cost=472672 penalty = 0.00 area = 46.14% wirelength = 100.00%
Best update !!! M1 cost=472669 penalty = 0.00 area = 46.14% wirelength = 100.00%
Best update !!! M1 cost=472651 penalty = 0.00 area = 46.14% wirelength = 100.00%
Best update !!! M1 cost=472630 penalty = 0.00 area = 46.14% wirelength = 100.00%
Best update !!! M1 cost=472599 penalty = 0.00 area = 46.15% wirelength = 100.00%
Best update !!! M1 cost=472594 penalty = 0.00 area = 46.15% wirelength = 100.00%
Best update !!! M1 cost=472525 penalty = 0.00 area = 46.15% wirelength = 100.00%
Best update !!! M1 cost=472504 penalty = 0.00 area = 46.16% wirelength = 100.00%
Best update !!! M1 cost=472438 penalty = 0.00 area = 46.16% wirelength = 100.00%
Best update !!! M1 cost=472402 penalty = 0.00 area = 46.17% wirelength = 100.00%
Best update !!! M1 cost=472294 penalty = 0.00 area = 46.18% wirelength = 100.00%
Best update !!! M3 cost=472200 penalty = 0.00 area = 46.19% wirelength = 100.00%
Best update !!! M1 cost=472151 penalty = 0.00 area = 46.19% wirelength = 100.00%
Best update !!! M1 cost=472133 penalty = 0.00 area = 46.19% wirelength = 100.00%
Best update !!! M1 cost=472082 penalty = 0.00 area = 46.20% wirelength = 100.00%
Best update !!! M1 cost=472029 penalty = 0.00 area = 46.20% wirelength = 100.00%
Best update !!! M1 cost=471956 penalty = 0.00 area = 46.21% wirelength = 100.00%
Best update !!! M1 cost=471943 penalty = 0.00 area = 46.21% wirelength = 100.00%
Best update !!! M1 cost=471903 penalty = 0.00 area = 46.21% wirelength = 100.00%
Best update !!! M1 cost=471789 penalty = 0.00 area = 46.23% wirelength = 100.00%
Best update !!! M1 cost=471617 penalty = 0.00 area = 46.24% wirelength = 100.00%
Best update !!! M1 cost=471528 penalty = 0.00 area = 46.25% wirelength = 100.00%
Best update !!! M1 cost=471499 penalty = 0.00 area = 46.25% wirelength = 100.00%
Best update !!! M1 cost=471418 penalty = 0.00 area = 46.26% wirelength = 100.00%
Best update !!! M1 cost=471344 penalty = 0.00 area = 46.27% wirelength = 100.00%
Best update !!! M1 cost=471316 penalty = 0.00 area = 46.27% wirelength = 100.00%
Best update !!! M1 cost=471301 penalty = 0.00 area = 46.27% wirelength = 100.00%
Best update !!! M1 cost=471279 penalty = 0.00 area = 46.28% wirelength = 100.00%
Best update !!! M1 cost=471204 penalty = 0.00 area = 46.28% wirelength = 100.00%
Best update !!! M1 cost=471143 penalty = 0.00 area = 46.29% wirelength = 100.00%
Best update !!! M1 cost=471019 penalty = 0.00 area = 46.30% wirelength = 100.00%
Best update !!! M1 cost=470974 penalty = 0.00 area = 46.31% wirelength = 100.00%
Best update !!! M1 cost=470971 penalty = 0.00 area = 46.31% wirelength = 100.00%
Best update !!! M1 cost=470849 penalty = 0.00 area = 46.32% wirelength = 100.00%
Best update !!! M1 cost=470808 penalty = 0.00 area = 46.32% wirelength = 100.00%
Best update !!! M1 cost=470803 penalty = 0.00 area = 46.32% wirelength = 100.00%
Best update !!! M1 cost=470714 penalty = 0.00 area = 46.33% wirelength = 100.00%
Best update !!! M1 cost=470565 penalty = 0.00 area = 46.35% wirelength = 100.00%
Best update !!! M1 cost=470560 penalty = 0.00 area = 46.35% wirelength = 100.00%
Best update !!! M1 cost=470554 penalty = 0.00 area = 46.35% wirelength = 100.00%
Best update !!! M3 cost=470437 penalty = 0.00 area = 46.36% wirelength = 100.00%
Best update !!! M1 cost=470410 penalty = 0.00 area = 46.36% wirelength = 100.00%
Best update !!! M1 cost=470376 penalty = 0.00 area = 46.36% wirelength = 100.00%
Best update !!! M1 cost=470302 penalty = 0.00 area = 46.37% wirelength = 100.00%
Best update !!! M1 cost=470224 penalty = 0.00 area = 46.38% wirelength = 100.00%
Best update !!! M1 cost=470109 penalty = 0.00 area = 46.39% wirelength = 100.00%
Best update !!! M1 cost=470011 penalty = 0.00 area = 46.40% wirelength = 100.00%
Best update !!! M1 cost=469966 penalty = 0.00 area = 46.41% wirelength = 100.00%
Best update !!! M1 cost=469802 penalty = 0.00 area = 46.42% wirelength = 100.00%
Best update !!! M1 cost=469786 penalty = 0.00 area = 46.42% wirelength = 100.00%
Best update !!! M2 cost=469779 penalty = 0.00 area = 46.42% wirelength = 100.00%
Best update !!! M1 cost=469686 penalty = 0.00 area = 46.43% wirelength = 100.00%
Best update !!! M1 cost=469598 penalty = 0.00 area = 46.44% wirelength = 100.00%
Best update !!! M1 cost=469447 penalty = 0.00 area = 46.46% wirelength = 100.00%
Best update !!! M1 cost=469386 penalty = 0.00 area = 46.46% wirelength = 100.00%
Best update !!! M1 cost=469369 penalty = 0.00 area = 46.46% wirelength = 100.00%
Best update !!! M1 cost=469339 penalty = 0.00 area = 46.47% wirelength = 100.00%
Best update !!! M1 cost=469225 penalty = 0.00 area = 46.48% wirelength = 100.00%
Best update !!! M1 cost=469222 penalty = 0.00 area = 46.48% wirelength = 100.00%
Best update !!! M1 cost=469203 penalty = 0.00 area = 46.48% wirelength = 100.00%
Best update !!! M1 cost=469181 penalty = 0.00 area = 46.48% wirelength = 100.00%
Best update !!! M1 cost=469118 penalty = 0.00 area = 46.49% wirelength = 100.00%
Best update !!! M1 cost=469070 penalty = 0.00 area = 46.49% wirelength = 100.00%
Best update !!! M1 cost=469065 penalty = 0.00 area = 46.49% wirelength = 100.00%
Best update !!! M1 cost=469031 penalty = 0.00 area = 46.50% wirelength = 100.00%
Best update !!! M1 cost=468991 penalty = 0.00 area = 46.50% wirelength = 100.00%
Best update !!! M1 cost=468990 penalty = 0.00 area = 46.50% wirelength = 100.00%
Best update !!! M1 cost=468987 penalty = 0.00 area = 46.50% wirelength = 100.00%
Best update !!! M1 cost=468979 penalty = 0.00 area = 46.50% wirelength = 100.00%
Best update !!! M1 cost=468934 penalty = 0.00 area = 46.51% wirelength = 100.00%
Best update !!! M1 cost=468922 penalty = 0.00 area = 46.51% wirelength = 100.00%
Best update !!! M1 cost=468897 penalty = 0.00 area = 46.51% wirelength = 100.00%
Best update !!! M1 cost=468844 penalty = 0.00 area = 46.52% wirelength = 100.00%
Best update !!! M1 cost=468755 penalty = 0.00 area = 46.53% wirelength = 100.00%
Best update !!! M1 cost=468724 penalty = 0.00 area = 46.53% wirelength = 100.00%
Best update !!! M1 cost=468694 penalty = 0.00 area = 46.53% wirelength = 100.00%
Best update !!! M1 cost=468661 penalty = 0.00 area = 46.53% wirelength = 100.00%
Best update !!! M1 cost=468509 penalty = 0.00 area = 46.55% wirelength = 100.00%
Best update !!! M1 cost=468457 penalty = 0.00 area = 46.55% wirelength = 100.00%
Best update !!! M1 cost=468431 penalty = 0.00 area = 46.56% wirelength = 100.00%
Best update !!! M1 cost=468409 penalty = 0.00 area = 46.56% wirelength = 100.00%
Best update !!! M1 cost=468266 penalty = 0.00 area = 46.57% wirelength = 100.00%
Best update !!! M1 cost=468211 penalty = 0.00 area = 46.58% wirelength = 100.00%
Best update !!! M1 cost=468114 penalty = 0.00 area = 46.59% wirelength = 100.00%
Best update !!! M1 cost=468074 penalty = 0.00 area = 46.59% wirelength = 100.00%
Best update !!! M1 cost=467986 penalty = 0.00 area = 46.60% wirelength = 100.00%
Best update !!! M1 cost=467967 penalty = 0.00 area = 46.60% wirelength = 100.00%
Best update !!! M1 cost=467947 penalty = 0.00 area = 46.61% wirelength = 100.00%
Best update !!! M1 cost=467922 penalty = 0.00 area = 46.61% wirelength = 100.00%
Best update !!! M1 cost=467889 penalty = 0.00 area = 46.61% wirelength = 100.00%
Best update !!! M1 cost=467884 penalty = 0.00 area = 46.61% wirelength = 100.00%
Best update !!! M1 cost=467880 penalty = 0.00 area = 46.61% wirelength = 100.00%
Best update !!! M1 cost=467844 penalty = 0.00 area = 46.62% wirelength = 100.00%
Best update !!! M1 cost=467735 penalty = 0.00 area = 46.63% wirelength = 100.00%
Best update !!! M1 cost=467590 penalty = 0.00 area = 46.64% wirelength = 100.00%
Best update !!! M1 cost=467570 penalty = 0.00 area = 46.64% wirelength = 100.00%
Best update !!! M1 cost=467564 penalty = 0.00 area = 46.64% wirelength = 100.00%
Best update !!! M1 cost=467554 penalty = 0.00 area = 46.64% wirelength = 100.00%
Best update !!! M1 cost=467520 penalty = 0.00 area = 46.65% wirelength = 100.00%
Best update !!! M1 cost=467405 penalty = 0.00 area = 46.66% wirelength = 100.00%
Best update !!! M1 cost=467389 penalty = 0.00 area = 46.66% wirelength = 100.00%
Best update !!! M1 cost=467377 penalty = 0.00 area = 46.66% wirelength = 100.00%
Best update !!! M1 cost=467372 penalty = 0.00 area = 46.66% wirelength = 100.00%
Best update !!! M1 cost=467354 penalty = 0.00 area = 46.66% wirelength = 100.00%
Best update !!! M1 cost=467308 penalty = 0.00 area = 46.67% wirelength = 100.00%
Best update !!! M1 cost=467299 penalty = 0.00 area = 46.67% wirelength = 100.00%
Best update !!! M1 cost=467196 penalty = 0.00 area = 46.68% wirelength = 100.00%
Best update !!! M1 cost=467184 penalty = 0.00 area = 46.68% wirelength = 100.00%
Best update !!! M1 cost=467035 penalty = 0.00 area = 46.70% wirelength = 100.00%
Best update !!! M1 cost=467030 penalty = 0.00 area = 46.70% wirelength = 100.00%
Best update !!! M1 cost=466871 penalty = 0.00 area = 46.71% wirelength = 100.00%
Best update !!! M1 cost=466870 penalty = 0.00 area = 46.71% wirelength = 100.00%
Best update !!! M1 cost=466657 penalty = 0.00 area = 46.73% wirelength = 100.00%
Best update !!! M2 cost=466592 penalty = 0.00 area = 46.74% wirelength = 100.00%
Best update !!! M1 cost=466585 penalty = 0.00 area = 46.74% wirelength = 100.00%
Best update !!! M1 cost=466563 penalty = 0.00 area = 46.74% wirelength = 100.00%
Best update !!! M1 cost=466557 penalty = 0.00 area = 46.74% wirelength = 100.00%
Best update !!! M1 cost=466552 penalty = 0.00 area = 46.74% wirelength = 100.00%
Best update !!! M1 cost=466351 penalty = 0.00 area = 46.76% wirelength = 100.00%
Best update !!! M1 cost=466347 penalty = 0.00 area = 46.77% wirelength = 100.00%
Best update !!! M1 cost=466329 penalty = 0.00 area = 46.77% wirelength = 100.00%
Best update !!! M1 cost=466288 penalty = 0.00 area = 46.77% wirelength = 100.00%
Best update !!! M1 cost=466277 penalty = 0.00 area = 46.77% wirelength = 100.00%
Best update !!! M1 cost=466261 penalty = 0.00 area = 46.77% wirelength = 100.00%
Best update !!! M1 cost=466226 penalty = 0.00 area = 46.78% wirelength = 100.00%
Best update !!! M1 cost=466186 penalty = 0.00 area = 46.78% wirelength = 100.00%
Best update !!! M1 cost=466124 penalty = 0.00 area = 46.79% wirelength = 100.00%
Best update !!! M1 cost=466122 penalty = 0.00 area = 46.79% wirelength = 100.00%
Best update !!! M1 cost=466111 penalty = 0.00 area = 46.79% wirelength = 100.00%
Best update !!! M1 cost=466090 penalty = 0.00 area = 46.79% wirelength = 100.00%
Best update !!! M1 cost=466059 penalty = 0.00 area = 46.79% wirelength = 100.00%
Best update !!! M1 cost=465994 penalty = 0.00 area = 46.80% wirelength = 100.00%
Best update !!! M1 cost=465979 penalty = 0.00 area = 46.80% wirelength = 100.00%
Best update !!! M1 cost=465950 penalty = 0.00 area = 46.81% wirelength = 100.00%
Best update !!! M1 cost=465919 penalty = 0.00 area = 46.81% wirelength = 100.00%
Best update !!! M1 cost=465865 penalty = 0.00 area = 46.81% wirelength = 100.00%
Best update !!! M2 cost=465857 penalty = 0.00 area = 46.81% wirelength = 100.00%
Best update !!! M1 cost=465788 penalty = 0.00 area = 46.82% wirelength = 100.00%
Best update !!! M1 cost=465761 penalty = 0.00 area = 46.82% wirelength = 100.00%
Best update !!! M1 cost=465757 penalty = 0.00 area = 46.82% wirelength = 100.00%
Best update !!! M1 cost=465755 penalty = 0.00 area = 46.82% wirelength = 100.00%
Best update !!! M1 cost=465676 penalty = 0.00 area = 46.83% wirelength = 100.00%
Best update !!! M1 cost=465667 penalty = 0.00 area = 46.83% wirelength = 100.00%
Best update !!! M1 cost=465656 penalty = 0.00 area = 46.83% wirelength = 100.00%
Best update !!! M1 cost=465648 penalty = 0.00 area = 46.84% wirelength = 100.00%
Best update !!! M1 cost=465640 penalty = 0.00 area = 46.84% wirelength = 100.00%
Best update !!! M1 cost=465625 penalty = 0.00 area = 46.84% wirelength = 100.00%
Best update !!! M1 cost=465623 penalty = 0.00 area = 46.84% wirelength = 100.00%
Best update !!! M1 cost=465576 penalty = 0.00 area = 46.84% wirelength = 100.00%
Best update !!! M1 cost=465557 penalty = 0.00 area = 46.84% wirelength = 100.00%
Best update !!! M1 cost=465494 penalty = 0.00 area = 46.85% wirelength = 100.00%
Best update !!! M1 cost=465461 penalty = 0.00 area = 46.85% wirelength = 100.00%
Best update !!! M1 cost=465438 penalty = 0.00 area = 46.86% wirelength = 100.00%
Best update !!! M1 cost=465423 penalty = 0.00 area = 46.86% wirelength = 100.00%
Best update !!! M1 cost=465403 penalty = 0.00 area = 46.86% wirelength = 100.00%
Best update !!! M1 cost=465395 penalty = 0.00 area = 46.86% wirelength = 100.00%
Best update !!! M1 cost=465356 penalty = 0.00 area = 46.86% wirelength = 100.00%
Best update !!! M1 cost=465306 penalty = 0.00 area = 46.87% wirelength = 100.00%
Best update !!! M1 cost=465250 penalty = 0.00 area = 46.88% wirelength = 100.00%
Best update !!! M1 cost=465202 penalty = 0.00 area = 46.88% wirelength = 100.00%
Best update !!! M1 cost=465201 penalty = 0.00 area = 46.88% wirelength = 100.00%
Best update !!! M1 cost=465142 penalty = 0.00 area = 46.89% wirelength = 100.00%
Best update !!! M1 cost=465136 penalty = 0.00 area = 46.89% wirelength = 100.00%
Best update !!! M1 cost=465135 penalty = 0.00 area = 46.89% wirelength = 100.00%
Best update !!! M1 cost=465060 penalty = 0.00 area = 46.89% wirelength = 100.00%
Best update !!! M1 cost=465009 penalty = 0.00 area = 46.90% wirelength = 100.00%
Best update !!! M1 cost=465000 penalty = 0.00 area = 46.90% wirelength = 100.00%
Best update !!! M1 cost=464946 penalty = 0.00 area = 46.91% wirelength = 100.00%
Best update !!! M2 cost=464919 penalty = 0.00 area = 46.91% wirelength = 100.00%
Best update !!! M1 cost=464900 penalty = 0.00 area = 46.91% wirelength = 100.00%
Best update !!! M1 cost=464783 penalty = 0.00 area = 46.92% wirelength = 100.00%
Best update !!! M1 cost=464746 penalty = 0.00 area = 46.93% wirelength = 100.00%
Best update !!! M1 cost=464704 penalty = 0.00 area = 46.93% wirelength = 100.00%
Best update !!! M1 cost=464666 penalty = 0.00 area = 46.93% wirelength = 100.00%
Best update !!! M1 cost=464658 penalty = 0.00 area = 46.94% wirelength = 100.00%
Best update !!! M1 cost=464636 penalty = 0.00 area = 46.94% wirelength = 100.00%
Best update !!! M1 cost=464547 penalty = 0.00 area = 46.95% wirelength = 100.00%
Best update !!! M1 cost=464495 penalty = 0.00 area = 46.95% wirelength = 100.00%
Best update !!! M2 cost=464457 penalty = 0.00 area = 46.96% wirelength = 100.00%
Best update !!! M1 cost=464368 penalty = 0.00 area = 46.96% wirelength = 100.00%
Best update !!! M1 cost=464366 penalty = 0.00 area = 46.96% wirelength = 100.00%
Best update !!! M1 cost=464326 penalty = 0.00 area = 46.97% wirelength = 100.00%
Best update !!! M1 cost=464314 penalty = 0.00 area = 46.97% wirelength = 100.00%
Best update !!! M1 cost=464271 penalty = 0.00 area = 46.97% wirelength = 100.00%
Best update !!! M1 cost=464265 penalty = 0.00 area = 46.98% wirelength = 100.00%
Best update !!! M1 cost=464263 penalty = 0.00 area = 46.98% wirelength = 100.00%
Best update !!! M1 cost=464246 penalty = 0.00 area = 46.98% wirelength = 100.00%
Best update !!! M1 cost=464215 penalty = 0.00 area = 46.98% wirelength = 100.00%
Best update !!! M1 cost=464196 penalty = 0.00 area = 46.98% wirelength = 100.00%
Best update !!! M1 cost=464195 penalty = 0.00 area = 46.98% wirelength = 100.00%
Best update !!! M1 cost=464189 penalty = 0.00 area = 46.98% wirelength = 100.00%
Best update !!! M1 cost=464177 penalty = 0.00 area = 46.98% wirelength = 100.00%
Best update !!! M1 cost=464151 penalty = 0.00 area = 46.99% wirelength = 100.00%
Best update !!! M1 cost=464116 penalty = 0.00 area = 46.99% wirelength = 100.00%
Best update !!! M1 cost=464094 penalty = 0.00 area = 46.99% wirelength = 100.00%
Best update !!! M1 cost=464059 penalty = 0.00 area = 47.00% wirelength = 100.00%
Best update !!! M1 cost=464030 penalty = 0.00 area = 47.00% wirelength = 100.00%
Best update !!! M1 cost=463994 penalty = 0.00 area = 47.00% wirelength = 100.00%
Best update !!! M1 cost=463983 penalty = 0.00 area = 47.00% wirelength = 100.00%
Best update !!! M1 cost=463912 penalty = 0.00 area = 47.01% wirelength = 100.00%
Best update !!! M1 cost=463905 penalty = 0.00 area = 47.01% wirelength = 100.00%
Best update !!! M1 cost=463866 penalty = 0.00 area = 47.02% wirelength = 100.00%
Best update !!! M1 cost=463864 penalty = 0.00 area = 47.02% wirelength = 100.00%
Best update !!! M1 cost=463860 penalty = 0.00 area = 47.02% wirelength = 100.00%
Best update !!! M1 cost=463843 penalty = 0.00 area = 47.02% wirelength = 100.00%
Best update !!! M1 cost=463837 penalty = 0.00 area = 47.02% wirelength = 100.00%
Best update !!! M1 cost=463832 penalty = 0.00 area = 47.02% wirelength = 100.00%
Best update !!! M1 cost=463809 penalty = 0.00 area = 47.02% wirelength = 100.00%
Best update !!! M1 cost=463789 penalty = 0.00 area = 47.02% wirelength = 100.00%
Best update !!! M1 cost=463780 penalty = 0.00 area = 47.02% wirelength = 100.00%
Best update !!! M1 cost=463777 penalty = 0.00 area = 47.02% wirelength = 100.00%
Best update !!! M1 cost=463775 penalty = 0.00 area = 47.02% wirelength = 100.00%
Best update !!! M1 cost=463764 penalty = 0.00 area = 47.03% wirelength = 100.00%
Best update !!! M1 cost=463761 penalty = 0.00 area = 47.03% wirelength = 100.00%
Best update !!! M1 cost=463753 penalty = 0.00 area = 47.03% wirelength = 100.00%
Best update !!! M1 cost=463741 penalty = 0.00 area = 47.03% wirelength = 100.00%
Best update !!! M1 cost=463730 penalty = 0.00 area = 47.03% wirelength = 100.00%
Best update !!! M1 cost=463728 penalty = 0.00 area = 47.03% wirelength = 100.00%
Best update !!! M2 cost=463723 penalty = 0.00 area = 47.03% wirelength = 100.00%
Best update !!! M1 cost=463720 penalty = 0.00 area = 47.03% wirelength = 100.00%
Best update !!! M1 cost=463716 penalty = 0.00 area = 47.03% wirelength = 100.00%
Best update !!! M1 cost=463713 penalty = 0.00 area = 47.03% wirelength = 100.00%
Best update !!! M1 cost=463707 penalty = 0.00 area = 47.03% wirelength = 100.00%
Best update !!! M1 cost=463705 penalty = 0.00 area = 47.03% wirelength = 100.00%
Best update !!! M1 cost=463698 penalty = 0.00 area = 47.03% wirelength = 100.00%
Best update !!! M1 cost=463696 penalty = 0.00 area = 47.03% wirelength = 100.00%
Best update !!! M1 cost=463690 penalty = 0.00 area = 47.03% wirelength = 100.00%
Best update !!! M1 cost=463684 penalty = 0.00 area = 47.03% wirelength = 100.00%
Best update !!! M1 cost=463679 penalty = 0.00 area = 47.03% wirelength = 100.00%
Best update !!! M1 cost=463677 penalty = 0.00 area = 47.03% wirelength = 100.00%
Final cost = 463677.00 Penalty = 0.00 area = 47.03% wirelength = 100.00%
The total HPWL = 463677
Total time used = 596s
