Invalid b
Default b = 173
Out file = ../output/public21.out
hb198 hb199 V hb197 V hb13 V hb64 V hb57 V hb46 V hb186 V hb85 V hb101 V hb51 hb163 V hb3 V hb167 V hb142 V hb112 V hb169 V hb9 V hb55 V hb129 V hb28 V hb143 V hb15 V hb59 V hb96 V H hb87 hb120 V hb170 V hb10 V hb107 V hb179 V hb130 V hb62 V hb90 V hb121 V hb145 V hb21 V hb185 V hb91 V hb42 V hb67 V H hb110 hb154 V hb88 V hb26 V hb193 V hb54 V hb194 V hb84 V hb78 V hb93 V hb113 V hb122 V hb12 V hb71 V hb92 V hb157 V H hb191 hb181 V hb50 V hb39 V hb156 V hb105 V hb116 V hb173 V hb58 V hb40 V hb165 V hb2 V hb153 V hb49 V hb23 V hb43 V hb188 V H hb114 hb1 V hb106 V hb124 V hb22 V hb118 V hb196 V hb34 V hb102 V hb132 V hb69 V hb126 V hb73 V hb115 V hb45 V hb168 V hb117 V hb135 V hb83 V hb190 V hb183 V H hb31 hb29 V hb79 V hb52 V hb99 V hb33 V hb0 V hb119 V hb95 V hb160 V hb166 V hb70 V hb128 V hb11 V hb159 V hb131 V hb104 V hb25 V hb195 V hb63 V hb5 V hb89 V hb68 V H hb60 hb123 V hb171 V hb175 V hb141 V hb72 V hb27 V hb146 V hb61 V hb18 V hb108 V hb20 V hb35 V hb182 V hb152 V hb65 V hb38 V hb17 V hb139 V H hb82 hb103 V hb4 V hb32 V hb81 V hb164 V hb8 V hb177 V hb189 V hb172 V hb147 V hb66 V hb161 V hb150 V hb138 V hb162 V hb19 V hb144 V hb6 V hb74 V hb134 V hb125 V H hb158 hb192 V hb7 V hb36 V hb97 V hb100 V hb75 V hb151 V hb44 V hb30 V hb48 V hb98 V hb24 V hb148 V hb14 V hb174 V hb56 V hb86 V hb77 V hb136 V hb187 V hb127 V hb47 V hb149 V H hb16 hb109 V hb137 V hb180 V hb37 V hb178 V hb176 V hb184 V hb53 V hb111 V hb41 V hb94 V hb140 V hb80 V hb76 V hb133 V hb155 V H 
Initial cost = 38685250198 Penalty = 100.00% area = 0.00% wirelength =0.00%
The total HPWL = 557998
Total time used = 0s
Best update !!! M1 cost=555443 penalty = 0.00 area = 39.26% wirelength = 100.00%
Best update !!! M1 cost=555409 penalty = 0.00 area = 39.27% wirelength = 100.00%
Best update !!! M1 cost=555253 penalty = 0.00 area = 39.28% wirelength = 100.00%
Best update !!! M1 cost=555083 penalty = 0.00 area = 39.29% wirelength = 100.00%
Best update !!! M1 cost=555011 penalty = 0.00 area = 39.29% wirelength = 100.00%
Best update !!! M2 cost=554996 penalty = 0.00 area = 39.30% wirelength = 100.00%
Best update !!! M1 cost=554986 penalty = 0.00 area = 39.30% wirelength = 100.00%
Best update !!! M1 cost=554793 penalty = 0.00 area = 39.31% wirelength = 100.00%
Best update !!! M1 cost=554780 penalty = 0.00 area = 39.31% wirelength = 100.00%
Best update !!! M1 cost=554550 penalty = 0.00 area = 39.33% wirelength = 100.00%
Best update !!! M1 cost=554189 penalty = 0.00 area = 39.35% wirelength = 100.00%
Best update !!! M1 cost=554142 penalty = 0.00 area = 39.36% wirelength = 100.00%
Best update !!! M1 cost=553966 penalty = 0.00 area = 39.37% wirelength = 100.00%
Best update !!! M1 cost=553349 penalty = 0.00 area = 39.41% wirelength = 100.00%
Best update !!! M1 cost=553329 penalty = 0.00 area = 39.41% wirelength = 100.00%
Best update !!! M1 cost=553143 penalty = 0.00 area = 39.43% wirelength = 100.00%
Best update !!! M1 cost=552888 penalty = 0.00 area = 39.45% wirelength = 100.00%
Best update !!! M1 cost=552873 penalty = 0.00 area = 39.45% wirelength = 100.00%
Best update !!! M1 cost=552757 penalty = 0.00 area = 39.45% wirelength = 100.00%
Best update !!! M1 cost=552568 penalty = 0.00 area = 39.47% wirelength = 100.00%
Best update !!! M2 cost=552471 penalty = 0.00 area = 39.48% wirelength = 100.00%
Best update !!! M1 cost=552383 penalty = 0.00 area = 39.48% wirelength = 100.00%
Best update !!! M1 cost=552328 penalty = 0.00 area = 39.49% wirelength = 100.00%
Best update !!! M1 cost=552295 penalty = 0.00 area = 39.49% wirelength = 100.00%
Best update !!! M1 cost=551893 penalty = 0.00 area = 39.52% wirelength = 100.00%
Best update !!! M1 cost=551829 penalty = 0.00 area = 39.52% wirelength = 100.00%
Best update !!! M1 cost=551717 penalty = 0.00 area = 39.53% wirelength = 100.00%
Best update !!! M1 cost=551657 penalty = 0.00 area = 39.53% wirelength = 100.00%
Best update !!! M1 cost=551629 penalty = 0.00 area = 39.54% wirelength = 100.00%
Best update !!! M1 cost=551576 penalty = 0.00 area = 39.54% wirelength = 100.00%
Best update !!! M1 cost=551548 penalty = 0.00 area = 39.54% wirelength = 100.00%
Best update !!! M1 cost=551406 penalty = 0.00 area = 39.55% wirelength = 100.00%
Best update !!! M1 cost=550761 penalty = 0.00 area = 39.60% wirelength = 100.00%
Best update !!! M1 cost=550635 penalty = 0.00 area = 39.61% wirelength = 100.00%
Best update !!! M1 cost=550408 penalty = 0.00 area = 39.62% wirelength = 100.00%
Best update !!! M1 cost=550167 penalty = 0.00 area = 39.64% wirelength = 100.00%
Best update !!! M1 cost=549969 penalty = 0.00 area = 39.65% wirelength = 100.00%
Best update !!! M1 cost=549679 penalty = 0.00 area = 39.68% wirelength = 100.00%
Best update !!! M1 cost=549665 penalty = 0.00 area = 39.68% wirelength = 100.00%
Best update !!! M1 cost=549362 penalty = 0.00 area = 39.70% wirelength = 100.00%
Best update !!! M1 cost=549062 penalty = 0.00 area = 39.72% wirelength = 100.00%
Best update !!! M1 cost=548926 penalty = 0.00 area = 39.73% wirelength = 100.00%
Best update !!! M1 cost=548758 penalty = 0.00 area = 39.74% wirelength = 100.00%
Best update !!! M1 cost=548680 penalty = 0.00 area = 39.75% wirelength = 100.00%
Best update !!! M1 cost=548640 penalty = 0.00 area = 39.75% wirelength = 100.00%
Best update !!! M1 cost=548529 penalty = 0.00 area = 39.76% wirelength = 100.00%
Best update !!! M1 cost=548377 penalty = 0.00 area = 39.77% wirelength = 100.00%
Best update !!! M1 cost=548358 penalty = 0.00 area = 39.77% wirelength = 100.00%
Best update !!! M1 cost=548282 penalty = 0.00 area = 39.78% wirelength = 100.00%
Best update !!! M1 cost=547859 penalty = 0.00 area = 39.81% wirelength = 100.00%
Best update !!! M1 cost=547006 penalty = 0.00 area = 39.87% wirelength = 100.00%
Best update !!! M1 cost=546989 penalty = 0.00 area = 39.87% wirelength = 100.00%
Best update !!! M1 cost=546958 penalty = 0.00 area = 39.87% wirelength = 100.00%
Best update !!! M1 cost=546893 penalty = 0.00 area = 39.88% wirelength = 100.00%
Best update !!! M1 cost=546856 penalty = 0.00 area = 39.88% wirelength = 100.00%
Best update !!! M1 cost=546848 penalty = 0.00 area = 39.88% wirelength = 100.00%
Best update !!! M1 cost=546154 penalty = 0.00 area = 39.93% wirelength = 100.00%
Best update !!! M1 cost=546145 penalty = 0.00 area = 39.93% wirelength = 100.00%
Best update !!! M2 cost=546059 penalty = 0.00 area = 39.94% wirelength = 100.00%
Best update !!! M1 cost=545975 penalty = 0.00 area = 39.94% wirelength = 100.00%
Best update !!! M1 cost=545929 penalty = 0.00 area = 39.95% wirelength = 100.00%
Best update !!! M1 cost=545773 penalty = 0.00 area = 39.96% wirelength = 100.00%
Best update !!! M1 cost=545696 penalty = 0.00 area = 39.97% wirelength = 100.00%
Best update !!! M1 cost=545406 penalty = 0.00 area = 39.99% wirelength = 100.00%
Best update !!! M1 cost=545380 penalty = 0.00 area = 39.99% wirelength = 100.00%
Best update !!! M1 cost=545301 penalty = 0.00 area = 39.99% wirelength = 100.00%
Best update !!! M1 cost=544875 penalty = 0.00 area = 40.03% wirelength = 100.00%
Best update !!! M1 cost=544779 penalty = 0.00 area = 40.03% wirelength = 100.00%
Best update !!! M1 cost=544310 penalty = 0.00 area = 40.07% wirelength = 100.00%
Best update !!! M3 cost=544201 penalty = 0.00 area = 40.08% wirelength = 100.00%
Best update !!! M1 cost=543977 penalty = 0.00 area = 40.09% wirelength = 100.00%
Best update !!! M1 cost=543970 penalty = 0.00 area = 40.09% wirelength = 100.00%
Best update !!! M1 cost=543775 penalty = 0.00 area = 40.11% wirelength = 100.00%
Best update !!! M1 cost=543253 penalty = 0.00 area = 40.15% wirelength = 100.00%
Best update !!! M1 cost=543125 penalty = 0.00 area = 40.15% wirelength = 100.00%
Best update !!! M1 cost=542986 penalty = 0.00 area = 40.16% wirelength = 100.00%
Best update !!! M1 cost=542949 penalty = 0.00 area = 40.17% wirelength = 100.00%
Best update !!! M1 cost=542828 penalty = 0.00 area = 40.18% wirelength = 100.00%
Best update !!! M1 cost=542703 penalty = 0.00 area = 40.19% wirelength = 100.00%
Best update !!! M1 cost=542609 penalty = 0.00 area = 40.19% wirelength = 100.00%
Best update !!! M1 cost=542397 penalty = 0.00 area = 40.21% wirelength = 100.00%
Best update !!! M1 cost=542067 penalty = 0.00 area = 40.23% wirelength = 100.00%
Best update !!! M1 cost=541927 penalty = 0.00 area = 40.24% wirelength = 100.00%
Best update !!! M1 cost=541629 penalty = 0.00 area = 40.27% wirelength = 100.00%
Best update !!! M1 cost=541477 penalty = 0.00 area = 40.28% wirelength = 100.00%
Best update !!! M1 cost=541421 penalty = 0.00 area = 40.28% wirelength = 100.00%
Best update !!! M2 cost=541375 penalty = 0.00 area = 40.28% wirelength = 100.00%
Best update !!! M1 cost=541329 penalty = 0.00 area = 40.29% wirelength = 100.00%
Best update !!! M1 cost=541264 penalty = 0.00 area = 40.29% wirelength = 100.00%
Best update !!! M1 cost=539827 penalty = 0.00 area = 40.40% wirelength = 100.00%
Best update !!! M1 cost=539821 penalty = 0.00 area = 40.40% wirelength = 100.00%
Best update !!! M1 cost=539749 penalty = 0.00 area = 40.41% wirelength = 100.00%
Best update !!! M1 cost=539440 penalty = 0.00 area = 40.43% wirelength = 100.00%
Best update !!! M1 cost=539369 penalty = 0.00 area = 40.43% wirelength = 100.00%
Best update !!! M1 cost=539323 penalty = 0.00 area = 40.44% wirelength = 100.00%
Best update !!! M1 cost=539075 penalty = 0.00 area = 40.46% wirelength = 100.00%
Best update !!! M1 cost=539058 penalty = 0.00 area = 40.46% wirelength = 100.00%
Best update !!! M1 cost=538856 penalty = 0.00 area = 40.47% wirelength = 100.00%
Best update !!! M1 cost=538799 penalty = 0.00 area = 40.48% wirelength = 100.00%
Best update !!! M1 cost=538562 penalty = 0.00 area = 40.49% wirelength = 100.00%
Best update !!! M1 cost=538496 penalty = 0.00 area = 40.50% wirelength = 100.00%
Best update !!! M2 cost=538468 penalty = 0.00 area = 40.50% wirelength = 100.00%
Best update !!! M1 cost=538409 penalty = 0.00 area = 40.51% wirelength = 100.00%
Best update !!! M1 cost=538406 penalty = 0.00 area = 40.51% wirelength = 100.00%
Best update !!! M1 cost=538303 penalty = 0.00 area = 40.51% wirelength = 100.00%
Best update !!! M1 cost=538263 penalty = 0.00 area = 40.52% wirelength = 100.00%
Best update !!! M1 cost=538251 penalty = 0.00 area = 40.52% wirelength = 100.00%
Best update !!! M1 cost=538187 penalty = 0.00 area = 40.52% wirelength = 100.00%
Best update !!! M1 cost=538182 penalty = 0.00 area = 40.52% wirelength = 100.00%
Best update !!! M1 cost=538082 penalty = 0.00 area = 40.53% wirelength = 100.00%
Best update !!! M1 cost=538078 penalty = 0.00 area = 40.53% wirelength = 100.00%
Best update !!! M1 cost=537661 penalty = 0.00 area = 40.56% wirelength = 100.00%
Best update !!! M1 cost=537523 penalty = 0.00 area = 40.57% wirelength = 100.00%
Best update !!! M1 cost=537502 penalty = 0.00 area = 40.57% wirelength = 100.00%
Best update !!! M1 cost=537382 penalty = 0.00 area = 40.58% wirelength = 100.00%
Best update !!! M1 cost=537331 penalty = 0.00 area = 40.59% wirelength = 100.00%
Best update !!! M1 cost=537296 penalty = 0.00 area = 40.59% wirelength = 100.00%
Best update !!! M1 cost=537184 penalty = 0.00 area = 40.60% wirelength = 100.00%
Best update !!! M1 cost=537126 penalty = 0.00 area = 40.60% wirelength = 100.00%
Best update !!! M1 cost=537078 penalty = 0.00 area = 40.61% wirelength = 100.00%
Best update !!! M1 cost=536970 penalty = 0.00 area = 40.61% wirelength = 100.00%
Best update !!! M1 cost=536900 penalty = 0.00 area = 40.62% wirelength = 100.00%
Best update !!! M1 cost=536806 penalty = 0.00 area = 40.63% wirelength = 100.00%
Best update !!! M1 cost=536768 penalty = 0.00 area = 40.63% wirelength = 100.00%
Best update !!! M1 cost=536736 penalty = 0.00 area = 40.63% wirelength = 100.00%
Best update !!! M1 cost=536576 penalty = 0.00 area = 40.64% wirelength = 100.00%
Best update !!! M1 cost=536436 penalty = 0.00 area = 40.66% wirelength = 100.00%
Best update !!! M2 cost=536354 penalty = 0.00 area = 40.66% wirelength = 100.00%
Best update !!! M1 cost=535852 penalty = 0.00 area = 40.70% wirelength = 100.00%
Best update !!! M1 cost=535755 penalty = 0.00 area = 40.71% wirelength = 100.00%
Best update !!! M1 cost=535453 penalty = 0.00 area = 40.73% wirelength = 100.00%
Best update !!! M1 cost=535445 penalty = 0.00 area = 40.73% wirelength = 100.00%
Best update !!! M1 cost=535318 penalty = 0.00 area = 40.74% wirelength = 100.00%
Best update !!! M1 cost=535214 penalty = 0.00 area = 40.75% wirelength = 100.00%
Best update !!! M1 cost=535150 penalty = 0.00 area = 40.75% wirelength = 100.00%
Best update !!! M1 cost=534891 penalty = 0.00 area = 40.77% wirelength = 100.00%
Best update !!! M1 cost=534839 penalty = 0.00 area = 40.78% wirelength = 100.00%
Best update !!! M1 cost=534781 penalty = 0.00 area = 40.78% wirelength = 100.00%
Best update !!! M1 cost=534775 penalty = 0.00 area = 40.78% wirelength = 100.00%
Best update !!! M1 cost=534682 penalty = 0.00 area = 40.79% wirelength = 100.00%
Best update !!! M1 cost=534450 penalty = 0.00 area = 40.81% wirelength = 100.00%
Best update !!! M1 cost=534404 penalty = 0.00 area = 40.81% wirelength = 100.00%
Best update !!! M1 cost=534306 penalty = 0.00 area = 40.82% wirelength = 100.00%
Best update !!! M1 cost=534228 penalty = 0.00 area = 40.82% wirelength = 100.00%
Best update !!! M1 cost=534170 penalty = 0.00 area = 40.83% wirelength = 100.00%
Best update !!! M1 cost=534001 penalty = 0.00 area = 40.84% wirelength = 100.00%
Best update !!! M1 cost=533905 penalty = 0.00 area = 40.85% wirelength = 100.00%
Best update !!! M1 cost=533889 penalty = 0.00 area = 40.85% wirelength = 100.00%
Best update !!! M1 cost=533846 penalty = 0.00 area = 40.85% wirelength = 100.00%
Best update !!! M1 cost=533732 penalty = 0.00 area = 40.86% wirelength = 100.00%
Best update !!! M1 cost=533726 penalty = 0.00 area = 40.86% wirelength = 100.00%
Best update !!! M1 cost=533686 penalty = 0.00 area = 40.86% wirelength = 100.00%
Best update !!! M1 cost=533640 penalty = 0.00 area = 40.87% wirelength = 100.00%
Best update !!! M2 cost=532972 penalty = 0.00 area = 40.92% wirelength = 100.00%
Best update !!! M1 cost=532730 penalty = 0.00 area = 40.94% wirelength = 100.00%
Best update !!! M1 cost=532704 penalty = 0.00 area = 40.94% wirelength = 100.00%
Best update !!! M1 cost=532531 penalty = 0.00 area = 40.95% wirelength = 100.00%
Best update !!! M1 cost=532387 penalty = 0.00 area = 40.96% wirelength = 100.00%
Best update !!! M1 cost=532352 penalty = 0.00 area = 40.97% wirelength = 100.00%
Best update !!! M1 cost=532301 penalty = 0.00 area = 40.97% wirelength = 100.00%
Best update !!! M1 cost=532292 penalty = 0.00 area = 40.97% wirelength = 100.00%
Best update !!! M1 cost=532281 penalty = 0.00 area = 40.97% wirelength = 100.00%
Best update !!! M1 cost=532208 penalty = 0.00 area = 40.98% wirelength = 100.00%
Best update !!! M1 cost=532130 penalty = 0.00 area = 40.98% wirelength = 100.00%
Best update !!! M1 cost=532081 penalty = 0.00 area = 40.99% wirelength = 100.00%
Best update !!! M1 cost=531977 penalty = 0.00 area = 41.00% wirelength = 100.00%
Best update !!! M3 cost=531153 penalty = 0.00 area = 41.06% wirelength = 100.00%
Best update !!! M1 cost=531033 penalty = 0.00 area = 41.07% wirelength = 100.00%
Best update !!! M1 cost=530865 penalty = 0.00 area = 41.08% wirelength = 100.00%
Best update !!! M1 cost=530683 penalty = 0.00 area = 41.10% wirelength = 100.00%
Best update !!! M1 cost=530656 penalty = 0.00 area = 41.10% wirelength = 100.00%
Best update !!! M1 cost=530607 penalty = 0.00 area = 41.10% wirelength = 100.00%
Best update !!! M1 cost=530516 penalty = 0.00 area = 41.11% wirelength = 100.00%
Best update !!! M1 cost=530388 penalty = 0.00 area = 41.12% wirelength = 100.00%
Best update !!! M1 cost=530295 penalty = 0.00 area = 41.13% wirelength = 100.00%
Best update !!! M1 cost=530269 penalty = 0.00 area = 41.13% wirelength = 100.00%
Best update !!! M1 cost=530083 penalty = 0.00 area = 41.14% wirelength = 100.00%
Best update !!! M1 cost=530033 penalty = 0.00 area = 41.15% wirelength = 100.00%
Best update !!! M1 cost=530019 penalty = 0.00 area = 41.15% wirelength = 100.00%
Best update !!! M1 cost=529981 penalty = 0.00 area = 41.15% wirelength = 100.00%
Best update !!! M1 cost=529930 penalty = 0.00 area = 41.15% wirelength = 100.00%
Best update !!! M1 cost=529440 penalty = 0.00 area = 41.19% wirelength = 100.00%
Best update !!! M1 cost=529309 penalty = 0.00 area = 41.20% wirelength = 100.00%
Best update !!! M1 cost=529206 penalty = 0.00 area = 41.21% wirelength = 100.00%
Best update !!! M1 cost=529151 penalty = 0.00 area = 41.21% wirelength = 100.00%
Best update !!! M1 cost=529036 penalty = 0.00 area = 41.22% wirelength = 100.00%
Best update !!! M1 cost=528975 penalty = 0.00 area = 41.23% wirelength = 100.00%
Best update !!! M1 cost=528841 penalty = 0.00 area = 41.24% wirelength = 100.00%
Best update !!! M1 cost=528766 penalty = 0.00 area = 41.24% wirelength = 100.00%
Best update !!! M1 cost=528665 penalty = 0.00 area = 41.25% wirelength = 100.00%
Best update !!! M1 cost=528485 penalty = 0.00 area = 41.27% wirelength = 100.00%
Best update !!! M1 cost=528389 penalty = 0.00 area = 41.27% wirelength = 100.00%
Best update !!! M1 cost=528342 penalty = 0.00 area = 41.28% wirelength = 100.00%
Best update !!! M2 cost=528293 penalty = 0.00 area = 41.28% wirelength = 100.00%
Best update !!! M1 cost=528181 penalty = 0.00 area = 41.29% wirelength = 100.00%
Best update !!! M1 cost=528149 penalty = 0.00 area = 41.29% wirelength = 100.00%
Best update !!! M1 cost=527757 penalty = 0.00 area = 41.32% wirelength = 100.00%
Best update !!! M1 cost=527225 penalty = 0.00 area = 41.37% wirelength = 100.00%
Best update !!! M1 cost=527222 penalty = 0.00 area = 41.37% wirelength = 100.00%
Best update !!! M1 cost=527137 penalty = 0.00 area = 41.37% wirelength = 100.00%
Best update !!! M1 cost=526995 penalty = 0.00 area = 41.38% wirelength = 100.00%
Best update !!! M1 cost=526960 penalty = 0.00 area = 41.39% wirelength = 100.00%
Best update !!! M1 cost=526765 penalty = 0.00 area = 41.40% wirelength = 100.00%
Best update !!! M1 cost=526739 penalty = 0.00 area = 41.40% wirelength = 100.00%
Best update !!! M2 cost=526649 penalty = 0.00 area = 41.41% wirelength = 100.00%
Best update !!! M1 cost=526645 penalty = 0.00 area = 41.41% wirelength = 100.00%
Best update !!! M1 cost=526006 penalty = 0.00 area = 41.46% wirelength = 100.00%
Best update !!! M1 cost=525878 penalty = 0.00 area = 41.47% wirelength = 100.00%
Best update !!! M1 cost=525865 penalty = 0.00 area = 41.47% wirelength = 100.00%
Best update !!! M1 cost=525569 penalty = 0.00 area = 41.50% wirelength = 100.00%
Best update !!! M1 cost=525500 penalty = 0.00 area = 41.50% wirelength = 100.00%
Best update !!! M1 cost=525452 penalty = 0.00 area = 41.51% wirelength = 100.00%
Best update !!! M1 cost=525401 penalty = 0.00 area = 41.51% wirelength = 100.00%
Best update !!! M1 cost=525375 penalty = 0.00 area = 41.51% wirelength = 100.00%
Best update !!! M1 cost=525313 penalty = 0.00 area = 41.52% wirelength = 100.00%
Best update !!! M1 cost=525105 penalty = 0.00 area = 41.53% wirelength = 100.00%
Best update !!! M1 cost=524919 penalty = 0.00 area = 41.55% wirelength = 100.00%
Best update !!! M1 cost=524890 penalty = 0.00 area = 41.55% wirelength = 100.00%
Best update !!! M1 cost=524710 penalty = 0.00 area = 41.56% wirelength = 100.00%
Best update !!! M1 cost=524623 penalty = 0.00 area = 41.57% wirelength = 100.00%
Best update !!! M1 cost=524492 penalty = 0.00 area = 41.58% wirelength = 100.00%
Best update !!! M1 cost=524362 penalty = 0.00 area = 41.59% wirelength = 100.00%
Best update !!! M1 cost=524198 penalty = 0.00 area = 41.60% wirelength = 100.00%
Best update !!! M1 cost=524135 penalty = 0.00 area = 41.61% wirelength = 100.00%
Best update !!! M1 cost=524095 penalty = 0.00 area = 41.61% wirelength = 100.00%
Best update !!! M1 cost=523960 penalty = 0.00 area = 41.62% wirelength = 100.00%
Best update !!! M1 cost=523945 penalty = 0.00 area = 41.62% wirelength = 100.00%
Best update !!! M1 cost=523941 penalty = 0.00 area = 41.62% wirelength = 100.00%
Best update !!! M1 cost=523837 penalty = 0.00 area = 41.63% wirelength = 100.00%
Best update !!! M1 cost=523798 penalty = 0.00 area = 41.64% wirelength = 100.00%
Best update !!! M1 cost=523493 penalty = 0.00 area = 41.66% wirelength = 100.00%
Best update !!! M1 cost=523492 penalty = 0.00 area = 41.66% wirelength = 100.00%
Best update !!! M1 cost=523394 penalty = 0.00 area = 41.67% wirelength = 100.00%
Best update !!! M1 cost=523358 penalty = 0.00 area = 41.67% wirelength = 100.00%
Best update !!! M1 cost=523287 penalty = 0.00 area = 41.68% wirelength = 100.00%
Best update !!! M1 cost=523047 penalty = 0.00 area = 41.70% wirelength = 100.00%
Best update !!! M1 cost=522921 penalty = 0.00 area = 41.71% wirelength = 100.00%
Best update !!! M1 cost=522846 penalty = 0.00 area = 41.71% wirelength = 100.00%
Best update !!! M1 cost=522788 penalty = 0.00 area = 41.72% wirelength = 100.00%
Best update !!! M1 cost=522698 penalty = 0.00 area = 41.72% wirelength = 100.00%
Best update !!! M1 cost=522678 penalty = 0.00 area = 41.73% wirelength = 100.00%
Best update !!! M1 cost=522535 penalty = 0.00 area = 41.74% wirelength = 100.00%
Best update !!! M1 cost=522425 penalty = 0.00 area = 41.75% wirelength = 100.00%
Best update !!! M1 cost=522399 penalty = 0.00 area = 41.75% wirelength = 100.00%
Best update !!! M1 cost=522313 penalty = 0.00 area = 41.75% wirelength = 100.00%
Best update !!! M1 cost=522266 penalty = 0.00 area = 41.76% wirelength = 100.00%
Best update !!! M1 cost=522240 penalty = 0.00 area = 41.76% wirelength = 100.00%
Best update !!! M1 cost=522182 penalty = 0.00 area = 41.76% wirelength = 100.00%
Best update !!! M1 cost=522145 penalty = 0.00 area = 41.77% wirelength = 100.00%
Best update !!! M1 cost=522035 penalty = 0.00 area = 41.78% wirelength = 100.00%
Best update !!! M1 cost=522033 penalty = 0.00 area = 41.78% wirelength = 100.00%
Best update !!! M1 cost=521975 penalty = 0.00 area = 41.78% wirelength = 100.00%
Best update !!! M1 cost=521969 penalty = 0.00 area = 41.78% wirelength = 100.00%
Best update !!! M1 cost=521961 penalty = 0.00 area = 41.78% wirelength = 100.00%
Best update !!! M1 cost=521810 penalty = 0.00 area = 41.79% wirelength = 100.00%
Best update !!! M1 cost=521804 penalty = 0.00 area = 41.80% wirelength = 100.00%
Best update !!! M1 cost=521645 penalty = 0.00 area = 41.81% wirelength = 100.00%
Best update !!! M1 cost=521627 penalty = 0.00 area = 41.81% wirelength = 100.00%
Best update !!! M1 cost=521534 penalty = 0.00 area = 41.82% wirelength = 100.00%
Best update !!! M2 cost=521438 penalty = 0.00 area = 41.82% wirelength = 100.00%
Best update !!! M2 cost=521361 penalty = 0.00 area = 41.83% wirelength = 100.00%
Best update !!! M1 cost=521334 penalty = 0.00 area = 41.83% wirelength = 100.00%
Best update !!! M1 cost=520989 penalty = 0.00 area = 41.86% wirelength = 100.00%
Best update !!! M1 cost=520961 penalty = 0.00 area = 41.86% wirelength = 100.00%
Best update !!! M1 cost=520855 penalty = 0.00 area = 41.87% wirelength = 100.00%
Best update !!! M1 cost=520814 penalty = 0.00 area = 41.87% wirelength = 100.00%
Best update !!! M1 cost=520682 penalty = 0.00 area = 41.89% wirelength = 100.00%
Best update !!! M1 cost=520664 penalty = 0.00 area = 41.89% wirelength = 100.00%
Best update !!! M1 cost=520588 penalty = 0.00 area = 41.89% wirelength = 100.00%
Best update !!! M1 cost=520547 penalty = 0.00 area = 41.90% wirelength = 100.00%
Best update !!! M1 cost=520236 penalty = 0.00 area = 41.92% wirelength = 100.00%
Best update !!! M1 cost=519938 penalty = 0.00 area = 41.95% wirelength = 100.00%
Best update !!! M1 cost=519839 penalty = 0.00 area = 41.95% wirelength = 100.00%
Best update !!! M1 cost=519825 penalty = 0.00 area = 41.95% wirelength = 100.00%
Best update !!! M1 cost=519814 penalty = 0.00 area = 41.96% wirelength = 100.00%
Best update !!! M1 cost=519777 penalty = 0.00 area = 41.96% wirelength = 100.00%
Best update !!! M1 cost=519739 penalty = 0.00 area = 41.96% wirelength = 100.00%
Best update !!! M1 cost=519706 penalty = 0.00 area = 41.96% wirelength = 100.00%
Best update !!! M1 cost=519520 penalty = 0.00 area = 41.98% wirelength = 100.00%
Best update !!! M1 cost=519394 penalty = 0.00 area = 41.99% wirelength = 100.00%
Best update !!! M1 cost=519084 penalty = 0.00 area = 42.01% wirelength = 100.00%
Best update !!! M1 cost=519000 penalty = 0.00 area = 42.02% wirelength = 100.00%
Best update !!! M1 cost=518955 penalty = 0.00 area = 42.02% wirelength = 100.00%
Best update !!! M1 cost=518819 penalty = 0.00 area = 42.04% wirelength = 100.00%
Best update !!! M1 cost=518555 penalty = 0.00 area = 42.06% wirelength = 100.00%
Best update !!! M2 cost=518524 penalty = 0.00 area = 42.06% wirelength = 100.00%
Best update !!! M1 cost=518405 penalty = 0.00 area = 42.07% wirelength = 100.00%
Best update !!! M1 cost=518216 penalty = 0.00 area = 42.08% wirelength = 100.00%
Best update !!! M1 cost=518080 penalty = 0.00 area = 42.10% wirelength = 100.00%
Best update !!! M1 cost=518059 penalty = 0.00 area = 42.10% wirelength = 100.00%
Best update !!! M1 cost=518014 penalty = 0.00 area = 42.10% wirelength = 100.00%
Best update !!! M1 cost=517975 penalty = 0.00 area = 42.10% wirelength = 100.00%
Best update !!! M1 cost=517964 penalty = 0.00 area = 42.11% wirelength = 100.00%
Best update !!! M1 cost=517931 penalty = 0.00 area = 42.11% wirelength = 100.00%
Best update !!! M1 cost=517861 penalty = 0.00 area = 42.11% wirelength = 100.00%
Best update !!! M1 cost=517839 penalty = 0.00 area = 42.12% wirelength = 100.00%
Best update !!! M1 cost=517710 penalty = 0.00 area = 42.13% wirelength = 100.00%
Best update !!! M1 cost=517706 penalty = 0.00 area = 42.13% wirelength = 100.00%
Best update !!! M1 cost=517406 penalty = 0.00 area = 42.15% wirelength = 100.00%
Best update !!! M1 cost=517343 penalty = 0.00 area = 42.16% wirelength = 100.00%
Best update !!! M1 cost=517153 penalty = 0.00 area = 42.17% wirelength = 100.00%
Best update !!! M1 cost=517134 penalty = 0.00 area = 42.17% wirelength = 100.00%
Best update !!! M1 cost=517095 penalty = 0.00 area = 42.18% wirelength = 100.00%
Best update !!! M2 cost=516998 penalty = 0.00 area = 42.18% wirelength = 100.00%
Best update !!! M1 cost=516930 penalty = 0.00 area = 42.19% wirelength = 100.00%
Best update !!! M1 cost=516921 penalty = 0.00 area = 42.19% wirelength = 100.00%
Best update !!! M1 cost=516835 penalty = 0.00 area = 42.20% wirelength = 100.00%
Best update !!! M1 cost=516797 penalty = 0.00 area = 42.20% wirelength = 100.00%
Best update !!! M1 cost=516789 penalty = 0.00 area = 42.20% wirelength = 100.00%
Best update !!! M1 cost=516559 penalty = 0.00 area = 42.22% wirelength = 100.00%
Best update !!! M1 cost=516501 penalty = 0.00 area = 42.22% wirelength = 100.00%
Best update !!! M1 cost=516471 penalty = 0.00 area = 42.23% wirelength = 100.00%
Best update !!! M1 cost=516363 penalty = 0.00 area = 42.24% wirelength = 100.00%
Best update !!! M1 cost=516287 penalty = 0.00 area = 42.24% wirelength = 100.00%
Best update !!! M1 cost=516221 penalty = 0.00 area = 42.25% wirelength = 100.00%
Best update !!! M1 cost=516181 penalty = 0.00 area = 42.25% wirelength = 100.00%
Best update !!! M1 cost=515130 penalty = 0.00 area = 42.34% wirelength = 100.00%
Best update !!! M1 cost=515020 penalty = 0.00 area = 42.35% wirelength = 100.00%
Best update !!! M1 cost=514958 penalty = 0.00 area = 42.35% wirelength = 100.00%
Best update !!! M1 cost=514878 penalty = 0.00 area = 42.36% wirelength = 100.00%
Best update !!! M1 cost=514815 penalty = 0.00 area = 42.36% wirelength = 100.00%
Best update !!! M1 cost=514770 penalty = 0.00 area = 42.37% wirelength = 100.00%
Best update !!! M1 cost=514631 penalty = 0.00 area = 42.38% wirelength = 100.00%
Best update !!! M1 cost=514600 penalty = 0.00 area = 42.38% wirelength = 100.00%
Best update !!! M1 cost=514573 penalty = 0.00 area = 42.38% wirelength = 100.00%
Best update !!! M1 cost=514556 penalty = 0.00 area = 42.38% wirelength = 100.00%
Best update !!! M1 cost=514496 penalty = 0.00 area = 42.39% wirelength = 100.00%
Best update !!! M1 cost=514442 penalty = 0.00 area = 42.39% wirelength = 100.00%
Best update !!! M1 cost=514394 penalty = 0.00 area = 42.40% wirelength = 100.00%
Best update !!! M1 cost=514206 penalty = 0.00 area = 42.41% wirelength = 100.00%
Best update !!! M1 cost=513947 penalty = 0.00 area = 42.43% wirelength = 100.00%
Best update !!! M1 cost=513877 penalty = 0.00 area = 42.44% wirelength = 100.00%
Best update !!! M1 cost=513602 penalty = 0.00 area = 42.46% wirelength = 100.00%
Best update !!! M1 cost=513483 penalty = 0.00 area = 42.47% wirelength = 100.00%
Best update !!! M1 cost=513440 penalty = 0.00 area = 42.48% wirelength = 100.00%
Best update !!! M1 cost=513386 penalty = 0.00 area = 42.48% wirelength = 100.00%
Best update !!! M1 cost=513349 penalty = 0.00 area = 42.48% wirelength = 100.00%
Best update !!! M1 cost=513291 penalty = 0.00 area = 42.49% wirelength = 100.00%
Best update !!! M1 cost=513118 penalty = 0.00 area = 42.50% wirelength = 100.00%
Best update !!! M1 cost=512875 penalty = 0.00 area = 42.52% wirelength = 100.00%
Best update !!! M1 cost=512638 penalty = 0.00 area = 42.54% wirelength = 100.00%
Best update !!! M1 cost=512453 penalty = 0.00 area = 42.56% wirelength = 100.00%
Best update !!! M1 cost=512370 penalty = 0.00 area = 42.56% wirelength = 100.00%
Best update !!! M1 cost=512310 penalty = 0.00 area = 42.57% wirelength = 100.00%
Best update !!! M1 cost=512292 penalty = 0.00 area = 42.57% wirelength = 100.00%
Best update !!! M1 cost=511793 penalty = 0.00 area = 42.61% wirelength = 100.00%
Best update !!! M1 cost=511721 penalty = 0.00 area = 42.62% wirelength = 100.00%
Best update !!! M1 cost=511644 penalty = 0.00 area = 42.63% wirelength = 100.00%
Best update !!! M1 cost=511584 penalty = 0.00 area = 42.63% wirelength = 100.00%
Best update !!! M1 cost=511535 penalty = 0.00 area = 42.63% wirelength = 100.00%
Best update !!! M1 cost=511499 penalty = 0.00 area = 42.64% wirelength = 100.00%
Best update !!! M1 cost=511480 penalty = 0.00 area = 42.64% wirelength = 100.00%
Best update !!! M1 cost=511415 penalty = 0.00 area = 42.64% wirelength = 100.00%
Best update !!! M1 cost=511328 penalty = 0.00 area = 42.65% wirelength = 100.00%
Best update !!! M1 cost=511148 penalty = 0.00 area = 42.67% wirelength = 100.00%
Best update !!! M1 cost=511129 penalty = 0.00 area = 42.67% wirelength = 100.00%
Best update !!! M1 cost=510804 penalty = 0.00 area = 42.70% wirelength = 100.00%
Best update !!! M1 cost=510802 penalty = 0.00 area = 42.70% wirelength = 100.00%
Best update !!! M1 cost=510755 penalty = 0.00 area = 42.70% wirelength = 100.00%
Best update !!! M1 cost=510509 penalty = 0.00 area = 42.72% wirelength = 100.00%
Best update !!! M1 cost=510500 penalty = 0.00 area = 42.72% wirelength = 100.00%
Best update !!! M1 cost=510495 penalty = 0.00 area = 42.72% wirelength = 100.00%
Best update !!! M1 cost=510299 penalty = 0.00 area = 42.74% wirelength = 100.00%
Best update !!! M1 cost=510277 penalty = 0.00 area = 42.74% wirelength = 100.00%
Best update !!! M1 cost=510171 penalty = 0.00 area = 42.75% wirelength = 100.00%
Best update !!! M1 cost=510074 penalty = 0.00 area = 42.76% wirelength = 100.00%
Best update !!! M1 cost=509984 penalty = 0.00 area = 42.76% wirelength = 100.00%
Best update !!! M1 cost=509738 penalty = 0.00 area = 42.78% wirelength = 100.00%
Best update !!! M1 cost=509723 penalty = 0.00 area = 42.79% wirelength = 100.00%
Best update !!! M1 cost=509720 penalty = 0.00 area = 42.79% wirelength = 100.00%
Best update !!! M1 cost=509684 penalty = 0.00 area = 42.79% wirelength = 100.00%
Best update !!! M1 cost=509434 penalty = 0.00 area = 42.81% wirelength = 100.00%
Best update !!! M1 cost=509390 penalty = 0.00 area = 42.81% wirelength = 100.00%
Best update !!! M1 cost=509330 penalty = 0.00 area = 42.82% wirelength = 100.00%
Best update !!! M1 cost=509279 penalty = 0.00 area = 42.82% wirelength = 100.00%
Best update !!! M1 cost=509192 penalty = 0.00 area = 42.83% wirelength = 100.00%
Best update !!! M1 cost=509078 penalty = 0.00 area = 42.84% wirelength = 100.00%
Best update !!! M1 cost=509069 penalty = 0.00 area = 42.84% wirelength = 100.00%
Best update !!! M1 cost=509046 penalty = 0.00 area = 42.84% wirelength = 100.00%
Best update !!! M1 cost=509023 penalty = 0.00 area = 42.84% wirelength = 100.00%
Best update !!! M1 cost=508966 penalty = 0.00 area = 42.85% wirelength = 100.00%
Best update !!! M1 cost=508909 penalty = 0.00 area = 42.85% wirelength = 100.00%
Best update !!! M1 cost=508842 penalty = 0.00 area = 42.86% wirelength = 100.00%
Best update !!! M1 cost=508836 penalty = 0.00 area = 42.86% wirelength = 100.00%
Best update !!! M1 cost=508638 penalty = 0.00 area = 42.88% wirelength = 100.00%
Best update !!! M1 cost=508546 penalty = 0.00 area = 42.88% wirelength = 100.00%
Best update !!! M1 cost=508542 penalty = 0.00 area = 42.89% wirelength = 100.00%
Best update !!! M1 cost=508398 penalty = 0.00 area = 42.90% wirelength = 100.00%
Best update !!! M1 cost=508237 penalty = 0.00 area = 42.91% wirelength = 100.00%
Best update !!! M1 cost=508060 penalty = 0.00 area = 42.93% wirelength = 100.00%
Best update !!! M1 cost=507958 penalty = 0.00 area = 42.93% wirelength = 100.00%
Best update !!! M1 cost=507935 penalty = 0.00 area = 42.94% wirelength = 100.00%
Best update !!! M1 cost=507782 penalty = 0.00 area = 42.95% wirelength = 100.00%
Best update !!! M1 cost=507625 penalty = 0.00 area = 42.96% wirelength = 100.00%
Best update !!! M1 cost=507514 penalty = 0.00 area = 42.97% wirelength = 100.00%
Best update !!! M1 cost=507495 penalty = 0.00 area = 42.97% wirelength = 100.00%
Best update !!! M1 cost=507109 penalty = 0.00 area = 43.01% wirelength = 100.00%
Best update !!! M1 cost=507063 penalty = 0.00 area = 43.01% wirelength = 100.00%
Best update !!! M1 cost=507006 penalty = 0.00 area = 43.02% wirelength = 100.00%
Best update !!! M1 cost=506941 penalty = 0.00 area = 43.02% wirelength = 100.00%
Best update !!! M1 cost=506919 penalty = 0.00 area = 43.02% wirelength = 100.00%
Best update !!! M1 cost=506888 penalty = 0.00 area = 43.03% wirelength = 100.00%
Best update !!! M1 cost=506882 penalty = 0.00 area = 43.03% wirelength = 100.00%
Best update !!! M1 cost=506783 penalty = 0.00 area = 43.03% wirelength = 100.00%
Best update !!! M1 cost=506690 penalty = 0.00 area = 43.04% wirelength = 100.00%
Best update !!! M1 cost=506636 penalty = 0.00 area = 43.05% wirelength = 100.00%
Best update !!! M1 cost=506570 penalty = 0.00 area = 43.05% wirelength = 100.00%
Best update !!! M1 cost=506563 penalty = 0.00 area = 43.05% wirelength = 100.00%
Best update !!! M1 cost=506504 penalty = 0.00 area = 43.06% wirelength = 100.00%
Best update !!! M1 cost=506459 penalty = 0.00 area = 43.06% wirelength = 100.00%
Best update !!! M1 cost=506394 penalty = 0.00 area = 43.07% wirelength = 100.00%
Best update !!! M1 cost=506330 penalty = 0.00 area = 43.07% wirelength = 100.00%
Best update !!! M1 cost=506296 penalty = 0.00 area = 43.08% wirelength = 100.00%
Best update !!! M1 cost=506240 penalty = 0.00 area = 43.08% wirelength = 100.00%
Best update !!! M1 cost=506230 penalty = 0.00 area = 43.08% wirelength = 100.00%
Best update !!! M1 cost=506125 penalty = 0.00 area = 43.09% wirelength = 100.00%
Best update !!! M1 cost=506117 penalty = 0.00 area = 43.09% wirelength = 100.00%
Best update !!! M1 cost=506065 penalty = 0.00 area = 43.10% wirelength = 100.00%
Best update !!! M1 cost=506001 penalty = 0.00 area = 43.10% wirelength = 100.00%
Best update !!! M1 cost=505823 penalty = 0.00 area = 43.12% wirelength = 100.00%
Best update !!! M1 cost=505800 penalty = 0.00 area = 43.12% wirelength = 100.00%
Best update !!! M1 cost=505744 penalty = 0.00 area = 43.12% wirelength = 100.00%
Best update !!! M1 cost=505714 penalty = 0.00 area = 43.12% wirelength = 100.00%
Best update !!! M1 cost=505689 penalty = 0.00 area = 43.13% wirelength = 100.00%
Best update !!! M1 cost=505642 penalty = 0.00 area = 43.13% wirelength = 100.00%
Best update !!! M1 cost=505343 penalty = 0.00 area = 43.16% wirelength = 100.00%
Best update !!! M1 cost=505315 penalty = 0.00 area = 43.16% wirelength = 100.00%
Best update !!! M1 cost=505133 penalty = 0.00 area = 43.17% wirelength = 100.00%
Best update !!! M1 cost=504972 penalty = 0.00 area = 43.19% wirelength = 100.00%
Best update !!! M1 cost=504971 penalty = 0.00 area = 43.19% wirelength = 100.00%
Best update !!! M1 cost=504964 penalty = 0.00 area = 43.19% wirelength = 100.00%
Best update !!! M1 cost=504807 penalty = 0.00 area = 43.20% wirelength = 100.00%
Best update !!! M1 cost=504753 penalty = 0.00 area = 43.21% wirelength = 100.00%
Best update !!! M1 cost=504739 penalty = 0.00 area = 43.21% wirelength = 100.00%
Best update !!! M1 cost=504610 penalty = 0.00 area = 43.22% wirelength = 100.00%
Best update !!! M1 cost=504541 penalty = 0.00 area = 43.23% wirelength = 100.00%
Best update !!! M1 cost=504496 penalty = 0.00 area = 43.23% wirelength = 100.00%
Best update !!! M1 cost=504492 penalty = 0.00 area = 43.23% wirelength = 100.00%
Best update !!! M1 cost=504389 penalty = 0.00 area = 43.24% wirelength = 100.00%
Best update !!! M1 cost=504370 penalty = 0.00 area = 43.24% wirelength = 100.00%
Best update !!! M1 cost=504165 penalty = 0.00 area = 43.26% wirelength = 100.00%
Best update !!! M1 cost=504126 penalty = 0.00 area = 43.26% wirelength = 100.00%
Best update !!! M2 cost=504080 penalty = 0.00 area = 43.26% wirelength = 100.00%
Best update !!! M1 cost=504059 penalty = 0.00 area = 43.27% wirelength = 100.00%
Best update !!! M1 cost=504049 penalty = 0.00 area = 43.27% wirelength = 100.00%
Best update !!! M1 cost=503908 penalty = 0.00 area = 43.28% wirelength = 100.00%
Best update !!! M1 cost=503753 penalty = 0.00 area = 43.29% wirelength = 100.00%
Best update !!! M1 cost=503743 penalty = 0.00 area = 43.29% wirelength = 100.00%
Best update !!! M1 cost=503725 penalty = 0.00 area = 43.30% wirelength = 100.00%
Best update !!! M1 cost=503708 penalty = 0.00 area = 43.30% wirelength = 100.00%
Best update !!! M1 cost=503692 penalty = 0.00 area = 43.30% wirelength = 100.00%
Best update !!! M1 cost=503687 penalty = 0.00 area = 43.30% wirelength = 100.00%
Best update !!! M1 cost=503666 penalty = 0.00 area = 43.30% wirelength = 100.00%
Best update !!! M1 cost=503630 penalty = 0.00 area = 43.30% wirelength = 100.00%
Best update !!! M1 cost=503561 penalty = 0.00 area = 43.31% wirelength = 100.00%
Best update !!! M1 cost=503483 penalty = 0.00 area = 43.32% wirelength = 100.00%
Best update !!! M2 cost=503346 penalty = 0.00 area = 43.33% wirelength = 100.00%
Best update !!! M1 cost=503230 penalty = 0.00 area = 43.34% wirelength = 100.00%
Best update !!! M1 cost=503167 penalty = 0.00 area = 43.34% wirelength = 100.00%
Best update !!! M1 cost=503134 penalty = 0.00 area = 43.35% wirelength = 100.00%
Best update !!! M1 cost=502957 penalty = 0.00 area = 43.36% wirelength = 100.00%
Best update !!! M1 cost=502943 penalty = 0.00 area = 43.36% wirelength = 100.00%
Best update !!! M1 cost=502830 penalty = 0.00 area = 43.37% wirelength = 100.00%
Best update !!! M1 cost=502645 penalty = 0.00 area = 43.39% wirelength = 100.00%
Best update !!! M1 cost=502571 penalty = 0.00 area = 43.39% wirelength = 100.00%
Best update !!! M1 cost=502549 penalty = 0.00 area = 43.40% wirelength = 100.00%
Best update !!! M1 cost=502539 penalty = 0.00 area = 43.40% wirelength = 100.00%
Best update !!! M1 cost=502394 penalty = 0.00 area = 43.41% wirelength = 100.00%
Best update !!! M1 cost=502298 penalty = 0.00 area = 43.42% wirelength = 100.00%
Best update !!! M1 cost=502151 penalty = 0.00 area = 43.43% wirelength = 100.00%
Best update !!! M1 cost=502091 penalty = 0.00 area = 43.44% wirelength = 100.00%
Best update !!! M1 cost=501988 penalty = 0.00 area = 43.45% wirelength = 100.00%
Best update !!! M1 cost=501954 penalty = 0.00 area = 43.45% wirelength = 100.00%
Best update !!! M1 cost=501854 penalty = 0.00 area = 43.46% wirelength = 100.00%
Best update !!! M1 cost=501764 penalty = 0.00 area = 43.46% wirelength = 100.00%
Best update !!! M1 cost=501748 penalty = 0.00 area = 43.47% wirelength = 100.00%
Best update !!! M1 cost=501564 penalty = 0.00 area = 43.48% wirelength = 100.00%
Best update !!! M1 cost=501517 penalty = 0.00 area = 43.49% wirelength = 100.00%
Best update !!! M1 cost=501454 penalty = 0.00 area = 43.49% wirelength = 100.00%
Best update !!! M1 cost=501393 penalty = 0.00 area = 43.50% wirelength = 100.00%
Best update !!! M1 cost=501356 penalty = 0.00 area = 43.50% wirelength = 100.00%
Best update !!! M1 cost=501272 penalty = 0.00 area = 43.51% wirelength = 100.00%
Best update !!! M1 cost=501063 penalty = 0.00 area = 43.53% wirelength = 100.00%
Best update !!! M1 cost=500887 penalty = 0.00 area = 43.54% wirelength = 100.00%
Best update !!! M1 cost=500876 penalty = 0.00 area = 43.54% wirelength = 100.00%
Best update !!! M1 cost=500816 penalty = 0.00 area = 43.55% wirelength = 100.00%
Best update !!! M1 cost=500802 penalty = 0.00 area = 43.55% wirelength = 100.00%
Best update !!! M1 cost=500723 penalty = 0.00 area = 43.55% wirelength = 100.00%
Best update !!! M1 cost=500716 penalty = 0.00 area = 43.56% wirelength = 100.00%
Best update !!! M1 cost=500669 penalty = 0.00 area = 43.56% wirelength = 100.00%
Best update !!! M2 cost=500322 penalty = 0.00 area = 43.59% wirelength = 100.00%
Best update !!! M1 cost=500198 penalty = 0.00 area = 43.60% wirelength = 100.00%
Best update !!! M1 cost=500080 penalty = 0.00 area = 43.61% wirelength = 100.00%
Best update !!! M1 cost=500022 penalty = 0.00 area = 43.62% wirelength = 100.00%
Best update !!! M1 cost=499844 penalty = 0.00 area = 43.63% wirelength = 100.00%
Best update !!! M1 cost=499827 penalty = 0.00 area = 43.63% wirelength = 100.00%
Best update !!! M1 cost=499825 penalty = 0.00 area = 43.63% wirelength = 100.00%
Best update !!! M1 cost=499775 penalty = 0.00 area = 43.64% wirelength = 100.00%
Best update !!! M1 cost=499708 penalty = 0.00 area = 43.64% wirelength = 100.00%
Best update !!! M1 cost=499687 penalty = 0.00 area = 43.65% wirelength = 100.00%
Best update !!! M1 cost=499531 penalty = 0.00 area = 43.66% wirelength = 100.00%
Best update !!! M1 cost=499212 penalty = 0.00 area = 43.69% wirelength = 100.00%
Best update !!! M1 cost=499201 penalty = 0.00 area = 43.69% wirelength = 100.00%
Best update !!! M1 cost=499196 penalty = 0.00 area = 43.69% wirelength = 100.00%
Best update !!! M1 cost=499184 penalty = 0.00 area = 43.69% wirelength = 100.00%
Best update !!! M1 cost=499091 penalty = 0.00 area = 43.70% wirelength = 100.00%
Best update !!! M1 cost=499037 penalty = 0.00 area = 43.70% wirelength = 100.00%
Best update !!! M1 cost=499013 penalty = 0.00 area = 43.70% wirelength = 100.00%
Best update !!! M1 cost=498952 penalty = 0.00 area = 43.71% wirelength = 100.00%
Best update !!! M1 cost=498908 penalty = 0.00 area = 43.71% wirelength = 100.00%
Best update !!! M1 cost=498895 penalty = 0.00 area = 43.71% wirelength = 100.00%
Best update !!! M1 cost=498881 penalty = 0.00 area = 43.72% wirelength = 100.00%
Best update !!! M1 cost=498771 penalty = 0.00 area = 43.73% wirelength = 100.00%
Best update !!! M1 cost=498427 penalty = 0.00 area = 43.76% wirelength = 100.00%
Best update !!! M1 cost=498360 penalty = 0.00 area = 43.76% wirelength = 100.00%
Best update !!! M1 cost=498214 penalty = 0.00 area = 43.77% wirelength = 100.00%
Best update !!! M1 cost=498152 penalty = 0.00 area = 43.78% wirelength = 100.00%
Best update !!! M1 cost=498106 penalty = 0.00 area = 43.78% wirelength = 100.00%
Best update !!! M1 cost=498062 penalty = 0.00 area = 43.79% wirelength = 100.00%
Best update !!! M1 cost=498014 penalty = 0.00 area = 43.79% wirelength = 100.00%
Best update !!! M1 cost=497912 penalty = 0.00 area = 43.80% wirelength = 100.00%
Best update !!! M1 cost=497905 penalty = 0.00 area = 43.80% wirelength = 100.00%
Best update !!! M1 cost=497867 penalty = 0.00 area = 43.80% wirelength = 100.00%
Best update !!! M3 cost=497626 penalty = 0.00 area = 43.83% wirelength = 100.00%
Best update !!! M1 cost=497588 penalty = 0.00 area = 43.83% wirelength = 100.00%
Best update !!! M1 cost=497568 penalty = 0.00 area = 43.83% wirelength = 100.00%
Best update !!! M1 cost=497541 penalty = 0.00 area = 43.83% wirelength = 100.00%
Best update !!! M1 cost=497480 penalty = 0.00 area = 43.84% wirelength = 100.00%
Best update !!! M1 cost=497368 penalty = 0.00 area = 43.85% wirelength = 100.00%
Best update !!! M1 cost=497321 penalty = 0.00 area = 43.85% wirelength = 100.00%
Best update !!! M3 cost=496771 penalty = 0.00 area = 43.90% wirelength = 100.00%
Best update !!! M1 cost=496718 penalty = 0.00 area = 43.91% wirelength = 100.00%
Best update !!! M1 cost=496649 penalty = 0.00 area = 43.91% wirelength = 100.00%
Best update !!! M1 cost=496247 penalty = 0.00 area = 43.95% wirelength = 100.00%
Best update !!! M1 cost=496241 penalty = 0.00 area = 43.95% wirelength = 100.00%
Best update !!! M1 cost=495955 penalty = 0.00 area = 43.97% wirelength = 100.00%
Best update !!! M1 cost=495934 penalty = 0.00 area = 43.98% wirelength = 100.00%
Best update !!! M1 cost=495743 penalty = 0.00 area = 43.99% wirelength = 100.00%
Best update !!! M1 cost=495667 penalty = 0.00 area = 44.00% wirelength = 100.00%
Best update !!! M1 cost=495625 penalty = 0.00 area = 44.00% wirelength = 100.00%
Best update !!! M1 cost=495461 penalty = 0.00 area = 44.02% wirelength = 100.00%
Best update !!! M1 cost=495376 penalty = 0.00 area = 44.02% wirelength = 100.00%
Best update !!! M1 cost=495285 penalty = 0.00 area = 44.03% wirelength = 100.00%
Best update !!! M1 cost=495271 penalty = 0.00 area = 44.03% wirelength = 100.00%
Best update !!! M1 cost=495212 penalty = 0.00 area = 44.04% wirelength = 100.00%
Best update !!! M1 cost=495182 penalty = 0.00 area = 44.04% wirelength = 100.00%
Best update !!! M1 cost=495090 penalty = 0.00 area = 44.05% wirelength = 100.00%
Best update !!! M1 cost=495084 penalty = 0.00 area = 44.05% wirelength = 100.00%
Best update !!! M2 cost=494945 penalty = 0.00 area = 44.06% wirelength = 100.00%
Best update !!! M1 cost=494933 penalty = 0.00 area = 44.06% wirelength = 100.00%
Best update !!! M1 cost=494912 penalty = 0.00 area = 44.07% wirelength = 100.00%
Best update !!! M1 cost=494872 penalty = 0.00 area = 44.07% wirelength = 100.00%
Best update !!! M1 cost=494860 penalty = 0.00 area = 44.07% wirelength = 100.00%
Best update !!! M1 cost=494857 penalty = 0.00 area = 44.07% wirelength = 100.00%
Best update !!! M1 cost=494771 penalty = 0.00 area = 44.08% wirelength = 100.00%
Best update !!! M1 cost=494751 penalty = 0.00 area = 44.08% wirelength = 100.00%
Best update !!! M1 cost=494700 penalty = 0.00 area = 44.09% wirelength = 100.00%
Best update !!! M1 cost=494628 penalty = 0.00 area = 44.09% wirelength = 100.00%
Best update !!! M1 cost=494495 penalty = 0.00 area = 44.10% wirelength = 100.00%
Best update !!! M1 cost=494416 penalty = 0.00 area = 44.11% wirelength = 100.00%
Best update !!! M1 cost=494282 penalty = 0.00 area = 44.12% wirelength = 100.00%
Best update !!! M1 cost=494269 penalty = 0.00 area = 44.12% wirelength = 100.00%
Best update !!! M1 cost=494260 penalty = 0.00 area = 44.12% wirelength = 100.00%
Best update !!! M1 cost=494220 penalty = 0.00 area = 44.13% wirelength = 100.00%
Best update !!! M1 cost=494099 penalty = 0.00 area = 44.14% wirelength = 100.00%
Best update !!! M1 cost=494087 penalty = 0.00 area = 44.14% wirelength = 100.00%
Best update !!! M1 cost=493845 penalty = 0.00 area = 44.16% wirelength = 100.00%
Best update !!! M1 cost=493736 penalty = 0.00 area = 44.17% wirelength = 100.00%
Best update !!! M1 cost=493691 penalty = 0.00 area = 44.18% wirelength = 100.00%
Best update !!! M1 cost=493636 penalty = 0.00 area = 44.18% wirelength = 100.00%
Best update !!! M1 cost=493401 penalty = 0.00 area = 44.20% wirelength = 100.00%
Best update !!! M1 cost=493384 penalty = 0.00 area = 44.20% wirelength = 100.00%
Best update !!! M1 cost=493329 penalty = 0.00 area = 44.21% wirelength = 100.00%
Best update !!! M2 cost=493228 penalty = 0.00 area = 44.22% wirelength = 100.00%
Best update !!! M1 cost=493225 penalty = 0.00 area = 44.22% wirelength = 100.00%
Best update !!! M1 cost=493142 penalty = 0.00 area = 44.22% wirelength = 100.00%
Best update !!! M1 cost=493012 penalty = 0.00 area = 44.24% wirelength = 100.00%
Best update !!! M1 cost=492922 penalty = 0.00 area = 44.24% wirelength = 100.00%
Best update !!! M1 cost=492811 penalty = 0.00 area = 44.25% wirelength = 100.00%
Best update !!! M1 cost=492747 penalty = 0.00 area = 44.26% wirelength = 100.00%
Best update !!! M2 cost=492737 penalty = 0.00 area = 44.26% wirelength = 100.00%
Best update !!! M1 cost=492631 penalty = 0.00 area = 44.27% wirelength = 100.00%
Best update !!! M1 cost=492565 penalty = 0.00 area = 44.28% wirelength = 100.00%
Best update !!! M2 cost=492560 penalty = 0.00 area = 44.28% wirelength = 100.00%
Best update !!! M1 cost=492465 penalty = 0.00 area = 44.29% wirelength = 100.00%
Best update !!! M1 cost=492277 penalty = 0.00 area = 44.30% wirelength = 100.00%
Best update !!! M1 cost=492214 penalty = 0.00 area = 44.31% wirelength = 100.00%
Best update !!! M1 cost=492184 penalty = 0.00 area = 44.31% wirelength = 100.00%
Best update !!! M1 cost=492104 penalty = 0.00 area = 44.32% wirelength = 100.00%
Best update !!! M1 cost=492074 penalty = 0.00 area = 44.32% wirelength = 100.00%
Best update !!! M1 cost=491886 penalty = 0.00 area = 44.34% wirelength = 100.00%
Best update !!! M1 cost=491750 penalty = 0.00 area = 44.35% wirelength = 100.00%
Best update !!! M1 cost=491744 penalty = 0.00 area = 44.35% wirelength = 100.00%
Best update !!! M1 cost=491706 penalty = 0.00 area = 44.35% wirelength = 100.00%
Best update !!! M1 cost=491695 penalty = 0.00 area = 44.35% wirelength = 100.00%
Best update !!! M1 cost=491592 penalty = 0.00 area = 44.36% wirelength = 100.00%
Best update !!! M1 cost=491434 penalty = 0.00 area = 44.38% wirelength = 100.00%
Best update !!! M1 cost=491383 penalty = 0.00 area = 44.38% wirelength = 100.00%
Best update !!! M1 cost=491367 penalty = 0.00 area = 44.38% wirelength = 100.00%
Best update !!! M1 cost=491347 penalty = 0.00 area = 44.39% wirelength = 100.00%
Best update !!! M1 cost=491328 penalty = 0.00 area = 44.39% wirelength = 100.00%
Best update !!! M1 cost=491261 penalty = 0.00 area = 44.39% wirelength = 100.00%
Best update !!! M1 cost=491259 penalty = 0.00 area = 44.39% wirelength = 100.00%
Best update !!! M1 cost=491146 penalty = 0.00 area = 44.40% wirelength = 100.00%
Best update !!! M1 cost=491075 penalty = 0.00 area = 44.41% wirelength = 100.00%
Best update !!! M1 cost=491067 penalty = 0.00 area = 44.41% wirelength = 100.00%
Best update !!! M1 cost=490921 penalty = 0.00 area = 44.42% wirelength = 100.00%
Best update !!! M1 cost=490918 penalty = 0.00 area = 44.42% wirelength = 100.00%
Best update !!! M1 cost=490650 penalty = 0.00 area = 44.45% wirelength = 100.00%
Best update !!! M1 cost=490545 penalty = 0.00 area = 44.46% wirelength = 100.00%
Best update !!! M1 cost=490485 penalty = 0.00 area = 44.46% wirelength = 100.00%
Best update !!! M1 cost=490419 penalty = 0.00 area = 44.47% wirelength = 100.00%
Best update !!! M1 cost=490398 penalty = 0.00 area = 44.47% wirelength = 100.00%
Best update !!! M1 cost=490376 penalty = 0.00 area = 44.47% wirelength = 100.00%
Best update !!! M1 cost=490372 penalty = 0.00 area = 44.47% wirelength = 100.00%
Best update !!! M1 cost=490359 penalty = 0.00 area = 44.48% wirelength = 100.00%
Best update !!! M1 cost=490347 penalty = 0.00 area = 44.48% wirelength = 100.00%
Best update !!! M1 cost=490343 penalty = 0.00 area = 44.48% wirelength = 100.00%
Best update !!! M1 cost=490342 penalty = 0.00 area = 44.48% wirelength = 100.00%
Best update !!! M1 cost=490169 penalty = 0.00 area = 44.49% wirelength = 100.00%
Best update !!! M1 cost=490116 penalty = 0.00 area = 44.50% wirelength = 100.00%
Best update !!! M1 cost=490065 penalty = 0.00 area = 44.50% wirelength = 100.00%
Best update !!! M1 cost=489983 penalty = 0.00 area = 44.51% wirelength = 100.00%
Best update !!! M1 cost=489579 penalty = 0.00 area = 44.55% wirelength = 100.00%
Best update !!! M1 cost=489544 penalty = 0.00 area = 44.55% wirelength = 100.00%
Best update !!! M1 cost=489539 penalty = 0.00 area = 44.55% wirelength = 100.00%
Best update !!! M1 cost=489477 penalty = 0.00 area = 44.56% wirelength = 100.00%
Best update !!! M1 cost=489401 penalty = 0.00 area = 44.56% wirelength = 100.00%
Best update !!! M1 cost=489395 penalty = 0.00 area = 44.56% wirelength = 100.00%
Best update !!! M1 cost=489375 penalty = 0.00 area = 44.56% wirelength = 100.00%
Best update !!! M1 cost=489361 penalty = 0.00 area = 44.57% wirelength = 100.00%
Best update !!! M1 cost=489358 penalty = 0.00 area = 44.57% wirelength = 100.00%
Best update !!! M1 cost=489348 penalty = 0.00 area = 44.57% wirelength = 100.00%
Best update !!! M1 cost=489173 penalty = 0.00 area = 44.58% wirelength = 100.00%
Best update !!! M1 cost=489171 penalty = 0.00 area = 44.58% wirelength = 100.00%
Best update !!! M1 cost=489147 penalty = 0.00 area = 44.59% wirelength = 100.00%
Best update !!! M1 cost=489146 penalty = 0.00 area = 44.59% wirelength = 100.00%
Best update !!! M1 cost=489133 penalty = 0.00 area = 44.59% wirelength = 100.00%
Best update !!! M1 cost=488764 penalty = 0.00 area = 44.62% wirelength = 100.00%
Best update !!! M1 cost=488654 penalty = 0.00 area = 44.63% wirelength = 100.00%
Best update !!! M1 cost=488554 penalty = 0.00 area = 44.64% wirelength = 100.00%
Best update !!! M2 cost=488535 penalty = 0.00 area = 44.64% wirelength = 100.00%
Best update !!! M1 cost=488523 penalty = 0.00 area = 44.64% wirelength = 100.00%
Best update !!! M1 cost=488476 penalty = 0.00 area = 44.65% wirelength = 100.00%
Best update !!! M1 cost=488329 penalty = 0.00 area = 44.66% wirelength = 100.00%
Best update !!! M1 cost=488285 penalty = 0.00 area = 44.66% wirelength = 100.00%
Best update !!! M1 cost=488086 penalty = 0.00 area = 44.68% wirelength = 100.00%
Best update !!! M1 cost=488032 penalty = 0.00 area = 44.69% wirelength = 100.00%
Best update !!! M1 cost=487968 penalty = 0.00 area = 44.69% wirelength = 100.00%
Best update !!! M1 cost=487886 penalty = 0.00 area = 44.70% wirelength = 100.00%
Best update !!! M1 cost=487877 penalty = 0.00 area = 44.70% wirelength = 100.00%
Best update !!! M1 cost=487779 penalty = 0.00 area = 44.71% wirelength = 100.00%
Best update !!! M1 cost=487756 penalty = 0.00 area = 44.71% wirelength = 100.00%
Best update !!! M1 cost=487697 penalty = 0.00 area = 44.72% wirelength = 100.00%
Best update !!! M1 cost=487592 penalty = 0.00 area = 44.73% wirelength = 100.00%
Best update !!! M1 cost=487441 penalty = 0.00 area = 44.74% wirelength = 100.00%
Best update !!! M1 cost=487419 penalty = 0.00 area = 44.74% wirelength = 100.00%
Best update !!! M1 cost=487359 penalty = 0.00 area = 44.75% wirelength = 100.00%
Best update !!! M1 cost=487240 penalty = 0.00 area = 44.76% wirelength = 100.00%
Best update !!! M1 cost=487020 penalty = 0.00 area = 44.78% wirelength = 100.00%
Best update !!! M1 cost=486992 penalty = 0.00 area = 44.78% wirelength = 100.00%
Best update !!! M1 cost=486962 penalty = 0.00 area = 44.79% wirelength = 100.00%
Best update !!! M1 cost=486941 penalty = 0.00 area = 44.79% wirelength = 100.00%
Best update !!! M1 cost=486927 penalty = 0.00 area = 44.79% wirelength = 100.00%
Best update !!! M1 cost=486894 penalty = 0.00 area = 44.79% wirelength = 100.00%
Best update !!! M1 cost=486837 penalty = 0.00 area = 44.80% wirelength = 100.00%
Best update !!! M1 cost=486824 penalty = 0.00 area = 44.80% wirelength = 100.00%
Best update !!! M1 cost=486781 penalty = 0.00 area = 44.80% wirelength = 100.00%
Best update !!! M1 cost=486773 penalty = 0.00 area = 44.80% wirelength = 100.00%
Best update !!! M1 cost=486772 penalty = 0.00 area = 44.80% wirelength = 100.00%
Best update !!! M1 cost=486720 penalty = 0.00 area = 44.81% wirelength = 100.00%
Best update !!! M1 cost=486669 penalty = 0.00 area = 44.81% wirelength = 100.00%
Best update !!! M1 cost=486600 penalty = 0.00 area = 44.82% wirelength = 100.00%
Best update !!! M1 cost=486568 penalty = 0.00 area = 44.82% wirelength = 100.00%
Best update !!! M1 cost=486446 penalty = 0.00 area = 44.83% wirelength = 100.00%
Best update !!! M1 cost=486407 penalty = 0.00 area = 44.84% wirelength = 100.00%
Best update !!! M1 cost=486355 penalty = 0.00 area = 44.84% wirelength = 100.00%
Best update !!! M1 cost=486271 penalty = 0.00 area = 44.85% wirelength = 100.00%
Best update !!! M1 cost=486260 penalty = 0.00 area = 44.85% wirelength = 100.00%
Best update !!! M1 cost=486159 penalty = 0.00 area = 44.86% wirelength = 100.00%
Best update !!! M1 cost=486154 penalty = 0.00 area = 44.86% wirelength = 100.00%
Best update !!! M1 cost=486052 penalty = 0.00 area = 44.87% wirelength = 100.00%
Best update !!! M1 cost=486033 penalty = 0.00 area = 44.87% wirelength = 100.00%
Best update !!! M1 cost=485068 penalty = 0.00 area = 44.96% wirelength = 100.00%
Best update !!! M2 cost=484953 penalty = 0.00 area = 44.97% wirelength = 100.00%
Best update !!! M1 cost=484571 penalty = 0.00 area = 45.01% wirelength = 100.00%
Best update !!! M1 cost=484380 penalty = 0.00 area = 45.02% wirelength = 100.00%
Best update !!! M1 cost=484346 penalty = 0.00 area = 45.03% wirelength = 100.00%
Best update !!! M1 cost=484084 penalty = 0.00 area = 45.05% wirelength = 100.00%
Best update !!! M1 cost=483991 penalty = 0.00 area = 45.06% wirelength = 100.00%
Best update !!! M1 cost=483989 penalty = 0.00 area = 45.06% wirelength = 100.00%
Best update !!! M1 cost=483894 penalty = 0.00 area = 45.07% wirelength = 100.00%
Best update !!! M1 cost=483888 penalty = 0.00 area = 45.07% wirelength = 100.00%
Best update !!! M1 cost=483865 penalty = 0.00 area = 45.07% wirelength = 100.00%
Best update !!! M1 cost=483803 penalty = 0.00 area = 45.08% wirelength = 100.00%
Best update !!! M1 cost=483752 penalty = 0.00 area = 45.08% wirelength = 100.00%
Best update !!! M1 cost=483600 penalty = 0.00 area = 45.10% wirelength = 100.00%
Best update !!! M1 cost=483500 penalty = 0.00 area = 45.11% wirelength = 100.00%
Best update !!! M1 cost=483481 penalty = 0.00 area = 45.11% wirelength = 100.00%
Best update !!! M1 cost=483379 penalty = 0.00 area = 45.12% wirelength = 100.00%
Best update !!! M1 cost=483378 penalty = 0.00 area = 45.12% wirelength = 100.00%
Best update !!! M1 cost=483236 penalty = 0.00 area = 45.13% wirelength = 100.00%
Best update !!! M1 cost=483212 penalty = 0.00 area = 45.13% wirelength = 100.00%
Best update !!! M1 cost=483156 penalty = 0.00 area = 45.14% wirelength = 100.00%
Best update !!! M1 cost=483130 penalty = 0.00 area = 45.14% wirelength = 100.00%
Best update !!! M1 cost=483031 penalty = 0.00 area = 45.15% wirelength = 100.00%
Best update !!! M1 cost=482643 penalty = 0.00 area = 45.19% wirelength = 100.00%
Best update !!! M1 cost=482319 penalty = 0.00 area = 45.22% wirelength = 100.00%
Best update !!! M1 cost=482314 penalty = 0.00 area = 45.22% wirelength = 100.00%
Best update !!! M1 cost=482289 penalty = 0.00 area = 45.22% wirelength = 100.00%
Best update !!! M1 cost=482275 penalty = 0.00 area = 45.22% wirelength = 100.00%
Best update !!! M1 cost=482206 penalty = 0.00 area = 45.23% wirelength = 100.00%
Best update !!! M1 cost=482202 penalty = 0.00 area = 45.23% wirelength = 100.00%
Best update !!! M1 cost=481951 penalty = 0.00 area = 45.25% wirelength = 100.00%
Best update !!! M1 cost=481648 penalty = 0.00 area = 45.28% wirelength = 100.00%
Best update !!! M1 cost=481628 penalty = 0.00 area = 45.28% wirelength = 100.00%
Best update !!! M1 cost=481604 penalty = 0.00 area = 45.28% wirelength = 100.00%
Best update !!! M1 cost=481589 penalty = 0.00 area = 45.29% wirelength = 100.00%
Best update !!! M1 cost=481586 penalty = 0.00 area = 45.29% wirelength = 100.00%
Best update !!! M1 cost=481515 penalty = 0.00 area = 45.29% wirelength = 100.00%
Best update !!! M1 cost=481503 penalty = 0.00 area = 45.29% wirelength = 100.00%
Best update !!! M1 cost=481404 penalty = 0.00 area = 45.30% wirelength = 100.00%
Best update !!! M1 cost=481356 penalty = 0.00 area = 45.31% wirelength = 100.00%
Best update !!! M1 cost=480987 penalty = 0.00 area = 45.34% wirelength = 100.00%
Best update !!! M1 cost=480918 penalty = 0.00 area = 45.35% wirelength = 100.00%
Best update !!! M1 cost=480899 penalty = 0.00 area = 45.35% wirelength = 100.00%
Best update !!! M1 cost=480749 penalty = 0.00 area = 45.36% wirelength = 100.00%
Best update !!! M1 cost=480597 penalty = 0.00 area = 45.38% wirelength = 100.00%
Best update !!! M1 cost=480553 penalty = 0.00 area = 45.38% wirelength = 100.00%
Best update !!! M2 cost=480508 penalty = 0.00 area = 45.39% wirelength = 100.00%
Best update !!! M1 cost=480402 penalty = 0.00 area = 45.40% wirelength = 100.00%
Best update !!! M1 cost=480395 penalty = 0.00 area = 45.40% wirelength = 100.00%
Best update !!! M1 cost=480291 penalty = 0.00 area = 45.41% wirelength = 100.00%
Best update !!! M1 cost=480038 penalty = 0.00 area = 45.43% wirelength = 100.00%
Best update !!! M1 cost=480013 penalty = 0.00 area = 45.43% wirelength = 100.00%
Best update !!! M1 cost=480005 penalty = 0.00 area = 45.43% wirelength = 100.00%
Best update !!! M1 cost=479978 penalty = 0.00 area = 45.44% wirelength = 100.00%
Best update !!! M1 cost=479964 penalty = 0.00 area = 45.44% wirelength = 100.00%
Best update !!! M1 cost=479898 penalty = 0.00 area = 45.44% wirelength = 100.00%
Best update !!! M2 cost=479816 penalty = 0.00 area = 45.45% wirelength = 100.00%
Best update !!! M1 cost=479812 penalty = 0.00 area = 45.45% wirelength = 100.00%
Best update !!! M1 cost=479693 penalty = 0.00 area = 45.46% wirelength = 100.00%
Best update !!! M1 cost=479448 penalty = 0.00 area = 45.49% wirelength = 100.00%
Best update !!! M1 cost=479397 penalty = 0.00 area = 45.49% wirelength = 100.00%
Best update !!! M1 cost=479183 penalty = 0.00 area = 45.51% wirelength = 100.00%
Best update !!! M1 cost=479153 penalty = 0.00 area = 45.52% wirelength = 100.00%
Best update !!! M1 cost=479137 penalty = 0.00 area = 45.52% wirelength = 100.00%
Best update !!! M2 cost=479090 penalty = 0.00 area = 45.52% wirelength = 100.00%
Best update !!! M1 cost=478977 penalty = 0.00 area = 45.53% wirelength = 100.00%
Best update !!! M1 cost=478897 penalty = 0.00 area = 45.54% wirelength = 100.00%
Best update !!! M1 cost=478811 penalty = 0.00 area = 45.55% wirelength = 100.00%
Best update !!! M1 cost=478803 penalty = 0.00 area = 45.55% wirelength = 100.00%
Best update !!! M1 cost=478749 penalty = 0.00 area = 45.55% wirelength = 100.00%
Best update !!! M1 cost=478742 penalty = 0.00 area = 45.55% wirelength = 100.00%
Best update !!! M1 cost=478639 penalty = 0.00 area = 45.56% wirelength = 100.00%
Best update !!! M1 cost=478580 penalty = 0.00 area = 45.57% wirelength = 100.00%
Best update !!! M1 cost=478570 penalty = 0.00 area = 45.57% wirelength = 100.00%
Best update !!! M1 cost=478444 penalty = 0.00 area = 45.58% wirelength = 100.00%
Best update !!! M1 cost=478402 penalty = 0.00 area = 45.59% wirelength = 100.00%
Best update !!! M1 cost=478245 penalty = 0.00 area = 45.60% wirelength = 100.00%
Best update !!! M1 cost=478201 penalty = 0.00 area = 45.61% wirelength = 100.00%
Best update !!! M1 cost=478089 penalty = 0.00 area = 45.62% wirelength = 100.00%
Best update !!! M1 cost=478079 penalty = 0.00 area = 45.62% wirelength = 100.00%
Best update !!! M1 cost=478060 penalty = 0.00 area = 45.62% wirelength = 100.00%
Best update !!! M1 cost=477964 penalty = 0.00 area = 45.63% wirelength = 100.00%
Best update !!! M1 cost=477752 penalty = 0.00 area = 45.65% wirelength = 100.00%
Best update !!! M1 cost=477560 penalty = 0.00 area = 45.67% wirelength = 100.00%
Best update !!! M1 cost=477521 penalty = 0.00 area = 45.67% wirelength = 100.00%
Best update !!! M1 cost=477429 penalty = 0.00 area = 45.68% wirelength = 100.00%
Best update !!! M1 cost=477236 penalty = 0.00 area = 45.70% wirelength = 100.00%
Best update !!! M1 cost=477228 penalty = 0.00 area = 45.70% wirelength = 100.00%
Best update !!! M1 cost=477200 penalty = 0.00 area = 45.70% wirelength = 100.00%
Best update !!! M1 cost=477188 penalty = 0.00 area = 45.70% wirelength = 100.00%
Best update !!! M1 cost=477169 penalty = 0.00 area = 45.70% wirelength = 100.00%
Best update !!! M2 cost=477068 penalty = 0.00 area = 45.71% wirelength = 100.00%
Best update !!! M1 cost=477037 penalty = 0.00 area = 45.72% wirelength = 100.00%
Best update !!! M1 cost=477029 penalty = 0.00 area = 45.72% wirelength = 100.00%
Best update !!! M1 cost=476982 penalty = 0.00 area = 45.72% wirelength = 100.00%
Best update !!! M1 cost=476908 penalty = 0.00 area = 45.73% wirelength = 100.00%
Best update !!! M1 cost=476894 penalty = 0.00 area = 45.73% wirelength = 100.00%
Best update !!! M1 cost=476880 penalty = 0.00 area = 45.73% wirelength = 100.00%
Best update !!! M1 cost=476747 penalty = 0.00 area = 45.75% wirelength = 100.00%
Best update !!! M1 cost=476705 penalty = 0.00 area = 45.75% wirelength = 100.00%
Best update !!! M1 cost=476570 penalty = 0.00 area = 45.76% wirelength = 100.00%
Best update !!! M1 cost=476504 penalty = 0.00 area = 45.77% wirelength = 100.00%
Best update !!! M1 cost=476467 penalty = 0.00 area = 45.77% wirelength = 100.00%
Best update !!! M1 cost=476283 penalty = 0.00 area = 45.79% wirelength = 100.00%
Best update !!! M1 cost=476205 penalty = 0.00 area = 45.80% wirelength = 100.00%
Best update !!! M1 cost=476037 penalty = 0.00 area = 45.81% wirelength = 100.00%
Best update !!! M2 cost=475867 penalty = 0.00 area = 45.83% wirelength = 100.00%
Best update !!! M1 cost=475818 penalty = 0.00 area = 45.83% wirelength = 100.00%
Best update !!! M1 cost=475748 penalty = 0.00 area = 45.84% wirelength = 100.00%
Best update !!! M1 cost=475705 penalty = 0.00 area = 45.85% wirelength = 100.00%
Best update !!! M1 cost=475485 penalty = 0.00 area = 45.87% wirelength = 100.00%
Best update !!! M1 cost=475458 penalty = 0.00 area = 45.87% wirelength = 100.00%
Best update !!! M1 cost=475396 penalty = 0.00 area = 45.88% wirelength = 100.00%
Best update !!! M1 cost=475300 penalty = 0.00 area = 45.88% wirelength = 100.00%
Best update !!! M1 cost=475134 penalty = 0.00 area = 45.90% wirelength = 100.00%
Best update !!! M1 cost=475041 penalty = 0.00 area = 45.91% wirelength = 100.00%
Best update !!! M1 cost=474654 penalty = 0.00 area = 45.95% wirelength = 100.00%
Best update !!! M1 cost=474608 penalty = 0.00 area = 45.95% wirelength = 100.00%
Best update !!! M1 cost=474470 penalty = 0.00 area = 45.96% wirelength = 100.00%
Best update !!! M1 cost=474396 penalty = 0.00 area = 45.97% wirelength = 100.00%
Best update !!! M1 cost=474395 penalty = 0.00 area = 45.97% wirelength = 100.00%
Best update !!! M1 cost=474348 penalty = 0.00 area = 45.98% wirelength = 100.00%
Best update !!! M1 cost=474320 penalty = 0.00 area = 45.98% wirelength = 100.00%
Best update !!! M1 cost=474224 penalty = 0.00 area = 45.99% wirelength = 100.00%
Best update !!! M1 cost=474093 penalty = 0.00 area = 46.00% wirelength = 100.00%
Best update !!! M1 cost=473969 penalty = 0.00 area = 46.01% wirelength = 100.00%
Best update !!! M1 cost=473884 penalty = 0.00 area = 46.02% wirelength = 100.00%
Best update !!! M1 cost=473736 penalty = 0.00 area = 46.04% wirelength = 100.00%
Best update !!! M2 cost=473450 penalty = 0.00 area = 46.06% wirelength = 100.00%
Best update !!! M1 cost=473444 penalty = 0.00 area = 46.06% wirelength = 100.00%
Best update !!! M1 cost=473368 penalty = 0.00 area = 46.07% wirelength = 100.00%
Best update !!! M1 cost=473270 penalty = 0.00 area = 46.08% wirelength = 100.00%
Best update !!! M1 cost=473248 penalty = 0.00 area = 46.08% wirelength = 100.00%
Best update !!! M1 cost=473237 penalty = 0.00 area = 46.08% wirelength = 100.00%
Best update !!! M1 cost=473224 penalty = 0.00 area = 46.09% wirelength = 100.00%
Best update !!! M1 cost=473219 penalty = 0.00 area = 46.09% wirelength = 100.00%
Best update !!! M2 cost=473211 penalty = 0.00 area = 46.09% wirelength = 100.00%
Best update !!! M1 cost=473132 penalty = 0.00 area = 46.09% wirelength = 100.00%
Best update !!! M1 cost=473030 penalty = 0.00 area = 46.10% wirelength = 100.00%
Best update !!! M1 cost=473013 penalty = 0.00 area = 46.11% wirelength = 100.00%
Best update !!! M1 cost=472837 penalty = 0.00 area = 46.12% wirelength = 100.00%
Best update !!! M1 cost=472834 penalty = 0.00 area = 46.12% wirelength = 100.00%
Best update !!! M1 cost=472790 penalty = 0.00 area = 46.13% wirelength = 100.00%
Best update !!! M1 cost=472603 penalty = 0.00 area = 46.15% wirelength = 100.00%
Best update !!! M1 cost=472583 penalty = 0.00 area = 46.15% wirelength = 100.00%
Best update !!! M1 cost=472554 penalty = 0.00 area = 46.15% wirelength = 100.00%
Best update !!! M1 cost=472545 penalty = 0.00 area = 46.15% wirelength = 100.00%
Best update !!! M1 cost=472472 penalty = 0.00 area = 46.16% wirelength = 100.00%
Best update !!! M1 cost=472367 penalty = 0.00 area = 46.17% wirelength = 100.00%
Best update !!! M1 cost=472320 penalty = 0.00 area = 46.17% wirelength = 100.00%
Best update !!! M1 cost=472282 penalty = 0.00 area = 46.18% wirelength = 100.00%
Best update !!! M1 cost=472128 penalty = 0.00 area = 46.19% wirelength = 100.00%
Best update !!! M1 cost=472124 penalty = 0.00 area = 46.19% wirelength = 100.00%
Best update !!! M1 cost=472120 penalty = 0.00 area = 46.19% wirelength = 100.00%
Best update !!! M1 cost=472055 penalty = 0.00 area = 46.20% wirelength = 100.00%
Best update !!! M1 cost=472023 penalty = 0.00 area = 46.20% wirelength = 100.00%
Best update !!! M1 cost=472017 penalty = 0.00 area = 46.20% wirelength = 100.00%
Best update !!! M1 cost=472007 penalty = 0.00 area = 46.20% wirelength = 100.00%
Best update !!! M1 cost=471955 penalty = 0.00 area = 46.21% wirelength = 100.00%
Best update !!! M1 cost=471855 penalty = 0.00 area = 46.22% wirelength = 100.00%
Best update !!! M1 cost=471845 penalty = 0.00 area = 46.22% wirelength = 100.00%
Best update !!! M1 cost=471818 penalty = 0.00 area = 46.22% wirelength = 100.00%
Best update !!! M1 cost=471789 penalty = 0.00 area = 46.23% wirelength = 100.00%
Best update !!! M1 cost=471783 penalty = 0.00 area = 46.23% wirelength = 100.00%
Best update !!! M1 cost=471782 penalty = 0.00 area = 46.23% wirelength = 100.00%
Best update !!! M1 cost=471645 penalty = 0.00 area = 46.24% wirelength = 100.00%
Best update !!! M1 cost=471579 penalty = 0.00 area = 46.25% wirelength = 100.00%
Best update !!! M1 cost=471488 penalty = 0.00 area = 46.26% wirelength = 100.00%
Best update !!! M1 cost=471485 penalty = 0.00 area = 46.26% wirelength = 100.00%
Best update !!! M1 cost=471466 penalty = 0.00 area = 46.26% wirelength = 100.00%
Best update !!! M1 cost=471458 penalty = 0.00 area = 46.26% wirelength = 100.00%
Best update !!! M1 cost=471417 penalty = 0.00 area = 46.26% wirelength = 100.00%
Best update !!! M1 cost=471332 penalty = 0.00 area = 46.27% wirelength = 100.00%
Best update !!! M1 cost=471319 penalty = 0.00 area = 46.27% wirelength = 100.00%
Best update !!! M1 cost=471259 penalty = 0.00 area = 46.28% wirelength = 100.00%
Best update !!! M1 cost=471250 penalty = 0.00 area = 46.28% wirelength = 100.00%
Best update !!! M1 cost=471204 penalty = 0.00 area = 46.28% wirelength = 100.00%
Best update !!! M1 cost=471201 penalty = 0.00 area = 46.28% wirelength = 100.00%
Best update !!! M1 cost=471134 penalty = 0.00 area = 46.29% wirelength = 100.00%
Best update !!! M1 cost=471117 penalty = 0.00 area = 46.29% wirelength = 100.00%
Best update !!! M1 cost=471064 penalty = 0.00 area = 46.30% wirelength = 100.00%
Best update !!! M1 cost=470998 penalty = 0.00 area = 46.30% wirelength = 100.00%
Best update !!! M1 cost=470980 penalty = 0.00 area = 46.31% wirelength = 100.00%
Best update !!! M1 cost=470966 penalty = 0.00 area = 46.31% wirelength = 100.00%
Best update !!! M1 cost=470882 penalty = 0.00 area = 46.32% wirelength = 100.00%
Best update !!! M1 cost=470841 penalty = 0.00 area = 46.32% wirelength = 100.00%
Best update !!! M1 cost=470787 penalty = 0.00 area = 46.32% wirelength = 100.00%
Best update !!! M1 cost=470785 penalty = 0.00 area = 46.32% wirelength = 100.00%
Best update !!! M1 cost=470771 penalty = 0.00 area = 46.33% wirelength = 100.00%
Best update !!! M1 cost=470757 penalty = 0.00 area = 46.33% wirelength = 100.00%
Best update !!! M1 cost=470727 penalty = 0.00 area = 46.33% wirelength = 100.00%
Best update !!! M1 cost=470678 penalty = 0.00 area = 46.34% wirelength = 100.00%
Best update !!! M1 cost=470596 penalty = 0.00 area = 46.34% wirelength = 100.00%
Best update !!! M1 cost=470539 penalty = 0.00 area = 46.35% wirelength = 100.00%
Best update !!! M1 cost=470317 penalty = 0.00 area = 46.37% wirelength = 100.00%
Best update !!! M1 cost=470310 penalty = 0.00 area = 46.37% wirelength = 100.00%
Best update !!! M1 cost=470296 penalty = 0.00 area = 46.37% wirelength = 100.00%
Best update !!! M1 cost=470205 penalty = 0.00 area = 46.38% wirelength = 100.00%
Best update !!! M1 cost=470188 penalty = 0.00 area = 46.38% wirelength = 100.00%
Best update !!! M1 cost=470118 penalty = 0.00 area = 46.39% wirelength = 100.00%
Best update !!! M1 cost=470109 penalty = 0.00 area = 46.39% wirelength = 100.00%
Best update !!! M1 cost=470039 penalty = 0.00 area = 46.40% wirelength = 100.00%
Best update !!! M1 cost=470007 penalty = 0.00 area = 46.40% wirelength = 100.00%
Best update !!! M1 cost=469990 penalty = 0.00 area = 46.40% wirelength = 100.00%
Best update !!! M1 cost=469950 penalty = 0.00 area = 46.41% wirelength = 100.00%
Best update !!! M1 cost=469916 penalty = 0.00 area = 46.41% wirelength = 100.00%
Best update !!! M1 cost=469912 penalty = 0.00 area = 46.41% wirelength = 100.00%
Best update !!! M1 cost=469818 penalty = 0.00 area = 46.42% wirelength = 100.00%
Best update !!! M1 cost=469806 penalty = 0.00 area = 46.42% wirelength = 100.00%
Best update !!! M1 cost=469634 penalty = 0.00 area = 46.44% wirelength = 100.00%
Best update !!! M1 cost=469616 penalty = 0.00 area = 46.44% wirelength = 100.00%
Best update !!! M1 cost=469552 penalty = 0.00 area = 46.45% wirelength = 100.00%
Best update !!! M2 cost=469517 penalty = 0.00 area = 46.45% wirelength = 100.00%
Best update !!! M1 cost=469505 penalty = 0.00 area = 46.45% wirelength = 100.00%
Best update !!! M1 cost=469501 penalty = 0.00 area = 46.45% wirelength = 100.00%
Best update !!! M1 cost=469463 penalty = 0.00 area = 46.45% wirelength = 100.00%
Best update !!! M1 cost=469455 penalty = 0.00 area = 46.46% wirelength = 100.00%
Best update !!! M1 cost=469445 penalty = 0.00 area = 46.46% wirelength = 100.00%
Best update !!! M1 cost=469441 penalty = 0.00 area = 46.46% wirelength = 100.00%
Best update !!! M1 cost=469413 penalty = 0.00 area = 46.46% wirelength = 100.00%
Best update !!! M1 cost=469402 penalty = 0.00 area = 46.46% wirelength = 100.00%
Best update !!! M1 cost=469373 penalty = 0.00 area = 46.46% wirelength = 100.00%
Best update !!! M1 cost=469370 penalty = 0.00 area = 46.46% wirelength = 100.00%
Best update !!! M1 cost=469357 penalty = 0.00 area = 46.47% wirelength = 100.00%
Best update !!! M1 cost=469335 penalty = 0.00 area = 46.47% wirelength = 100.00%
Best update !!! M1 cost=469313 penalty = 0.00 area = 46.47% wirelength = 100.00%
Best update !!! M1 cost=469255 penalty = 0.00 area = 46.48% wirelength = 100.00%
Best update !!! M1 cost=469252 penalty = 0.00 area = 46.48% wirelength = 100.00%
Best update !!! M1 cost=469185 penalty = 0.00 area = 46.48% wirelength = 100.00%
Best update !!! M2 cost=469167 penalty = 0.00 area = 46.48% wirelength = 100.00%
Best update !!! M1 cost=469153 penalty = 0.00 area = 46.49% wirelength = 100.00%
Best update !!! M1 cost=469117 penalty = 0.00 area = 46.49% wirelength = 100.00%
Best update !!! M1 cost=469111 penalty = 0.00 area = 46.49% wirelength = 100.00%
Best update !!! M1 cost=469099 penalty = 0.00 area = 46.49% wirelength = 100.00%
Best update !!! M1 cost=469036 penalty = 0.00 area = 46.50% wirelength = 100.00%
Best update !!! M1 cost=469008 penalty = 0.00 area = 46.50% wirelength = 100.00%
Best update !!! M1 cost=468973 penalty = 0.00 area = 46.50% wirelength = 100.00%
Best update !!! M1 cost=468953 penalty = 0.00 area = 46.51% wirelength = 100.00%
Best update !!! M1 cost=468932 penalty = 0.00 area = 46.51% wirelength = 100.00%
Best update !!! M1 cost=468914 penalty = 0.00 area = 46.51% wirelength = 100.00%
Best update !!! M1 cost=468896 penalty = 0.00 area = 46.51% wirelength = 100.00%
Best update !!! M1 cost=468885 penalty = 0.00 area = 46.51% wirelength = 100.00%
Best update !!! M1 cost=468876 penalty = 0.00 area = 46.51% wirelength = 100.00%
Best update !!! M1 cost=468826 penalty = 0.00 area = 46.52% wirelength = 100.00%
Best update !!! M1 cost=468710 penalty = 0.00 area = 46.53% wirelength = 100.00%
Best update !!! M1 cost=468697 penalty = 0.00 area = 46.53% wirelength = 100.00%
Best update !!! M1 cost=468669 penalty = 0.00 area = 46.53% wirelength = 100.00%
Best update !!! M1 cost=468655 penalty = 0.00 area = 46.54% wirelength = 100.00%
Best update !!! M1 cost=468608 penalty = 0.00 area = 46.54% wirelength = 100.00%
Best update !!! M1 cost=468588 penalty = 0.00 area = 46.54% wirelength = 100.00%
Best update !!! M1 cost=468558 penalty = 0.00 area = 46.54% wirelength = 100.00%
Best update !!! M1 cost=468509 penalty = 0.00 area = 46.55% wirelength = 100.00%
Best update !!! M1 cost=468469 penalty = 0.00 area = 46.55% wirelength = 100.00%
Best update !!! M1 cost=468283 penalty = 0.00 area = 46.57% wirelength = 100.00%
Best update !!! M1 cost=468222 penalty = 0.00 area = 46.58% wirelength = 100.00%
Best update !!! M1 cost=468202 penalty = 0.00 area = 46.58% wirelength = 100.00%
Best update !!! M1 cost=468184 penalty = 0.00 area = 46.58% wirelength = 100.00%
Best update !!! M1 cost=468153 penalty = 0.00 area = 46.58% wirelength = 100.00%
Best update !!! M1 cost=468117 penalty = 0.00 area = 46.59% wirelength = 100.00%
Best update !!! M1 cost=468066 penalty = 0.00 area = 46.59% wirelength = 100.00%
Best update !!! M1 cost=468061 penalty = 0.00 area = 46.59% wirelength = 100.00%
Best update !!! M1 cost=467990 penalty = 0.00 area = 46.60% wirelength = 100.00%
Best update !!! M1 cost=467971 penalty = 0.00 area = 46.60% wirelength = 100.00%
Best update !!! M1 cost=467959 penalty = 0.00 area = 46.60% wirelength = 100.00%
Best update !!! M1 cost=467937 penalty = 0.00 area = 46.61% wirelength = 100.00%
Best update !!! M1 cost=467919 penalty = 0.00 area = 46.61% wirelength = 100.00%
Best update !!! M1 cost=467914 penalty = 0.00 area = 46.61% wirelength = 100.00%
Best update !!! M1 cost=467908 penalty = 0.00 area = 46.61% wirelength = 100.00%
Best update !!! M1 cost=467837 penalty = 0.00 area = 46.62% wirelength = 100.00%
Best update !!! M1 cost=467811 penalty = 0.00 area = 46.62% wirelength = 100.00%
Best update !!! M1 cost=467801 penalty = 0.00 area = 46.62% wirelength = 100.00%
Best update !!! M1 cost=467768 penalty = 0.00 area = 46.62% wirelength = 100.00%
Best update !!! M1 cost=467722 penalty = 0.00 area = 46.63% wirelength = 100.00%
Best update !!! M1 cost=467713 penalty = 0.00 area = 46.63% wirelength = 100.00%
Best update !!! M1 cost=467669 penalty = 0.00 area = 46.63% wirelength = 100.00%
Best update !!! M1 cost=467662 penalty = 0.00 area = 46.63% wirelength = 100.00%
Best update !!! M1 cost=467630 penalty = 0.00 area = 46.64% wirelength = 100.00%
Best update !!! M1 cost=467629 penalty = 0.00 area = 46.64% wirelength = 100.00%
Best update !!! M1 cost=467582 penalty = 0.00 area = 46.64% wirelength = 100.00%
Best update !!! M1 cost=467557 penalty = 0.00 area = 46.64% wirelength = 100.00%
Best update !!! M1 cost=467546 penalty = 0.00 area = 46.65% wirelength = 100.00%
Best update !!! M1 cost=467521 penalty = 0.00 area = 46.65% wirelength = 100.00%
Best update !!! M1 cost=467518 penalty = 0.00 area = 46.65% wirelength = 100.00%
Best update !!! M1 cost=467512 penalty = 0.00 area = 46.65% wirelength = 100.00%
Best update !!! M1 cost=467506 penalty = 0.00 area = 46.65% wirelength = 100.00%
Best update !!! M1 cost=467461 penalty = 0.00 area = 46.65% wirelength = 100.00%
Best update !!! M1 cost=467435 penalty = 0.00 area = 46.66% wirelength = 100.00%
Best update !!! M1 cost=467421 penalty = 0.00 area = 46.66% wirelength = 100.00%
Best update !!! M1 cost=467402 penalty = 0.00 area = 46.66% wirelength = 100.00%
Best update !!! M1 cost=467363 penalty = 0.00 area = 46.66% wirelength = 100.00%
Best update !!! M1 cost=467335 penalty = 0.00 area = 46.67% wirelength = 100.00%
Best update !!! M1 cost=467301 penalty = 0.00 area = 46.67% wirelength = 100.00%
Best update !!! M1 cost=467283 penalty = 0.00 area = 46.67% wirelength = 100.00%
Best update !!! M1 cost=467282 penalty = 0.00 area = 46.67% wirelength = 100.00%
Best update !!! M1 cost=467239 penalty = 0.00 area = 46.68% wirelength = 100.00%
Best update !!! M1 cost=467234 penalty = 0.00 area = 46.68% wirelength = 100.00%
Best update !!! M1 cost=467202 penalty = 0.00 area = 46.68% wirelength = 100.00%
Best update !!! M1 cost=467107 penalty = 0.00 area = 46.69% wirelength = 100.00%
Best update !!! M1 cost=467045 penalty = 0.00 area = 46.70% wirelength = 100.00%
Best update !!! M1 cost=467028 penalty = 0.00 area = 46.70% wirelength = 100.00%
Best update !!! M1 cost=466982 penalty = 0.00 area = 46.70% wirelength = 100.00%
Best update !!! M1 cost=466954 penalty = 0.00 area = 46.70% wirelength = 100.00%
Best update !!! M1 cost=466909 penalty = 0.00 area = 46.71% wirelength = 100.00%
Best update !!! M1 cost=466903 penalty = 0.00 area = 46.71% wirelength = 100.00%
Best update !!! M1 cost=466872 penalty = 0.00 area = 46.71% wirelength = 100.00%
Best update !!! M1 cost=466870 penalty = 0.00 area = 46.71% wirelength = 100.00%
Best update !!! M1 cost=466857 penalty = 0.00 area = 46.71% wirelength = 100.00%
Best update !!! M1 cost=466828 penalty = 0.00 area = 46.72% wirelength = 100.00%
Best update !!! M1 cost=466818 penalty = 0.00 area = 46.72% wirelength = 100.00%
Best update !!! M1 cost=466800 penalty = 0.00 area = 46.72% wirelength = 100.00%
Best update !!! M1 cost=466798 penalty = 0.00 area = 46.72% wirelength = 100.00%
Best update !!! M1 cost=466794 penalty = 0.00 area = 46.72% wirelength = 100.00%
Best update !!! M1 cost=466738 penalty = 0.00 area = 46.73% wirelength = 100.00%
Best update !!! M1 cost=466723 penalty = 0.00 area = 46.73% wirelength = 100.00%
Best update !!! M1 cost=466716 penalty = 0.00 area = 46.73% wirelength = 100.00%
Best update !!! M1 cost=466691 penalty = 0.00 area = 46.73% wirelength = 100.00%
Best update !!! M1 cost=466682 penalty = 0.00 area = 46.73% wirelength = 100.00%
Best update !!! M1 cost=466656 penalty = 0.00 area = 46.73% wirelength = 100.00%
Best update !!! M1 cost=466652 penalty = 0.00 area = 46.73% wirelength = 100.00%
Best update !!! M1 cost=466644 penalty = 0.00 area = 46.74% wirelength = 100.00%
Best update !!! M1 cost=466642 penalty = 0.00 area = 46.74% wirelength = 100.00%
Best update !!! M1 cost=466620 penalty = 0.00 area = 46.74% wirelength = 100.00%
Best update !!! M1 cost=466614 penalty = 0.00 area = 46.74% wirelength = 100.00%
Best update !!! M1 cost=466542 penalty = 0.00 area = 46.75% wirelength = 100.00%
Best update !!! M1 cost=466490 penalty = 0.00 area = 46.75% wirelength = 100.00%
Best update !!! M1 cost=466435 penalty = 0.00 area = 46.76% wirelength = 100.00%
Best update !!! M1 cost=466361 penalty = 0.00 area = 46.76% wirelength = 100.00%
Best update !!! M1 cost=466278 penalty = 0.00 area = 46.77% wirelength = 100.00%
Best update !!! M1 cost=466262 penalty = 0.00 area = 46.77% wirelength = 100.00%
Best update !!! M1 cost=466242 penalty = 0.00 area = 46.78% wirelength = 100.00%
Best update !!! M1 cost=466221 penalty = 0.00 area = 46.78% wirelength = 100.00%
Best update !!! M1 cost=466214 penalty = 0.00 area = 46.78% wirelength = 100.00%
Best update !!! M1 cost=466185 penalty = 0.00 area = 46.78% wirelength = 100.00%
Best update !!! M1 cost=466177 penalty = 0.00 area = 46.78% wirelength = 100.00%
Best update !!! M1 cost=466081 penalty = 0.00 area = 46.79% wirelength = 100.00%
Best update !!! M1 cost=466062 penalty = 0.00 area = 46.79% wirelength = 100.00%
Best update !!! M1 cost=466039 penalty = 0.00 area = 46.80% wirelength = 100.00%
Best update !!! M1 cost=466010 penalty = 0.00 area = 46.80% wirelength = 100.00%
Best update !!! M1 cost=465986 penalty = 0.00 area = 46.80% wirelength = 100.00%
Best update !!! M1 cost=465952 penalty = 0.00 area = 46.81% wirelength = 100.00%
Best update !!! M1 cost=465932 penalty = 0.00 area = 46.81% wirelength = 100.00%
Best update !!! M1 cost=465917 penalty = 0.00 area = 46.81% wirelength = 100.00%
Best update !!! M1 cost=465854 penalty = 0.00 area = 46.81% wirelength = 100.00%
Best update !!! M1 cost=465844 penalty = 0.00 area = 46.82% wirelength = 100.00%
Best update !!! M1 cost=465832 penalty = 0.00 area = 46.82% wirelength = 100.00%
Best update !!! M1 cost=465782 penalty = 0.00 area = 46.82% wirelength = 100.00%
Best update !!! M1 cost=465773 penalty = 0.00 area = 46.82% wirelength = 100.00%
Best update !!! M1 cost=465734 penalty = 0.00 area = 46.83% wirelength = 100.00%
Best update !!! M1 cost=465718 penalty = 0.00 area = 46.83% wirelength = 100.00%
Best update !!! M1 cost=465714 penalty = 0.00 area = 46.83% wirelength = 100.00%
Best update !!! M1 cost=465689 penalty = 0.00 area = 46.83% wirelength = 100.00%
Best update !!! M1 cost=465677 penalty = 0.00 area = 46.83% wirelength = 100.00%
Best update !!! M1 cost=465629 penalty = 0.00 area = 46.84% wirelength = 100.00%
Best update !!! M1 cost=465623 penalty = 0.00 area = 46.84% wirelength = 100.00%
Best update !!! M1 cost=465571 penalty = 0.00 area = 46.84% wirelength = 100.00%
Best update !!! M1 cost=465542 penalty = 0.00 area = 46.85% wirelength = 100.00%
Best update !!! M1 cost=465516 penalty = 0.00 area = 46.85% wirelength = 100.00%
Best update !!! M1 cost=465452 penalty = 0.00 area = 46.86% wirelength = 100.00%
Best update !!! M1 cost=465412 penalty = 0.00 area = 46.86% wirelength = 100.00%
Best update !!! M1 cost=465388 penalty = 0.00 area = 46.86% wirelength = 100.00%
Best update !!! M1 cost=465380 penalty = 0.00 area = 46.86% wirelength = 100.00%
Best update !!! M1 cost=465375 penalty = 0.00 area = 46.86% wirelength = 100.00%
Best update !!! M1 cost=465373 penalty = 0.00 area = 46.86% wirelength = 100.00%
Best update !!! M1 cost=465347 penalty = 0.00 area = 46.87% wirelength = 100.00%
Best update !!! M1 cost=465224 penalty = 0.00 area = 46.88% wirelength = 100.00%
Best update !!! M1 cost=465190 penalty = 0.00 area = 46.88% wirelength = 100.00%
Best update !!! M1 cost=465179 penalty = 0.00 area = 46.88% wirelength = 100.00%
Best update !!! M1 cost=465165 penalty = 0.00 area = 46.88% wirelength = 100.00%
Best update !!! M1 cost=465149 penalty = 0.00 area = 46.89% wirelength = 100.00%
Best update !!! M1 cost=465139 penalty = 0.00 area = 46.89% wirelength = 100.00%
Best update !!! M1 cost=465136 penalty = 0.00 area = 46.89% wirelength = 100.00%
Best update !!! M1 cost=465111 penalty = 0.00 area = 46.89% wirelength = 100.00%
Best update !!! M1 cost=465107 penalty = 0.00 area = 46.89% wirelength = 100.00%
Best update !!! M1 cost=465071 penalty = 0.00 area = 46.89% wirelength = 100.00%
Best update !!! M1 cost=465050 penalty = 0.00 area = 46.90% wirelength = 100.00%
Best update !!! M1 cost=465045 penalty = 0.00 area = 46.90% wirelength = 100.00%
Best update !!! M1 cost=465033 penalty = 0.00 area = 46.90% wirelength = 100.00%
Best update !!! M1 cost=465015 penalty = 0.00 area = 46.90% wirelength = 100.00%
Best update !!! M1 cost=465008 penalty = 0.00 area = 46.90% wirelength = 100.00%
Best update !!! M1 cost=464971 penalty = 0.00 area = 46.90% wirelength = 100.00%
Best update !!! M1 cost=464965 penalty = 0.00 area = 46.90% wirelength = 100.00%
Best update !!! M1 cost=464964 penalty = 0.00 area = 46.90% wirelength = 100.00%
Best update !!! M1 cost=464943 penalty = 0.00 area = 46.91% wirelength = 100.00%
Best update !!! M1 cost=464942 penalty = 0.00 area = 46.91% wirelength = 100.00%
Best update !!! M1 cost=464922 penalty = 0.00 area = 46.91% wirelength = 100.00%
Best update !!! M1 cost=464906 penalty = 0.00 area = 46.91% wirelength = 100.00%
Best update !!! M1 cost=464904 penalty = 0.00 area = 46.91% wirelength = 100.00%
Best update !!! M1 cost=464902 penalty = 0.00 area = 46.91% wirelength = 100.00%
Best update !!! M1 cost=464894 penalty = 0.00 area = 46.91% wirelength = 100.00%
Best update !!! M1 cost=464885 penalty = 0.00 area = 46.91% wirelength = 100.00%
Best update !!! M1 cost=464878 penalty = 0.00 area = 46.91% wirelength = 100.00%
Best update !!! M1 cost=464876 penalty = 0.00 area = 46.91% wirelength = 100.00%
Best update !!! M1 cost=464871 penalty = 0.00 area = 46.91% wirelength = 100.00%
Best update !!! M1 cost=464870 penalty = 0.00 area = 46.91% wirelength = 100.00%
Best update !!! M1 cost=464865 penalty = 0.00 area = 46.91% wirelength = 100.00%
Best update !!! M1 cost=464861 penalty = 0.00 area = 46.91% wirelength = 100.00%
Best update !!! M1 cost=464858 penalty = 0.00 area = 46.92% wirelength = 100.00%
Best update !!! M1 cost=464857 penalty = 0.00 area = 46.92% wirelength = 100.00%
Best update !!! M1 cost=464851 penalty = 0.00 area = 46.92% wirelength = 100.00%
Best update !!! M1 cost=464846 penalty = 0.00 area = 46.92% wirelength = 100.00%
Best update !!! M1 cost=464840 penalty = 0.00 area = 46.92% wirelength = 100.00%
Best update !!! M1 cost=464839 penalty = 0.00 area = 46.92% wirelength = 100.00%
Best update !!! M1 cost=464837 penalty = 0.00 area = 46.92% wirelength = 100.00%
Best update !!! M1 cost=464834 penalty = 0.00 area = 46.92% wirelength = 100.00%
Best update !!! M1 cost=464833 penalty = 0.00 area = 46.92% wirelength = 100.00%
Final cost = 464833.00 Penalty = 0.00 area = 46.92% wirelength = 100.00%
The total HPWL = 464833
Total time used = 596s
