Invalid b
Default b = 173
Out file = ../output/public2.out
Initial cost = 250789742845 Penalty = 100.00% area = 0.00% wirelength =0.00%
The total HPWL = 582793
Total time used = 0s
M1 Accept: cost = 4278658569.00 penalty = 99.99% area = 0.01% wirelength = 0.01%
M3 Accept: cost = 3846552942.00 penalty = 99.99% area = 0.01% wirelength = 0.01%
M3 Accept: cost = 2303258307.00 penalty = 99.98% area = 0.01% wirelength = 0.02%
M1 Accept: cost = 1332419832.00 penalty = 99.96% area = 0.02% wirelength = 0.04%
M1 Accept: cost = 1332419120.00 penalty = 99.96% area = 0.02% wirelength = 0.04%
M3 Accept: cost = 1332421211.00 penalty = 99.96% area = 0.02% wirelength = 0.04%
M1 Accept: cost = 1332420013.00 penalty = 99.96% area = 0.02% wirelength = 0.04%
M3 Accept: cost = 1332414587.00 penalty = 99.96% area = 0.02% wirelength = 0.04%
M1 Accept: cost = 1332413328.00 penalty = 99.96% area = 0.02% wirelength = 0.04%
M3 Accept: cost = 1070592830.00 penalty = 99.95% area = 0.02% wirelength = 0.05%
M1 Accept: cost = 1070590851.00 penalty = 99.95% area = 0.02% wirelength = 0.05%
T = 960.00 exp(-delta_cost/T) = 0.57 delta = 546.00
M1 Accept: cost = 839509367.00 penalty = 99.93% area = 0.03% wirelength = 0.07%
M1 Accept: cost = 839505883.00 penalty = 99.93% area = 0.03% wirelength = 0.07%
M3 Accept: cost = 839509185.00 penalty = 99.93% area = 0.03% wirelength = 0.07%
M1 Accept: cost = 801382758.00 penalty = 99.93% area = 0.03% wirelength = 0.07%
M1 Accept: cost = 801377173.00 penalty = 99.93% area = 0.03% wirelength = 0.07%
M1 Accept: cost = 801374114.00 penalty = 99.93% area = 0.03% wirelength = 0.07%
M1 Accept: cost = 609408428.00 penalty = 99.91% area = 0.04% wirelength = 0.09%
M1 Accept: cost = 609410132.00 penalty = 99.91% area = 0.04% wirelength = 0.09%
M3 Accept: cost = 571355125.00 penalty = 99.90% area = 0.04% wirelength = 0.10%
M1 Accept: cost = 571362425.00 penalty = 99.90% area = 0.04% wirelength = 0.10%
M3 Accept: cost = 456232851.00 penalty = 99.88% area = 0.05% wirelength = 0.12%
M3 Accept: cost = 456227959.00 penalty = 99.88% area = 0.05% wirelength = 0.12%
T = 921.60 exp(-delta_cost/T) = 1.10 delta = -85.00
M1 Accept: cost = 456223582.00 penalty = 99.88% area = 0.05% wirelength = 0.12%
M3 Accept: cost = 456217792.00 penalty = 99.88% area = 0.05% wirelength = 0.12%
M3 Accept: cost = 456218859.00 penalty = 99.88% area = 0.05% wirelength = 0.12%
M1 Accept: cost = 456216032.00 penalty = 99.88% area = 0.05% wirelength = 0.12%
M3 Accept: cost = 456215645.00 penalty = 99.88% area = 0.05% wirelength = 0.12%
M1 Accept: cost = 265788863.00 penalty = 99.79% area = 0.08% wirelength = 0.21%
M3 Accept: cost = 265787803.00 penalty = 99.79% area = 0.08% wirelength = 0.21%
M1 Accept: cost = 265783841.00 penalty = 99.79% area = 0.08% wirelength = 0.21%
M1 Accept: cost = 265778036.00 penalty = 99.80% area = 0.08% wirelength = 0.20%
T = 884.74 exp(-delta_cost/T) = 1.00 delta = 0.00
M1 Accept: cost = 265780551.00 penalty = 99.80% area = 0.08% wirelength = 0.20%
M3 Accept: cost = 265777050.00 penalty = 99.80% area = 0.08% wirelength = 0.20%
M3 Accept: cost = 265776363.00 penalty = 99.80% area = 0.08% wirelength = 0.20%
M3 Accept: cost = 265774726.00 penalty = 99.80% area = 0.08% wirelength = 0.20%
M3 Accept: cost = 265775460.00 penalty = 99.80% area = 0.08% wirelength = 0.20%
M3 Accept: cost = 265776648.00 penalty = 99.80% area = 0.08% wirelength = 0.20%
M1 Accept: cost = 265772583.00 penalty = 99.80% area = 0.08% wirelength = 0.20%
M1 Accept: cost = 265774125.00 penalty = 99.80% area = 0.08% wirelength = 0.20%
M3 Accept: cost = 265781645.00 penalty = 99.80% area = 0.08% wirelength = 0.20%
M3 Accept: cost = 265782352.00 penalty = 99.79% area = 0.08% wirelength = 0.21%
M1 Accept: cost = 265777166.00 penalty = 99.80% area = 0.08% wirelength = 0.20%
T = 849.35 exp(-delta_cost/T) = 1.06 delta = -51.00
M3 Accept: cost = 265776384.00 penalty = 99.80% area = 0.08% wirelength = 0.20%
M3 Accept: cost = 265778011.00 penalty = 99.80% area = 0.08% wirelength = 0.20%
M3 Accept: cost = 265781837.00 penalty = 99.79% area = 0.08% wirelength = 0.21%
M3 Accept: cost = 265779555.00 penalty = 99.80% area = 0.08% wirelength = 0.20%
M1 Accept: cost = 265775886.00 penalty = 99.80% area = 0.08% wirelength = 0.20%
M3 Accept: cost = 265775086.00 penalty = 99.80% area = 0.08% wirelength = 0.20%
M3 Accept: cost = 265774400.00 penalty = 99.80% area = 0.08% wirelength = 0.20%
M1 Accept: cost = 265778407.00 penalty = 99.80% area = 0.08% wirelength = 0.20%
M3 Accept: cost = 265777082.00 penalty = 99.80% area = 0.08% wirelength = 0.20%
M1 Accept: cost = 265779929.00 penalty = 99.80% area = 0.08% wirelength = 0.20%
M1 Accept: cost = 265783821.00 penalty = 99.79% area = 0.08% wirelength = 0.21%
M1 Accept: cost = 265775505.00 penalty = 99.80% area = 0.08% wirelength = 0.20%
M3 Accept: cost = 265777049.00 penalty = 99.80% area = 0.08% wirelength = 0.20%
M1 Accept: cost = 265780186.00 penalty = 99.80% area = 0.08% wirelength = 0.20%
M3 Accept: cost = 265783119.00 penalty = 99.79% area = 0.08% wirelength = 0.21%
T = 815.37 exp(-delta_cost/T) = 1.00 delta = 0.00
M3 Accept: cost = 265779575.00 penalty = 99.80% area = 0.08% wirelength = 0.20%
M1 Accept: cost = 265784263.00 penalty = 99.79% area = 0.08% wirelength = 0.21%
M3 Accept: cost = 265779868.00 penalty = 99.80% area = 0.08% wirelength = 0.20%
M3 Accept: cost = 265782374.00 penalty = 99.79% area = 0.08% wirelength = 0.21%
M1 Accept: cost = 265787046.00 penalty = 99.79% area = 0.08% wirelength = 0.21%
M3 Accept: cost = 265784914.00 penalty = 99.79% area = 0.08% wirelength = 0.21%
M1 Accept: cost = 265786995.00 penalty = 99.79% area = 0.08% wirelength = 0.21%
M1 Accept: cost = 265789141.00 penalty = 99.79% area = 0.08% wirelength = 0.21%
M1 Accept: cost = 265787932.00 penalty = 99.79% area = 0.08% wirelength = 0.21%
M1 Accept: cost = 265784889.00 penalty = 99.79% area = 0.08% wirelength = 0.21%
M3 Accept: cost = 265786082.00 penalty = 99.79% area = 0.08% wirelength = 0.21%
M1 Accept: cost = 265785848.00 penalty = 99.79% area = 0.08% wirelength = 0.21%
M1 Accept: cost = 265782874.00 penalty = 99.79% area = 0.08% wirelength = 0.21%
M1 Accept: cost = 265780434.00 penalty = 99.80% area = 0.08% wirelength = 0.20%
T = 782.76 exp(-delta_cost/T) = 0.00 delta = 403192579032.00
M3 Accept: cost = 265785631.00 penalty = 99.79% area = 0.08% wirelength = 0.21%
M3 Accept: cost = 265782787.00 penalty = 99.79% area = 0.08% wirelength = 0.21%
M3 Accept: cost = 265787245.00 penalty = 99.79% area = 0.08% wirelength = 0.21%
M3 Accept: cost = 265785619.00 penalty = 99.79% area = 0.08% wirelength = 0.21%
M1 Accept: cost = 265780121.00 penalty = 99.80% area = 0.08% wirelength = 0.20%
M1 Accept: cost = 265779800.00 penalty = 99.80% area = 0.08% wirelength = 0.20%
M1 Accept: cost = 265778754.00 penalty = 99.80% area = 0.08% wirelength = 0.20%
M3 Accept: cost = 265780726.00 penalty = 99.80% area = 0.08% wirelength = 0.20%
M3 Accept: cost = 265779262.00 penalty = 99.80% area = 0.08% wirelength = 0.20%
M3 Accept: cost = 265778564.00 penalty = 99.80% area = 0.08% wirelength = 0.20%
M3 Accept: cost = 265780324.00 penalty = 99.80% area = 0.08% wirelength = 0.20%
M1 Accept: cost = 265783454.00 penalty = 99.79% area = 0.08% wirelength = 0.21%
M3 Accept: cost = 265782064.00 penalty = 99.79% area = 0.08% wirelength = 0.21%
M3 Accept: cost = 265779879.00 penalty = 99.80% area = 0.08% wirelength = 0.20%
M3 Accept: cost = 265779604.00 penalty = 99.80% area = 0.08% wirelength = 0.20%
M3 Accept: cost = 265784706.00 penalty = 99.79% area = 0.08% wirelength = 0.21%
M1 Accept: cost = 265782501.00 penalty = 99.79% area = 0.08% wirelength = 0.21%
M3 Accept: cost = 265781138.00 penalty = 99.80% area = 0.08% wirelength = 0.20%
M3 Accept: cost = 265784448.00 penalty = 99.79% area = 0.08% wirelength = 0.21%
T = 751.45 exp(-delta_cost/T) = 1.32 delta = -210.00
M3 Accept: cost = 265791127.00 penalty = 99.79% area = 0.08% wirelength = 0.21%
M3 Accept: cost = 265783712.00 penalty = 99.79% area = 0.08% wirelength = 0.21%
M3 Accept: cost = 265788883.00 penalty = 99.79% area = 0.08% wirelength = 0.21%
M1 Accept: cost = 265787445.00 penalty = 99.79% area = 0.08% wirelength = 0.21%
M3 Accept: cost = 265783401.00 penalty = 99.79% area = 0.08% wirelength = 0.21%
M3 Accept: cost = 265783825.00 penalty = 99.79% area = 0.08% wirelength = 0.21%
M1 Accept: cost = 265777866.00 penalty = 99.80% area = 0.08% wirelength = 0.20%
M1 Accept: cost = 265769573.00 penalty = 99.80% area = 0.08% wirelength = 0.20%
M3 Accept: cost = 265772811.00 penalty = 99.80% area = 0.08% wirelength = 0.20%
M1 Accept: cost = 265773951.00 penalty = 99.80% area = 0.08% wirelength = 0.20%
M1 Accept: cost = 265771885.00 penalty = 99.80% area = 0.08% wirelength = 0.20%
M3 Accept: cost = 265774059.00 penalty = 99.80% area = 0.08% wirelength = 0.20%
T = 721.39 exp(-delta_cost/T) = 0.98 delta = 16.00
M1 Accept: cost = 265780099.00 penalty = 99.80% area = 0.08% wirelength = 0.20%
M1 Accept: cost = 265780466.00 penalty = 99.80% area = 0.08% wirelength = 0.20%
M1 Accept: cost = 265787367.00 penalty = 99.79% area = 0.08% wirelength = 0.21%
M1 Accept: cost = 265788676.00 penalty = 99.79% area = 0.08% wirelength = 0.21%
M3 Accept: cost = 265784969.00 penalty = 99.79% area = 0.08% wirelength = 0.21%
M1 Accept: cost = 265781856.00 penalty = 99.79% area = 0.08% wirelength = 0.21%
M1 Accept: cost = 265781844.00 penalty = 99.79% area = 0.08% wirelength = 0.21%
M1 Accept: cost = 265777547.00 penalty = 99.80% area = 0.08% wirelength = 0.20%
M3 Accept: cost = 265777830.00 penalty = 99.80% area = 0.08% wirelength = 0.20%
M3 Accept: cost = 265775073.00 penalty = 99.80% area = 0.08% wirelength = 0.20%
M1 Accept: cost = 265778041.00 penalty = 99.80% area = 0.08% wirelength = 0.20%
M3 Accept: cost = 265777966.00 penalty = 99.80% area = 0.08% wirelength = 0.20%
M1 Accept: cost = 265776139.00 penalty = 99.80% area = 0.08% wirelength = 0.20%
T = 692.53 exp(-delta_cost/T) = 1.14 delta = -89.00
M3 Accept: cost = 265777051.00 penalty = 99.80% area = 0.08% wirelength = 0.20%
M1 Accept: cost = 265777943.00 penalty = 99.80% area = 0.08% wirelength = 0.20%
M1 Accept: cost = 265780303.00 penalty = 99.80% area = 0.08% wirelength = 0.20%
M1 Accept: cost = 265777590.00 penalty = 99.80% area = 0.08% wirelength = 0.20%
M3 Accept: cost = 265774394.00 penalty = 99.80% area = 0.08% wirelength = 0.20%
M1 Accept: cost = 265775671.00 penalty = 99.80% area = 0.08% wirelength = 0.20%
M3 Accept: cost = 265776674.00 penalty = 99.80% area = 0.08% wirelength = 0.20%
M3 Accept: cost = 265774400.00 penalty = 99.80% area = 0.08% wirelength = 0.20%
M1 Accept: cost = 265776837.00 penalty = 99.80% area = 0.08% wirelength = 0.20%
M3 Accept: cost = 265775505.00 penalty = 99.80% area = 0.08% wirelength = 0.20%
M1 Accept: cost = 265773762.00 penalty = 99.80% area = 0.08% wirelength = 0.20%
M1 Accept: cost = 189997432.00 penalty = 99.71% area = 0.12% wirelength = 0.29%
M3 Accept: cost = 189996590.00 penalty = 99.71% area = 0.12% wirelength = 0.29%
M3 Accept: cost = 189998403.00 penalty = 99.71% area = 0.12% wirelength = 0.29%
M3 Accept: cost = 189994053.00 penalty = 99.72% area = 0.12% wirelength = 0.28%
M3 Accept: cost = 189993997.00 penalty = 99.72% area = 0.12% wirelength = 0.28%
M3 Accept: cost = 189994737.00 penalty = 99.72% area = 0.12% wirelength = 0.28%
T = 664.83 exp(-delta_cost/T) = 1.00 delta = 0.00
M3 Accept: cost = 189994468.00 penalty = 99.72% area = 0.12% wirelength = 0.28%
M1 Accept: cost = 189997847.00 penalty = 99.71% area = 0.12% wirelength = 0.29%
M1 Accept: cost = 189993556.00 penalty = 99.72% area = 0.12% wirelength = 0.28%
M1 Accept: cost = 189990152.00 penalty = 99.72% area = 0.12% wirelength = 0.28%
M3 Accept: cost = 189992067.00 penalty = 99.72% area = 0.12% wirelength = 0.28%
M3 Accept: cost = 189992197.00 penalty = 99.72% area = 0.12% wirelength = 0.28%
M1 Accept: cost = 189986911.00 penalty = 99.72% area = 0.12% wirelength = 0.28%
M3 Accept: cost = 189987816.00 penalty = 99.72% area = 0.12% wirelength = 0.28%
T = 638.24 exp(-delta_cost/T) = 0.00 delta = 80834629578.00
M1 Accept: cost = 189981899.00 penalty = 99.72% area = 0.12% wirelength = 0.28%
M3 Accept: cost = 189980649.00 penalty = 99.72% area = 0.12% wirelength = 0.28%
M1 Accept: cost = 189988394.00 penalty = 99.72% area = 0.12% wirelength = 0.28%
M3 Accept: cost = 189988397.00 penalty = 99.72% area = 0.12% wirelength = 0.28%
M1 Accept: cost = 189990138.00 penalty = 99.72% area = 0.12% wirelength = 0.28%
M1 Accept: cost = 189177447.00 penalty = 99.72% area = 0.12% wirelength = 0.28%
M3 Accept: cost = 189179388.00 penalty = 99.72% area = 0.12% wirelength = 0.28%
M3 Accept: cost = 189177077.00 penalty = 99.72% area = 0.12% wirelength = 0.28%
M1 Accept: cost = 189171316.00 penalty = 99.72% area = 0.12% wirelength = 0.28%
M3 Accept: cost = 189178971.00 penalty = 99.72% area = 0.12% wirelength = 0.28%
M3 Accept: cost = 189175577.00 penalty = 99.72% area = 0.12% wirelength = 0.28%
T = 612.71 exp(-delta_cost/T) = 1.00 delta = 0.00
M3 Accept: cost = 189177979.00 penalty = 99.72% area = 0.12% wirelength = 0.28%
M1 Accept: cost = 189178979.00 penalty = 99.72% area = 0.12% wirelength = 0.28%
M3 Accept: cost = 189180049.00 penalty = 99.72% area = 0.12% wirelength = 0.28%
M3 Accept: cost = 189173609.00 penalty = 99.72% area = 0.12% wirelength = 0.28%
M3 Accept: cost = 189170434.00 penalty = 99.72% area = 0.12% wirelength = 0.28%
M3 Accept: cost = 189169739.00 penalty = 99.72% area = 0.12% wirelength = 0.28%
M3 Accept: cost = 189170146.00 penalty = 99.72% area = 0.12% wirelength = 0.28%
M1 Accept: cost = 189170118.00 penalty = 99.72% area = 0.12% wirelength = 0.28%
M3 Accept: cost = 189172237.00 penalty = 99.72% area = 0.12% wirelength = 0.28%
M1 Accept: cost = 36855504357676.00 penalty = 100.00% area = 0.00% wirelength = 0.00%
M1 Accept: cost = 36851042426317.00 penalty = 100.00% area = 0.00% wirelength = 0.00%
M3 Accept: cost = 24652595892499.00 penalty = 100.00% area = 0.00% wirelength = 0.00%
M1 Accept: cost = 62464867073683.00 penalty = 100.00% area = 0.00% wirelength = 0.00%
M1 Accept: cost = 27199302598800.00 penalty = 100.00% area = 0.00% wirelength = 0.00%
M2 Accept: cost = 45238825378342.00 penalty = 100.00% area = 0.00% wirelength = 0.00%
M2 Accept: cost = 25368895061367.00 penalty = 100.00% area = 0.00% wirelength = 0.00%
M3 Accept: cost = 19886251206041.00 penalty = 100.00% area = 0.00% wirelength = 0.00%
M1 Accept: cost = 50617307850922.00 penalty = 100.00% area = 0.00% wirelength = 0.00%
M2 Accept: cost = 38949826282585.00 penalty = 100.00% area = 0.00% wirelength = 0.00%
T = 3641950577102.04 exp(-delta_cost/T) = 0.00 delta = 81145848444446.00
M1 Accept: cost = 46340188768354.00 penalty = 100.00% area = 0.00% wirelength = 0.00%
M2 Accept: cost = 37387016846324.00 penalty = 100.00% area = 0.00% wirelength = 0.00%
M3 Accept: cost = 47513788443586.00 penalty = 100.00% area = 0.00% wirelength = 0.00%
M3 Accept: cost = 37549651627603.00 penalty = 100.00% area = 0.00% wirelength = 0.00%
M3 Accept: cost = 52714549007194.00 penalty = 100.00% area = 0.00% wirelength = 0.00%
M1 Accept: cost = 46426547827328.00 penalty = 100.00% area = 0.00% wirelength = 0.00%
M2 Accept: cost = 51098520265159.00 penalty = 100.00% area = 0.00% wirelength = 0.00%
M3 Accept: cost = 44539741974157.00 penalty = 100.00% area = 0.00% wirelength = 0.00%
M1 Accept: cost = 40992568582728.00 penalty = 100.00% area = 0.00% wirelength = 0.00%
M3 Accept: cost = 37975071907630.00 penalty = 100.00% area = 0.00% wirelength = 0.00%
M3 Accept: cost = 47035221693572.00 penalty = 100.00% area = 0.00% wirelength = 0.00%
M3 Accept: cost = 46170065611170.00 penalty = 100.00% area = 0.00% wirelength = 0.00%
M1 Accept: cost = 42606064880518.00 penalty = 100.00% area = 0.00% wirelength = 0.00%
M3 Accept: cost = 61883019096081.00 penalty = 100.00% area = 0.00% wirelength = 0.00%
M3 Accept: cost = 58008549148132.00 penalty = 100.00% area = 0.00% wirelength = 0.00%
M3 Accept: cost = 40987278199806.00 penalty = 100.00% area = 0.00% wirelength = 0.00%
T = 3496272554017.96 exp(-delta_cost/T) = 1.00 delta = 5995741879.00
M2 Accept: cost = 51612996228791.00 penalty = 100.00% area = 0.00% wirelength = 0.00%
M3 Accept: cost = 55162632886871.00 penalty = 100.00% area = 0.00% wirelength = 0.00%
M1 Accept: cost = 32802079291135.00 penalty = 100.00% area = 0.00% wirelength = 0.00%
M3 Accept: cost = 43012771312802.00 penalty = 100.00% area = 0.00% wirelength = 0.00%
M1 Accept: cost = 37639251148173.00 penalty = 100.00% area = 0.00% wirelength = 0.00%
M2 Accept: cost = 35212840308974.00 penalty = 100.00% area = 0.00% wirelength = 0.00%
M2 Accept: cost = 48999342571266.00 penalty = 100.00% area = 0.00% wirelength = 0.00%
M3 Accept: cost = 37158781185277.00 penalty = 100.00% area = 0.00% wirelength = 0.00%
M2 Accept: cost = 33803584897354.00 penalty = 100.00% area = 0.00% wirelength = 0.00%
M1 Accept: cost = 49354969844078.00 penalty = 100.00% area = 0.00% wirelength = 0.00%
M2 Accept: cost = 44064585572429.00 penalty = 100.00% area = 0.00% wirelength = 0.00%
M3 Accept: cost = 46883827120393.00 penalty = 100.00% area = 0.00% wirelength = 0.00%
M3 Accept: cost = 36024906434611.00 penalty = 100.00% area = 0.00% wirelength = 0.00%
M3 Accept: cost = 52914407585163.00 penalty = 100.00% area = 0.00% wirelength = 0.00%
M2 Accept: cost = 54146735997621.00 penalty = 100.00% area = 0.00% wirelength = 0.00%
M1 Accept: cost = 42579228001979.00 penalty = 100.00% area = 0.00% wirelength = 0.00%
T = 3356421651857.24 exp(-delta_cost/T) = 0.00 delta = 33144280045826.00
M3 Accept: cost = 46000315076131.00 penalty = 100.00% area = 0.00% wirelength = 0.00%
M3 Accept: cost = 38570162500125.00 penalty = 100.00% area = 0.00% wirelength = 0.00%
M1 Accept: cost = 43683233056980.00 penalty = 100.00% area = 0.00% wirelength = 0.00%
M3 Accept: cost = 39773055984049.00 penalty = 100.00% area = 0.00% wirelength = 0.00%
M2 Accept: cost = 37133040758573.00 penalty = 100.00% area = 0.00% wirelength = 0.00%
M3 Accept: cost = 38867603473416.00 penalty = 100.00% area = 0.00% wirelength = 0.00%
M2 Accept: cost = 35191171502607.00 penalty = 100.00% area = 0.00% wirelength = 0.00%
M1 Accept: cost = 39837150624795.00 penalty = 100.00% area = 0.00% wirelength = 0.00%
M1 Accept: cost = 58891664572040.00 penalty = 100.00% area = 0.00% wirelength = 0.00%
M3 Accept: cost = 40235182621801.00 penalty = 100.00% area = 0.00% wirelength = 0.00%
M1 Accept: cost = 32111763247929.00 penalty = 100.00% area = 0.00% wirelength = 0.00%
M2 Accept: cost = 46059297866437.00 penalty = 100.00% area = 0.00% wirelength = 0.00%
M3 Accept: cost = 38353141825473.00 penalty = 100.00% area = 0.00% wirelength = 0.00%
M3 Accept: cost = 45142678166214.00 penalty = 100.00% area = 0.00% wirelength = 0.00%
M1 Accept: cost = 34619578703906.00 penalty = 100.00% area = 0.00% wirelength = 0.00%
M1 Accept: cost = 30145921191993.00 penalty = 100.00% area = 0.00% wirelength = 0.00%
T = 3222164785782.95 exp(-delta_cost/T) = 0.00 delta = 281238769286112.00
M2 Accept: cost = 48303842269687.00 penalty = 100.00% area = 0.00% wirelength = 0.00%
M2 Accept: cost = 29170534619674.00 penalty = 100.00% area = 0.00% wirelength = 0.00%
M3 Accept: cost = 41491792700223.00 penalty = 100.00% area = 0.00% wirelength = 0.00%
M2 Accept: cost = 45448275496329.00 penalty = 100.00% area = 0.00% wirelength = 0.00%
M1 Accept: cost = 42232844024597.00 penalty = 100.00% area = 0.00% wirelength = 0.00%
M3 Accept: cost = 28621584561261.00 penalty = 100.00% area = 0.00% wirelength = 0.00%
M2 Accept: cost = 37966350626556.00 penalty = 100.00% area = 0.00% wirelength = 0.00%
M3 Accept: cost = 35451952393594.00 penalty = 100.00% area = 0.00% wirelength = 0.00%
M2 Accept: cost = 42922310151354.00 penalty = 100.00% area = 0.00% wirelength = 0.00%
M2 Accept: cost = 31943659411427.00 penalty = 100.00% area = 0.00% wirelength = 0.00%
M3 Accept: cost = 34056356231564.00 penalty = 100.00% area = 0.00% wirelength = 0.00%
M2 Accept: cost = 62297107388953.00 penalty = 100.00% area = 0.00% wirelength = 0.00%
M3 Accept: cost = 40462118409526.00 penalty = 100.00% area = 0.00% wirelength = 0.00%
M3 Accept: cost = 47681413073831.00 penalty = 100.00% area = 0.00% wirelength = 0.00%
M3 Accept: cost = 40191854879284.00 penalty = 100.00% area = 0.00% wirelength = 0.00%
M3 Accept: cost = 45288423358089.00 penalty = 100.00% area = 0.00% wirelength = 0.00%
T = 3093278194351.63 exp(-delta_cost/T) = 0.03 delta = 11226436220267.00
M3 Accept: cost = 33002504581888.00 penalty = 100.00% area = 0.00% wirelength = 0.00%
M3 Accept: cost = 32014896544627.00 penalty = 100.00% area = 0.00% wirelength = 0.00%
M3 Accept: cost = 47556736736105.00 penalty = 100.00% area = 0.00% wirelength = 0.00%
M3 Accept: cost = 46116991987465.00 penalty = 100.00% area = 0.00% wirelength = 0.00%
M1 Accept: cost = 38836145301486.00 penalty = 100.00% area = 0.00% wirelength = 0.00%
M1 Accept: cost = 58216408924255.00 penalty = 100.00% area = 0.00% wirelength = 0.00%
M3 Accept: cost = 38423533672166.00 penalty = 100.00% area = 0.00% wirelength = 0.00%
M1 Accept: cost = 50866397067007.00 penalty = 100.00% area = 0.00% wirelength = 0.00%
M2 Accept: cost = 40760498306996.00 penalty = 100.00% area = 0.00% wirelength = 0.00%
M3 Accept: cost = 49399110086344.00 penalty = 100.00% area = 0.00% wirelength = 0.00%
M3 Accept: cost = 46886607451228.00 penalty = 100.00% area = 0.00% wirelength = 0.00%
M3 Accept: cost = 30002807838224.00 penalty = 100.00% area = 0.00% wirelength = 0.00%
M1 Accept: cost = 44256631376958.00 penalty = 100.00% area = 0.00% wirelength = 0.00%
M2 Accept: cost = 36402279889233.00 penalty = 100.00% area = 0.00% wirelength = 0.00%
M1 Accept: cost = 36358460178791.00 penalty = 100.00% area = 0.00% wirelength = 0.00%
M3 Accept: cost = 28568417832347.00 penalty = 100.00% area = 0.00% wirelength = 0.00%
M1 Accept: cost = 33009918146364.00 penalty = 100.00% area = 0.00% wirelength = 0.00%
M3 Accept: cost = 30133471481169.00 penalty = 100.00% area = 0.00% wirelength = 0.00%
T = 2969547066577.57 exp(-delta_cost/T) = 1.00 delta = 0.00
M3 Accept: cost = 43503889523878.00 penalty = 100.00% area = 0.00% wirelength = 0.00%
M2 Accept: cost = 30390014681919.00 penalty = 100.00% area = 0.00% wirelength = 0.00%
M2 Accept: cost = 34062708121295.00 penalty = 100.00% area = 0.00% wirelength = 0.00%
M3 Accept: cost = 41052650259100.00 penalty = 100.00% area = 0.00% wirelength = 0.00%
M2 Accept: cost = 42242166421609.00 penalty = 100.00% area = 0.00% wirelength = 0.00%
M2 Accept: cost = 25348139305973.00 penalty = 100.00% area = 0.00% wirelength = 0.00%
M1 Accept: cost = 27503404665733.00 penalty = 100.00% area = 0.00% wirelength = 0.00%
M3 Accept: cost = 40074603666847.00 penalty = 100.00% area = 0.00% wirelength = 0.00%
M1 Accept: cost = 31313672500239.00 penalty = 100.00% area = 0.00% wirelength = 0.00%
M1 Accept: cost = 42355658191221.00 penalty = 100.00% area = 0.00% wirelength = 0.00%
M1 Accept: cost = 39960844136325.00 penalty = 100.00% area = 0.00% wirelength = 0.00%
M1 Accept: cost = 53862869458280.00 penalty = 100.00% area = 0.00% wirelength = 0.00%
M3 Accept: cost = 25892154027393.00 penalty = 100.00% area = 0.00% wirelength = 0.00%
M2 Accept: cost = 33236787053734.00 penalty = 100.00% area = 0.00% wirelength = 0.00%
M3 Accept: cost = 28609079217534.00 penalty = 100.00% area = 0.00% wirelength = 0.00%
M3 Accept: cost = 43466391357698.00 penalty = 100.00% area = 0.00% wirelength = 0.00%
T = 2850765183914.46 exp(-delta_cost/T) = 1.38 delta = -925472747925.00
M2 Accept: cost = 47718243053451.00 penalty = 100.00% area = 0.00% wirelength = 0.00%
M3 Accept: cost = 28268899244984.00 penalty = 100.00% area = 0.00% wirelength = 0.00%
M2 Accept: cost = 25107679575315.00 penalty = 100.00% area = 0.00% wirelength = 0.00%
M1 Accept: cost = 40071534431697.00 penalty = 100.00% area = 0.00% wirelength = 0.00%
M1 Accept: cost = 44535232521658.00 penalty = 100.00% area = 0.00% wirelength = 0.00%
M3 Accept: cost = 26084074788729.00 penalty = 100.00% area = 0.00% wirelength = 0.00%
M3 Accept: cost = 78480515234028.00 penalty = 100.00% area = 0.00% wirelength = 0.00%
M2 Accept: cost = 42613035391453.00 penalty = 100.00% area = 0.00% wirelength = 0.00%
M1 Accept: cost = 41143636738218.00 penalty = 100.00% area = 0.00% wirelength = 0.00%
M3 Accept: cost = 36206108078800.00 penalty = 100.00% area = 0.00% wirelength = 0.00%
M1 Accept: cost = 35133561126825.00 penalty = 100.00% area = 0.00% wirelength = 0.00%
M3 Accept: cost = 35252161112687.00 penalty = 100.00% area = 0.00% wirelength = 0.00%
M1 Accept: cost = 24871779941395.00 penalty = 100.00% area = 0.00% wirelength = 0.00%
M1 Accept: cost = 30320382819813.00 penalty = 100.00% area = 0.00% wirelength = 0.00%
M1 Accept: cost = 27100256566068.00 penalty = 100.00% area = 0.00% wirelength = 0.00%
M1 Accept: cost = 43652303406151.00 penalty = 100.00% area = 0.00% wirelength = 0.00%
M2 Accept: cost = 47190289457463.00 penalty = 100.00% area = 0.00% wirelength = 0.00%
T = 2736734576557.89 exp(-delta_cost/T) = 1.10 delta = -249731693281.00
M3 Accept: cost = 35902734205799.00 penalty = 100.00% area = 0.00% wirelength = 0.00%
M2 Accept: cost = 37461647571906.00 penalty = 100.00% area = 0.00% wirelength = 0.00%
M2 Accept: cost = 48064126143671.00 penalty = 100.00% area = 0.00% wirelength = 0.00%
M1 Accept: cost = 30393765176527.00 penalty = 100.00% area = 0.00% wirelength = 0.00%
M1 Accept: cost = 22059132857290.00 penalty = 100.00% area = 0.00% wirelength = 0.00%
M2 Accept: cost = 23614248352738.00 penalty = 100.00% area = 0.00% wirelength = 0.00%
M3 Accept: cost = 32453507454084.00 penalty = 100.00% area = 0.00% wirelength = 0.00%
M1 Accept: cost = 37773955748483.00 penalty = 100.00% area = 0.00% wirelength = 0.00%
M1 Accept: cost = 42913173797760.00 penalty = 100.00% area = 0.00% wirelength = 0.00%
M3 Accept: cost = 35799176311218.00 penalty = 100.00% area = 0.00% wirelength = 0.00%
M2 Accept: cost = 40787853196352.00 penalty = 100.00% area = 0.00% wirelength = 0.00%
M3 Accept: cost = 44937923401729.00 penalty = 100.00% area = 0.00% wirelength = 0.00%
M2 Accept: cost = 25665593553039.00 penalty = 100.00% area = 0.00% wirelength = 0.00%
M3 Accept: cost = 31627629971513.00 penalty = 100.00% area = 0.00% wirelength = 0.00%
M1 Accept: cost = 33858909058921.00 penalty = 100.00% area = 0.00% wirelength = 0.00%
M3 Accept: cost = 32610431927791.00 penalty = 100.00% area = 0.00% wirelength = 0.00%
M2 Accept: cost = 28270546326582.00 penalty = 100.00% area = 0.00% wirelength = 0.00%
M1 Accept: cost = 39246145060355.00 penalty = 100.00% area = 0.00% wirelength = 0.00%
M1 Accept: cost = 39521666436334.00 penalty = 100.00% area = 0.00% wirelength = 0.00%
T = 2627265193495.57 exp(-delta_cost/T) = 1.00 delta = -297.00
M1 Accept: cost = 31652353148409.00 penalty = 100.00% area = 0.00% wirelength = 0.00%
M3 Accept: cost = 28446744935473.00 penalty = 100.00% area = 0.00% wirelength = 0.00%
M3 Accept: cost = 28797381687012.00 penalty = 100.00% area = 0.00% wirelength = 0.00%
M1 Accept: cost = 52855261028379.00 penalty = 100.00% area = 0.00% wirelength = 0.00%
M3 Accept: cost = 42907933043969.00 penalty = 100.00% area = 0.00% wirelength = 0.00%
M1 Accept: cost = 32205453750999.00 penalty = 100.00% area = 0.00% wirelength = 0.00%
M1 Accept: cost = 25276282360756.00 penalty = 100.00% area = 0.00% wirelength = 0.00%
M3 Accept: cost = 31859108969354.00 penalty = 100.00% area = 0.00% wirelength = 0.00%
M1 Accept: cost = 26047731044689.00 penalty = 100.00% area = 0.00% wirelength = 0.00%
M3 Accept: cost = 38613493645842.00 penalty = 100.00% area = 0.00% wirelength = 0.00%
M2 Accept: cost = 30683402801185.00 penalty = 100.00% area = 0.00% wirelength = 0.00%
M3 Accept: cost = 19922767507485.00 penalty = 100.00% area = 0.00% wirelength = 0.00%
M1 Accept: cost = 29935991854259.00 penalty = 100.00% area = 0.00% wirelength = 0.00%
M3 Accept: cost = 31479194613952.00 penalty = 100.00% area = 0.00% wirelength = 0.00%
M1 Accept: cost = 53908193683135.00 penalty = 100.00% area = 0.00% wirelength = 0.00%
M1 Accept: cost = 41786005062092.00 penalty = 100.00% area = 0.00% wirelength = 0.00%
M1 Accept: cost = 31724941759912.00 penalty = 100.00% area = 0.00% wirelength = 0.00%
T = 2522174585755.75 exp(-delta_cost/T) = 1.29 delta = -645842505134.00
M1 Accept: cost = 34317698469945.00 penalty = 100.00% area = 0.00% wirelength = 0.00%
M2 Accept: cost = 23498135696547.00 penalty = 100.00% area = 0.00% wirelength = 0.00%
M3 Accept: cost = 40128920512641.00 penalty = 100.00% area = 0.00% wirelength = 0.00%
M3 Accept: cost = 39184858305153.00 penalty = 100.00% area = 0.00% wirelength = 0.00%
M1 Accept: cost = 32175119266847.00 penalty = 100.00% area = 0.00% wirelength = 0.00%
M1 Accept: cost = 37689303754864.00 penalty = 100.00% area = 0.00% wirelength = 0.00%
M2 Accept: cost = 27460771521906.00 penalty = 100.00% area = 0.00% wirelength = 0.00%
M1 Accept: cost = 35785257487917.00 penalty = 100.00% area = 0.00% wirelength = 0.00%
M3 Accept: cost = 49230190375223.00 penalty = 100.00% area = 0.00% wirelength = 0.00%
M1 Accept: cost = 41282312603233.00 penalty = 100.00% area = 0.00% wirelength = 0.00%
M2 Accept: cost = 33569224145336.00 penalty = 100.00% area = 0.00% wirelength = 0.00%
M1 Accept: cost = 41233763847477.00 penalty = 100.00% area = 0.00% wirelength = 0.00%
M3 Accept: cost = 40304994758233.00 penalty = 100.00% area = 0.00% wirelength = 0.00%
M1 Accept: cost = 26422612994425.00 penalty = 100.00% area = 0.00% wirelength = 0.00%
M1 Accept: cost = 46677150435489.00 penalty = 100.00% area = 0.00% wirelength = 0.00%
M3 Accept: cost = 42108521714057.00 penalty = 100.00% area = 0.00% wirelength = 0.00%
T = 2421287602325.52 exp(-delta_cost/T) = 1.00 delta = 1223.00
M2 Accept: cost = 25533191845439.00 penalty = 100.00% area = 0.00% wirelength = 0.00%
M2 Accept: cost = 27676558596410.00 penalty = 100.00% area = 0.00% wirelength = 0.00%
M3 Accept: cost = 30014352928173.00 penalty = 100.00% area = 0.00% wirelength = 0.00%
M3 Accept: cost = 46258880845346.00 penalty = 100.00% area = 0.00% wirelength = 0.00%
M1 Accept: cost = 23182820390910.00 penalty = 100.00% area = 0.00% wirelength = 0.00%
M2 Accept: cost = 22858238387478.00 penalty = 100.00% area = 0.00% wirelength = 0.00%
M3 Accept: cost = 35043008048240.00 penalty = 100.00% area = 0.00% wirelength = 0.00%
M3 Accept: cost = 31539876845343.00 penalty = 100.00% area = 0.00% wirelength = 0.00%
M3 Accept: cost = 17416713032093.00 penalty = 100.00% area = 0.00% wirelength = 0.00%
M3 Accept: cost = 37559053674887.00 penalty = 100.00% area = 0.00% wirelength = 0.00%
M1 Accept: cost = 34131073830889.00 penalty = 100.00% area = 0.00% wirelength = 0.00%
M1 Accept: cost = 40195867885045.00 penalty = 100.00% area = 0.00% wirelength = 0.00%
M1 Accept: cost = 38186025491840.00 penalty = 100.00% area = 0.00% wirelength = 0.00%
M1 Accept: cost = 44506400454315.00 penalty = 100.00% area = 0.00% wirelength = 0.00%
M2 Accept: cost = 35527331511403.00 penalty = 100.00% area = 0.00% wirelength = 0.00%
T = 2324436098232.50 exp(-delta_cost/T) = 0.81 delta = 476508765032.00
M1 Accept: cost = 33572849336993.00 penalty = 100.00% area = 0.00% wirelength = 0.00%
M1 Accept: cost = 37986252986086.00 penalty = 100.00% area = 0.00% wirelength = 0.00%
M1 Accept: cost = 41032064943976.00 penalty = 100.00% area = 0.00% wirelength = 0.00%
M1 Accept: cost = 26432148445533.00 penalty = 100.00% area = 0.00% wirelength = 0.00%
M1 Accept: cost = 22828701060756.00 penalty = 100.00% area = 0.00% wirelength = 0.00%
M3 Accept: cost = 38297978255353.00 penalty = 100.00% area = 0.00% wirelength = 0.00%
M3 Accept: cost = 37827629576717.00 penalty = 100.00% area = 0.00% wirelength = 0.00%
M3 Accept: cost = 42103021806659.00 penalty = 100.00% area = 0.00% wirelength = 0.00%
M1 Accept: cost = 37177931140093.00 penalty = 100.00% area = 0.00% wirelength = 0.00%
M2 Accept: cost = 31662816237294.00 penalty = 100.00% area = 0.00% wirelength = 0.00%
M2 Accept: cost = 24878907111675.00 penalty = 100.00% area = 0.00% wirelength = 0.00%
M3 Accept: cost = 36354872189636.00 penalty = 100.00% area = 0.00% wirelength = 0.00%
M3 Accept: cost = 26385544049614.00 penalty = 100.00% area = 0.00% wirelength = 0.00%
M3 Accept: cost = 32256777801199.00 penalty = 100.00% area = 0.00% wirelength = 0.00%
M3 Accept: cost = 28266127319610.00 penalty = 100.00% area = 0.00% wirelength = 0.00%
M3 Accept: cost = 46140934647618.00 penalty = 100.00% area = 0.00% wirelength = 0.00%
M1 Accept: cost = 31766663597099.00 penalty = 100.00% area = 0.00% wirelength = 0.00%
M3 Accept: cost = 19712739939847.00 penalty = 100.00% area = 0.00% wirelength = 0.00%
T = 2231458654303.20 exp(-delta_cost/T) = 0.01 delta = 11694592335303.00
M3 Accept: cost = 28022102065591.00 penalty = 100.00% area = 0.00% wirelength = 0.00%
M2 Accept: cost = 48260239472405.00 penalty = 100.00% area = 0.00% wirelength = 0.00%
M3 Accept: cost = 38624131503327.00 penalty = 100.00% area = 0.00% wirelength = 0.00%
M2 Accept: cost = 38761588168679.00 penalty = 100.00% area = 0.00% wirelength = 0.00%
M1 Accept: cost = 23234045048411.00 penalty = 100.00% area = 0.00% wirelength = 0.00%
M3 Accept: cost = 49228206801684.00 penalty = 100.00% area = 0.00% wirelength = 0.00%
M1 Accept: cost = 28253633398805.00 penalty = 100.00% area = 0.00% wirelength = 0.00%
M3 Accept: cost = 43538713160354.00 penalty = 100.00% area = 0.00% wirelength = 0.00%
M2 Accept: cost = 38229337797815.00 penalty = 100.00% area = 0.00% wirelength = 0.00%
M3 Accept: cost = 46711163073625.00 penalty = 100.00% area = 0.00% wirelength = 0.00%
M1 Accept: cost = 23673400574168.00 penalty = 100.00% area = 0.00% wirelength = 0.00%
M3 Accept: cost = 54794869847144.00 penalty = 100.00% area = 0.00% wirelength = 0.00%
M3 Accept: cost = 35375633063107.00 penalty = 100.00% area = 0.00% wirelength = 0.00%
M3 Accept: cost = 35239852970487.00 penalty = 100.00% area = 0.00% wirelength = 0.00%
M1 Accept: cost = 43443420939555.00 penalty = 100.00% area = 0.00% wirelength = 0.00%
M1 Accept: cost = 34267781140122.00 penalty = 100.00% area = 0.00% wirelength = 0.00%
T = 2142200308131.07 exp(-delta_cost/T) = 0.00 delta = 124840321987474.00
M1 Accept: cost = 35954257258400.00 penalty = 100.00% area = 0.00% wirelength = 0.00%
M1 Accept: cost = 32882348580674.00 penalty = 100.00% area = 0.00% wirelength = 0.00%
M3 Accept: cost = 27390626399725.00 penalty = 100.00% area = 0.00% wirelength = 0.00%
M3 Accept: cost = 34076653351436.00 penalty = 100.00% area = 0.00% wirelength = 0.00%
M1 Accept: cost = 30262000002704.00 penalty = 100.00% area = 0.00% wirelength = 0.00%
M1 Accept: cost = 31814275972760.00 penalty = 100.00% area = 0.00% wirelength = 0.00%
M3 Accept: cost = 36500847727192.00 penalty = 100.00% area = 0.00% wirelength = 0.00%
M3 Accept: cost = 43870484041613.00 penalty = 100.00% area = 0.00% wirelength = 0.00%
M1 Accept: cost = 38796084976587.00 penalty = 100.00% area = 0.00% wirelength = 0.00%
M3 Accept: cost = 27971317040459.00 penalty = 100.00% area = 0.00% wirelength = 0.00%
M3 Accept: cost = 34879987746310.00 penalty = 100.00% area = 0.00% wirelength = 0.00%
M3 Accept: cost = 28849117770821.00 penalty = 100.00% area = 0.00% wirelength = 0.00%
M3 Accept: cost = 49353105387804.00 penalty = 100.00% area = 0.00% wirelength = 0.00%
M1 Accept: cost = 28135790133736.00 penalty = 100.00% area = 0.00% wirelength = 0.00%
M2 Accept: cost = 38971219289719.00 penalty = 100.00% area = 0.00% wirelength = 0.00%
T = 2056512295805.83 exp(-delta_cost/T) = 0.01 delta = 10057560292394.00
M2 Accept: cost = 28776955297135.00 penalty = 100.00% area = 0.00% wirelength = 0.00%
M3 Accept: cost = 39684840688308.00 penalty = 100.00% area = 0.00% wirelength = 0.00%
M2 Accept: cost = 35051655092162.00 penalty = 100.00% area = 0.00% wirelength = 0.00%
M1 Accept: cost = 34900744793530.00 penalty = 100.00% area = 0.00% wirelength = 0.00%
M2 Accept: cost = 40317177640244.00 penalty = 100.00% area = 0.00% wirelength = 0.00%
M1 Accept: cost = 46111875138242.00 penalty = 100.00% area = 0.00% wirelength = 0.00%
M1 Accept: cost = 31253377813972.00 penalty = 100.00% area = 0.00% wirelength = 0.00%
M1 Accept: cost = 35911692401867.00 penalty = 100.00% area = 0.00% wirelength = 0.00%
M3 Accept: cost = 35297761987437.00 penalty = 100.00% area = 0.00% wirelength = 0.00%
M1 Accept: cost = 32355946556477.00 penalty = 100.00% area = 0.00% wirelength = 0.00%
M1 Accept: cost = 31673302888825.00 penalty = 100.00% area = 0.00% wirelength = 0.00%
M1 Accept: cost = 32720298713064.00 penalty = 100.00% area = 0.00% wirelength = 0.00%
M1 Accept: cost = 20512755162304.00 penalty = 100.00% area = 0.00% wirelength = 0.00%
M1 Accept: cost = 39292785637700.00 penalty = 100.00% area = 0.00% wirelength = 0.00%
T = 1974251803973.59 exp(-delta_cost/T) = 0.91 delta = 196765365493.00
M1 Accept: cost = 32266414533122.00 penalty = 100.00% area = 0.00% wirelength = 0.00%
M2 Accept: cost = 27080586719635.00 penalty = 100.00% area = 0.00% wirelength = 0.00%
M1 Accept: cost = 33810990443274.00 penalty = 100.00% area = 0.00% wirelength = 0.00%
M2 Accept: cost = 48202918042970.00 penalty = 100.00% area = 0.00% wirelength = 0.00%
M2 Accept: cost = 44112888879128.00 penalty = 100.00% area = 0.00% wirelength = 0.00%
M1 Accept: cost = 22926954648591.00 penalty = 100.00% area = 0.00% wirelength = 0.00%
M3 Accept: cost = 38071759570948.00 penalty = 100.00% area = 0.00% wirelength = 0.00%
M3 Accept: cost = 16506374689057.00 penalty = 100.00% area = 0.00% wirelength = 0.00%
M1 Accept: cost = 31454576542694.00 penalty = 100.00% area = 0.00% wirelength = 0.00%
M3 Accept: cost = 37889778484026.00 penalty = 100.00% area = 0.00% wirelength = 0.00%
M1 Accept: cost = 31666534023343.00 penalty = 100.00% area = 0.00% wirelength = 0.00%
M1 Accept: cost = 28968846413215.00 penalty = 100.00% area = 0.00% wirelength = 0.00%
M1 Accept: cost = 33307851223269.00 penalty = 100.00% area = 0.00% wirelength = 0.00%
M3 Accept: cost = 41456523547367.00 penalty = 100.00% area = 0.00% wirelength = 0.00%
M2 Accept: cost = 32043400013531.00 penalty = 100.00% area = 0.00% wirelength = 0.00%
M1 Accept: cost = 42961317937544.00 penalty = 100.00% area = 0.00% wirelength = 0.00%
T = 1895281731814.65 exp(-delta_cost/T) = 1.12 delta = -209675854688.00
M1 Accept: cost = 21001073349864.00 penalty = 100.00% area = 0.00% wirelength = 0.00%
M3 Accept: cost = 17965422349015.00 penalty = 100.00% area = 0.00% wirelength = 0.00%
M1 Accept: cost = 36372584102638.00 penalty = 100.00% area = 0.00% wirelength = 0.00%
M1 Accept: cost = 27505224884491.00 penalty = 100.00% area = 0.00% wirelength = 0.00%
M2 Accept: cost = 43125301410828.00 penalty = 100.00% area = 0.00% wirelength = 0.00%
M3 Accept: cost = 27671464795250.00 penalty = 100.00% area = 0.00% wirelength = 0.00%
M3 Accept: cost = 25930595153044.00 penalty = 100.00% area = 0.00% wirelength = 0.00%
M2 Accept: cost = 22781687177690.00 penalty = 100.00% area = 0.00% wirelength = 0.00%
M3 Accept: cost = 46470125404711.00 penalty = 100.00% area = 0.00% wirelength = 0.00%
M3 Accept: cost = 51154461425317.00 penalty = 100.00% area = 0.00% wirelength = 0.00%
M1 Accept: cost = 38247115892460.00 penalty = 100.00% area = 0.00% wirelength = 0.00%
M3 Accept: cost = 36179325014181.00 penalty = 100.00% area = 0.00% wirelength = 0.00%
M3 Accept: cost = 36825465891972.00 penalty = 100.00% area = 0.00% wirelength = 0.00%
M1 Accept: cost = 25353323948708.00 penalty = 100.00% area = 0.00% wirelength = 0.00%
M3 Accept: cost = 27655676237972.00 penalty = 100.00% area = 0.00% wirelength = 0.00%
T = 1819470462542.06 exp(-delta_cost/T) = 0.12 delta = 3868999256535.00
M3 Accept: cost = 32863107817297.00 penalty = 100.00% area = 0.00% wirelength = 0.00%
M1 Accept: cost = 30338519353779.00 penalty = 100.00% area = 0.00% wirelength = 0.00%
M1 Accept: cost = 33322181296465.00 penalty = 100.00% area = 0.00% wirelength = 0.00%
M2 Accept: cost = 32265452986037.00 penalty = 100.00% area = 0.00% wirelength = 0.00%
M1 Accept: cost = 31527708729405.00 penalty = 100.00% area = 0.00% wirelength = 0.00%
M3 Accept: cost = 42766184055973.00 penalty = 100.00% area = 0.00% wirelength = 0.00%
M3 Accept: cost = 28186578923909.00 penalty = 100.00% area = 0.00% wirelength = 0.00%
M2 Accept: cost = 33508715451466.00 penalty = 100.00% area = 0.00% wirelength = 0.00%
M2 Accept: cost = 23083440321700.00 penalty = 100.00% area = 0.00% wirelength = 0.00%
M3 Accept: cost = 30644972355879.00 penalty = 100.00% area = 0.00% wirelength = 0.00%
M1 Accept: cost = 31196563297676.00 penalty = 100.00% area = 0.00% wirelength = 0.00%
M3 Accept: cost = 21372625696957.00 penalty = 100.00% area = 0.00% wirelength = 0.00%
M3 Accept: cost = 36014825475784.00 penalty = 100.00% area = 0.00% wirelength = 0.00%
M1 Accept: cost = 38132518483053.00 penalty = 100.00% area = 0.00% wirelength = 0.00%
T = 1746691644040.38 exp(-delta_cost/T) = 0.93 delta = 128098260189.00
M1 Accept: cost = 31170843308465.00 penalty = 100.00% area = 0.00% wirelength = 0.00%
M3 Accept: cost = 21230489395958.00 penalty = 100.00% area = 0.00% wirelength = 0.00%
M1 Accept: cost = 25973063076210.00 penalty = 100.00% area = 0.00% wirelength = 0.00%
M3 Accept: cost = 34525024049364.00 penalty = 100.00% area = 0.00% wirelength = 0.00%
M2 Accept: cost = 40681171709527.00 penalty = 100.00% area = 0.00% wirelength = 0.00%
M3 Accept: cost = 20586776462831.00 penalty = 100.00% area = 0.00% wirelength = 0.00%
M2 Accept: cost = 21304942134412.00 penalty = 100.00% area = 0.00% wirelength = 0.00%
M1 Accept: cost = 36373624140389.00 penalty = 100.00% area = 0.00% wirelength = 0.00%
M1 Accept: cost = 26108033420839.00 penalty = 100.00% area = 0.00% wirelength = 0.00%
M3 Accept: cost = 22390423369942.00 penalty = 100.00% area = 0.00% wirelength = 0.00%
M1 Accept: cost = 16596340613987.00 penalty = 100.00% area = 0.00% wirelength = 0.00%
M3 Accept: cost = 16938520602592.00 penalty = 100.00% area = 0.00% wirelength = 0.00%
M2 Accept: cost = 26617676608169.00 penalty = 100.00% area = 0.00% wirelength = 0.00%
M3 Accept: cost = 23858707379646.00 penalty = 100.00% area = 0.00% wirelength = 0.00%
M2 Accept: cost = 25369484269354.00 penalty = 100.00% area = 0.00% wirelength = 0.00%
M1 Accept: cost = 35568982833037.00 penalty = 100.00% area = 0.00% wirelength = 0.00%
T = 1676823978278.77 exp(-delta_cost/T) = 0.00 delta = 510566523861273.00
M1 Accept: cost = 24871640193034.00 penalty = 100.00% area = 0.00% wirelength = 0.00%
M2 Accept: cost = 30505382530132.00 penalty = 100.00% area = 0.00% wirelength = 0.00%
M3 Accept: cost = 33795540392314.00 penalty = 100.00% area = 0.00% wirelength = 0.00%
M2 Accept: cost = 29805036648913.00 penalty = 100.00% area = 0.00% wirelength = 0.00%
M3 Accept: cost = 30720092726855.00 penalty = 100.00% area = 0.00% wirelength = 0.00%
M1 Accept: cost = 34301189533926.00 penalty = 100.00% area = 0.00% wirelength = 0.00%
M3 Accept: cost = 27969996606131.00 penalty = 100.00% area = 0.00% wirelength = 0.00%
M3 Accept: cost = 25330196119087.00 penalty = 100.00% area = 0.00% wirelength = 0.00%
M1 Accept: cost = 33328477725847.00 penalty = 100.00% area = 0.00% wirelength = 0.00%
M1 Accept: cost = 33597966524179.00 penalty = 100.00% area = 0.00% wirelength = 0.00%
M1 Accept: cost = 23256177407172.00 penalty = 100.00% area = 0.00% wirelength = 0.00%
M3 Accept: cost = 30108759378189.00 penalty = 100.00% area = 0.00% wirelength = 0.00%
M1 Accept: cost = 28683633394072.00 penalty = 100.00% area = 0.00% wirelength = 0.00%
M1 Accept: cost = 30407812110322.00 penalty = 100.00% area = 0.00% wirelength = 0.00%
T = 1609751019147.61 exp(-delta_cost/T) = 0.00 delta = 11201260342504.00
M1 Accept: cost = 25562123566073.00 penalty = 100.00% area = 0.00% wirelength = 0.00%
M3 Accept: cost = 28712534243938.00 penalty = 100.00% area = 0.00% wirelength = 0.00%
M2 Accept: cost = 23348734273982.00 penalty = 100.00% area = 0.00% wirelength = 0.00%
M1 Accept: cost = 30413050122122.00 penalty = 100.00% area = 0.00% wirelength = 0.00%
M1 Accept: cost = 29522538503954.00 penalty = 100.00% area = 0.00% wirelength = 0.00%
M3 Accept: cost = 22736768982752.00 penalty = 100.00% area = 0.00% wirelength = 0.00%
M2 Accept: cost = 25799467010955.00 penalty = 100.00% area = 0.00% wirelength = 0.00%
M1 Accept: cost = 40871439661669.00 penalty = 100.00% area = 0.00% wirelength = 0.00%
M1 Accept: cost = 28497412332923.00 penalty = 100.00% area = 0.00% wirelength = 0.00%
M1 Accept: cost = 23279527625448.00 penalty = 100.00% area = 0.00% wirelength = 0.00%
M1 Accept: cost = 24790964426635.00 penalty = 100.00% area = 0.00% wirelength = 0.00%
M3 Accept: cost = 25206285566603.00 penalty = 100.00% area = 0.00% wirelength = 0.00%
M1 Accept: cost = 30401349809480.00 penalty = 100.00% area = 0.00% wirelength = 0.00%
M3 Accept: cost = 26972432939687.00 penalty = 100.00% area = 0.00% wirelength = 0.00%
M1 Accept: cost = 22914671903527.00 penalty = 100.00% area = 0.00% wirelength = 0.00%
T = 1545360978381.71 exp(-delta_cost/T) = 0.00 delta = 910470495798910.00
M3 Accept: cost = 31207618921593.00 penalty = 100.00% area = 0.00% wirelength = 0.00%
M3 Accept: cost = 22594263274115.00 penalty = 100.00% area = 0.00% wirelength = 0.00%
M1 Accept: cost = 37507022484213.00 penalty = 100.00% area = 0.00% wirelength = 0.00%
M2 Accept: cost = 24816605641373.00 penalty = 100.00% area = 0.00% wirelength = 0.00%
M2 Accept: cost = 23849054828539.00 penalty = 100.00% area = 0.00% wirelength = 0.00%
M2 Accept: cost = 31001215864965.00 penalty = 100.00% area = 0.00% wirelength = 0.00%
M1 Accept: cost = 32080444452952.00 penalty = 100.00% area = 0.00% wirelength = 0.00%
M1 Accept: cost = 23338519374854.00 penalty = 100.00% area = 0.00% wirelength = 0.00%
M3 Accept: cost = 31040995713138.00 penalty = 100.00% area = 0.00% wirelength = 0.00%
M1 Accept: cost = 30966352312787.00 penalty = 100.00% area = 0.00% wirelength = 0.00%
M1 Accept: cost = 24901243222775.00 penalty = 100.00% area = 0.00% wirelength = 0.00%
M3 Accept: cost = 25242329122572.00 penalty = 100.00% area = 0.00% wirelength = 0.00%
M3 Accept: cost = 25376457235689.00 penalty = 100.00% area = 0.00% wirelength = 0.00%
M3 Accept: cost = 32036174549557.00 penalty = 100.00% area = 0.00% wirelength = 0.00%
M3 Accept: cost = 28942618585327.00 penalty = 100.00% area = 0.00% wirelength = 0.00%
M3 Accept: cost = 43875722620835.00 penalty = 100.00% area = 0.00% wirelength = 0.00%
T = 1483546539246.44 exp(-delta_cost/T) = 1.00 delta = 0.00
M2 Accept: cost = 32665972094399.00 penalty = 100.00% area = 0.00% wirelength = 0.00%
M2 Accept: cost = 36235278738849.00 penalty = 100.00% area = 0.00% wirelength = 0.00%
M1 Accept: cost = 31518756950606.00 penalty = 100.00% area = 0.00% wirelength = 0.00%
M2 Accept: cost = 20496371286568.00 penalty = 100.00% area = 0.00% wirelength = 0.00%
M1 Accept: cost = 42893326308320.00 penalty = 100.00% area = 0.00% wirelength = 0.00%
M1 Accept: cost = 37732669322064.00 penalty = 100.00% area = 0.00% wirelength = 0.00%
M3 Accept: cost = 29735737567350.00 penalty = 100.00% area = 0.00% wirelength = 0.00%
M3 Accept: cost = 28947312256824.00 penalty = 100.00% area = 0.00% wirelength = 0.00%
M3 Accept: cost = 28906827407783.00 penalty = 100.00% area = 0.00% wirelength = 0.00%
M1 Accept: cost = 31150854172863.00 penalty = 100.00% area = 0.00% wirelength = 0.00%
M1 Accept: cost = 31034090373219.00 penalty = 100.00% area = 0.00% wirelength = 0.00%
M1 Accept: cost = 29144318610652.00 penalty = 100.00% area = 0.00% wirelength = 0.00%
M1 Accept: cost = 29328830526717.00 penalty = 100.00% area = 0.00% wirelength = 0.00%
M3 Accept: cost = 28991291019325.00 penalty = 100.00% area = 0.00% wirelength = 0.00%
M1 Accept: cost = 20738159408800.00 penalty = 100.00% area = 0.00% wirelength = 0.00%
M1 Accept: cost = 26219962990750.00 penalty = 100.00% area = 0.00% wirelength = 0.00%
M3 Accept: cost = 23149851402880.00 penalty = 100.00% area = 0.00% wirelength = 0.00%
M1 Accept: cost = 26318243464485.00 penalty = 100.00% area = 0.00% wirelength = 0.00%
T = 1424204677676.58 exp(-delta_cost/T) = 1.00 delta = 0.00
M2 Accept: cost = 25558943064393.00 penalty = 100.00% area = 0.00% wirelength = 0.00%
M1 Accept: cost = 19344998146549.00 penalty = 100.00% area = 0.00% wirelength = 0.00%
M3 Accept: cost = 24860331098722.00 penalty = 100.00% area = 0.00% wirelength = 0.00%
M2 Accept: cost = 27874585328111.00 penalty = 100.00% area = 0.00% wirelength = 0.00%
M3 Accept: cost = 24753450067383.00 penalty = 100.00% area = 0.00% wirelength = 0.00%
M1 Accept: cost = 17856582040304.00 penalty = 100.00% area = 0.00% wirelength = 0.00%
M3 Accept: cost = 19691197341318.00 penalty = 100.00% area = 0.00% wirelength = 0.00%
M1 Accept: cost = 27490011754708.00 penalty = 100.00% area = 0.00% wirelength = 0.00%
M1 Accept: cost = 30296053015987.00 penalty = 100.00% area = 0.00% wirelength = 0.00%
M1 Accept: cost = 24931936221369.00 penalty = 100.00% area = 0.00% wirelength = 0.00%
M1 Accept: cost = 22291210073111.00 penalty = 100.00% area = 0.00% wirelength = 0.00%
M1 Accept: cost = 15681167951292.00 penalty = 100.00% area = 0.00% wirelength = 0.00%
M3 Accept: cost = 19379625470903.00 penalty = 100.00% area = 0.00% wirelength = 0.00%
M3 Accept: cost = 23889899347241.00 penalty = 100.00% area = 0.00% wirelength = 0.00%
M1 Accept: cost = 28604247532209.00 penalty = 100.00% area = 0.00% wirelength = 0.00%
M2 Accept: cost = 33320516381896.00 penalty = 100.00% area = 0.00% wirelength = 0.00%
M1 Accept: cost = 20419433250959.00 penalty = 100.00% area = 0.00% wirelength = 0.00%
T = 1367236490569.52 exp(-delta_cost/T) = 1.00 delta = 0.00
M3 Accept: cost = 28465070310674.00 penalty = 100.00% area = 0.00% wirelength = 0.00%
M3 Accept: cost = 25441061231024.00 penalty = 100.00% area = 0.00% wirelength = 0.00%
M1 Accept: cost = 26748709839965.00 penalty = 100.00% area = 0.00% wirelength = 0.00%
M1 Accept: cost = 31291845275667.00 penalty = 100.00% area = 0.00% wirelength = 0.00%
M1 Accept: cost = 26635520134168.00 penalty = 100.00% area = 0.00% wirelength = 0.00%
M1 Accept: cost = 21267391276959.00 penalty = 100.00% area = 0.00% wirelength = 0.00%
M2 Accept: cost = 24001016756993.00 penalty = 100.00% area = 0.00% wirelength = 0.00%
M2 Accept: cost = 28002702682671.00 penalty = 100.00% area = 0.00% wirelength = 0.00%
M3 Accept: cost = 11387413380790.00 penalty = 100.00% area = 0.00% wirelength = 0.00%
M2 Accept: cost = 20685750864472.00 penalty = 100.00% area = 0.00% wirelength = 0.00%
M1 Accept: cost = 21612315098526.00 penalty = 100.00% area = 0.00% wirelength = 0.00%
M1 Accept: cost = 19373441146039.00 penalty = 100.00% area = 0.00% wirelength = 0.00%
M1 Accept: cost = 16482349535859.00 penalty = 100.00% area = 0.00% wirelength = 0.00%
M1 Accept: cost = 24494150790289.00 penalty = 100.00% area = 0.00% wirelength = 0.00%
M2 Accept: cost = 25498120817550.00 penalty = 100.00% area = 0.00% wirelength = 0.00%
M3 Accept: cost = 17942543894017.00 penalty = 100.00% area = 0.00% wirelength = 0.00%
T = 1312547030946.74 exp(-delta_cost/T) = 0.01 delta = 6481912891860.00
M3 Accept: cost = 15147746978243.00 penalty = 100.00% area = 0.00% wirelength = 0.00%
M3 Accept: cost = 23821966166429.00 penalty = 100.00% area = 0.00% wirelength = 0.00%
M1 Accept: cost = 21660053144130.00 penalty = 100.00% area = 0.00% wirelength = 0.00%
M1 Accept: cost = 19802159429575.00 penalty = 100.00% area = 0.00% wirelength = 0.00%
M1 Accept: cost = 24741689841680.00 penalty = 100.00% area = 0.00% wirelength = 0.00%
M3 Accept: cost = 26499078723887.00 penalty = 100.00% area = 0.00% wirelength = 0.00%
M2 Accept: cost = 20677217212283.00 penalty = 100.00% area = 0.00% wirelength = 0.00%
M2 Accept: cost = 17568809076141.00 penalty = 100.00% area = 0.00% wirelength = 0.00%
M1 Accept: cost = 16980577357631.00 penalty = 100.00% area = 0.00% wirelength = 0.00%
M1 Accept: cost = 16265619079445.00 penalty = 100.00% area = 0.00% wirelength = 0.00%
M1 Accept: cost = 24425668327598.00 penalty = 100.00% area = 0.00% wirelength = 0.00%
M2 Accept: cost = 18855224628801.00 penalty = 100.00% area = 0.00% wirelength = 0.00%
M3 Accept: cost = 24516706661648.00 penalty = 100.00% area = 0.00% wirelength = 0.00%
M1 Accept: cost = 27543627892272.00 penalty = 100.00% area = 0.00% wirelength = 0.00%
T = 1260045149708.87 exp(-delta_cost/T) = 1.20 delta = -230009121020.00
M1 Accept: cost = 13739316085024.00 penalty = 100.00% area = 0.00% wirelength = 0.00%
M2 Accept: cost = 28870179221967.00 penalty = 100.00% area = 0.00% wirelength = 0.00%
M1 Accept: cost = 19448372864462.00 penalty = 100.00% area = 0.00% wirelength = 0.00%
M3 Accept: cost = 23998594220712.00 penalty = 100.00% area = 0.00% wirelength = 0.00%
M1 Accept: cost = 27226799863554.00 penalty = 100.00% area = 0.00% wirelength = 0.00%
M2 Accept: cost = 30875902798445.00 penalty = 100.00% area = 0.00% wirelength = 0.00%
M1 Accept: cost = 22676197938604.00 penalty = 100.00% area = 0.00% wirelength = 0.00%
M3 Accept: cost = 28642386141226.00 penalty = 100.00% area = 0.00% wirelength = 0.00%
M3 Accept: cost = 23688500827728.00 penalty = 100.00% area = 0.00% wirelength = 0.00%
M3 Accept: cost = 30425888807637.00 penalty = 100.00% area = 0.00% wirelength = 0.00%
M3 Accept: cost = 21743112631770.00 penalty = 100.00% area = 0.00% wirelength = 0.00%
M1 Accept: cost = 19940115456855.00 penalty = 100.00% area = 0.00% wirelength = 0.00%
M3 Accept: cost = 13183969338332.00 penalty = 100.00% area = 0.00% wirelength = 0.00%
M3 Accept: cost = 22785896070047.00 penalty = 100.00% area = 0.00% wirelength = 0.00%
M1 Accept: cost = 19212592988265.00 penalty = 100.00% area = 0.00% wirelength = 0.00%
M3 Accept: cost = 17090477717273.00 penalty = 100.00% area = 0.00% wirelength = 0.00%
M2 Accept: cost = 16833346801247.00 penalty = 100.00% area = 0.00% wirelength = 0.00%
M1 Accept: cost = 24557545591021.00 penalty = 100.00% area = 0.00% wirelength = 0.00%
M2 Accept: cost = 18298782069062.00 penalty = 100.00% area = 0.00% wirelength = 0.00%
T = 1209643343720.52 exp(-delta_cost/T) = 1.00 delta = 0.00
M1 Accept: cost = 21429996403411.00 penalty = 100.00% area = 0.00% wirelength = 0.00%
M1 Accept: cost = 17572842697435.00 penalty = 100.00% area = 0.00% wirelength = 0.00%
M1 Accept: cost = 17448153754893.00 penalty = 100.00% area = 0.00% wirelength = 0.00%
M3 Accept: cost = 20902399097432.00 penalty = 100.00% area = 0.00% wirelength = 0.00%
M3 Accept: cost = 22986109977537.00 penalty = 100.00% area = 0.00% wirelength = 0.00%
M3 Accept: cost = 28987204373499.00 penalty = 100.00% area = 0.00% wirelength = 0.00%
M2 Accept: cost = 14052978710187.00 penalty = 100.00% area = 0.00% wirelength = 0.00%
M2 Accept: cost = 25023125750210.00 penalty = 100.00% area = 0.00% wirelength = 0.00%
M2 Accept: cost = 15920363379820.00 penalty = 100.00% area = 0.00% wirelength = 0.00%
M1 Accept: cost = 20789301455324.00 penalty = 100.00% area = 0.00% wirelength = 0.00%
M3 Accept: cost = 24629791971764.00 penalty = 100.00% area = 0.00% wirelength = 0.00%
M2 Accept: cost = 18948449731836.00 penalty = 100.00% area = 0.00% wirelength = 0.00%
M1 Accept: cost = 24606902428863.00 penalty = 100.00% area = 0.00% wirelength = 0.00%
M1 Accept: cost = 20927926130821.00 penalty = 100.00% area = 0.00% wirelength = 0.00%
M2 Accept: cost = 18685899978202.00 penalty = 100.00% area = 0.00% wirelength = 0.00%
M1 Accept: cost = 21499691464024.00 penalty = 100.00% area = 0.00% wirelength = 0.00%
M2 Accept: cost = 34332439429439.00 penalty = 100.00% area = 0.00% wirelength = 0.00%
M1 Accept: cost = 17601680413115.00 penalty = 100.00% area = 0.00% wirelength = 0.00%
T = 1161257609971.69 exp(-delta_cost/T) = 0.39 delta = 1090376756343.00
M3 Accept: cost = 20120386944837.00 penalty = 100.00% area = 0.00% wirelength = 0.00%
M1 Accept: cost = 15623408057455.00 penalty = 100.00% area = 0.00% wirelength = 0.00%
M3 Accept: cost = 18347404491884.00 penalty = 100.00% area = 0.00% wirelength = 0.00%
M3 Accept: cost = 21112691520257.00 penalty = 100.00% area = 0.00% wirelength = 0.00%
M1 Accept: cost = 20790761399723.00 penalty = 100.00% area = 0.00% wirelength = 0.00%
M1 Accept: cost = 21632385465568.00 penalty = 100.00% area = 0.00% wirelength = 0.00%
M1 Accept: cost = 20932151756405.00 penalty = 100.00% area = 0.00% wirelength = 0.00%
M3 Accept: cost = 19233881380721.00 penalty = 100.00% area = 0.00% wirelength = 0.00%
M1 Accept: cost = 18618690708692.00 penalty = 100.00% area = 0.00% wirelength = 0.00%
M3 Accept: cost = 20835005142591.00 penalty = 100.00% area = 0.00% wirelength = 0.00%
M1 Accept: cost = 14239353252655.00 penalty = 100.00% area = 0.00% wirelength = 0.00%
M3 Accept: cost = 18601860018205.00 penalty = 100.00% area = 0.00% wirelength = 0.00%
M2 Accept: cost = 19111510169809.00 penalty = 100.00% area = 0.00% wirelength = 0.00%
M1 Accept: cost = 12917232630314.00 penalty = 100.00% area = 0.00% wirelength = 0.00%
M3 Accept: cost = 18042586055638.00 penalty = 100.00% area = 0.00% wirelength = 0.00%
M1 Accept: cost = 14612781896312.00 penalty = 100.00% area = 0.00% wirelength = 0.00%
T = 1114807305572.83 exp(-delta_cost/T) = 2.16 delta = -859994631766.00
M1 Accept: cost = 23085015222782.00 penalty = 100.00% area = 0.00% wirelength = 0.00%
M1 Accept: cost = 24669681260439.00 penalty = 100.00% area = 0.00% wirelength = 0.00%
M1 Accept: cost = 14016770277399.00 penalty = 100.00% area = 0.00% wirelength = 0.00%
M3 Accept: cost = 20286369252366.00 penalty = 100.00% area = 0.00% wirelength = 0.00%
M2 Accept: cost = 18904875399366.00 penalty = 100.00% area = 0.00% wirelength = 0.00%
M1 Accept: cost = 19207400255769.00 penalty = 100.00% area = 0.00% wirelength = 0.00%
M3 Accept: cost = 21863824238975.00 penalty = 100.00% area = 0.00% wirelength = 0.00%
M3 Accept: cost = 17172641234243.00 penalty = 100.00% area = 0.00% wirelength = 0.00%
M1 Accept: cost = 17166280361170.00 penalty = 100.00% area = 0.00% wirelength = 0.00%
M3 Accept: cost = 20655988785731.00 penalty = 100.00% area = 0.00% wirelength = 0.00%
M2 Accept: cost = 14034007269266.00 penalty = 100.00% area = 0.00% wirelength = 0.00%
M3 Accept: cost = 21657025582798.00 penalty = 100.00% area = 0.00% wirelength = 0.00%
M1 Accept: cost = 25126439112875.00 penalty = 100.00% area = 0.00% wirelength = 0.00%
M3 Accept: cost = 12601536232212.00 penalty = 100.00% area = 0.00% wirelength = 0.00%
M1 Accept: cost = 19790245609013.00 penalty = 100.00% area = 0.00% wirelength = 0.00%
M1 Accept: cost = 13898908281992.00 penalty = 100.00% area = 0.00% wirelength = 0.00%
M2 Accept: cost = 21533999175723.00 penalty = 100.00% area = 0.00% wirelength = 0.00%
T = 1070215013349.91 exp(-delta_cost/T) = 2.22 delta = -855537984482.00
M1 Accept: cost = 21676541389750.00 penalty = 100.00% area = 0.00% wirelength = 0.00%
M1 Accept: cost = 15317116189734.00 penalty = 100.00% area = 0.00% wirelength = 0.00%
M2 Accept: cost = 22043255927345.00 penalty = 100.00% area = 0.00% wirelength = 0.00%
M1 Accept: cost = 16084079942619.00 penalty = 100.00% area = 0.00% wirelength = 0.00%
M1 Accept: cost = 24463862807922.00 penalty = 100.00% area = 0.00% wirelength = 0.00%
M3 Accept: cost = 28062443557026.00 penalty = 100.00% area = 0.00% wirelength = 0.00%
M2 Accept: cost = 16062705944775.00 penalty = 100.00% area = 0.00% wirelength = 0.00%
M1 Accept: cost = 22179236123169.00 penalty = 100.00% area = 0.00% wirelength = 0.00%
M1 Accept: cost = 15162071257950.00 penalty = 100.00% area = 0.00% wirelength = 0.00%
M1 Accept: cost = 19803991781043.00 penalty = 100.00% area = 0.00% wirelength = 0.00%
M2 Accept: cost = 15366175674008.00 penalty = 100.00% area = 0.00% wirelength = 0.00%
M2 Accept: cost = 19364813793683.00 penalty = 100.00% area = 0.00% wirelength = 0.00%
M1 Accept: cost = 11221780037880.00 penalty = 100.00% area = 0.00% wirelength = 0.00%
M3 Accept: cost = 21513361534054.00 penalty = 100.00% area = 0.00% wirelength = 0.00%
M2 Accept: cost = 21031555903153.00 penalty = 100.00% area = 0.00% wirelength = 0.00%
M3 Accept: cost = 17306522806032.00 penalty = 100.00% area = 0.00% wirelength = 0.00%
T = 1027406412815.92 exp(-delta_cost/T) = 0.00 delta = 7247878316256.00
M2 Accept: cost = 22180104016580.00 penalty = 100.00% area = 0.00% wirelength = 0.00%
M1 Accept: cost = 19939695711394.00 penalty = 100.00% area = 0.00% wirelength = 0.00%
M1 Accept: cost = 22381725247473.00 penalty = 100.00% area = 0.00% wirelength = 0.00%
M1 Accept: cost = 23961510549952.00 penalty = 100.00% area = 0.00% wirelength = 0.00%
M2 Accept: cost = 26236888800541.00 penalty = 100.00% area = 0.00% wirelength = 0.00%
M1 Accept: cost = 18011324080511.00 penalty = 100.00% area = 0.00% wirelength = 0.00%
M1 Accept: cost = 16678022584265.00 penalty = 100.00% area = 0.00% wirelength = 0.00%
T = 986310156303.28 exp(-delta_cost/T) = 1.00 delta = 155.00
M3 Accept: cost = 23869785336221.00 penalty = 100.00% area = 0.00% wirelength = 0.00%
M3 Accept: cost = 21668247861480.00 penalty = 100.00% area = 0.00% wirelength = 0.00%
M2 Accept: cost = 15135142418814.00 penalty = 100.00% area = 0.00% wirelength = 0.00%
M3 Accept: cost = 17823737501181.00 penalty = 100.00% area = 0.00% wirelength = 0.00%
M3 Accept: cost = 20451191134773.00 penalty = 100.00% area = 0.00% wirelength = 0.00%
M1 Accept: cost = 18976822615976.00 penalty = 100.00% area = 0.00% wirelength = 0.00%
M1 Accept: cost = 19841462757217.00 penalty = 100.00% area = 0.00% wirelength = 0.00%
M3 Accept: cost = 21536896172908.00 penalty = 100.00% area = 0.00% wirelength = 0.00%
M3 Accept: cost = 15342779566445.00 penalty = 100.00% area = 0.00% wirelength = 0.00%
M1 Accept: cost = 18164832660366.00 penalty = 100.00% area = 0.00% wirelength = 0.00%
M1 Accept: cost = 15889918569545.00 penalty = 100.00% area = 0.00% wirelength = 0.00%
M3 Accept: cost = 23196815178657.00 penalty = 100.00% area = 0.00% wirelength = 0.00%
M1 Accept: cost = 28425925237329.00 penalty = 100.00% area = 0.00% wirelength = 0.00%
T = 946857750051.15 exp(-delta_cost/T) = 1.03 delta = -25922072568.00
M1 Accept: cost = 16208544054893.00 penalty = 100.00% area = 0.00% wirelength = 0.00%
M1 Accept: cost = 15203954986799.00 penalty = 100.00% area = 0.00% wirelength = 0.00%
M3 Accept: cost = 23726291809877.00 penalty = 100.00% area = 0.00% wirelength = 0.00%
M1 Accept: cost = 19022012016374.00 penalty = 100.00% area = 0.00% wirelength = 0.00%
M1 Accept: cost = 13992728303412.00 penalty = 100.00% area = 0.00% wirelength = 0.00%
M3 Accept: cost = 21699109516312.00 penalty = 100.00% area = 0.00% wirelength = 0.00%
M3 Accept: cost = 16981589961022.00 penalty = 100.00% area = 0.00% wirelength = 0.00%
M2 Accept: cost = 14298393479427.00 penalty = 100.00% area = 0.00% wirelength = 0.00%
M1 Accept: cost = 17308884635979.00 penalty = 100.00% area = 0.00% wirelength = 0.00%
M2 Accept: cost = 20260685306976.00 penalty = 100.00% area = 0.00% wirelength = 0.00%
M2 Accept: cost = 15862982199561.00 penalty = 100.00% area = 0.00% wirelength = 0.00%
M1 Accept: cost = 13932165548873.00 penalty = 100.00% area = 0.00% wirelength = 0.00%
M3 Accept: cost = 20970535921519.00 penalty = 100.00% area = 0.00% wirelength = 0.00%
M1 Accept: cost = 16806388147196.00 penalty = 100.00% area = 0.00% wirelength = 0.00%
M3 Accept: cost = 19799119092383.00 penalty = 100.00% area = 0.00% wirelength = 0.00%
M1 Accept: cost = 19288308746404.00 penalty = 100.00% area = 0.00% wirelength = 0.00%
T = 908983440049.10 exp(-delta_cost/T) = 1.00 delta = 0.00
M3 Accept: cost = 10647331580438.00 penalty = 100.00% area = 0.00% wirelength = 0.00%
M1 Accept: cost = 14057878862018.00 penalty = 100.00% area = 0.00% wirelength = 0.00%
M2 Accept: cost = 18747568963684.00 penalty = 100.00% area = 0.00% wirelength = 0.00%
M1 Accept: cost = 15076904449518.00 penalty = 100.00% area = 0.00% wirelength = 0.00%
M3 Accept: cost = 11919857273770.00 penalty = 100.00% area = 0.00% wirelength = 0.00%
M1 Accept: cost = 13690157686945.00 penalty = 100.00% area = 0.00% wirelength = 0.00%
M2 Accept: cost = 13067431251922.00 penalty = 100.00% area = 0.00% wirelength = 0.00%
M3 Accept: cost = 16058210283327.00 penalty = 100.00% area = 0.00% wirelength = 0.00%
M3 Accept: cost = 16415065057105.00 penalty = 100.00% area = 0.00% wirelength = 0.00%
M1 Accept: cost = 17348648783258.00 penalty = 100.00% area = 0.00% wirelength = 0.00%
M1 Accept: cost = 21404135582486.00 penalty = 100.00% area = 0.00% wirelength = 0.00%
M3 Accept: cost = 16482323965838.00 penalty = 100.00% area = 0.00% wirelength = 0.00%
M3 Accept: cost = 16201466342516.00 penalty = 100.00% area = 0.00% wirelength = 0.00%
T = 872624102447.14 exp(-delta_cost/T) = 0.00 delta = 11105700945825.00
M3 Accept: cost = 16322416879894.00 penalty = 100.00% area = 0.00% wirelength = 0.00%
M3 Accept: cost = 11833270243985.00 penalty = 100.00% area = 0.00% wirelength = 0.00%
M1 Accept: cost = 19919553079158.00 penalty = 100.00% area = 0.00% wirelength = 0.00%
M2 Accept: cost = 14464126065251.00 penalty = 100.00% area = 0.00% wirelength = 0.00%
M2 Accept: cost = 13728823664931.00 penalty = 100.00% area = 0.00% wirelength = 0.00%
M1 Accept: cost = 15979975164183.00 penalty = 100.00% area = 0.00% wirelength = 0.00%
M2 Accept: cost = 14309268015507.00 penalty = 100.00% area = 0.00% wirelength = 0.00%
M1 Accept: cost = 20608430268460.00 penalty = 100.00% area = 0.00% wirelength = 0.00%
M3 Accept: cost = 18669954728171.00 penalty = 100.00% area = 0.00% wirelength = 0.00%
M2 Accept: cost = 18647993608591.00 penalty = 100.00% area = 0.00% wirelength = 0.00%
M1 Accept: cost = 20492386085449.00 penalty = 100.00% area = 0.00% wirelength = 0.00%
M2 Accept: cost = 17706358290631.00 penalty = 100.00% area = 0.00% wirelength = 0.00%
M1 Accept: cost = 14024101921477.00 penalty = 100.00% area = 0.00% wirelength = 0.00%
M3 Accept: cost = 17661178536420.00 penalty = 100.00% area = 0.00% wirelength = 0.00%
M1 Accept: cost = 18368112168622.00 penalty = 100.00% area = 0.00% wirelength = 0.00%
M3 Accept: cost = 22296305651170.00 penalty = 100.00% area = 0.00% wirelength = 0.00%
T = 837719138349.25 exp(-delta_cost/T) = 1.00 delta = -28.00
M3 Accept: cost = 14524900739829.00 penalty = 100.00% area = 0.00% wirelength = 0.00%
M3 Accept: cost = 14764844841631.00 penalty = 100.00% area = 0.00% wirelength = 0.00%
M3 Accept: cost = 20268511213331.00 penalty = 100.00% area = 0.00% wirelength = 0.00%
M1 Accept: cost = 17177425489073.00 penalty = 100.00% area = 0.00% wirelength = 0.00%
M1 Accept: cost = 18209002819967.00 penalty = 100.00% area = 0.00% wirelength = 0.00%
M1 Accept: cost = 16020313120293.00 penalty = 100.00% area = 0.00% wirelength = 0.00%
M3 Accept: cost = 17970619600194.00 penalty = 100.00% area = 0.00% wirelength = 0.00%
M3 Accept: cost = 14236558505790.00 penalty = 100.00% area = 0.00% wirelength = 0.00%
M1 Accept: cost = 12166328551939.00 penalty = 100.00% area = 0.00% wirelength = 0.00%
M2 Accept: cost = 20082821192775.00 penalty = 100.00% area = 0.00% wirelength = 0.00%
M3 Accept: cost = 18360350170268.00 penalty = 100.00% area = 0.00% wirelength = 0.00%
M3 Accept: cost = 15585167270367.00 penalty = 100.00% area = 0.00% wirelength = 0.00%
M3 Accept: cost = 21020132478973.00 penalty = 100.00% area = 0.00% wirelength = 0.00%
T = 804210372815.28 exp(-delta_cost/T) = 0.03 delta = 2951934138148.00
M3 Accept: cost = 21577453477101.00 penalty = 100.00% area = 0.00% wirelength = 0.00%
M1 Accept: cost = 14817117633369.00 penalty = 100.00% area = 0.00% wirelength = 0.00%
M1 Accept: cost = 13047577838873.00 penalty = 100.00% area = 0.00% wirelength = 0.00%
M2 Accept: cost = 17562013945411.00 penalty = 100.00% area = 0.00% wirelength = 0.00%
M1 Accept: cost = 15630566178871.00 penalty = 100.00% area = 0.00% wirelength = 0.00%
M1 Accept: cost = 13244030557047.00 penalty = 100.00% area = 0.00% wirelength = 0.00%
M1 Accept: cost = 14465910874890.00 penalty = 100.00% area = 0.00% wirelength = 0.00%
M3 Accept: cost = 15319931955029.00 penalty = 100.00% area = 0.00% wirelength = 0.00%
M1 Accept: cost = 14358744995657.00 penalty = 100.00% area = 0.00% wirelength = 0.00%
M3 Accept: cost = 14366362730144.00 penalty = 100.00% area = 0.00% wirelength = 0.00%
M1 Accept: cost = 13859717859256.00 penalty = 100.00% area = 0.00% wirelength = 0.00%
M1 Accept: cost = 17530328530377.00 penalty = 100.00% area = 0.00% wirelength = 0.00%
M1 Accept: cost = 12671957134519.00 penalty = 100.00% area = 0.00% wirelength = 0.00%
M1 Accept: cost = 15818022580416.00 penalty = 100.00% area = 0.00% wirelength = 0.00%
M3 Accept: cost = 11745689518617.00 penalty = 100.00% area = 0.00% wirelength = 0.00%
T = 772041957902.67 exp(-delta_cost/T) = 0.99 delta = 9375453236.00
M1 Accept: cost = 17181516809752.00 penalty = 100.00% area = 0.00% wirelength = 0.00%
M1 Accept: cost = 13402589072340.00 penalty = 100.00% area = 0.00% wirelength = 0.00%
M3 Accept: cost = 16543362629077.00 penalty = 100.00% area = 0.00% wirelength = 0.00%
M1 Accept: cost = 15083197062135.00 penalty = 100.00% area = 0.00% wirelength = 0.00%
M1 Accept: cost = 17564599503901.00 penalty = 100.00% area = 0.00% wirelength = 0.00%
M1 Accept: cost = 15647194096625.00 penalty = 100.00% area = 0.00% wirelength = 0.00%
M3 Accept: cost = 17989988319570.00 penalty = 100.00% area = 0.00% wirelength = 0.00%
M3 Accept: cost = 13188010858133.00 penalty = 100.00% area = 0.00% wirelength = 0.00%
M1 Accept: cost = 12947278435764.00 penalty = 100.00% area = 0.00% wirelength = 0.00%
M2 Accept: cost = 12625462168264.00 penalty = 100.00% area = 0.00% wirelength = 0.00%
M1 Accept: cost = 11922679186827.00 penalty = 100.00% area = 0.00% wirelength = 0.00%
M1 Accept: cost = 19607181449378.00 penalty = 100.00% area = 0.00% wirelength = 0.00%
M3 Accept: cost = 18235655080690.00 penalty = 100.00% area = 0.00% wirelength = 0.00%
T = 741160279586.57 exp(-delta_cost/T) = 0.00 delta = 19702217551753.00
M1 Accept: cost = 12920329283221.00 penalty = 100.00% area = 0.00% wirelength = 0.00%
M3 Accept: cost = 16781999333560.00 penalty = 100.00% area = 0.00% wirelength = 0.00%
M3 Accept: cost = 9402371653602.00 penalty = 100.00% area = 0.00% wirelength = 0.00%
M3 Accept: cost = 11174467419194.00 penalty = 100.00% area = 0.00% wirelength = 0.00%
M1 Accept: cost = 12224363717455.00 penalty = 100.00% area = 0.00% wirelength = 0.00%
M3 Accept: cost = 13828900630835.00 penalty = 100.00% area = 0.00% wirelength = 0.00%
M1 Accept: cost = 14230212391679.00 penalty = 100.00% area = 0.00% wirelength = 0.00%
M2 Accept: cost = 12799228481940.00 penalty = 100.00% area = 0.00% wirelength = 0.00%
M2 Accept: cost = 12457163176380.00 penalty = 100.00% area = 0.00% wirelength = 0.00%
M2 Accept: cost = 9875888649012.00 penalty = 100.00% area = 0.00% wirelength = 0.00%
M3 Accept: cost = 10052983982990.00 penalty = 100.00% area = 0.00% wirelength = 0.00%
M3 Accept: cost = 13835657418632.00 penalty = 100.00% area = 0.00% wirelength = 0.00%
M2 Accept: cost = 21385132585314.00 penalty = 100.00% area = 0.00% wirelength = 0.00%
T = 711513868403.10 exp(-delta_cost/T) = 1.00 delta = -14.00
M1 Accept: cost = 17222288210306.00 penalty = 100.00% area = 0.00% wirelength = 0.00%
M1 Accept: cost = 13716571407930.00 penalty = 100.00% area = 0.00% wirelength = 0.00%
M3 Accept: cost = 21175297606836.00 penalty = 100.00% area = 0.00% wirelength = 0.00%
M3 Accept: cost = 15058784375431.00 penalty = 100.00% area = 0.00% wirelength = 0.00%
M1 Accept: cost = 12824765276192.00 penalty = 100.00% area = 0.00% wirelength = 0.00%
M1 Accept: cost = 14197573487887.00 penalty = 100.00% area = 0.00% wirelength = 0.00%
M3 Accept: cost = 13635861765975.00 penalty = 100.00% area = 0.00% wirelength = 0.00%
T = 683053313666.98 exp(-delta_cost/T) = 0.00 delta = 9949247710536.00
M1 Accept: cost = 10632512710420.00 penalty = 100.00% area = 0.00% wirelength = 0.00%
M1 Accept: cost = 10488943293777.00 penalty = 100.00% area = 0.00% wirelength = 0.00%
M2 Accept: cost = 13632296540181.00 penalty = 100.00% area = 0.00% wirelength = 0.00%
M3 Accept: cost = 13152260177406.00 penalty = 100.00% area = 0.00% wirelength = 0.00%
M1 Accept: cost = 9058985580202.00 penalty = 100.00% area = 0.00% wirelength = 0.00%
M2 Accept: cost = 13702685557016.00 penalty = 100.00% area = 0.00% wirelength = 0.00%
M3 Accept: cost = 10482674501403.00 penalty = 100.00% area = 0.00% wirelength = 0.00%
M3 Accept: cost = 16128367708815.00 penalty = 100.00% area = 0.00% wirelength = 0.00%
M3 Accept: cost = 15415186999115.00 penalty = 100.00% area = 0.00% wirelength = 0.00%
M1 Accept: cost = 16554386488811.00 penalty = 100.00% area = 0.00% wirelength = 0.00%
M1 Accept: cost = 14176772565049.00 penalty = 100.00% area = 0.00% wirelength = 0.00%
M2 Accept: cost = 16545402042565.00 penalty = 100.00% area = 0.00% wirelength = 0.00%
M1 Accept: cost = 13458140072562.00 penalty = 100.00% area = 0.00% wirelength = 0.00%
M3 Accept: cost = 8140068192023.00 penalty = 100.00% area = 0.00% wirelength = 0.00%
T = 655731181120.30 exp(-delta_cost/T) = 0.39 delta = 616315636763.00
M2 Accept: cost = 8998222849497.00 penalty = 100.00% area = 0.00% wirelength = 0.00%
M1 Accept: cost = 11413063376204.00 penalty = 100.00% area = 0.00% wirelength = 0.00%
M2 Accept: cost = 13497156452790.00 penalty = 100.00% area = 0.00% wirelength = 0.00%
M1 Accept: cost = 13391216861755.00 penalty = 100.00% area = 0.00% wirelength = 0.00%
M2 Accept: cost = 14416232518718.00 penalty = 100.00% area = 0.00% wirelength = 0.00%
M3 Accept: cost = 12885408430660.00 penalty = 100.00% area = 0.00% wirelength = 0.00%
M1 Accept: cost = 13611373447160.00 penalty = 100.00% area = 0.00% wirelength = 0.00%
M2 Accept: cost = 12253042419154.00 penalty = 100.00% area = 0.00% wirelength = 0.00%
M3 Accept: cost = 15946768693540.00 penalty = 100.00% area = 0.00% wirelength = 0.00%
M3 Accept: cost = 7225456081415.00 penalty = 100.00% area = 0.00% wirelength = 0.00%
M1 Accept: cost = 9707864168469.00 penalty = 100.00% area = 0.00% wirelength = 0.00%
M1 Accept: cost = 13213485533502.00 penalty = 100.00% area = 0.00% wirelength = 0.00%
M2 Accept: cost = 15542336052185.00 penalty = 100.00% area = 0.00% wirelength = 0.00%
M1 Accept: cost = 14500614890529.00 penalty = 100.00% area = 0.00% wirelength = 0.00%
M1 Accept: cost = 17704249759440.00 penalty = 100.00% area = 0.00% wirelength = 0.00%
M3 Accept: cost = 17954706870208.00 penalty = 100.00% area = 0.00% wirelength = 0.00%
M2 Accept: cost = 17458990959731.00 penalty = 100.00% area = 0.00% wirelength = 0.00%
M1 Accept: cost = 21583985468471.00 penalty = 100.00% area = 0.00% wirelength = 0.00%
M3 Accept: cost = 16140939833565.00 penalty = 100.00% area = 0.00% wirelength = 0.00%
T = 629501933875.49 exp(-delta_cost/T) = 0.65 delta = 274476961640.00
M2 Accept: cost = 14621708862530.00 penalty = 100.00% area = 0.00% wirelength = 0.00%
M3 Accept: cost = 18836878821359.00 penalty = 100.00% area = 0.00% wirelength = 0.00%
M3 Accept: cost = 10691757357446.00 penalty = 100.00% area = 0.00% wirelength = 0.00%
M1 Accept: cost = 16108318401105.00 penalty = 100.00% area = 0.00% wirelength = 0.00%
M1 Accept: cost = 11552662878245.00 penalty = 100.00% area = 0.00% wirelength = 0.00%
M3 Accept: cost = 16783817409180.00 penalty = 100.00% area = 0.00% wirelength = 0.00%
M3 Accept: cost = 13921031024782.00 penalty = 100.00% area = 0.00% wirelength = 0.00%
M1 Accept: cost = 11923454277605.00 penalty = 100.00% area = 0.00% wirelength = 0.00%
M2 Accept: cost = 12758356996135.00 penalty = 100.00% area = 0.00% wirelength = 0.00%
M1 Accept: cost = 11501071744849.00 penalty = 100.00% area = 0.00% wirelength = 0.00%
M3 Accept: cost = 16637913117786.00 penalty = 100.00% area = 0.00% wirelength = 0.00%
M2 Accept: cost = 12304828976160.00 penalty = 100.00% area = 0.00% wirelength = 0.00%
M2 Accept: cost = 9662791696386.00 penalty = 100.00% area = 0.00% wirelength = 0.00%
M1 Accept: cost = 15506798233293.00 penalty = 100.00% area = 0.00% wirelength = 0.00%
M1 Accept: cost = 13164080558101.00 penalty = 100.00% area = 0.00% wirelength = 0.00%
T = 604321856520.47 exp(-delta_cost/T) = 1.00 delta = 0.00
M1 Accept: cost = 9070595410143.00 penalty = 100.00% area = 0.00% wirelength = 0.00%
M1 Accept: cost = 14397902862717.00 penalty = 100.00% area = 0.00% wirelength = 0.00%
M1 Accept: cost = 14381900666817.00 penalty = 100.00% area = 0.00% wirelength = 0.00%
M3 Accept: cost = 10137635256146.00 penalty = 100.00% area = 0.00% wirelength = 0.00%
M1 Accept: cost = 12134775589058.00 penalty = 100.00% area = 0.00% wirelength = 0.00%
M1 Accept: cost = 11926334388493.00 penalty = 100.00% area = 0.00% wirelength = 0.00%
M1 Accept: cost = 9877950321677.00 penalty = 100.00% area = 0.00% wirelength = 0.00%
M1 Accept: cost = 14600675301551.00 penalty = 100.00% area = 0.00% wirelength = 0.00%
M1 Accept: cost = 15639051106688.00 penalty = 100.00% area = 0.00% wirelength = 0.00%
M1 Accept: cost = 10798739669923.00 penalty = 100.00% area = 0.00% wirelength = 0.00%
M2 Accept: cost = 18870547420134.00 penalty = 100.00% area = 0.00% wirelength = 0.00%
T = 580148982259.65 exp(-delta_cost/T) = 1.00 delta = 0.00
M1 Accept: cost = 10767663541594.00 penalty = 100.00% area = 0.00% wirelength = 0.00%
M3 Accept: cost = 15396535214967.00 penalty = 100.00% area = 0.00% wirelength = 0.00%
M1 Accept: cost = 12910843847580.00 penalty = 100.00% area = 0.00% wirelength = 0.00%
M1 Accept: cost = 12615698827941.00 penalty = 100.00% area = 0.00% wirelength = 0.00%
M3 Accept: cost = 11831697399957.00 penalty = 100.00% area = 0.00% wirelength = 0.00%
M3 Accept: cost = 10873383702192.00 penalty = 100.00% area = 0.00% wirelength = 0.00%
M3 Accept: cost = 12513282577606.00 penalty = 100.00% area = 0.00% wirelength = 0.00%
M1 Accept: cost = 13356668201296.00 penalty = 100.00% area = 0.00% wirelength = 0.00%
M1 Accept: cost = 12609726555143.00 penalty = 100.00% area = 0.00% wirelength = 0.00%
M3 Accept: cost = 15938320331270.00 penalty = 100.00% area = 0.00% wirelength = 0.00%
M1 Accept: cost = 13317652817084.00 penalty = 100.00% area = 0.00% wirelength = 0.00%
M3 Accept: cost = 13533220889941.00 penalty = 100.00% area = 0.00% wirelength = 0.00%
M3 Accept: cost = 9354998305232.00 penalty = 100.00% area = 0.00% wirelength = 0.00%
M1 Accept: cost = 8798921020691.00 penalty = 100.00% area = 0.00% wirelength = 0.00%
M1 Accept: cost = 12916042102508.00 penalty = 100.00% area = 0.00% wirelength = 0.00%
M1 Accept: cost = 10294524980459.00 penalty = 100.00% area = 0.00% wirelength = 0.00%
T = 556943022969.26 exp(-delta_cost/T) = 0.40 delta = 508486597911.00
M3 Accept: cost = 15570235842745.00 penalty = 100.00% area = 0.00% wirelength = 0.00%
M1 Accept: cost = 14746138632788.00 penalty = 100.00% area = 0.00% wirelength = 0.00%
M1 Accept: cost = 10774429949001.00 penalty = 100.00% area = 0.00% wirelength = 0.00%
M1 Accept: cost = 13752252572347.00 penalty = 100.00% area = 0.00% wirelength = 0.00%
M3 Accept: cost = 9394282138405.00 penalty = 100.00% area = 0.00% wirelength = 0.00%
M1 Accept: cost = 13551413235388.00 penalty = 100.00% area = 0.00% wirelength = 0.00%
M1 Accept: cost = 11411630555550.00 penalty = 100.00% area = 0.00% wirelength = 0.00%
M2 Accept: cost = 15687983527829.00 penalty = 100.00% area = 0.00% wirelength = 0.00%
M3 Accept: cost = 13388973155793.00 penalty = 100.00% area = 0.00% wirelength = 0.00%
M1 Accept: cost = 13741506932039.00 penalty = 100.00% area = 0.00% wirelength = 0.00%
M2 Accept: cost = 12095346245218.00 penalty = 100.00% area = 0.00% wirelength = 0.00%
M1 Accept: cost = 14891347380460.00 penalty = 100.00% area = 0.00% wirelength = 0.00%
M1 Accept: cost = 9786424790120.00 penalty = 100.00% area = 0.00% wirelength = 0.00%
M2 Accept: cost = 9088121104225.00 penalty = 100.00% area = 0.00% wirelength = 0.00%
T = 534665302050.49 exp(-delta_cost/T) = 0.19 delta = 879520325287.00
M1 Accept: cost = 12078158182692.00 penalty = 100.00% area = 0.00% wirelength = 0.00%
M3 Accept: cost = 12440006840883.00 penalty = 100.00% area = 0.00% wirelength = 0.00%
M3 Accept: cost = 10244546754055.00 penalty = 100.00% area = 0.00% wirelength = 0.00%
M3 Accept: cost = 9550157039558.00 penalty = 100.00% area = 0.00% wirelength = 0.00%
M3 Accept: cost = 11846102553342.00 penalty = 100.00% area = 0.00% wirelength = 0.00%
M1 Accept: cost = 9779408729485.00 penalty = 100.00% area = 0.00% wirelength = 0.00%
M1 Accept: cost = 9620717627940.00 penalty = 100.00% area = 0.00% wirelength = 0.00%
M3 Accept: cost = 11740275935893.00 penalty = 100.00% area = 0.00% wirelength = 0.00%
M2 Accept: cost = 11919717042921.00 penalty = 100.00% area = 0.00% wirelength = 0.00%
M1 Accept: cost = 15691772923445.00 penalty = 100.00% area = 0.00% wirelength = 0.00%
M3 Accept: cost = 14793126456129.00 penalty = 100.00% area = 0.00% wirelength = 0.00%
T = 513278689968.47 exp(-delta_cost/T) = 0.97 delta = 18083216004.00
Total delta_cost = 0.00 avg delta cost = -nan
Final cost = 189167880.00 Penalty = 188643525.00 area = 0.12% wirelength = 0.28%
The total HPWL = 524355
Total time used = 591s
