### Custom WaveView ADV log file, revision R-2020.12 (build Nov 24, ) ###
### created at 23:55:20 on Mon Apr 28 2025 (Linux AMD64) ###
### Host Name: linuxcad30.ee.ncu.edu.tw   User ID: tsx1136010   PID: 22123   ###
wv_start_log
# (0) running in waveview only mode
# (0) SW_SX_PERL_LIB defined
# (0) SW_SX_TCL_LIB defined
# (0) HOME defined
sx_open_sim_file_read {AES_top_tb.fsdb}
wv_expand_tree_item {Custom WaveView} {} {hierview} {D0:AES_top_tb.fsdb(0)} {+sep=@}
wv_select_tree_item {Custom WaveView} {} {hierview} {D0:AES_top_tb.fsdb(0)@AES_top_tb_1(0)} {0} {+sep=@}
wv_expand_tree_item {Custom WaveView} {} {hierview} {D0:AES_top_tb.fsdb(0)@AES_top_tb_1(0)} {+sep=@}
wv_select_tree_item {Custom WaveView} {} {hierview} {D0:AES_top_tb.fsdb(0)@AES_top_tb_1(0)@dut(0)} {0} {+sep=@}
wv_select_tree_item {Custom WaveView} {} {hierview} {D0:AES_top_tb.fsdb(0)@AES_top_tb_1(0)@dut2(1)} {0} {+sep=@}
wv_select_tree_item {Custom WaveView} {} {hierview} {D0:AES_top_tb.fsdb(0)@AES_top_tb_1(0)@dut(0)} {0} {+sep=@}
wv_select_list_item {Custom WaveView} {} {sigview} {out[127:0]} 3
wv_drag_list_item {Custom WaveView} {} {sigview} {out[127:0]} 3
wv_drag_enter WV1
wv_drop_on WV1
wv_select_tree_item {Custom WaveView} {} {hierview} {D0:AES_top_tb.fsdb(0)@AES_top_tb_1(0)@dut2(1)} {0} {+sep=@}
wv_select_tree_item {Custom WaveView} {} {hierview} {D0:AES_top_tb.fsdb(0)@AES_top_tb_1(0)} {0} {+sep=@}
wv_select_list_item {Custom WaveView} {} {sigview} {mykey[127:0]} 2
wv_drag_list_item {Custom WaveView} {} {sigview} {mykey[127:0]} 2
wv_drag_enter WV1
wv_drag_to WV1 133 155
wv_drop_on WV1
wv_select_tree_item {Custom WaveView} {} {hierview} {D0:AES_top_tb.fsdb(0)@AES_top_tb_1(0)@dut(0)} {0} {+sep=@}
wv_expand_tree_item {Custom WaveView} {} {hierview} {D0:AES_top_tb.fsdb(0)@AES_top_tb_1(0)@dut(0)} {+sep=@}
wv_select_tree_item {Custom WaveView} {} {hierview} {D0:AES_top_tb.fsdb(0)@AES_top_tb_1(0)@dut(0)@aes(0)} {0} {+sep=@}
wv_select_list_item {Custom WaveView} {} {sigview} {ctr[1:0]} 1
wv_drag_list_item {Custom WaveView} {} {sigview} {ctr[1:0]} 1
wv_drag_enter WV1
wv_drag_to WV1 130 70
wv_drop_on WV1
wv_move_scrollbar {Custom WaveView} {} {sigview.HScrolBar} {106}
wv_select_list_item {Custom WaveView} {} {sigview} {trigger} 20
wv_drag_list_item {Custom WaveView} {} {sigview} {trigger} 20
wv_drag_enter WV1
wv_drag_to WV1 110 92
wv_drop_on WV1
wv_select_waveview 1 {waveview 1}
wv_select_panel WV1.PANEL1:1 2.9502e-06 -inf
wv_drag_item_to WV1 315 222
wv_zoom_x WV1.PANEL1:1 2.9502e-06 7.88667e-07
wv_close_window {Custom WaveView} 
wv_select_dialog {Confirmation} 
#wv_press_button {Confirmation} {} {Ok} 
#*WARNING* Can not remove '/home/HardwareSecurity_1132/tsx1136010/.cx_hostport/.cx_hostport_linuxcad30.ee.ncu.edu.tw_22123'.
